ARM GAS  /tmp/ccq5ioVW.s 			page 1


   1              		.cpu cortex-m7
   2              		.eabi_attribute 27, 1
   3              		.eabi_attribute 28, 1
   4              		.eabi_attribute 20, 1
   5              		.eabi_attribute 21, 1
   6              		.eabi_attribute 23, 3
   7              		.eabi_attribute 24, 1
   8              		.eabi_attribute 25, 1
   9              		.eabi_attribute 26, 1
  10              		.eabi_attribute 30, 1
  11              		.eabi_attribute 34, 1
  12              		.eabi_attribute 18, 4
  13              		.file	"jcapimin.c"
  14              		.text
  15              	.Ltext0:
  16              		.cfi_sections	.debug_frame
  17              		.section	.text.jpeg_CreateCompress,"ax",%progbits
  18              		.align	1
  19              		.global	jpeg_CreateCompress
  20              		.syntax unified
  21              		.thumb
  22              		.thumb_func
  23              		.fpu fpv5-sp-d16
  25              	jpeg_CreateCompress:
  26              	.LFB3:
  27              		.file 1 "Middlewares/Third_Party/LibJPEG/source/jcapimin.c"
   1:Middlewares/Third_Party/LibJPEG/source/jcapimin.c **** /*
   2:Middlewares/Third_Party/LibJPEG/source/jcapimin.c ****  * jcapimin.c
   3:Middlewares/Third_Party/LibJPEG/source/jcapimin.c ****  *
   4:Middlewares/Third_Party/LibJPEG/source/jcapimin.c ****  * Copyright (C) 1994-1998, Thomas G. Lane.
   5:Middlewares/Third_Party/LibJPEG/source/jcapimin.c ****  * Modified 2003-2010 by Guido Vollbeding.
   6:Middlewares/Third_Party/LibJPEG/source/jcapimin.c ****  * This file is part of the Independent JPEG Group's software.
   7:Middlewares/Third_Party/LibJPEG/source/jcapimin.c ****  * For conditions of distribution and use, see the accompanying README file.
   8:Middlewares/Third_Party/LibJPEG/source/jcapimin.c ****  *
   9:Middlewares/Third_Party/LibJPEG/source/jcapimin.c ****  * This file contains application interface code for the compression half
  10:Middlewares/Third_Party/LibJPEG/source/jcapimin.c ****  * of the JPEG library.  These are the "minimum" API routines that may be
  11:Middlewares/Third_Party/LibJPEG/source/jcapimin.c ****  * needed in either the normal full-compression case or the transcoding-only
  12:Middlewares/Third_Party/LibJPEG/source/jcapimin.c ****  * case.
  13:Middlewares/Third_Party/LibJPEG/source/jcapimin.c ****  *
  14:Middlewares/Third_Party/LibJPEG/source/jcapimin.c ****  * Most of the routines intended to be called directly by an application
  15:Middlewares/Third_Party/LibJPEG/source/jcapimin.c ****  * are in this file or in jcapistd.c.  But also see jcparam.c for
  16:Middlewares/Third_Party/LibJPEG/source/jcapimin.c ****  * parameter-setup helper routines, jcomapi.c for routines shared by
  17:Middlewares/Third_Party/LibJPEG/source/jcapimin.c ****  * compression and decompression, and jctrans.c for the transcoding case.
  18:Middlewares/Third_Party/LibJPEG/source/jcapimin.c ****  */
  19:Middlewares/Third_Party/LibJPEG/source/jcapimin.c **** 
  20:Middlewares/Third_Party/LibJPEG/source/jcapimin.c **** #define JPEG_INTERNALS
  21:Middlewares/Third_Party/LibJPEG/source/jcapimin.c **** #include "jinclude.h"
  22:Middlewares/Third_Party/LibJPEG/source/jcapimin.c **** #include "jpeglib.h"
  23:Middlewares/Third_Party/LibJPEG/source/jcapimin.c **** 
  24:Middlewares/Third_Party/LibJPEG/source/jcapimin.c **** 
  25:Middlewares/Third_Party/LibJPEG/source/jcapimin.c **** /*
  26:Middlewares/Third_Party/LibJPEG/source/jcapimin.c ****  * Initialization of a JPEG compression object.
  27:Middlewares/Third_Party/LibJPEG/source/jcapimin.c ****  * The error manager must already be set up (in case memory manager fails).
  28:Middlewares/Third_Party/LibJPEG/source/jcapimin.c ****  */
  29:Middlewares/Third_Party/LibJPEG/source/jcapimin.c **** 
  30:Middlewares/Third_Party/LibJPEG/source/jcapimin.c **** GLOBAL(void)
  31:Middlewares/Third_Party/LibJPEG/source/jcapimin.c **** jpeg_CreateCompress (j_compress_ptr cinfo, int version, size_t structsize)
ARM GAS  /tmp/ccq5ioVW.s 			page 2


  32:Middlewares/Third_Party/LibJPEG/source/jcapimin.c **** {
  28              		.loc 1 32 0
  29              		.cfi_startproc
  30              		@ args = 0, pretend = 0, frame = 0
  31              		@ frame_needed = 0, uses_anonymous_args = 0
  32              	.LVL0:
  33 0000 70B5     		push	{r4, r5, r6, lr}
  34              	.LCFI0:
  35              		.cfi_def_cfa_offset 16
  36              		.cfi_offset 4, -16
  37              		.cfi_offset 5, -12
  38              		.cfi_offset 6, -8
  39              		.cfi_offset 14, -4
  40 0002 0446     		mov	r4, r0
  41 0004 1546     		mov	r5, r2
  33:Middlewares/Third_Party/LibJPEG/source/jcapimin.c ****   int i;
  34:Middlewares/Third_Party/LibJPEG/source/jcapimin.c **** 
  35:Middlewares/Third_Party/LibJPEG/source/jcapimin.c ****   /* Guard against version mismatches between library and caller. */
  36:Middlewares/Third_Party/LibJPEG/source/jcapimin.c ****   cinfo->mem = NULL;		/* so jpeg_destroy knows mem mgr not called */
  42              		.loc 1 36 0
  43 0006 0023     		movs	r3, #0
  44 0008 4360     		str	r3, [r0, #4]
  37:Middlewares/Third_Party/LibJPEG/source/jcapimin.c ****   if (version != JPEG_LIB_VERSION)
  45              		.loc 1 37 0
  46 000a 5029     		cmp	r1, #80
  47 000c 0AD0     		beq	.L2
  38:Middlewares/Third_Party/LibJPEG/source/jcapimin.c ****     ERREXIT2(cinfo, JERR_BAD_LIB_VERSION, JPEG_LIB_VERSION, version);
  48              		.loc 1 38 0
  49 000e 0368     		ldr	r3, [r0]
  50 0010 0D22     		movs	r2, #13
  51              	.LVL1:
  52 0012 5A61     		str	r2, [r3, #20]
  53 0014 0368     		ldr	r3, [r0]
  54 0016 5022     		movs	r2, #80
  55 0018 9A61     		str	r2, [r3, #24]
  56 001a 0368     		ldr	r3, [r0]
  57 001c D961     		str	r1, [r3, #28]
  58 001e 0368     		ldr	r3, [r0]
  59 0020 1B68     		ldr	r3, [r3]
  60 0022 9847     		blx	r3
  61              	.LVL2:
  62              	.L2:
  39:Middlewares/Third_Party/LibJPEG/source/jcapimin.c ****   if (structsize != SIZEOF(struct jpeg_compress_struct))
  63              		.loc 1 39 0
  64 0024 B5F5D87F 		cmp	r5, #432
  65 0028 0CD0     		beq	.L3
  40:Middlewares/Third_Party/LibJPEG/source/jcapimin.c ****     ERREXIT2(cinfo, JERR_BAD_STRUCT_SIZE, 
  66              		.loc 1 40 0
  67 002a 2368     		ldr	r3, [r4]
  68 002c 1622     		movs	r2, #22
  69 002e 5A61     		str	r2, [r3, #20]
  70 0030 2368     		ldr	r3, [r4]
  71 0032 4FF4D872 		mov	r2, #432
  72 0036 9A61     		str	r2, [r3, #24]
  73 0038 2368     		ldr	r3, [r4]
  74 003a DD61     		str	r5, [r3, #28]
  75 003c 2368     		ldr	r3, [r4]
ARM GAS  /tmp/ccq5ioVW.s 			page 3


  76 003e 1B68     		ldr	r3, [r3]
  77 0040 2046     		mov	r0, r4
  78 0042 9847     		blx	r3
  79              	.LVL3:
  80              	.L3:
  81              	.LBB2:
  41:Middlewares/Third_Party/LibJPEG/source/jcapimin.c **** 	     (int) SIZEOF(struct jpeg_compress_struct), (int) structsize);
  42:Middlewares/Third_Party/LibJPEG/source/jcapimin.c **** 
  43:Middlewares/Third_Party/LibJPEG/source/jcapimin.c ****   /* For debugging purposes, we zero the whole master structure.
  44:Middlewares/Third_Party/LibJPEG/source/jcapimin.c ****    * But the application has already set the err pointer, and may have set
  45:Middlewares/Third_Party/LibJPEG/source/jcapimin.c ****    * client_data, so we have to save and restore those fields.
  46:Middlewares/Third_Party/LibJPEG/source/jcapimin.c ****    * Note: if application hasn't set client_data, tools like Purify may
  47:Middlewares/Third_Party/LibJPEG/source/jcapimin.c ****    * complain here.
  48:Middlewares/Third_Party/LibJPEG/source/jcapimin.c ****    */
  49:Middlewares/Third_Party/LibJPEG/source/jcapimin.c ****   {
  50:Middlewares/Third_Party/LibJPEG/source/jcapimin.c ****     struct jpeg_error_mgr * err = cinfo->err;
  82              		.loc 1 50 0
  83 0044 2668     		ldr	r6, [r4]
  84              	.LVL4:
  51:Middlewares/Third_Party/LibJPEG/source/jcapimin.c ****     void * client_data = cinfo->client_data; /* ignore Purify complaint here */
  85              		.loc 1 51 0
  86 0046 E568     		ldr	r5, [r4, #12]
  87              	.LVL5:
  52:Middlewares/Third_Party/LibJPEG/source/jcapimin.c ****     MEMZERO(cinfo, SIZEOF(struct jpeg_compress_struct));
  88              		.loc 1 52 0
  89 0048 4FF4D872 		mov	r2, #432
  90 004c 0021     		movs	r1, #0
  91 004e 2046     		mov	r0, r4
  92 0050 FFF7FEFF 		bl	memset
  93              	.LVL6:
  53:Middlewares/Third_Party/LibJPEG/source/jcapimin.c ****     cinfo->err = err;
  94              		.loc 1 53 0
  95 0054 2660     		str	r6, [r4]
  54:Middlewares/Third_Party/LibJPEG/source/jcapimin.c ****     cinfo->client_data = client_data;
  96              		.loc 1 54 0
  97 0056 E560     		str	r5, [r4, #12]
  98              	.LBE2:
  55:Middlewares/Third_Party/LibJPEG/source/jcapimin.c ****   }
  56:Middlewares/Third_Party/LibJPEG/source/jcapimin.c ****   cinfo->is_decompressor = FALSE;
  99              		.loc 1 56 0
 100 0058 0025     		movs	r5, #0
 101              	.LVL7:
  57:Middlewares/Third_Party/LibJPEG/source/jcapimin.c **** 
  58:Middlewares/Third_Party/LibJPEG/source/jcapimin.c ****   /* Initialize a memory manager instance for this object */
  59:Middlewares/Third_Party/LibJPEG/source/jcapimin.c ****   jinit_memory_mgr((j_common_ptr) cinfo);
 102              		.loc 1 59 0
 103 005a 2046     		mov	r0, r4
 104 005c FFF7FEFF 		bl	jinit_memory_mgr
 105              	.LVL8:
  60:Middlewares/Third_Party/LibJPEG/source/jcapimin.c **** 
  61:Middlewares/Third_Party/LibJPEG/source/jcapimin.c ****   /* Zero out pointers to permanent structures. */
  62:Middlewares/Third_Party/LibJPEG/source/jcapimin.c ****   cinfo->progress = NULL;
 106              		.loc 1 62 0
 107 0060 A560     		str	r5, [r4, #8]
  63:Middlewares/Third_Party/LibJPEG/source/jcapimin.c ****   cinfo->dest = NULL;
 108              		.loc 1 63 0
 109 0062 A561     		str	r5, [r4, #24]
ARM GAS  /tmp/ccq5ioVW.s 			page 4


  64:Middlewares/Third_Party/LibJPEG/source/jcapimin.c **** 
  65:Middlewares/Third_Party/LibJPEG/source/jcapimin.c ****   cinfo->comp_info = NULL;
 110              		.loc 1 65 0
 111 0064 6565     		str	r5, [r4, #84]
 112              	.LVL9:
  66:Middlewares/Third_Party/LibJPEG/source/jcapimin.c **** 
  67:Middlewares/Third_Party/LibJPEG/source/jcapimin.c ****   for (i = 0; i < NUM_QUANT_TBLS; i++) {
 113              		.loc 1 67 0
 114 0066 2B46     		mov	r3, r5
 115 0068 0AE0     		b	.L4
 116              	.LVL10:
 117              	.L5:
  68:Middlewares/Third_Party/LibJPEG/source/jcapimin.c ****     cinfo->quant_tbl_ptrs[i] = NULL;
 118              		.loc 1 68 0 discriminator 3
 119 006a 03F11602 		add	r2, r3, #22
 120 006e 0021     		movs	r1, #0
 121 0070 44F82210 		str	r1, [r4, r2, lsl #2]
  69:Middlewares/Third_Party/LibJPEG/source/jcapimin.c ****     cinfo->q_scale_factor[i] = 100;
 122              		.loc 1 69 0 discriminator 3
 123 0074 03F11A02 		add	r2, r3, #26
 124 0078 6421     		movs	r1, #100
 125 007a 44F82210 		str	r1, [r4, r2, lsl #2]
  67:Middlewares/Third_Party/LibJPEG/source/jcapimin.c ****     cinfo->quant_tbl_ptrs[i] = NULL;
 126              		.loc 1 67 0 discriminator 3
 127 007e 0133     		adds	r3, r3, #1
 128              	.LVL11:
 129              	.L4:
  67:Middlewares/Third_Party/LibJPEG/source/jcapimin.c ****     cinfo->quant_tbl_ptrs[i] = NULL;
 130              		.loc 1 67 0 is_stmt 0 discriminator 1
 131 0080 032B     		cmp	r3, #3
 132 0082 F2DD     		ble	.L5
  70:Middlewares/Third_Party/LibJPEG/source/jcapimin.c ****   }
  71:Middlewares/Third_Party/LibJPEG/source/jcapimin.c **** 
  72:Middlewares/Third_Party/LibJPEG/source/jcapimin.c ****   for (i = 0; i < NUM_HUFF_TBLS; i++) {
 133              		.loc 1 72 0 is_stmt 1
 134 0084 0023     		movs	r3, #0
 135              	.LVL12:
 136 0086 09E0     		b	.L6
 137              	.LVL13:
 138              	.L7:
  73:Middlewares/Third_Party/LibJPEG/source/jcapimin.c ****     cinfo->dc_huff_tbl_ptrs[i] = NULL;
 139              		.loc 1 73 0 discriminator 3
 140 0088 03F11E01 		add	r1, r3, #30
 141 008c 0022     		movs	r2, #0
 142 008e 44F82120 		str	r2, [r4, r1, lsl #2]
  74:Middlewares/Third_Party/LibJPEG/source/jcapimin.c ****     cinfo->ac_huff_tbl_ptrs[i] = NULL;
 143              		.loc 1 74 0 discriminator 3
 144 0092 03F12201 		add	r1, r3, #34
 145 0096 44F82120 		str	r2, [r4, r1, lsl #2]
  72:Middlewares/Third_Party/LibJPEG/source/jcapimin.c ****     cinfo->dc_huff_tbl_ptrs[i] = NULL;
 146              		.loc 1 72 0 discriminator 3
 147 009a 0133     		adds	r3, r3, #1
 148              	.LVL14:
 149              	.L6:
  72:Middlewares/Third_Party/LibJPEG/source/jcapimin.c ****     cinfo->dc_huff_tbl_ptrs[i] = NULL;
 150              		.loc 1 72 0 is_stmt 0 discriminator 1
 151 009c 032B     		cmp	r3, #3
ARM GAS  /tmp/ccq5ioVW.s 			page 5


 152 009e F3DD     		ble	.L7
  75:Middlewares/Third_Party/LibJPEG/source/jcapimin.c ****   }
  76:Middlewares/Third_Party/LibJPEG/source/jcapimin.c **** 
  77:Middlewares/Third_Party/LibJPEG/source/jcapimin.c ****   /* Must do it here for emit_dqt in case jpeg_write_tables is used */
  78:Middlewares/Third_Party/LibJPEG/source/jcapimin.c ****   cinfo->block_size = DCTSIZE;
 153              		.loc 1 78 0 is_stmt 1
 154 00a0 0823     		movs	r3, #8
 155              	.LVL15:
 156 00a2 C4F87831 		str	r3, [r4, #376]
  79:Middlewares/Third_Party/LibJPEG/source/jcapimin.c ****   cinfo->natural_order = jpeg_natural_order;
 157              		.loc 1 79 0
 158 00a6 084B     		ldr	r3, .L9
 159 00a8 C4F87C31 		str	r3, [r4, #380]
  80:Middlewares/Third_Party/LibJPEG/source/jcapimin.c ****   cinfo->lim_Se = DCTSIZE2-1;
 160              		.loc 1 80 0
 161 00ac 3F23     		movs	r3, #63
 162 00ae C4F88031 		str	r3, [r4, #384]
  81:Middlewares/Third_Party/LibJPEG/source/jcapimin.c **** 
  82:Middlewares/Third_Party/LibJPEG/source/jcapimin.c ****   cinfo->script_space = NULL;
 163              		.loc 1 82 0
 164 00b2 0023     		movs	r3, #0
 165 00b4 C4F8A831 		str	r3, [r4, #424]
  83:Middlewares/Third_Party/LibJPEG/source/jcapimin.c **** 
  84:Middlewares/Third_Party/LibJPEG/source/jcapimin.c ****   cinfo->input_gamma = 1.0;	/* in case application forgets */
 166              		.loc 1 84 0
 167 00b8 0022     		movs	r2, #0
 168 00ba 044B     		ldr	r3, .L9+4
 169 00bc C4E90C23 		strd	r2, [r4, #48]
  85:Middlewares/Third_Party/LibJPEG/source/jcapimin.c **** 
  86:Middlewares/Third_Party/LibJPEG/source/jcapimin.c ****   /* OK, I'm ready */
  87:Middlewares/Third_Party/LibJPEG/source/jcapimin.c ****   cinfo->global_state = CSTATE_START;
 170              		.loc 1 87 0
 171 00c0 6423     		movs	r3, #100
 172 00c2 6361     		str	r3, [r4, #20]
  88:Middlewares/Third_Party/LibJPEG/source/jcapimin.c **** }
 173              		.loc 1 88 0
 174 00c4 70BD     		pop	{r4, r5, r6, pc}
 175              	.LVL16:
 176              	.L10:
 177 00c6 00BF     		.align	2
 178              	.L9:
 179 00c8 00000000 		.word	jpeg_natural_order
 180 00cc 0000F03F 		.word	1072693248
 181              		.cfi_endproc
 182              	.LFE3:
 184              		.section	.text.jpeg_destroy_compress,"ax",%progbits
 185              		.align	1
 186              		.global	jpeg_destroy_compress
 187              		.syntax unified
 188              		.thumb
 189              		.thumb_func
 190              		.fpu fpv5-sp-d16
 192              	jpeg_destroy_compress:
 193              	.LFB4:
  89:Middlewares/Third_Party/LibJPEG/source/jcapimin.c **** 
  90:Middlewares/Third_Party/LibJPEG/source/jcapimin.c **** 
  91:Middlewares/Third_Party/LibJPEG/source/jcapimin.c **** /*
ARM GAS  /tmp/ccq5ioVW.s 			page 6


  92:Middlewares/Third_Party/LibJPEG/source/jcapimin.c ****  * Destruction of a JPEG compression object
  93:Middlewares/Third_Party/LibJPEG/source/jcapimin.c ****  */
  94:Middlewares/Third_Party/LibJPEG/source/jcapimin.c **** 
  95:Middlewares/Third_Party/LibJPEG/source/jcapimin.c **** GLOBAL(void)
  96:Middlewares/Third_Party/LibJPEG/source/jcapimin.c **** jpeg_destroy_compress (j_compress_ptr cinfo)
  97:Middlewares/Third_Party/LibJPEG/source/jcapimin.c **** {
 194              		.loc 1 97 0
 195              		.cfi_startproc
 196              		@ args = 0, pretend = 0, frame = 0
 197              		@ frame_needed = 0, uses_anonymous_args = 0
 198              	.LVL17:
 199 0000 08B5     		push	{r3, lr}
 200              	.LCFI1:
 201              		.cfi_def_cfa_offset 8
 202              		.cfi_offset 3, -8
 203              		.cfi_offset 14, -4
  98:Middlewares/Third_Party/LibJPEG/source/jcapimin.c ****   jpeg_destroy((j_common_ptr) cinfo); /* use common routine */
 204              		.loc 1 98 0
 205 0002 FFF7FEFF 		bl	jpeg_destroy
 206              	.LVL18:
  99:Middlewares/Third_Party/LibJPEG/source/jcapimin.c **** }
 207              		.loc 1 99 0
 208 0006 08BD     		pop	{r3, pc}
 209              		.cfi_endproc
 210              	.LFE4:
 212              		.section	.text.jpeg_abort_compress,"ax",%progbits
 213              		.align	1
 214              		.global	jpeg_abort_compress
 215              		.syntax unified
 216              		.thumb
 217              		.thumb_func
 218              		.fpu fpv5-sp-d16
 220              	jpeg_abort_compress:
 221              	.LFB5:
 100:Middlewares/Third_Party/LibJPEG/source/jcapimin.c **** 
 101:Middlewares/Third_Party/LibJPEG/source/jcapimin.c **** 
 102:Middlewares/Third_Party/LibJPEG/source/jcapimin.c **** /*
 103:Middlewares/Third_Party/LibJPEG/source/jcapimin.c ****  * Abort processing of a JPEG compression operation,
 104:Middlewares/Third_Party/LibJPEG/source/jcapimin.c ****  * but don't destroy the object itself.
 105:Middlewares/Third_Party/LibJPEG/source/jcapimin.c ****  */
 106:Middlewares/Third_Party/LibJPEG/source/jcapimin.c **** 
 107:Middlewares/Third_Party/LibJPEG/source/jcapimin.c **** GLOBAL(void)
 108:Middlewares/Third_Party/LibJPEG/source/jcapimin.c **** jpeg_abort_compress (j_compress_ptr cinfo)
 109:Middlewares/Third_Party/LibJPEG/source/jcapimin.c **** {
 222              		.loc 1 109 0
 223              		.cfi_startproc
 224              		@ args = 0, pretend = 0, frame = 0
 225              		@ frame_needed = 0, uses_anonymous_args = 0
 226              	.LVL19:
 227 0000 08B5     		push	{r3, lr}
 228              	.LCFI2:
 229              		.cfi_def_cfa_offset 8
 230              		.cfi_offset 3, -8
 231              		.cfi_offset 14, -4
 110:Middlewares/Third_Party/LibJPEG/source/jcapimin.c ****   jpeg_abort((j_common_ptr) cinfo); /* use common routine */
 232              		.loc 1 110 0
 233 0002 FFF7FEFF 		bl	jpeg_abort
ARM GAS  /tmp/ccq5ioVW.s 			page 7


 234              	.LVL20:
 111:Middlewares/Third_Party/LibJPEG/source/jcapimin.c **** }
 235              		.loc 1 111 0
 236 0006 08BD     		pop	{r3, pc}
 237              		.cfi_endproc
 238              	.LFE5:
 240              		.section	.text.jpeg_suppress_tables,"ax",%progbits
 241              		.align	1
 242              		.global	jpeg_suppress_tables
 243              		.syntax unified
 244              		.thumb
 245              		.thumb_func
 246              		.fpu fpv5-sp-d16
 248              	jpeg_suppress_tables:
 249              	.LFB6:
 112:Middlewares/Third_Party/LibJPEG/source/jcapimin.c **** 
 113:Middlewares/Third_Party/LibJPEG/source/jcapimin.c **** 
 114:Middlewares/Third_Party/LibJPEG/source/jcapimin.c **** /*
 115:Middlewares/Third_Party/LibJPEG/source/jcapimin.c ****  * Forcibly suppress or un-suppress all quantization and Huffman tables.
 116:Middlewares/Third_Party/LibJPEG/source/jcapimin.c ****  * Marks all currently defined tables as already written (if suppress)
 117:Middlewares/Third_Party/LibJPEG/source/jcapimin.c ****  * or not written (if !suppress).  This will control whether they get emitted
 118:Middlewares/Third_Party/LibJPEG/source/jcapimin.c ****  * by a subsequent jpeg_start_compress call.
 119:Middlewares/Third_Party/LibJPEG/source/jcapimin.c ****  *
 120:Middlewares/Third_Party/LibJPEG/source/jcapimin.c ****  * This routine is exported for use by applications that want to produce
 121:Middlewares/Third_Party/LibJPEG/source/jcapimin.c ****  * abbreviated JPEG datastreams.  It logically belongs in jcparam.c, but
 122:Middlewares/Third_Party/LibJPEG/source/jcapimin.c ****  * since it is called by jpeg_start_compress, we put it here --- otherwise
 123:Middlewares/Third_Party/LibJPEG/source/jcapimin.c ****  * jcparam.o would be linked whether the application used it or not.
 124:Middlewares/Third_Party/LibJPEG/source/jcapimin.c ****  */
 125:Middlewares/Third_Party/LibJPEG/source/jcapimin.c **** 
 126:Middlewares/Third_Party/LibJPEG/source/jcapimin.c **** GLOBAL(void)
 127:Middlewares/Third_Party/LibJPEG/source/jcapimin.c **** jpeg_suppress_tables (j_compress_ptr cinfo, boolean suppress)
 128:Middlewares/Third_Party/LibJPEG/source/jcapimin.c **** {
 250              		.loc 1 128 0
 251              		.cfi_startproc
 252              		@ args = 0, pretend = 0, frame = 0
 253              		@ frame_needed = 0, uses_anonymous_args = 0
 254              		@ link register save eliminated.
 255              	.LVL21:
 129:Middlewares/Third_Party/LibJPEG/source/jcapimin.c ****   int i;
 130:Middlewares/Third_Party/LibJPEG/source/jcapimin.c ****   JQUANT_TBL * qtbl;
 131:Middlewares/Third_Party/LibJPEG/source/jcapimin.c ****   JHUFF_TBL * htbl;
 132:Middlewares/Third_Party/LibJPEG/source/jcapimin.c **** 
 133:Middlewares/Third_Party/LibJPEG/source/jcapimin.c ****   for (i = 0; i < NUM_QUANT_TBLS; i++) {
 256              		.loc 1 133 0
 257 0000 0023     		movs	r3, #0
 258 0002 00E0     		b	.L16
 259              	.LVL22:
 260              	.L17:
 261              		.loc 1 133 0 is_stmt 0 discriminator 2
 262 0004 0133     		adds	r3, r3, #1
 263              	.LVL23:
 264              	.L16:
 265              		.loc 1 133 0 discriminator 1
 266 0006 032B     		cmp	r3, #3
 267 0008 08DC     		bgt	.L23
 134:Middlewares/Third_Party/LibJPEG/source/jcapimin.c ****     if ((qtbl = cinfo->quant_tbl_ptrs[i]) != NULL)
 268              		.loc 1 134 0 is_stmt 1
ARM GAS  /tmp/ccq5ioVW.s 			page 8


 269 000a 03F11602 		add	r2, r3, #22
 270 000e 50F82220 		ldr	r2, [r0, r2, lsl #2]
 271              	.LVL24:
 272 0012 002A     		cmp	r2, #0
 273 0014 F6D0     		beq	.L17
 135:Middlewares/Third_Party/LibJPEG/source/jcapimin.c ****       qtbl->sent_table = suppress;
 274              		.loc 1 135 0
 275 0016 C2F88010 		str	r1, [r2, #128]
 276 001a F3E7     		b	.L17
 277              	.LVL25:
 278              	.L23:
 136:Middlewares/Third_Party/LibJPEG/source/jcapimin.c ****   }
 137:Middlewares/Third_Party/LibJPEG/source/jcapimin.c **** 
 138:Middlewares/Third_Party/LibJPEG/source/jcapimin.c ****   for (i = 0; i < NUM_HUFF_TBLS; i++) {
 279              		.loc 1 138 0
 280 001c 0023     		movs	r3, #0
 281              	.LVL26:
 282 001e 00E0     		b	.L19
 283              	.LVL27:
 284              	.L21:
 285              		.loc 1 138 0 is_stmt 0 discriminator 2
 286 0020 0133     		adds	r3, r3, #1
 287              	.LVL28:
 288              	.L19:
 289              		.loc 1 138 0 discriminator 1
 290 0022 032B     		cmp	r3, #3
 291 0024 0FDC     		bgt	.L24
 139:Middlewares/Third_Party/LibJPEG/source/jcapimin.c ****     if ((htbl = cinfo->dc_huff_tbl_ptrs[i]) != NULL)
 292              		.loc 1 139 0 is_stmt 1
 293 0026 03F11E02 		add	r2, r3, #30
 294 002a 50F82220 		ldr	r2, [r0, r2, lsl #2]
 295              	.LVL29:
 296 002e 0AB1     		cbz	r2, .L20
 140:Middlewares/Third_Party/LibJPEG/source/jcapimin.c ****       htbl->sent_table = suppress;
 297              		.loc 1 140 0
 298 0030 C2F81411 		str	r1, [r2, #276]
 299              	.L20:
 141:Middlewares/Third_Party/LibJPEG/source/jcapimin.c ****     if ((htbl = cinfo->ac_huff_tbl_ptrs[i]) != NULL)
 300              		.loc 1 141 0
 301 0034 03F12202 		add	r2, r3, #34
 302              	.LVL30:
 303 0038 50F82220 		ldr	r2, [r0, r2, lsl #2]
 304              	.LVL31:
 305 003c 002A     		cmp	r2, #0
 306 003e EFD0     		beq	.L21
 142:Middlewares/Third_Party/LibJPEG/source/jcapimin.c ****       htbl->sent_table = suppress;
 307              		.loc 1 142 0
 308 0040 C2F81411 		str	r1, [r2, #276]
 309 0044 ECE7     		b	.L21
 310              	.LVL32:
 311              	.L24:
 143:Middlewares/Third_Party/LibJPEG/source/jcapimin.c ****   }
 144:Middlewares/Third_Party/LibJPEG/source/jcapimin.c **** }
 312              		.loc 1 144 0
 313 0046 7047     		bx	lr
 314              		.cfi_endproc
 315              	.LFE6:
ARM GAS  /tmp/ccq5ioVW.s 			page 9


 317              		.section	.text.jpeg_finish_compress,"ax",%progbits
 318              		.align	1
 319              		.global	jpeg_finish_compress
 320              		.syntax unified
 321              		.thumb
 322              		.thumb_func
 323              		.fpu fpv5-sp-d16
 325              	jpeg_finish_compress:
 326              	.LFB7:
 145:Middlewares/Third_Party/LibJPEG/source/jcapimin.c **** 
 146:Middlewares/Third_Party/LibJPEG/source/jcapimin.c **** 
 147:Middlewares/Third_Party/LibJPEG/source/jcapimin.c **** /*
 148:Middlewares/Third_Party/LibJPEG/source/jcapimin.c ****  * Finish JPEG compression.
 149:Middlewares/Third_Party/LibJPEG/source/jcapimin.c ****  *
 150:Middlewares/Third_Party/LibJPEG/source/jcapimin.c ****  * If a multipass operating mode was selected, this may do a great deal of
 151:Middlewares/Third_Party/LibJPEG/source/jcapimin.c ****  * work including most of the actual output.
 152:Middlewares/Third_Party/LibJPEG/source/jcapimin.c ****  */
 153:Middlewares/Third_Party/LibJPEG/source/jcapimin.c **** 
 154:Middlewares/Third_Party/LibJPEG/source/jcapimin.c **** GLOBAL(void)
 155:Middlewares/Third_Party/LibJPEG/source/jcapimin.c **** jpeg_finish_compress (j_compress_ptr cinfo)
 156:Middlewares/Third_Party/LibJPEG/source/jcapimin.c **** {
 327              		.loc 1 156 0
 328              		.cfi_startproc
 329              		@ args = 0, pretend = 0, frame = 0
 330              		@ frame_needed = 0, uses_anonymous_args = 0
 331              	.LVL33:
 332 0000 38B5     		push	{r3, r4, r5, lr}
 333              	.LCFI3:
 334              		.cfi_def_cfa_offset 16
 335              		.cfi_offset 3, -16
 336              		.cfi_offset 4, -12
 337              		.cfi_offset 5, -8
 338              		.cfi_offset 14, -4
 339 0002 0446     		mov	r4, r0
 157:Middlewares/Third_Party/LibJPEG/source/jcapimin.c ****   JDIMENSION iMCU_row;
 158:Middlewares/Third_Party/LibJPEG/source/jcapimin.c **** 
 159:Middlewares/Third_Party/LibJPEG/source/jcapimin.c ****   if (cinfo->global_state == CSTATE_SCANNING ||
 340              		.loc 1 159 0
 341 0004 4369     		ldr	r3, [r0, #20]
 342 0006 A3F16502 		sub	r2, r3, #101
 343 000a 012A     		cmp	r2, #1
 344 000c 0BD9     		bls	.L36
 160:Middlewares/Third_Party/LibJPEG/source/jcapimin.c ****       cinfo->global_state == CSTATE_RAW_OK) {
 161:Middlewares/Third_Party/LibJPEG/source/jcapimin.c ****     /* Terminate first pass */
 162:Middlewares/Third_Party/LibJPEG/source/jcapimin.c ****     if (cinfo->next_scanline < cinfo->image_height)
 163:Middlewares/Third_Party/LibJPEG/source/jcapimin.c ****       ERREXIT(cinfo, JERR_TOO_LITTLE_DATA);
 164:Middlewares/Third_Party/LibJPEG/source/jcapimin.c ****     (*cinfo->master->finish_pass) (cinfo);
 165:Middlewares/Third_Party/LibJPEG/source/jcapimin.c ****   } else if (cinfo->global_state != CSTATE_WRCOEFS)
 345              		.loc 1 165 0
 346 000e 672B     		cmp	r3, #103
 347 0010 3FD0     		beq	.L28
 166:Middlewares/Third_Party/LibJPEG/source/jcapimin.c ****     ERREXIT1(cinfo, JERR_BAD_STATE, cinfo->global_state);
 348              		.loc 1 166 0
 349 0012 0368     		ldr	r3, [r0]
 350 0014 1522     		movs	r2, #21
 351 0016 5A61     		str	r2, [r3, #20]
 352 0018 0368     		ldr	r3, [r0]
ARM GAS  /tmp/ccq5ioVW.s 			page 10


 353 001a 4269     		ldr	r2, [r0, #20]
 354 001c 9A61     		str	r2, [r3, #24]
 355 001e 0368     		ldr	r3, [r0]
 356 0020 1B68     		ldr	r3, [r3]
 357 0022 9847     		blx	r3
 358              	.LVL34:
 359 0024 35E0     		b	.L28
 360              	.LVL35:
 361              	.L36:
 162:Middlewares/Third_Party/LibJPEG/source/jcapimin.c ****       ERREXIT(cinfo, JERR_TOO_LITTLE_DATA);
 362              		.loc 1 162 0
 363 0026 D0F80421 		ldr	r2, [r0, #260]
 364 002a 036A     		ldr	r3, [r0, #32]
 365 002c 9A42     		cmp	r2, r3
 366 002e 05D2     		bcs	.L27
 163:Middlewares/Third_Party/LibJPEG/source/jcapimin.c ****     (*cinfo->master->finish_pass) (cinfo);
 367              		.loc 1 163 0
 368 0030 0368     		ldr	r3, [r0]
 369 0032 4522     		movs	r2, #69
 370 0034 5A61     		str	r2, [r3, #20]
 371 0036 0368     		ldr	r3, [r0]
 372 0038 1B68     		ldr	r3, [r3]
 373 003a 9847     		blx	r3
 374              	.LVL36:
 375              	.L27:
 164:Middlewares/Third_Party/LibJPEG/source/jcapimin.c ****   } else if (cinfo->global_state != CSTATE_WRCOEFS)
 376              		.loc 1 164 0
 377 003c D4F88431 		ldr	r3, [r4, #388]
 378 0040 9B68     		ldr	r3, [r3, #8]
 379 0042 2046     		mov	r0, r4
 380 0044 9847     		blx	r3
 381              	.LVL37:
 382 0046 24E0     		b	.L28
 383              	.LVL38:
 384              	.L32:
 167:Middlewares/Third_Party/LibJPEG/source/jcapimin.c ****   /* Perform any remaining passes */
 168:Middlewares/Third_Party/LibJPEG/source/jcapimin.c ****   while (! cinfo->master->is_last_pass) {
 169:Middlewares/Third_Party/LibJPEG/source/jcapimin.c ****     (*cinfo->master->prepare_for_pass) (cinfo);
 170:Middlewares/Third_Party/LibJPEG/source/jcapimin.c ****     for (iMCU_row = 0; iMCU_row < cinfo->total_iMCU_rows; iMCU_row++) {
 385              		.loc 1 170 0 discriminator 2
 386 0048 0135     		adds	r5, r5, #1
 387              	.LVL39:
 388              	.L30:
 389              		.loc 1 170 0 is_stmt 0 discriminator 1
 390 004a D4F81C31 		ldr	r3, [r4, #284]
 391 004e AB42     		cmp	r3, r5
 392 0050 1AD9     		bls	.L37
 171:Middlewares/Third_Party/LibJPEG/source/jcapimin.c ****       if (cinfo->progress != NULL) {
 393              		.loc 1 171 0 is_stmt 1
 394 0052 A368     		ldr	r3, [r4, #8]
 395 0054 43B1     		cbz	r3, .L31
 172:Middlewares/Third_Party/LibJPEG/source/jcapimin.c **** 	cinfo->progress->pass_counter = (long) iMCU_row;
 396              		.loc 1 172 0
 397 0056 5D60     		str	r5, [r3, #4]
 173:Middlewares/Third_Party/LibJPEG/source/jcapimin.c **** 	cinfo->progress->pass_limit = (long) cinfo->total_iMCU_rows;
 398              		.loc 1 173 0
 399 0058 D4F81C21 		ldr	r2, [r4, #284]
ARM GAS  /tmp/ccq5ioVW.s 			page 11


 400 005c A368     		ldr	r3, [r4, #8]
 401 005e 9A60     		str	r2, [r3, #8]
 174:Middlewares/Third_Party/LibJPEG/source/jcapimin.c **** 	(*cinfo->progress->progress_monitor) ((j_common_ptr) cinfo);
 402              		.loc 1 174 0
 403 0060 A368     		ldr	r3, [r4, #8]
 404 0062 1B68     		ldr	r3, [r3]
 405 0064 2046     		mov	r0, r4
 406 0066 9847     		blx	r3
 407              	.LVL40:
 408              	.L31:
 175:Middlewares/Third_Party/LibJPEG/source/jcapimin.c ****       }
 176:Middlewares/Third_Party/LibJPEG/source/jcapimin.c ****       /* We bypass the main controller and invoke coef controller directly;
 177:Middlewares/Third_Party/LibJPEG/source/jcapimin.c ****        * all work is being done from the coefficient buffer.
 178:Middlewares/Third_Party/LibJPEG/source/jcapimin.c ****        */
 179:Middlewares/Third_Party/LibJPEG/source/jcapimin.c ****       if (! (*cinfo->coef->compress_data) (cinfo, (JSAMPIMAGE) NULL))
 409              		.loc 1 179 0
 410 0068 D4F89031 		ldr	r3, [r4, #400]
 411 006c 5B68     		ldr	r3, [r3, #4]
 412 006e 0021     		movs	r1, #0
 413 0070 2046     		mov	r0, r4
 414 0072 9847     		blx	r3
 415              	.LVL41:
 416 0074 0028     		cmp	r0, #0
 417 0076 E7D1     		bne	.L32
 180:Middlewares/Third_Party/LibJPEG/source/jcapimin.c **** 	ERREXIT(cinfo, JERR_CANT_SUSPEND);
 418              		.loc 1 180 0
 419 0078 2368     		ldr	r3, [r4]
 420 007a 1922     		movs	r2, #25
 421 007c 5A61     		str	r2, [r3, #20]
 422 007e 2368     		ldr	r3, [r4]
 423 0080 1B68     		ldr	r3, [r3]
 424 0082 2046     		mov	r0, r4
 425 0084 9847     		blx	r3
 426              	.LVL42:
 427 0086 DFE7     		b	.L32
 428              	.L37:
 181:Middlewares/Third_Party/LibJPEG/source/jcapimin.c ****     }
 182:Middlewares/Third_Party/LibJPEG/source/jcapimin.c ****     (*cinfo->master->finish_pass) (cinfo);
 429              		.loc 1 182 0
 430 0088 D4F88431 		ldr	r3, [r4, #388]
 431 008c 9B68     		ldr	r3, [r3, #8]
 432 008e 2046     		mov	r0, r4
 433 0090 9847     		blx	r3
 434              	.LVL43:
 435              	.L28:
 168:Middlewares/Third_Party/LibJPEG/source/jcapimin.c ****     (*cinfo->master->prepare_for_pass) (cinfo);
 436              		.loc 1 168 0
 437 0092 D4F88431 		ldr	r3, [r4, #388]
 438 0096 1A69     		ldr	r2, [r3, #16]
 439 0098 22B9     		cbnz	r2, .L38
 169:Middlewares/Third_Party/LibJPEG/source/jcapimin.c ****     for (iMCU_row = 0; iMCU_row < cinfo->total_iMCU_rows; iMCU_row++) {
 440              		.loc 1 169 0
 441 009a 1B68     		ldr	r3, [r3]
 442 009c 2046     		mov	r0, r4
 443 009e 9847     		blx	r3
 444              	.LVL44:
 170:Middlewares/Third_Party/LibJPEG/source/jcapimin.c ****       if (cinfo->progress != NULL) {
ARM GAS  /tmp/ccq5ioVW.s 			page 12


 445              		.loc 1 170 0
 446 00a0 0025     		movs	r5, #0
 447 00a2 D2E7     		b	.L30
 448              	.LVL45:
 449              	.L38:
 183:Middlewares/Third_Party/LibJPEG/source/jcapimin.c ****   }
 184:Middlewares/Third_Party/LibJPEG/source/jcapimin.c ****   /* Write EOI, do final cleanup */
 185:Middlewares/Third_Party/LibJPEG/source/jcapimin.c ****   (*cinfo->marker->write_file_trailer) (cinfo);
 450              		.loc 1 185 0
 451 00a4 D4F89431 		ldr	r3, [r4, #404]
 452 00a8 DB68     		ldr	r3, [r3, #12]
 453 00aa 2046     		mov	r0, r4
 454 00ac 9847     		blx	r3
 455              	.LVL46:
 186:Middlewares/Third_Party/LibJPEG/source/jcapimin.c ****   (*cinfo->dest->term_destination) (cinfo);
 456              		.loc 1 186 0
 457 00ae A369     		ldr	r3, [r4, #24]
 458 00b0 1B69     		ldr	r3, [r3, #16]
 459 00b2 2046     		mov	r0, r4
 460 00b4 9847     		blx	r3
 461              	.LVL47:
 187:Middlewares/Third_Party/LibJPEG/source/jcapimin.c ****   /* We can use jpeg_abort to release memory and reset global_state */
 188:Middlewares/Third_Party/LibJPEG/source/jcapimin.c ****   jpeg_abort((j_common_ptr) cinfo);
 462              		.loc 1 188 0
 463 00b6 2046     		mov	r0, r4
 464 00b8 FFF7FEFF 		bl	jpeg_abort
 465              	.LVL48:
 189:Middlewares/Third_Party/LibJPEG/source/jcapimin.c **** }
 466              		.loc 1 189 0
 467 00bc 38BD     		pop	{r3, r4, r5, pc}
 468              		.cfi_endproc
 469              	.LFE7:
 471              		.section	.text.jpeg_write_marker,"ax",%progbits
 472              		.align	1
 473              		.global	jpeg_write_marker
 474              		.syntax unified
 475              		.thumb
 476              		.thumb_func
 477              		.fpu fpv5-sp-d16
 479              	jpeg_write_marker:
 480              	.LFB8:
 190:Middlewares/Third_Party/LibJPEG/source/jcapimin.c **** 
 191:Middlewares/Third_Party/LibJPEG/source/jcapimin.c **** 
 192:Middlewares/Third_Party/LibJPEG/source/jcapimin.c **** /*
 193:Middlewares/Third_Party/LibJPEG/source/jcapimin.c ****  * Write a special marker.
 194:Middlewares/Third_Party/LibJPEG/source/jcapimin.c ****  * This is only recommended for writing COM or APPn markers.
 195:Middlewares/Third_Party/LibJPEG/source/jcapimin.c ****  * Must be called after jpeg_start_compress() and before
 196:Middlewares/Third_Party/LibJPEG/source/jcapimin.c ****  * first call to jpeg_write_scanlines() or jpeg_write_raw_data().
 197:Middlewares/Third_Party/LibJPEG/source/jcapimin.c ****  */
 198:Middlewares/Third_Party/LibJPEG/source/jcapimin.c **** 
 199:Middlewares/Third_Party/LibJPEG/source/jcapimin.c **** GLOBAL(void)
 200:Middlewares/Third_Party/LibJPEG/source/jcapimin.c **** jpeg_write_marker (j_compress_ptr cinfo, int marker,
 201:Middlewares/Third_Party/LibJPEG/source/jcapimin.c **** 		   const JOCTET *dataptr, unsigned int datalen)
 202:Middlewares/Third_Party/LibJPEG/source/jcapimin.c **** {
 481              		.loc 1 202 0
 482              		.cfi_startproc
 483              		@ args = 0, pretend = 0, frame = 0
ARM GAS  /tmp/ccq5ioVW.s 			page 13


 484              		@ frame_needed = 0, uses_anonymous_args = 0
 485              	.LVL49:
 486 0000 2DE9F041 		push	{r4, r5, r6, r7, r8, lr}
 487              	.LCFI4:
 488              		.cfi_def_cfa_offset 24
 489              		.cfi_offset 4, -24
 490              		.cfi_offset 5, -20
 491              		.cfi_offset 6, -16
 492              		.cfi_offset 7, -12
 493              		.cfi_offset 8, -8
 494              		.cfi_offset 14, -4
 495 0004 0546     		mov	r5, r0
 496 0006 0F46     		mov	r7, r1
 497 0008 1646     		mov	r6, r2
 498 000a 1C46     		mov	r4, r3
 203:Middlewares/Third_Party/LibJPEG/source/jcapimin.c ****   JMETHOD(void, write_marker_byte, (j_compress_ptr info, int val));
 204:Middlewares/Third_Party/LibJPEG/source/jcapimin.c **** 
 205:Middlewares/Third_Party/LibJPEG/source/jcapimin.c ****   if (cinfo->next_scanline != 0 ||
 499              		.loc 1 205 0
 500 000c D0F80431 		ldr	r3, [r0, #260]
 501              	.LVL50:
 502 0010 ABB1     		cbz	r3, .L45
 503              	.L40:
 206:Middlewares/Third_Party/LibJPEG/source/jcapimin.c ****       (cinfo->global_state != CSTATE_SCANNING &&
 207:Middlewares/Third_Party/LibJPEG/source/jcapimin.c ****        cinfo->global_state != CSTATE_RAW_OK &&
 208:Middlewares/Third_Party/LibJPEG/source/jcapimin.c ****        cinfo->global_state != CSTATE_WRCOEFS))
 209:Middlewares/Third_Party/LibJPEG/source/jcapimin.c ****     ERREXIT1(cinfo, JERR_BAD_STATE, cinfo->global_state);
 504              		.loc 1 209 0
 505 0012 2B68     		ldr	r3, [r5]
 506 0014 1522     		movs	r2, #21
 507              	.LVL51:
 508 0016 5A61     		str	r2, [r3, #20]
 509 0018 2B68     		ldr	r3, [r5]
 510 001a 6A69     		ldr	r2, [r5, #20]
 511 001c 9A61     		str	r2, [r3, #24]
 512 001e 2B68     		ldr	r3, [r5]
 513 0020 1B68     		ldr	r3, [r3]
 514 0022 2846     		mov	r0, r5
 515              	.LVL52:
 516 0024 9847     		blx	r3
 517              	.LVL53:
 518              	.L41:
 210:Middlewares/Third_Party/LibJPEG/source/jcapimin.c **** 
 211:Middlewares/Third_Party/LibJPEG/source/jcapimin.c ****   (*cinfo->marker->write_marker_header) (cinfo, marker, datalen);
 519              		.loc 1 211 0
 520 0026 D5F89431 		ldr	r3, [r5, #404]
 521 002a 5B69     		ldr	r3, [r3, #20]
 522 002c 2246     		mov	r2, r4
 523 002e 3946     		mov	r1, r7
 524 0030 2846     		mov	r0, r5
 525 0032 9847     		blx	r3
 526              	.LVL54:
 212:Middlewares/Third_Party/LibJPEG/source/jcapimin.c ****   write_marker_byte = cinfo->marker->write_marker_byte;	/* copy for speed */
 527              		.loc 1 212 0
 528 0034 D5F89431 		ldr	r3, [r5, #404]
 529 0038 D3F81880 		ldr	r8, [r3, #24]
 530              	.LVL55:
ARM GAS  /tmp/ccq5ioVW.s 			page 14


 213:Middlewares/Third_Party/LibJPEG/source/jcapimin.c ****   while (datalen--) {
 531              		.loc 1 213 0
 532 003c 09E0     		b	.L42
 533              	.LVL56:
 534              	.L45:
 206:Middlewares/Third_Party/LibJPEG/source/jcapimin.c ****        cinfo->global_state != CSTATE_RAW_OK &&
 535              		.loc 1 206 0 discriminator 1
 536 003e 4369     		ldr	r3, [r0, #20]
 207:Middlewares/Third_Party/LibJPEG/source/jcapimin.c ****        cinfo->global_state != CSTATE_WRCOEFS))
 537              		.loc 1 207 0 discriminator 1
 538 0040 653B     		subs	r3, r3, #101
 205:Middlewares/Third_Party/LibJPEG/source/jcapimin.c ****       (cinfo->global_state != CSTATE_SCANNING &&
 539              		.loc 1 205 0 discriminator 1
 540 0042 022B     		cmp	r3, #2
 541 0044 EFD9     		bls	.L41
 542 0046 E4E7     		b	.L40
 543              	.LVL57:
 544              	.L43:
 214:Middlewares/Third_Party/LibJPEG/source/jcapimin.c ****     (*write_marker_byte) (cinfo, *dataptr);
 545              		.loc 1 214 0
 546 0048 16F8011B 		ldrb	r1, [r6], #1	@ zero_extendqisi2
 547              	.LVL58:
 548 004c 2846     		mov	r0, r5
 549 004e C047     		blx	r8
 550              	.LVL59:
 213:Middlewares/Third_Party/LibJPEG/source/jcapimin.c ****     (*write_marker_byte) (cinfo, *dataptr);
 551              		.loc 1 213 0
 552 0050 3C46     		mov	r4, r7
 553              	.LVL60:
 554              	.L42:
 555 0052 671E     		subs	r7, r4, #1
 556              	.LVL61:
 557 0054 002C     		cmp	r4, #0
 558 0056 F7D1     		bne	.L43
 215:Middlewares/Third_Party/LibJPEG/source/jcapimin.c ****     dataptr++;
 216:Middlewares/Third_Party/LibJPEG/source/jcapimin.c ****   }
 217:Middlewares/Third_Party/LibJPEG/source/jcapimin.c **** }
 559              		.loc 1 217 0
 560 0058 BDE8F081 		pop	{r4, r5, r6, r7, r8, pc}
 561              		.cfi_endproc
 562              	.LFE8:
 564              		.section	.text.jpeg_write_m_header,"ax",%progbits
 565              		.align	1
 566              		.global	jpeg_write_m_header
 567              		.syntax unified
 568              		.thumb
 569              		.thumb_func
 570              		.fpu fpv5-sp-d16
 572              	jpeg_write_m_header:
 573              	.LFB9:
 218:Middlewares/Third_Party/LibJPEG/source/jcapimin.c **** 
 219:Middlewares/Third_Party/LibJPEG/source/jcapimin.c **** /* Same, but piecemeal. */
 220:Middlewares/Third_Party/LibJPEG/source/jcapimin.c **** 
 221:Middlewares/Third_Party/LibJPEG/source/jcapimin.c **** GLOBAL(void)
 222:Middlewares/Third_Party/LibJPEG/source/jcapimin.c **** jpeg_write_m_header (j_compress_ptr cinfo, int marker, unsigned int datalen)
 223:Middlewares/Third_Party/LibJPEG/source/jcapimin.c **** {
 574              		.loc 1 223 0
ARM GAS  /tmp/ccq5ioVW.s 			page 15


 575              		.cfi_startproc
 576              		@ args = 0, pretend = 0, frame = 0
 577              		@ frame_needed = 0, uses_anonymous_args = 0
 578              	.LVL62:
 579 0000 70B5     		push	{r4, r5, r6, lr}
 580              	.LCFI5:
 581              		.cfi_def_cfa_offset 16
 582              		.cfi_offset 4, -16
 583              		.cfi_offset 5, -12
 584              		.cfi_offset 6, -8
 585              		.cfi_offset 14, -4
 586 0002 0446     		mov	r4, r0
 587 0004 0D46     		mov	r5, r1
 588 0006 1646     		mov	r6, r2
 224:Middlewares/Third_Party/LibJPEG/source/jcapimin.c ****   if (cinfo->next_scanline != 0 ||
 589              		.loc 1 224 0
 590 0008 D0F80431 		ldr	r3, [r0, #260]
 591 000c 8BB1     		cbz	r3, .L50
 592              	.L47:
 225:Middlewares/Third_Party/LibJPEG/source/jcapimin.c ****       (cinfo->global_state != CSTATE_SCANNING &&
 226:Middlewares/Third_Party/LibJPEG/source/jcapimin.c ****        cinfo->global_state != CSTATE_RAW_OK &&
 227:Middlewares/Third_Party/LibJPEG/source/jcapimin.c ****        cinfo->global_state != CSTATE_WRCOEFS))
 228:Middlewares/Third_Party/LibJPEG/source/jcapimin.c ****     ERREXIT1(cinfo, JERR_BAD_STATE, cinfo->global_state);
 593              		.loc 1 228 0
 594 000e 2368     		ldr	r3, [r4]
 595 0010 1522     		movs	r2, #21
 596              	.LVL63:
 597 0012 5A61     		str	r2, [r3, #20]
 598 0014 2368     		ldr	r3, [r4]
 599 0016 6269     		ldr	r2, [r4, #20]
 600 0018 9A61     		str	r2, [r3, #24]
 601 001a 2368     		ldr	r3, [r4]
 602 001c 1B68     		ldr	r3, [r3]
 603 001e 2046     		mov	r0, r4
 604              	.LVL64:
 605 0020 9847     		blx	r3
 606              	.LVL65:
 607              	.L48:
 229:Middlewares/Third_Party/LibJPEG/source/jcapimin.c **** 
 230:Middlewares/Third_Party/LibJPEG/source/jcapimin.c ****   (*cinfo->marker->write_marker_header) (cinfo, marker, datalen);
 608              		.loc 1 230 0
 609 0022 D4F89431 		ldr	r3, [r4, #404]
 610 0026 5B69     		ldr	r3, [r3, #20]
 611 0028 3246     		mov	r2, r6
 612 002a 2946     		mov	r1, r5
 613 002c 2046     		mov	r0, r4
 614 002e 9847     		blx	r3
 615              	.LVL66:
 231:Middlewares/Third_Party/LibJPEG/source/jcapimin.c **** }
 616              		.loc 1 231 0
 617 0030 70BD     		pop	{r4, r5, r6, pc}
 618              	.LVL67:
 619              	.L50:
 225:Middlewares/Third_Party/LibJPEG/source/jcapimin.c ****       (cinfo->global_state != CSTATE_SCANNING &&
 620              		.loc 1 225 0 discriminator 1
 621 0032 4369     		ldr	r3, [r0, #20]
 226:Middlewares/Third_Party/LibJPEG/source/jcapimin.c ****        cinfo->global_state != CSTATE_WRCOEFS))
ARM GAS  /tmp/ccq5ioVW.s 			page 16


 622              		.loc 1 226 0 discriminator 1
 623 0034 653B     		subs	r3, r3, #101
 224:Middlewares/Third_Party/LibJPEG/source/jcapimin.c ****       (cinfo->global_state != CSTATE_SCANNING &&
 624              		.loc 1 224 0 discriminator 1
 625 0036 022B     		cmp	r3, #2
 626 0038 E9D8     		bhi	.L47
 627 003a F2E7     		b	.L48
 628              		.cfi_endproc
 629              	.LFE9:
 631              		.section	.text.jpeg_write_m_byte,"ax",%progbits
 632              		.align	1
 633              		.global	jpeg_write_m_byte
 634              		.syntax unified
 635              		.thumb
 636              		.thumb_func
 637              		.fpu fpv5-sp-d16
 639              	jpeg_write_m_byte:
 640              	.LFB10:
 232:Middlewares/Third_Party/LibJPEG/source/jcapimin.c **** 
 233:Middlewares/Third_Party/LibJPEG/source/jcapimin.c **** GLOBAL(void)
 234:Middlewares/Third_Party/LibJPEG/source/jcapimin.c **** jpeg_write_m_byte (j_compress_ptr cinfo, int val)
 235:Middlewares/Third_Party/LibJPEG/source/jcapimin.c **** {
 641              		.loc 1 235 0
 642              		.cfi_startproc
 643              		@ args = 0, pretend = 0, frame = 0
 644              		@ frame_needed = 0, uses_anonymous_args = 0
 645              	.LVL68:
 646 0000 08B5     		push	{r3, lr}
 647              	.LCFI6:
 648              		.cfi_def_cfa_offset 8
 649              		.cfi_offset 3, -8
 650              		.cfi_offset 14, -4
 236:Middlewares/Third_Party/LibJPEG/source/jcapimin.c ****   (*cinfo->marker->write_marker_byte) (cinfo, val);
 651              		.loc 1 236 0
 652 0002 D0F89431 		ldr	r3, [r0, #404]
 653 0006 9B69     		ldr	r3, [r3, #24]
 654 0008 9847     		blx	r3
 655              	.LVL69:
 237:Middlewares/Third_Party/LibJPEG/source/jcapimin.c **** }
 656              		.loc 1 237 0
 657 000a 08BD     		pop	{r3, pc}
 658              		.cfi_endproc
 659              	.LFE10:
 661              		.section	.text.jpeg_write_tables,"ax",%progbits
 662              		.align	1
 663              		.global	jpeg_write_tables
 664              		.syntax unified
 665              		.thumb
 666              		.thumb_func
 667              		.fpu fpv5-sp-d16
 669              	jpeg_write_tables:
 670              	.LFB11:
 238:Middlewares/Third_Party/LibJPEG/source/jcapimin.c **** 
 239:Middlewares/Third_Party/LibJPEG/source/jcapimin.c **** 
 240:Middlewares/Third_Party/LibJPEG/source/jcapimin.c **** /*
 241:Middlewares/Third_Party/LibJPEG/source/jcapimin.c ****  * Alternate compression function: just write an abbreviated table file.
 242:Middlewares/Third_Party/LibJPEG/source/jcapimin.c ****  * Before calling this, all parameters and a data destination must be set up.
ARM GAS  /tmp/ccq5ioVW.s 			page 17


 243:Middlewares/Third_Party/LibJPEG/source/jcapimin.c ****  *
 244:Middlewares/Third_Party/LibJPEG/source/jcapimin.c ****  * To produce a pair of files containing abbreviated tables and abbreviated
 245:Middlewares/Third_Party/LibJPEG/source/jcapimin.c ****  * image data, one would proceed as follows:
 246:Middlewares/Third_Party/LibJPEG/source/jcapimin.c ****  *
 247:Middlewares/Third_Party/LibJPEG/source/jcapimin.c ****  *		initialize JPEG object
 248:Middlewares/Third_Party/LibJPEG/source/jcapimin.c ****  *		set JPEG parameters
 249:Middlewares/Third_Party/LibJPEG/source/jcapimin.c ****  *		set destination to table file
 250:Middlewares/Third_Party/LibJPEG/source/jcapimin.c ****  *		jpeg_write_tables(cinfo);
 251:Middlewares/Third_Party/LibJPEG/source/jcapimin.c ****  *		set destination to image file
 252:Middlewares/Third_Party/LibJPEG/source/jcapimin.c ****  *		jpeg_start_compress(cinfo, FALSE);
 253:Middlewares/Third_Party/LibJPEG/source/jcapimin.c ****  *		write data...
 254:Middlewares/Third_Party/LibJPEG/source/jcapimin.c ****  *		jpeg_finish_compress(cinfo);
 255:Middlewares/Third_Party/LibJPEG/source/jcapimin.c ****  *
 256:Middlewares/Third_Party/LibJPEG/source/jcapimin.c ****  * jpeg_write_tables has the side effect of marking all tables written
 257:Middlewares/Third_Party/LibJPEG/source/jcapimin.c ****  * (same as jpeg_suppress_tables(..., TRUE)).  Thus a subsequent start_compress
 258:Middlewares/Third_Party/LibJPEG/source/jcapimin.c ****  * will not re-emit the tables unless it is passed write_all_tables=TRUE.
 259:Middlewares/Third_Party/LibJPEG/source/jcapimin.c ****  */
 260:Middlewares/Third_Party/LibJPEG/source/jcapimin.c **** 
 261:Middlewares/Third_Party/LibJPEG/source/jcapimin.c **** GLOBAL(void)
 262:Middlewares/Third_Party/LibJPEG/source/jcapimin.c **** jpeg_write_tables (j_compress_ptr cinfo)
 263:Middlewares/Third_Party/LibJPEG/source/jcapimin.c **** {
 671              		.loc 1 263 0
 672              		.cfi_startproc
 673              		@ args = 0, pretend = 0, frame = 0
 674              		@ frame_needed = 0, uses_anonymous_args = 0
 675              	.LVL70:
 676 0000 10B5     		push	{r4, lr}
 677              	.LCFI7:
 678              		.cfi_def_cfa_offset 8
 679              		.cfi_offset 4, -8
 680              		.cfi_offset 14, -4
 681 0002 0446     		mov	r4, r0
 264:Middlewares/Third_Party/LibJPEG/source/jcapimin.c ****   if (cinfo->global_state != CSTATE_START)
 682              		.loc 1 264 0
 683 0004 4369     		ldr	r3, [r0, #20]
 684 0006 642B     		cmp	r3, #100
 685 0008 08D0     		beq	.L54
 265:Middlewares/Third_Party/LibJPEG/source/jcapimin.c ****     ERREXIT1(cinfo, JERR_BAD_STATE, cinfo->global_state);
 686              		.loc 1 265 0
 687 000a 0368     		ldr	r3, [r0]
 688 000c 1522     		movs	r2, #21
 689 000e 5A61     		str	r2, [r3, #20]
 690 0010 0368     		ldr	r3, [r0]
 691 0012 4269     		ldr	r2, [r0, #20]
 692 0014 9A61     		str	r2, [r3, #24]
 693 0016 0368     		ldr	r3, [r0]
 694 0018 1B68     		ldr	r3, [r3]
 695 001a 9847     		blx	r3
 696              	.LVL71:
 697              	.L54:
 266:Middlewares/Third_Party/LibJPEG/source/jcapimin.c **** 
 267:Middlewares/Third_Party/LibJPEG/source/jcapimin.c ****   /* (Re)initialize error mgr and destination modules */
 268:Middlewares/Third_Party/LibJPEG/source/jcapimin.c ****   (*cinfo->err->reset_error_mgr) ((j_common_ptr) cinfo);
 698              		.loc 1 268 0
 699 001c 2368     		ldr	r3, [r4]
 700 001e 1B69     		ldr	r3, [r3, #16]
 701 0020 2046     		mov	r0, r4
ARM GAS  /tmp/ccq5ioVW.s 			page 18


 702 0022 9847     		blx	r3
 703              	.LVL72:
 269:Middlewares/Third_Party/LibJPEG/source/jcapimin.c ****   (*cinfo->dest->init_destination) (cinfo);
 704              		.loc 1 269 0
 705 0024 A369     		ldr	r3, [r4, #24]
 706 0026 9B68     		ldr	r3, [r3, #8]
 707 0028 2046     		mov	r0, r4
 708 002a 9847     		blx	r3
 709              	.LVL73:
 270:Middlewares/Third_Party/LibJPEG/source/jcapimin.c ****   /* Initialize the marker writer ... bit of a crock to do it here. */
 271:Middlewares/Third_Party/LibJPEG/source/jcapimin.c ****   jinit_marker_writer(cinfo);
 710              		.loc 1 271 0
 711 002c 2046     		mov	r0, r4
 712 002e FFF7FEFF 		bl	jinit_marker_writer
 713              	.LVL74:
 272:Middlewares/Third_Party/LibJPEG/source/jcapimin.c ****   /* Write them tables! */
 273:Middlewares/Third_Party/LibJPEG/source/jcapimin.c ****   (*cinfo->marker->write_tables_only) (cinfo);
 714              		.loc 1 273 0
 715 0032 D4F89431 		ldr	r3, [r4, #404]
 716 0036 1B69     		ldr	r3, [r3, #16]
 717 0038 2046     		mov	r0, r4
 718 003a 9847     		blx	r3
 719              	.LVL75:
 274:Middlewares/Third_Party/LibJPEG/source/jcapimin.c ****   /* And clean up. */
 275:Middlewares/Third_Party/LibJPEG/source/jcapimin.c ****   (*cinfo->dest->term_destination) (cinfo);
 720              		.loc 1 275 0
 721 003c A369     		ldr	r3, [r4, #24]
 722 003e 1B69     		ldr	r3, [r3, #16]
 723 0040 2046     		mov	r0, r4
 724 0042 9847     		blx	r3
 725              	.LVL76:
 276:Middlewares/Third_Party/LibJPEG/source/jcapimin.c ****   /*
 277:Middlewares/Third_Party/LibJPEG/source/jcapimin.c ****    * In library releases up through v6a, we called jpeg_abort() here to free
 278:Middlewares/Third_Party/LibJPEG/source/jcapimin.c ****    * any working memory allocated by the destination manager and marker
 279:Middlewares/Third_Party/LibJPEG/source/jcapimin.c ****    * writer.  Some applications had a problem with that: they allocated space
 280:Middlewares/Third_Party/LibJPEG/source/jcapimin.c ****    * of their own from the library memory manager, and didn't want it to go
 281:Middlewares/Third_Party/LibJPEG/source/jcapimin.c ****    * away during write_tables.  So now we do nothing.  This will cause a
 282:Middlewares/Third_Party/LibJPEG/source/jcapimin.c ****    * memory leak if an app calls write_tables repeatedly without doing a full
 283:Middlewares/Third_Party/LibJPEG/source/jcapimin.c ****    * compression cycle or otherwise resetting the JPEG object.  However, that
 284:Middlewares/Third_Party/LibJPEG/source/jcapimin.c ****    * seems less bad than unexpectedly freeing memory in the normal case.
 285:Middlewares/Third_Party/LibJPEG/source/jcapimin.c ****    * An app that prefers the old behavior can call jpeg_abort for itself after
 286:Middlewares/Third_Party/LibJPEG/source/jcapimin.c ****    * each call to jpeg_write_tables().
 287:Middlewares/Third_Party/LibJPEG/source/jcapimin.c ****    */
 288:Middlewares/Third_Party/LibJPEG/source/jcapimin.c **** }
 726              		.loc 1 288 0
 727 0044 10BD     		pop	{r4, pc}
 728              		.cfi_endproc
 729              	.LFE11:
 731              		.text
 732              	.Letext0:
 733              		.file 2 "/home/jaxc/opt/gcc-arm-none-eabi-7-2018-q2-update/lib/gcc/arm-none-eabi/7.3.1/include/std
 734              		.file 3 "/home/jaxc/opt/gcc-arm-none-eabi-7-2018-q2-update/arm-none-eabi/include/sys/lock.h"
 735              		.file 4 "/home/jaxc/opt/gcc-arm-none-eabi-7-2018-q2-update/arm-none-eabi/include/sys/_types.h"
 736              		.file 5 "/home/jaxc/opt/gcc-arm-none-eabi-7-2018-q2-update/arm-none-eabi/include/sys/reent.h"
 737              		.file 6 "/home/jaxc/opt/gcc-arm-none-eabi-7-2018-q2-update/arm-none-eabi/include/stdlib.h"
 738              		.file 7 "Inc/jmorecfg.h"
 739              		.file 8 "Middlewares/Third_Party/LibJPEG/include/jpeglib.h"
ARM GAS  /tmp/ccq5ioVW.s 			page 19


 740              		.file 9 "Middlewares/Third_Party/LibJPEG/include/jpegint.h"
 741              		.file 10 "Middlewares/Third_Party/LibJPEG/include/jerror.h"
 742              		.file 11 "<built-in>"
ARM GAS  /tmp/ccq5ioVW.s 			page 20


DEFINED SYMBOLS
                            *ABS*:0000000000000000 jcapimin.c
     /tmp/ccq5ioVW.s:18     .text.jpeg_CreateCompress:0000000000000000 $t
     /tmp/ccq5ioVW.s:25     .text.jpeg_CreateCompress:0000000000000000 jpeg_CreateCompress
     /tmp/ccq5ioVW.s:179    .text.jpeg_CreateCompress:00000000000000c8 $d
     /tmp/ccq5ioVW.s:185    .text.jpeg_destroy_compress:0000000000000000 $t
     /tmp/ccq5ioVW.s:192    .text.jpeg_destroy_compress:0000000000000000 jpeg_destroy_compress
     /tmp/ccq5ioVW.s:213    .text.jpeg_abort_compress:0000000000000000 $t
     /tmp/ccq5ioVW.s:220    .text.jpeg_abort_compress:0000000000000000 jpeg_abort_compress
     /tmp/ccq5ioVW.s:241    .text.jpeg_suppress_tables:0000000000000000 $t
     /tmp/ccq5ioVW.s:248    .text.jpeg_suppress_tables:0000000000000000 jpeg_suppress_tables
     /tmp/ccq5ioVW.s:318    .text.jpeg_finish_compress:0000000000000000 $t
     /tmp/ccq5ioVW.s:325    .text.jpeg_finish_compress:0000000000000000 jpeg_finish_compress
     /tmp/ccq5ioVW.s:472    .text.jpeg_write_marker:0000000000000000 $t
     /tmp/ccq5ioVW.s:479    .text.jpeg_write_marker:0000000000000000 jpeg_write_marker
     /tmp/ccq5ioVW.s:565    .text.jpeg_write_m_header:0000000000000000 $t
     /tmp/ccq5ioVW.s:572    .text.jpeg_write_m_header:0000000000000000 jpeg_write_m_header
     /tmp/ccq5ioVW.s:632    .text.jpeg_write_m_byte:0000000000000000 $t
     /tmp/ccq5ioVW.s:639    .text.jpeg_write_m_byte:0000000000000000 jpeg_write_m_byte
     /tmp/ccq5ioVW.s:662    .text.jpeg_write_tables:0000000000000000 $t
     /tmp/ccq5ioVW.s:669    .text.jpeg_write_tables:0000000000000000 jpeg_write_tables

UNDEFINED SYMBOLS
memset
jinit_memory_mgr
jpeg_natural_order
jpeg_destroy
jpeg_abort
jinit_marker_writer
