ARM GAS  /tmp/ccsE2Qbe.s 			page 1


   1              		.cpu cortex-m7
   2              		.eabi_attribute 27, 1
   3              		.eabi_attribute 28, 1
   4              		.eabi_attribute 20, 1
   5              		.eabi_attribute 21, 1
   6              		.eabi_attribute 23, 3
   7              		.eabi_attribute 24, 1
   8              		.eabi_attribute 25, 1
   9              		.eabi_attribute 26, 1
  10              		.eabi_attribute 30, 1
  11              		.eabi_attribute 34, 1
  12              		.eabi_attribute 18, 4
  13              		.file	"jcomapi.c"
  14              		.text
  15              	.Ltext0:
  16              		.cfi_sections	.debug_frame
  17              		.section	.text.jpeg_abort,"ax",%progbits
  18              		.align	1
  19              		.global	jpeg_abort
  20              		.syntax unified
  21              		.thumb
  22              		.thumb_func
  23              		.fpu fpv5-sp-d16
  25              	jpeg_abort:
  26              	.LFB3:
  27              		.file 1 "Middlewares/Third_Party/LibJPEG/source/jcomapi.c"
   1:Middlewares/Third_Party/LibJPEG/source/jcomapi.c **** /*
   2:Middlewares/Third_Party/LibJPEG/source/jcomapi.c ****  * jcomapi.c
   3:Middlewares/Third_Party/LibJPEG/source/jcomapi.c ****  *
   4:Middlewares/Third_Party/LibJPEG/source/jcomapi.c ****  * Copyright (C) 1994-1997, Thomas G. Lane.
   5:Middlewares/Third_Party/LibJPEG/source/jcomapi.c ****  * This file is part of the Independent JPEG Group's software.
   6:Middlewares/Third_Party/LibJPEG/source/jcomapi.c ****  * For conditions of distribution and use, see the accompanying README file.
   7:Middlewares/Third_Party/LibJPEG/source/jcomapi.c ****  *
   8:Middlewares/Third_Party/LibJPEG/source/jcomapi.c ****  * This file contains application interface routines that are used for both
   9:Middlewares/Third_Party/LibJPEG/source/jcomapi.c ****  * compression and decompression.
  10:Middlewares/Third_Party/LibJPEG/source/jcomapi.c ****  */
  11:Middlewares/Third_Party/LibJPEG/source/jcomapi.c **** 
  12:Middlewares/Third_Party/LibJPEG/source/jcomapi.c **** #define JPEG_INTERNALS
  13:Middlewares/Third_Party/LibJPEG/source/jcomapi.c **** #include "jinclude.h"
  14:Middlewares/Third_Party/LibJPEG/source/jcomapi.c **** #include "jpeglib.h"
  15:Middlewares/Third_Party/LibJPEG/source/jcomapi.c **** 
  16:Middlewares/Third_Party/LibJPEG/source/jcomapi.c **** 
  17:Middlewares/Third_Party/LibJPEG/source/jcomapi.c **** /*
  18:Middlewares/Third_Party/LibJPEG/source/jcomapi.c ****  * Abort processing of a JPEG compression or decompression operation,
  19:Middlewares/Third_Party/LibJPEG/source/jcomapi.c ****  * but don't destroy the object itself.
  20:Middlewares/Third_Party/LibJPEG/source/jcomapi.c ****  *
  21:Middlewares/Third_Party/LibJPEG/source/jcomapi.c ****  * For this, we merely clean up all the nonpermanent memory pools.
  22:Middlewares/Third_Party/LibJPEG/source/jcomapi.c ****  * Note that temp files (virtual arrays) are not allowed to belong to
  23:Middlewares/Third_Party/LibJPEG/source/jcomapi.c ****  * the permanent pool, so we will be able to close all temp files here.
  24:Middlewares/Third_Party/LibJPEG/source/jcomapi.c ****  * Closing a data source or destination, if necessary, is the application's
  25:Middlewares/Third_Party/LibJPEG/source/jcomapi.c ****  * responsibility.
  26:Middlewares/Third_Party/LibJPEG/source/jcomapi.c ****  */
  27:Middlewares/Third_Party/LibJPEG/source/jcomapi.c **** 
  28:Middlewares/Third_Party/LibJPEG/source/jcomapi.c **** GLOBAL(void)
  29:Middlewares/Third_Party/LibJPEG/source/jcomapi.c **** jpeg_abort (j_common_ptr cinfo)
  30:Middlewares/Third_Party/LibJPEG/source/jcomapi.c **** {
  28              		.loc 1 30 0
ARM GAS  /tmp/ccsE2Qbe.s 			page 2


  29              		.cfi_startproc
  30              		@ args = 0, pretend = 0, frame = 0
  31              		@ frame_needed = 0, uses_anonymous_args = 0
  32              	.LVL0:
  33 0000 38B5     		push	{r3, r4, r5, lr}
  34              	.LCFI0:
  35              		.cfi_def_cfa_offset 16
  36              		.cfi_offset 3, -16
  37              		.cfi_offset 4, -12
  38              		.cfi_offset 5, -8
  39              		.cfi_offset 14, -4
  31:Middlewares/Third_Party/LibJPEG/source/jcomapi.c ****   int pool;
  32:Middlewares/Third_Party/LibJPEG/source/jcomapi.c **** 
  33:Middlewares/Third_Party/LibJPEG/source/jcomapi.c ****   /* Do nothing if called on a not-initialized or destroyed JPEG object. */
  34:Middlewares/Third_Party/LibJPEG/source/jcomapi.c ****   if (cinfo->mem == NULL)
  40              		.loc 1 34 0
  41 0002 4368     		ldr	r3, [r0, #4]
  42 0004 3BB1     		cbz	r3, .L1
  43 0006 0446     		mov	r4, r0
  35:Middlewares/Third_Party/LibJPEG/source/jcomapi.c ****     return;
  36:Middlewares/Third_Party/LibJPEG/source/jcomapi.c **** 
  37:Middlewares/Third_Party/LibJPEG/source/jcomapi.c ****   /* Releasing pools in reverse order might help avoid fragmentation
  38:Middlewares/Third_Party/LibJPEG/source/jcomapi.c ****    * with some (brain-damaged) malloc libraries.
  39:Middlewares/Third_Party/LibJPEG/source/jcomapi.c ****    */
  40:Middlewares/Third_Party/LibJPEG/source/jcomapi.c ****   for (pool = JPOOL_NUMPOOLS-1; pool > JPOOL_PERMANENT; pool--) {
  44              		.loc 1 40 0
  45 0008 0125     		movs	r5, #1
  46              	.LVL1:
  47              	.L3:
  48              		.loc 1 40 0 is_stmt 0 discriminator 1
  49 000a 002D     		cmp	r5, #0
  50 000c 04DC     		bgt	.L4
  41:Middlewares/Third_Party/LibJPEG/source/jcomapi.c ****     (*cinfo->mem->free_pool) (cinfo, pool);
  42:Middlewares/Third_Party/LibJPEG/source/jcomapi.c ****   }
  43:Middlewares/Third_Party/LibJPEG/source/jcomapi.c **** 
  44:Middlewares/Third_Party/LibJPEG/source/jcomapi.c ****   /* Reset overall state for possible reuse of object */
  45:Middlewares/Third_Party/LibJPEG/source/jcomapi.c ****   if (cinfo->is_decompressor) {
  51              		.loc 1 45 0 is_stmt 1
  52 000e 2369     		ldr	r3, [r4, #16]
  53 0010 4BB9     		cbnz	r3, .L7
  46:Middlewares/Third_Party/LibJPEG/source/jcomapi.c ****     cinfo->global_state = DSTATE_START;
  47:Middlewares/Third_Party/LibJPEG/source/jcomapi.c ****     /* Try to keep application from accessing now-deleted marker list.
  48:Middlewares/Third_Party/LibJPEG/source/jcomapi.c ****      * A bit kludgy to do it here, but this is the most central place.
  49:Middlewares/Third_Party/LibJPEG/source/jcomapi.c ****      */
  50:Middlewares/Third_Party/LibJPEG/source/jcomapi.c ****     ((j_decompress_ptr) cinfo)->marker_list = NULL;
  51:Middlewares/Third_Party/LibJPEG/source/jcomapi.c ****   } else {
  52:Middlewares/Third_Party/LibJPEG/source/jcomapi.c ****     cinfo->global_state = CSTATE_START;
  54              		.loc 1 52 0
  55 0012 6423     		movs	r3, #100
  56 0014 6361     		str	r3, [r4, #20]
  57              	.LVL2:
  58              	.L1:
  53:Middlewares/Third_Party/LibJPEG/source/jcomapi.c ****   }
  54:Middlewares/Third_Party/LibJPEG/source/jcomapi.c **** }
  59              		.loc 1 54 0
  60 0016 38BD     		pop	{r3, r4, r5, pc}
  61              	.LVL3:
ARM GAS  /tmp/ccsE2Qbe.s 			page 3


  62              	.L4:
  41:Middlewares/Third_Party/LibJPEG/source/jcomapi.c ****   }
  63              		.loc 1 41 0 discriminator 3
  64 0018 6368     		ldr	r3, [r4, #4]
  65 001a 5B6A     		ldr	r3, [r3, #36]
  66 001c 2946     		mov	r1, r5
  67 001e 2046     		mov	r0, r4
  68 0020 9847     		blx	r3
  69              	.LVL4:
  40:Middlewares/Third_Party/LibJPEG/source/jcomapi.c ****     (*cinfo->mem->free_pool) (cinfo, pool);
  70              		.loc 1 40 0 discriminator 3
  71 0022 013D     		subs	r5, r5, #1
  72              	.LVL5:
  73 0024 F1E7     		b	.L3
  74              	.L7:
  46:Middlewares/Third_Party/LibJPEG/source/jcomapi.c ****     /* Try to keep application from accessing now-deleted marker list.
  75              		.loc 1 46 0
  76 0026 C823     		movs	r3, #200
  77 0028 6361     		str	r3, [r4, #20]
  50:Middlewares/Third_Party/LibJPEG/source/jcomapi.c ****   } else {
  78              		.loc 1 50 0
  79 002a 0023     		movs	r3, #0
  80 002c C4F83431 		str	r3, [r4, #308]
  81 0030 F1E7     		b	.L1
  82              		.cfi_endproc
  83              	.LFE3:
  85              		.section	.text.jpeg_destroy,"ax",%progbits
  86              		.align	1
  87              		.global	jpeg_destroy
  88              		.syntax unified
  89              		.thumb
  90              		.thumb_func
  91              		.fpu fpv5-sp-d16
  93              	jpeg_destroy:
  94              	.LFB4:
  55:Middlewares/Third_Party/LibJPEG/source/jcomapi.c **** 
  56:Middlewares/Third_Party/LibJPEG/source/jcomapi.c **** 
  57:Middlewares/Third_Party/LibJPEG/source/jcomapi.c **** /*
  58:Middlewares/Third_Party/LibJPEG/source/jcomapi.c ****  * Destruction of a JPEG object.
  59:Middlewares/Third_Party/LibJPEG/source/jcomapi.c ****  *
  60:Middlewares/Third_Party/LibJPEG/source/jcomapi.c ****  * Everything gets deallocated except the master jpeg_compress_struct itself
  61:Middlewares/Third_Party/LibJPEG/source/jcomapi.c ****  * and the error manager struct.  Both of these are supplied by the application
  62:Middlewares/Third_Party/LibJPEG/source/jcomapi.c ****  * and must be freed, if necessary, by the application.  (Often they are on
  63:Middlewares/Third_Party/LibJPEG/source/jcomapi.c ****  * the stack and so don't need to be freed anyway.)
  64:Middlewares/Third_Party/LibJPEG/source/jcomapi.c ****  * Closing a data source or destination, if necessary, is the application's
  65:Middlewares/Third_Party/LibJPEG/source/jcomapi.c ****  * responsibility.
  66:Middlewares/Third_Party/LibJPEG/source/jcomapi.c ****  */
  67:Middlewares/Third_Party/LibJPEG/source/jcomapi.c **** 
  68:Middlewares/Third_Party/LibJPEG/source/jcomapi.c **** GLOBAL(void)
  69:Middlewares/Third_Party/LibJPEG/source/jcomapi.c **** jpeg_destroy (j_common_ptr cinfo)
  70:Middlewares/Third_Party/LibJPEG/source/jcomapi.c **** {
  95              		.loc 1 70 0
  96              		.cfi_startproc
  97              		@ args = 0, pretend = 0, frame = 0
  98              		@ frame_needed = 0, uses_anonymous_args = 0
  99              	.LVL6:
 100 0000 10B5     		push	{r4, lr}
ARM GAS  /tmp/ccsE2Qbe.s 			page 4


 101              	.LCFI1:
 102              		.cfi_def_cfa_offset 8
 103              		.cfi_offset 4, -8
 104              		.cfi_offset 14, -4
 105 0002 0446     		mov	r4, r0
  71:Middlewares/Third_Party/LibJPEG/source/jcomapi.c ****   /* We need only tell the memory manager to release everything. */
  72:Middlewares/Third_Party/LibJPEG/source/jcomapi.c ****   /* NB: mem pointer is NULL if memory mgr failed to initialize. */
  73:Middlewares/Third_Party/LibJPEG/source/jcomapi.c ****   if (cinfo->mem != NULL)
 106              		.loc 1 73 0
 107 0004 4368     		ldr	r3, [r0, #4]
 108 0006 0BB1     		cbz	r3, .L9
  74:Middlewares/Third_Party/LibJPEG/source/jcomapi.c ****     (*cinfo->mem->self_destruct) (cinfo);
 109              		.loc 1 74 0
 110 0008 9B6A     		ldr	r3, [r3, #40]
 111 000a 9847     		blx	r3
 112              	.LVL7:
 113              	.L9:
  75:Middlewares/Third_Party/LibJPEG/source/jcomapi.c ****   cinfo->mem = NULL;		/* be safe if jpeg_destroy is called twice */
 114              		.loc 1 75 0
 115 000c 0023     		movs	r3, #0
 116 000e 6360     		str	r3, [r4, #4]
  76:Middlewares/Third_Party/LibJPEG/source/jcomapi.c ****   cinfo->global_state = 0;	/* mark it destroyed */
 117              		.loc 1 76 0
 118 0010 6361     		str	r3, [r4, #20]
  77:Middlewares/Third_Party/LibJPEG/source/jcomapi.c **** }
 119              		.loc 1 77 0
 120 0012 10BD     		pop	{r4, pc}
 121              		.cfi_endproc
 122              	.LFE4:
 124              		.section	.text.jpeg_alloc_quant_table,"ax",%progbits
 125              		.align	1
 126              		.global	jpeg_alloc_quant_table
 127              		.syntax unified
 128              		.thumb
 129              		.thumb_func
 130              		.fpu fpv5-sp-d16
 132              	jpeg_alloc_quant_table:
 133              	.LFB5:
  78:Middlewares/Third_Party/LibJPEG/source/jcomapi.c **** 
  79:Middlewares/Third_Party/LibJPEG/source/jcomapi.c **** 
  80:Middlewares/Third_Party/LibJPEG/source/jcomapi.c **** /*
  81:Middlewares/Third_Party/LibJPEG/source/jcomapi.c ****  * Convenience routines for allocating quantization and Huffman tables.
  82:Middlewares/Third_Party/LibJPEG/source/jcomapi.c ****  * (Would jutils.c be a more reasonable place to put these?)
  83:Middlewares/Third_Party/LibJPEG/source/jcomapi.c ****  */
  84:Middlewares/Third_Party/LibJPEG/source/jcomapi.c **** 
  85:Middlewares/Third_Party/LibJPEG/source/jcomapi.c **** GLOBAL(JQUANT_TBL *)
  86:Middlewares/Third_Party/LibJPEG/source/jcomapi.c **** jpeg_alloc_quant_table (j_common_ptr cinfo)
  87:Middlewares/Third_Party/LibJPEG/source/jcomapi.c **** {
 134              		.loc 1 87 0
 135              		.cfi_startproc
 136              		@ args = 0, pretend = 0, frame = 0
 137              		@ frame_needed = 0, uses_anonymous_args = 0
 138              	.LVL8:
 139 0000 08B5     		push	{r3, lr}
 140              	.LCFI2:
 141              		.cfi_def_cfa_offset 8
 142              		.cfi_offset 3, -8
ARM GAS  /tmp/ccsE2Qbe.s 			page 5


 143              		.cfi_offset 14, -4
  88:Middlewares/Third_Party/LibJPEG/source/jcomapi.c ****   JQUANT_TBL *tbl;
  89:Middlewares/Third_Party/LibJPEG/source/jcomapi.c **** 
  90:Middlewares/Third_Party/LibJPEG/source/jcomapi.c ****   tbl = (JQUANT_TBL *)
  91:Middlewares/Third_Party/LibJPEG/source/jcomapi.c ****     (*cinfo->mem->alloc_small) (cinfo, JPOOL_PERMANENT, SIZEOF(JQUANT_TBL));
 144              		.loc 1 91 0
 145 0002 4368     		ldr	r3, [r0, #4]
 146 0004 1B68     		ldr	r3, [r3]
  90:Middlewares/Third_Party/LibJPEG/source/jcomapi.c ****     (*cinfo->mem->alloc_small) (cinfo, JPOOL_PERMANENT, SIZEOF(JQUANT_TBL));
 147              		.loc 1 90 0
 148 0006 8422     		movs	r2, #132
 149 0008 0021     		movs	r1, #0
 150 000a 9847     		blx	r3
 151              	.LVL9:
  92:Middlewares/Third_Party/LibJPEG/source/jcomapi.c ****   tbl->sent_table = FALSE;	/* make sure this is false in any new table */
 152              		.loc 1 92 0
 153 000c 0022     		movs	r2, #0
 154 000e C0F88020 		str	r2, [r0, #128]
  93:Middlewares/Third_Party/LibJPEG/source/jcomapi.c ****   return tbl;
  94:Middlewares/Third_Party/LibJPEG/source/jcomapi.c **** }
 155              		.loc 1 94 0
 156 0012 08BD     		pop	{r3, pc}
 157              		.cfi_endproc
 158              	.LFE5:
 160              		.section	.text.jpeg_alloc_huff_table,"ax",%progbits
 161              		.align	1
 162              		.global	jpeg_alloc_huff_table
 163              		.syntax unified
 164              		.thumb
 165              		.thumb_func
 166              		.fpu fpv5-sp-d16
 168              	jpeg_alloc_huff_table:
 169              	.LFB6:
  95:Middlewares/Third_Party/LibJPEG/source/jcomapi.c **** 
  96:Middlewares/Third_Party/LibJPEG/source/jcomapi.c **** 
  97:Middlewares/Third_Party/LibJPEG/source/jcomapi.c **** GLOBAL(JHUFF_TBL *)
  98:Middlewares/Third_Party/LibJPEG/source/jcomapi.c **** jpeg_alloc_huff_table (j_common_ptr cinfo)
  99:Middlewares/Third_Party/LibJPEG/source/jcomapi.c **** {
 170              		.loc 1 99 0
 171              		.cfi_startproc
 172              		@ args = 0, pretend = 0, frame = 0
 173              		@ frame_needed = 0, uses_anonymous_args = 0
 174              	.LVL10:
 175 0000 08B5     		push	{r3, lr}
 176              	.LCFI3:
 177              		.cfi_def_cfa_offset 8
 178              		.cfi_offset 3, -8
 179              		.cfi_offset 14, -4
 100:Middlewares/Third_Party/LibJPEG/source/jcomapi.c ****   JHUFF_TBL *tbl;
 101:Middlewares/Third_Party/LibJPEG/source/jcomapi.c **** 
 102:Middlewares/Third_Party/LibJPEG/source/jcomapi.c ****   tbl = (JHUFF_TBL *)
 103:Middlewares/Third_Party/LibJPEG/source/jcomapi.c ****     (*cinfo->mem->alloc_small) (cinfo, JPOOL_PERMANENT, SIZEOF(JHUFF_TBL));
 180              		.loc 1 103 0
 181 0002 4368     		ldr	r3, [r0, #4]
 182 0004 1B68     		ldr	r3, [r3]
 102:Middlewares/Third_Party/LibJPEG/source/jcomapi.c ****     (*cinfo->mem->alloc_small) (cinfo, JPOOL_PERMANENT, SIZEOF(JHUFF_TBL));
 183              		.loc 1 102 0
ARM GAS  /tmp/ccsE2Qbe.s 			page 6


 184 0006 4FF48C72 		mov	r2, #280
 185 000a 0021     		movs	r1, #0
 186 000c 9847     		blx	r3
 187              	.LVL11:
 104:Middlewares/Third_Party/LibJPEG/source/jcomapi.c ****   tbl->sent_table = FALSE;	/* make sure this is false in any new table */
 188              		.loc 1 104 0
 189 000e 0022     		movs	r2, #0
 190 0010 C0F81421 		str	r2, [r0, #276]
 105:Middlewares/Third_Party/LibJPEG/source/jcomapi.c ****   return tbl;
 106:Middlewares/Third_Party/LibJPEG/source/jcomapi.c **** }
 191              		.loc 1 106 0
 192 0014 08BD     		pop	{r3, pc}
 193              		.cfi_endproc
 194              	.LFE6:
 196              		.text
 197              	.Letext0:
 198              		.file 2 "/home/jaxc/opt/gcc-arm-none-eabi-7-2018-q2-update/lib/gcc/arm-none-eabi/7.3.1/include/std
 199              		.file 3 "/home/jaxc/opt/gcc-arm-none-eabi-7-2018-q2-update/arm-none-eabi/include/sys/lock.h"
 200              		.file 4 "/home/jaxc/opt/gcc-arm-none-eabi-7-2018-q2-update/arm-none-eabi/include/sys/_types.h"
 201              		.file 5 "/home/jaxc/opt/gcc-arm-none-eabi-7-2018-q2-update/arm-none-eabi/include/sys/reent.h"
 202              		.file 6 "/home/jaxc/opt/gcc-arm-none-eabi-7-2018-q2-update/arm-none-eabi/include/stdlib.h"
 203              		.file 7 "Inc/jmorecfg.h"
 204              		.file 8 "Middlewares/Third_Party/LibJPEG/include/jpeglib.h"
 205              		.file 9 "Middlewares/Third_Party/LibJPEG/include/jpegint.h"
ARM GAS  /tmp/ccsE2Qbe.s 			page 7


DEFINED SYMBOLS
                            *ABS*:0000000000000000 jcomapi.c
     /tmp/ccsE2Qbe.s:18     .text.jpeg_abort:0000000000000000 $t
     /tmp/ccsE2Qbe.s:25     .text.jpeg_abort:0000000000000000 jpeg_abort
     /tmp/ccsE2Qbe.s:86     .text.jpeg_destroy:0000000000000000 $t
     /tmp/ccsE2Qbe.s:93     .text.jpeg_destroy:0000000000000000 jpeg_destroy
     /tmp/ccsE2Qbe.s:125    .text.jpeg_alloc_quant_table:0000000000000000 $t
     /tmp/ccsE2Qbe.s:132    .text.jpeg_alloc_quant_table:0000000000000000 jpeg_alloc_quant_table
     /tmp/ccsE2Qbe.s:161    .text.jpeg_alloc_huff_table:0000000000000000 $t
     /tmp/ccsE2Qbe.s:168    .text.jpeg_alloc_huff_table:0000000000000000 jpeg_alloc_huff_table

NO UNDEFINED SYMBOLS
