ARM GAS  /tmp/ccrz7sFh.s 			page 1


   1              		.cpu cortex-m7
   2              		.eabi_attribute 27, 1
   3              		.eabi_attribute 28, 1
   4              		.eabi_attribute 20, 1
   5              		.eabi_attribute 21, 1
   6              		.eabi_attribute 23, 3
   7              		.eabi_attribute 24, 1
   8              		.eabi_attribute 25, 1
   9              		.eabi_attribute 26, 1
  10              		.eabi_attribute 30, 1
  11              		.eabi_attribute 34, 1
  12              		.eabi_attribute 18, 4
  13              		.file	"jdatasrc.c"
  14              		.text
  15              	.Ltext0:
  16              		.cfi_sections	.debug_frame
  17              		.section	.text.init_source,"ax",%progbits
  18              		.align	1
  19              		.syntax unified
  20              		.thumb
  21              		.thumb_func
  22              		.fpu fpv5-sp-d16
  24              	init_source:
  25              	.LFB3:
  26              		.file 1 "Middlewares/Third_Party/LibJPEG/source/jdatasrc.c"
   1:Middlewares/Third_Party/LibJPEG/source/jdatasrc.c **** /*
   2:Middlewares/Third_Party/LibJPEG/source/jdatasrc.c ****  * jdatasrc.c
   3:Middlewares/Third_Party/LibJPEG/source/jdatasrc.c ****  *
   4:Middlewares/Third_Party/LibJPEG/source/jdatasrc.c ****  * Copyright (C) 1994-1996, Thomas G. Lane.
   5:Middlewares/Third_Party/LibJPEG/source/jdatasrc.c ****  * Modified 2009-2011 by Guido Vollbeding.
   6:Middlewares/Third_Party/LibJPEG/source/jdatasrc.c ****  * This file is part of the Independent JPEG Group's software.
   7:Middlewares/Third_Party/LibJPEG/source/jdatasrc.c ****  * For conditions of distribution and use, see the accompanying README file.
   8:Middlewares/Third_Party/LibJPEG/source/jdatasrc.c ****  *
   9:Middlewares/Third_Party/LibJPEG/source/jdatasrc.c ****  * This file contains decompression data source routines for the case of
  10:Middlewares/Third_Party/LibJPEG/source/jdatasrc.c ****  * reading JPEG data from memory or from a file (or any stdio stream).
  11:Middlewares/Third_Party/LibJPEG/source/jdatasrc.c ****  * While these routines are sufficient for most applications,
  12:Middlewares/Third_Party/LibJPEG/source/jdatasrc.c ****  * some will want to use a different source manager.
  13:Middlewares/Third_Party/LibJPEG/source/jdatasrc.c ****  * IMPORTANT: we assume that fread() will correctly transcribe an array of
  14:Middlewares/Third_Party/LibJPEG/source/jdatasrc.c ****  * JOCTETs from 8-bit-wide elements on external storage.  If char is wider
  15:Middlewares/Third_Party/LibJPEG/source/jdatasrc.c ****  * than 8 bits on your machine, you may need to do some tweaking.
  16:Middlewares/Third_Party/LibJPEG/source/jdatasrc.c ****  */
  17:Middlewares/Third_Party/LibJPEG/source/jdatasrc.c **** 
  18:Middlewares/Third_Party/LibJPEG/source/jdatasrc.c **** /* this is not a core library module, so it doesn't define JPEG_INTERNALS */
  19:Middlewares/Third_Party/LibJPEG/source/jdatasrc.c **** #include "jinclude.h"
  20:Middlewares/Third_Party/LibJPEG/source/jdatasrc.c **** #include "jpeglib.h"
  21:Middlewares/Third_Party/LibJPEG/source/jdatasrc.c **** #include "jerror.h"
  22:Middlewares/Third_Party/LibJPEG/source/jdatasrc.c **** 
  23:Middlewares/Third_Party/LibJPEG/source/jdatasrc.c **** 
  24:Middlewares/Third_Party/LibJPEG/source/jdatasrc.c **** /* Expanded data source object for stdio input */
  25:Middlewares/Third_Party/LibJPEG/source/jdatasrc.c **** #ifdef JFILE 
  26:Middlewares/Third_Party/LibJPEG/source/jdatasrc.c **** typedef struct {
  27:Middlewares/Third_Party/LibJPEG/source/jdatasrc.c ****   struct jpeg_source_mgr pub;	/* public fields */
  28:Middlewares/Third_Party/LibJPEG/source/jdatasrc.c **** 
  29:Middlewares/Third_Party/LibJPEG/source/jdatasrc.c ****   JFILE * infile;		/* source stream */
  30:Middlewares/Third_Party/LibJPEG/source/jdatasrc.c ****   JOCTET * buffer;		/* start of buffer */
  31:Middlewares/Third_Party/LibJPEG/source/jdatasrc.c ****   boolean start_of_file;	/* have we gotten any data yet? */
  32:Middlewares/Third_Party/LibJPEG/source/jdatasrc.c **** } my_source_mgr;
ARM GAS  /tmp/ccrz7sFh.s 			page 2


  33:Middlewares/Third_Party/LibJPEG/source/jdatasrc.c **** 
  34:Middlewares/Third_Party/LibJPEG/source/jdatasrc.c **** typedef my_source_mgr * my_src_ptr;
  35:Middlewares/Third_Party/LibJPEG/source/jdatasrc.c **** #endif /* 0 */
  36:Middlewares/Third_Party/LibJPEG/source/jdatasrc.c **** 
  37:Middlewares/Third_Party/LibJPEG/source/jdatasrc.c **** #define INPUT_BUF_SIZE  4096	/* choose an efficiently fread'able size */
  38:Middlewares/Third_Party/LibJPEG/source/jdatasrc.c **** 
  39:Middlewares/Third_Party/LibJPEG/source/jdatasrc.c **** 
  40:Middlewares/Third_Party/LibJPEG/source/jdatasrc.c **** /*
  41:Middlewares/Third_Party/LibJPEG/source/jdatasrc.c ****  * Initialize source --- called by jpeg_read_header
  42:Middlewares/Third_Party/LibJPEG/source/jdatasrc.c ****  * before any data is actually read.
  43:Middlewares/Third_Party/LibJPEG/source/jdatasrc.c ****  */
  44:Middlewares/Third_Party/LibJPEG/source/jdatasrc.c **** #ifdef JFILE 
  45:Middlewares/Third_Party/LibJPEG/source/jdatasrc.c **** METHODDEF(void)
  46:Middlewares/Third_Party/LibJPEG/source/jdatasrc.c **** init_source (j_decompress_ptr cinfo)
  47:Middlewares/Third_Party/LibJPEG/source/jdatasrc.c **** {
  27              		.loc 1 47 0
  28              		.cfi_startproc
  29              		@ args = 0, pretend = 0, frame = 0
  30              		@ frame_needed = 0, uses_anonymous_args = 0
  31              		@ link register save eliminated.
  32              	.LVL0:
  48:Middlewares/Third_Party/LibJPEG/source/jdatasrc.c ****   my_src_ptr src = (my_src_ptr) cinfo->src;
  33              		.loc 1 48 0
  34 0000 8369     		ldr	r3, [r0, #24]
  35              	.LVL1:
  49:Middlewares/Third_Party/LibJPEG/source/jdatasrc.c **** 
  50:Middlewares/Third_Party/LibJPEG/source/jdatasrc.c ****   /* We reset the empty-input-file flag for each image,
  51:Middlewares/Third_Party/LibJPEG/source/jdatasrc.c ****    * but we don't clear the input buffer.
  52:Middlewares/Third_Party/LibJPEG/source/jdatasrc.c ****    * This is correct behavior for reading a series of images from one source.
  53:Middlewares/Third_Party/LibJPEG/source/jdatasrc.c ****    */
  54:Middlewares/Third_Party/LibJPEG/source/jdatasrc.c ****   src->start_of_file = TRUE;
  36              		.loc 1 54 0
  37 0002 0122     		movs	r2, #1
  38 0004 5A62     		str	r2, [r3, #36]
  55:Middlewares/Third_Party/LibJPEG/source/jdatasrc.c **** }
  39              		.loc 1 55 0
  40 0006 7047     		bx	lr
  41              		.cfi_endproc
  42              	.LFE3:
  44              		.section	.text.init_mem_source,"ax",%progbits
  45              		.align	1
  46              		.syntax unified
  47              		.thumb
  48              		.thumb_func
  49              		.fpu fpv5-sp-d16
  51              	init_mem_source:
  52              	.LFB4:
  56:Middlewares/Third_Party/LibJPEG/source/jdatasrc.c **** #endif /* 0 */
  57:Middlewares/Third_Party/LibJPEG/source/jdatasrc.c **** 
  58:Middlewares/Third_Party/LibJPEG/source/jdatasrc.c **** METHODDEF(void)
  59:Middlewares/Third_Party/LibJPEG/source/jdatasrc.c **** init_mem_source (j_decompress_ptr cinfo)
  60:Middlewares/Third_Party/LibJPEG/source/jdatasrc.c **** {
  53              		.loc 1 60 0
  54              		.cfi_startproc
  55              		@ args = 0, pretend = 0, frame = 0
  56              		@ frame_needed = 0, uses_anonymous_args = 0
  57              		@ link register save eliminated.
ARM GAS  /tmp/ccrz7sFh.s 			page 3


  58              	.LVL2:
  61:Middlewares/Third_Party/LibJPEG/source/jdatasrc.c ****   /* no work necessary here */
  62:Middlewares/Third_Party/LibJPEG/source/jdatasrc.c **** }
  59              		.loc 1 62 0
  60 0000 7047     		bx	lr
  61              		.cfi_endproc
  62              	.LFE4:
  64              		.section	.text.fill_mem_input_buffer,"ax",%progbits
  65              		.align	1
  66              		.syntax unified
  67              		.thumb
  68              		.thumb_func
  69              		.fpu fpv5-sp-d16
  71              	fill_mem_input_buffer:
  72              	.LFB6:
  63:Middlewares/Third_Party/LibJPEG/source/jdatasrc.c **** 
  64:Middlewares/Third_Party/LibJPEG/source/jdatasrc.c **** 
  65:Middlewares/Third_Party/LibJPEG/source/jdatasrc.c **** /*
  66:Middlewares/Third_Party/LibJPEG/source/jdatasrc.c ****  * Fill the input buffer --- called whenever buffer is emptied.
  67:Middlewares/Third_Party/LibJPEG/source/jdatasrc.c ****  *
  68:Middlewares/Third_Party/LibJPEG/source/jdatasrc.c ****  * In typical applications, this should read fresh data into the buffer
  69:Middlewares/Third_Party/LibJPEG/source/jdatasrc.c ****  * (ignoring the current state of next_input_byte & bytes_in_buffer),
  70:Middlewares/Third_Party/LibJPEG/source/jdatasrc.c ****  * reset the pointer & count to the start of the buffer, and return TRUE
  71:Middlewares/Third_Party/LibJPEG/source/jdatasrc.c ****  * indicating that the buffer has been reloaded.  It is not necessary to
  72:Middlewares/Third_Party/LibJPEG/source/jdatasrc.c ****  * fill the buffer entirely, only to obtain at least one more byte.
  73:Middlewares/Third_Party/LibJPEG/source/jdatasrc.c ****  *
  74:Middlewares/Third_Party/LibJPEG/source/jdatasrc.c ****  * There is no such thing as an EOF return.  If the end of the file has been
  75:Middlewares/Third_Party/LibJPEG/source/jdatasrc.c ****  * reached, the routine has a choice of ERREXIT() or inserting fake data into
  76:Middlewares/Third_Party/LibJPEG/source/jdatasrc.c ****  * the buffer.  In most cases, generating a warning message and inserting a
  77:Middlewares/Third_Party/LibJPEG/source/jdatasrc.c ****  * fake EOI marker is the best course of action --- this will allow the
  78:Middlewares/Third_Party/LibJPEG/source/jdatasrc.c ****  * decompressor to output however much of the image is there.  However,
  79:Middlewares/Third_Party/LibJPEG/source/jdatasrc.c ****  * the resulting error message is misleading if the real problem is an empty
  80:Middlewares/Third_Party/LibJPEG/source/jdatasrc.c ****  * input file, so we handle that case specially.
  81:Middlewares/Third_Party/LibJPEG/source/jdatasrc.c ****  *
  82:Middlewares/Third_Party/LibJPEG/source/jdatasrc.c ****  * In applications that need to be able to suspend compression due to input
  83:Middlewares/Third_Party/LibJPEG/source/jdatasrc.c ****  * not being available yet, a FALSE return indicates that no more data can be
  84:Middlewares/Third_Party/LibJPEG/source/jdatasrc.c ****  * obtained right now, but more may be forthcoming later.  In this situation,
  85:Middlewares/Third_Party/LibJPEG/source/jdatasrc.c ****  * the decompressor will return to its caller (with an indication of the
  86:Middlewares/Third_Party/LibJPEG/source/jdatasrc.c ****  * number of scanlines it has read, if any).  The application should resume
  87:Middlewares/Third_Party/LibJPEG/source/jdatasrc.c ****  * decompression after it has loaded more data into the input buffer.  Note
  88:Middlewares/Third_Party/LibJPEG/source/jdatasrc.c ****  * that there are substantial restrictions on the use of suspension --- see
  89:Middlewares/Third_Party/LibJPEG/source/jdatasrc.c ****  * the documentation.
  90:Middlewares/Third_Party/LibJPEG/source/jdatasrc.c ****  *
  91:Middlewares/Third_Party/LibJPEG/source/jdatasrc.c ****  * When suspending, the decompressor will back up to a convenient restart point
  92:Middlewares/Third_Party/LibJPEG/source/jdatasrc.c ****  * (typically the start of the current MCU). next_input_byte & bytes_in_buffer
  93:Middlewares/Third_Party/LibJPEG/source/jdatasrc.c ****  * indicate where the restart point will be if the current call returns FALSE.
  94:Middlewares/Third_Party/LibJPEG/source/jdatasrc.c ****  * Data beyond this point must be rescanned after resumption, so move it to
  95:Middlewares/Third_Party/LibJPEG/source/jdatasrc.c ****  * the front of the buffer rather than discarding it.
  96:Middlewares/Third_Party/LibJPEG/source/jdatasrc.c ****  */
  97:Middlewares/Third_Party/LibJPEG/source/jdatasrc.c **** #ifdef JFILE 
  98:Middlewares/Third_Party/LibJPEG/source/jdatasrc.c **** METHODDEF(boolean)
  99:Middlewares/Third_Party/LibJPEG/source/jdatasrc.c **** fill_input_buffer (j_decompress_ptr cinfo)
 100:Middlewares/Third_Party/LibJPEG/source/jdatasrc.c **** {
 101:Middlewares/Third_Party/LibJPEG/source/jdatasrc.c ****   my_src_ptr src = (my_src_ptr) cinfo->src;
 102:Middlewares/Third_Party/LibJPEG/source/jdatasrc.c ****   size_t nbytes;
 103:Middlewares/Third_Party/LibJPEG/source/jdatasrc.c **** 
 104:Middlewares/Third_Party/LibJPEG/source/jdatasrc.c ****   nbytes = JFREAD(src->infile, src->buffer, INPUT_BUF_SIZE);
ARM GAS  /tmp/ccrz7sFh.s 			page 4


 105:Middlewares/Third_Party/LibJPEG/source/jdatasrc.c ****   
 106:Middlewares/Third_Party/LibJPEG/source/jdatasrc.c ****   if (nbytes <= 0) {
 107:Middlewares/Third_Party/LibJPEG/source/jdatasrc.c ****     if (src->start_of_file)	/* Treat empty input file as fatal error */
 108:Middlewares/Third_Party/LibJPEG/source/jdatasrc.c ****       ERREXIT(cinfo, JERR_INPUT_EMPTY);
 109:Middlewares/Third_Party/LibJPEG/source/jdatasrc.c ****     WARNMS(cinfo, JWRN_JPEG_EOF);
 110:Middlewares/Third_Party/LibJPEG/source/jdatasrc.c ****     /* Insert a fake EOI marker */
 111:Middlewares/Third_Party/LibJPEG/source/jdatasrc.c ****     src->buffer[0] = (JOCTET) 0xFF;
 112:Middlewares/Third_Party/LibJPEG/source/jdatasrc.c ****     src->buffer[1] = (JOCTET) JPEG_EOI;
 113:Middlewares/Third_Party/LibJPEG/source/jdatasrc.c ****     nbytes = 2;
 114:Middlewares/Third_Party/LibJPEG/source/jdatasrc.c ****   }
 115:Middlewares/Third_Party/LibJPEG/source/jdatasrc.c **** 
 116:Middlewares/Third_Party/LibJPEG/source/jdatasrc.c ****   src->pub.next_input_byte = src->buffer;
 117:Middlewares/Third_Party/LibJPEG/source/jdatasrc.c ****   src->pub.bytes_in_buffer = nbytes;
 118:Middlewares/Third_Party/LibJPEG/source/jdatasrc.c ****   src->start_of_file = FALSE;
 119:Middlewares/Third_Party/LibJPEG/source/jdatasrc.c **** 
 120:Middlewares/Third_Party/LibJPEG/source/jdatasrc.c ****   return TRUE;
 121:Middlewares/Third_Party/LibJPEG/source/jdatasrc.c **** }
 122:Middlewares/Third_Party/LibJPEG/source/jdatasrc.c **** #endif /* JFILE */
 123:Middlewares/Third_Party/LibJPEG/source/jdatasrc.c **** 
 124:Middlewares/Third_Party/LibJPEG/source/jdatasrc.c **** METHODDEF(boolean)
 125:Middlewares/Third_Party/LibJPEG/source/jdatasrc.c **** fill_mem_input_buffer (j_decompress_ptr cinfo)
 126:Middlewares/Third_Party/LibJPEG/source/jdatasrc.c **** {
  73              		.loc 1 126 0
  74              		.cfi_startproc
  75              		@ args = 0, pretend = 0, frame = 0
  76              		@ frame_needed = 0, uses_anonymous_args = 0
  77              	.LVL3:
  78 0000 10B5     		push	{r4, lr}
  79              	.LCFI0:
  80              		.cfi_def_cfa_offset 8
  81              		.cfi_offset 4, -8
  82              		.cfi_offset 14, -4
  83 0002 0446     		mov	r4, r0
 127:Middlewares/Third_Party/LibJPEG/source/jdatasrc.c ****   static const JOCTET mybuffer[4] = {
 128:Middlewares/Third_Party/LibJPEG/source/jdatasrc.c ****     (JOCTET) 0xFF, (JOCTET) JPEG_EOI, 0, 0
 129:Middlewares/Third_Party/LibJPEG/source/jdatasrc.c ****   };
 130:Middlewares/Third_Party/LibJPEG/source/jdatasrc.c **** 
 131:Middlewares/Third_Party/LibJPEG/source/jdatasrc.c ****   /* The whole JPEG data is expected to reside in the supplied memory
 132:Middlewares/Third_Party/LibJPEG/source/jdatasrc.c ****    * buffer, so any request for more data beyond the given buffer size
 133:Middlewares/Third_Party/LibJPEG/source/jdatasrc.c ****    * is treated as an error.
 134:Middlewares/Third_Party/LibJPEG/source/jdatasrc.c ****    */
 135:Middlewares/Third_Party/LibJPEG/source/jdatasrc.c ****   WARNMS(cinfo, JWRN_JPEG_EOF);
  84              		.loc 1 135 0
  85 0004 0368     		ldr	r3, [r0]
  86 0006 7B22     		movs	r2, #123
  87 0008 5A61     		str	r2, [r3, #20]
  88 000a 0368     		ldr	r3, [r0]
  89 000c 5B68     		ldr	r3, [r3, #4]
  90 000e 4FF0FF31 		mov	r1, #-1
  91 0012 9847     		blx	r3
  92              	.LVL4:
 136:Middlewares/Third_Party/LibJPEG/source/jdatasrc.c **** 
 137:Middlewares/Third_Party/LibJPEG/source/jdatasrc.c ****   /* Insert a fake EOI marker */
 138:Middlewares/Third_Party/LibJPEG/source/jdatasrc.c **** 
 139:Middlewares/Third_Party/LibJPEG/source/jdatasrc.c ****   cinfo->src->next_input_byte = mybuffer;
  93              		.loc 1 139 0
  94 0014 A369     		ldr	r3, [r4, #24]
ARM GAS  /tmp/ccrz7sFh.s 			page 5


  95 0016 034A     		ldr	r2, .L5
  96 0018 1A60     		str	r2, [r3]
 140:Middlewares/Third_Party/LibJPEG/source/jdatasrc.c ****   cinfo->src->bytes_in_buffer = 2;
  97              		.loc 1 140 0
  98 001a A369     		ldr	r3, [r4, #24]
  99 001c 0222     		movs	r2, #2
 100 001e 5A60     		str	r2, [r3, #4]
 141:Middlewares/Third_Party/LibJPEG/source/jdatasrc.c **** 
 142:Middlewares/Third_Party/LibJPEG/source/jdatasrc.c ****   return TRUE;
 143:Middlewares/Third_Party/LibJPEG/source/jdatasrc.c **** }
 101              		.loc 1 143 0
 102 0020 0120     		movs	r0, #1
 103 0022 10BD     		pop	{r4, pc}
 104              	.LVL5:
 105              	.L6:
 106              		.align	2
 107              	.L5:
 108 0024 00000000 		.word	.LANCHOR0
 109              		.cfi_endproc
 110              	.LFE6:
 112              		.section	.text.skip_input_data,"ax",%progbits
 113              		.align	1
 114              		.syntax unified
 115              		.thumb
 116              		.thumb_func
 117              		.fpu fpv5-sp-d16
 119              	skip_input_data:
 120              	.LFB7:
 144:Middlewares/Third_Party/LibJPEG/source/jdatasrc.c **** 
 145:Middlewares/Third_Party/LibJPEG/source/jdatasrc.c **** 
 146:Middlewares/Third_Party/LibJPEG/source/jdatasrc.c **** /*
 147:Middlewares/Third_Party/LibJPEG/source/jdatasrc.c ****  * Skip data --- used to skip over a potentially large amount of
 148:Middlewares/Third_Party/LibJPEG/source/jdatasrc.c ****  * uninteresting data (such as an APPn marker).
 149:Middlewares/Third_Party/LibJPEG/source/jdatasrc.c ****  *
 150:Middlewares/Third_Party/LibJPEG/source/jdatasrc.c ****  * Writers of suspendable-input applications must note that skip_input_data
 151:Middlewares/Third_Party/LibJPEG/source/jdatasrc.c ****  * is not granted the right to give a suspension return.  If the skip extends
 152:Middlewares/Third_Party/LibJPEG/source/jdatasrc.c ****  * beyond the data currently in the buffer, the buffer can be marked empty so
 153:Middlewares/Third_Party/LibJPEG/source/jdatasrc.c ****  * that the next read will cause a fill_input_buffer call that can suspend.
 154:Middlewares/Third_Party/LibJPEG/source/jdatasrc.c ****  * Arranging for additional bytes to be discarded before reloading the input
 155:Middlewares/Third_Party/LibJPEG/source/jdatasrc.c ****  * buffer is the application writer's problem.
 156:Middlewares/Third_Party/LibJPEG/source/jdatasrc.c ****  */
 157:Middlewares/Third_Party/LibJPEG/source/jdatasrc.c **** 
 158:Middlewares/Third_Party/LibJPEG/source/jdatasrc.c **** METHODDEF(void)
 159:Middlewares/Third_Party/LibJPEG/source/jdatasrc.c **** skip_input_data (j_decompress_ptr cinfo, long num_bytes)
 160:Middlewares/Third_Party/LibJPEG/source/jdatasrc.c **** {
 121              		.loc 1 160 0
 122              		.cfi_startproc
 123              		@ args = 0, pretend = 0, frame = 0
 124              		@ frame_needed = 0, uses_anonymous_args = 0
 125              	.LVL6:
 126 0000 70B5     		push	{r4, r5, r6, lr}
 127              	.LCFI1:
 128              		.cfi_def_cfa_offset 16
 129              		.cfi_offset 4, -16
 130              		.cfi_offset 5, -12
 131              		.cfi_offset 6, -8
 132              		.cfi_offset 14, -4
ARM GAS  /tmp/ccrz7sFh.s 			page 6


 133 0002 0646     		mov	r6, r0
 161:Middlewares/Third_Party/LibJPEG/source/jdatasrc.c ****   struct jpeg_source_mgr * src = cinfo->src;
 134              		.loc 1 161 0
 135 0004 8569     		ldr	r5, [r0, #24]
 136              	.LVL7:
 162:Middlewares/Third_Party/LibJPEG/source/jdatasrc.c **** 
 163:Middlewares/Third_Party/LibJPEG/source/jdatasrc.c ****   /* Just a dumb implementation for now.  Could use fseek() except
 164:Middlewares/Third_Party/LibJPEG/source/jdatasrc.c ****    * it doesn't work on pipes.  Not clear that being smart is worth
 165:Middlewares/Third_Party/LibJPEG/source/jdatasrc.c ****    * any trouble anyway --- large skips are infrequent.
 166:Middlewares/Third_Party/LibJPEG/source/jdatasrc.c ****    */
 167:Middlewares/Third_Party/LibJPEG/source/jdatasrc.c ****   if (num_bytes > 0) {
 137              		.loc 1 167 0
 138 0006 0C1E     		subs	r4, r1, #0
 139 0008 04DC     		bgt	.L8
 140 000a 0BE0     		b	.L7
 141              	.LVL8:
 142              	.L10:
 168:Middlewares/Third_Party/LibJPEG/source/jdatasrc.c ****     while (num_bytes > (long) src->bytes_in_buffer) {
 169:Middlewares/Third_Party/LibJPEG/source/jdatasrc.c ****       num_bytes -= (long) src->bytes_in_buffer;
 143              		.loc 1 169 0
 144 000c E41A     		subs	r4, r4, r3
 145              	.LVL9:
 170:Middlewares/Third_Party/LibJPEG/source/jdatasrc.c ****       (void) (*src->fill_input_buffer) (cinfo);
 146              		.loc 1 170 0
 147 000e EB68     		ldr	r3, [r5, #12]
 148 0010 3046     		mov	r0, r6
 149 0012 9847     		blx	r3
 150              	.LVL10:
 151              	.L8:
 168:Middlewares/Third_Party/LibJPEG/source/jdatasrc.c ****     while (num_bytes > (long) src->bytes_in_buffer) {
 152              		.loc 1 168 0
 153 0014 6B68     		ldr	r3, [r5, #4]
 154 0016 A342     		cmp	r3, r4
 155 0018 F8DB     		blt	.L10
 171:Middlewares/Third_Party/LibJPEG/source/jdatasrc.c ****       /* note we assume that fill_input_buffer will never return FALSE,
 172:Middlewares/Third_Party/LibJPEG/source/jdatasrc.c ****        * so suspension need not be handled.
 173:Middlewares/Third_Party/LibJPEG/source/jdatasrc.c ****        */
 174:Middlewares/Third_Party/LibJPEG/source/jdatasrc.c ****     }
 175:Middlewares/Third_Party/LibJPEG/source/jdatasrc.c ****     src->next_input_byte += (size_t) num_bytes;
 156              		.loc 1 175 0
 157 001a 2A68     		ldr	r2, [r5]
 158 001c 2244     		add	r2, r2, r4
 159 001e 2A60     		str	r2, [r5]
 176:Middlewares/Third_Party/LibJPEG/source/jdatasrc.c ****     src->bytes_in_buffer -= (size_t) num_bytes;
 160              		.loc 1 176 0
 161 0020 1B1B     		subs	r3, r3, r4
 162 0022 6B60     		str	r3, [r5, #4]
 163              	.L7:
 177:Middlewares/Third_Party/LibJPEG/source/jdatasrc.c ****   }
 178:Middlewares/Third_Party/LibJPEG/source/jdatasrc.c **** }
 164              		.loc 1 178 0
 165 0024 70BD     		pop	{r4, r5, r6, pc}
 166              		.cfi_endproc
 167              	.LFE7:
 169              		.section	.text.term_source,"ax",%progbits
 170              		.align	1
 171              		.syntax unified
ARM GAS  /tmp/ccrz7sFh.s 			page 7


 172              		.thumb
 173              		.thumb_func
 174              		.fpu fpv5-sp-d16
 176              	term_source:
 177              	.LFB8:
 179:Middlewares/Third_Party/LibJPEG/source/jdatasrc.c **** 
 180:Middlewares/Third_Party/LibJPEG/source/jdatasrc.c **** 
 181:Middlewares/Third_Party/LibJPEG/source/jdatasrc.c **** /*
 182:Middlewares/Third_Party/LibJPEG/source/jdatasrc.c ****  * An additional method that can be provided by data source modules is the
 183:Middlewares/Third_Party/LibJPEG/source/jdatasrc.c ****  * resync_to_restart method for error recovery in the presence of RST markers.
 184:Middlewares/Third_Party/LibJPEG/source/jdatasrc.c ****  * For the moment, this source module just uses the default resync method
 185:Middlewares/Third_Party/LibJPEG/source/jdatasrc.c ****  * provided by the JPEG library.  That method assumes that no backtracking
 186:Middlewares/Third_Party/LibJPEG/source/jdatasrc.c ****  * is possible.
 187:Middlewares/Third_Party/LibJPEG/source/jdatasrc.c ****  */
 188:Middlewares/Third_Party/LibJPEG/source/jdatasrc.c **** 
 189:Middlewares/Third_Party/LibJPEG/source/jdatasrc.c **** 
 190:Middlewares/Third_Party/LibJPEG/source/jdatasrc.c **** /*
 191:Middlewares/Third_Party/LibJPEG/source/jdatasrc.c ****  * Terminate source --- called by jpeg_finish_decompress
 192:Middlewares/Third_Party/LibJPEG/source/jdatasrc.c ****  * after all data has been read.  Often a no-op.
 193:Middlewares/Third_Party/LibJPEG/source/jdatasrc.c ****  *
 194:Middlewares/Third_Party/LibJPEG/source/jdatasrc.c ****  * NB: *not* called by jpeg_abort or jpeg_destroy; surrounding
 195:Middlewares/Third_Party/LibJPEG/source/jdatasrc.c ****  * application must deal with any cleanup that should happen even
 196:Middlewares/Third_Party/LibJPEG/source/jdatasrc.c ****  * for error exit.
 197:Middlewares/Third_Party/LibJPEG/source/jdatasrc.c ****  */
 198:Middlewares/Third_Party/LibJPEG/source/jdatasrc.c **** 
 199:Middlewares/Third_Party/LibJPEG/source/jdatasrc.c **** METHODDEF(void)
 200:Middlewares/Third_Party/LibJPEG/source/jdatasrc.c **** term_source (j_decompress_ptr cinfo)
 201:Middlewares/Third_Party/LibJPEG/source/jdatasrc.c **** {
 178              		.loc 1 201 0
 179              		.cfi_startproc
 180              		@ args = 0, pretend = 0, frame = 0
 181              		@ frame_needed = 0, uses_anonymous_args = 0
 182              		@ link register save eliminated.
 183              	.LVL11:
 202:Middlewares/Third_Party/LibJPEG/source/jdatasrc.c ****   /* no work necessary here */
 203:Middlewares/Third_Party/LibJPEG/source/jdatasrc.c **** }
 184              		.loc 1 203 0
 185 0000 7047     		bx	lr
 186              		.cfi_endproc
 187              	.LFE8:
 189              		.section	.text.fill_input_buffer,"ax",%progbits
 190              		.align	1
 191              		.syntax unified
 192              		.thumb
 193              		.thumb_func
 194              		.fpu fpv5-sp-d16
 196              	fill_input_buffer:
 197              	.LFB5:
 100:Middlewares/Third_Party/LibJPEG/source/jdatasrc.c ****   my_src_ptr src = (my_src_ptr) cinfo->src;
 198              		.loc 1 100 0
 199              		.cfi_startproc
 200              		@ args = 0, pretend = 0, frame = 0
 201              		@ frame_needed = 0, uses_anonymous_args = 0
 202              	.LVL12:
 203 0000 38B5     		push	{r3, r4, r5, lr}
 204              	.LCFI2:
 205              		.cfi_def_cfa_offset 16
ARM GAS  /tmp/ccrz7sFh.s 			page 8


 206              		.cfi_offset 3, -16
 207              		.cfi_offset 4, -12
 208              		.cfi_offset 5, -8
 209              		.cfi_offset 14, -4
 210 0002 0546     		mov	r5, r0
 101:Middlewares/Third_Party/LibJPEG/source/jdatasrc.c ****   size_t nbytes;
 211              		.loc 1 101 0
 212 0004 8469     		ldr	r4, [r0, #24]
 213              	.LVL13:
 104:Middlewares/Third_Party/LibJPEG/source/jdatasrc.c ****   
 214              		.loc 1 104 0
 215 0006 E369     		ldr	r3, [r4, #28]
 216 0008 4FF48052 		mov	r2, #4096
 217 000c 0121     		movs	r1, #1
 218 000e 206A     		ldr	r0, [r4, #32]
 219              	.LVL14:
 220 0010 FFF7FEFF 		bl	fread
 221              	.LVL15:
 106:Middlewares/Third_Party/LibJPEG/source/jdatasrc.c ****     if (src->start_of_file)	/* Treat empty input file as fatal error */
 222              		.loc 1 106 0
 223 0014 0346     		mov	r3, r0
 224 0016 C0B9     		cbnz	r0, .L14
 107:Middlewares/Third_Party/LibJPEG/source/jdatasrc.c ****       ERREXIT(cinfo, JERR_INPUT_EMPTY);
 225              		.loc 1 107 0
 226 0018 636A     		ldr	r3, [r4, #36]
 227 001a 33B1     		cbz	r3, .L15
 108:Middlewares/Third_Party/LibJPEG/source/jdatasrc.c ****     WARNMS(cinfo, JWRN_JPEG_EOF);
 228              		.loc 1 108 0
 229 001c 2B68     		ldr	r3, [r5]
 230 001e 2B22     		movs	r2, #43
 231 0020 5A61     		str	r2, [r3, #20]
 232 0022 2B68     		ldr	r3, [r5]
 233 0024 1B68     		ldr	r3, [r3]
 234 0026 2846     		mov	r0, r5
 235              	.LVL16:
 236 0028 9847     		blx	r3
 237              	.LVL17:
 238              	.L15:
 109:Middlewares/Third_Party/LibJPEG/source/jdatasrc.c ****     /* Insert a fake EOI marker */
 239              		.loc 1 109 0
 240 002a 2B68     		ldr	r3, [r5]
 241 002c 7B22     		movs	r2, #123
 242 002e 5A61     		str	r2, [r3, #20]
 243 0030 2B68     		ldr	r3, [r5]
 244 0032 5B68     		ldr	r3, [r3, #4]
 245 0034 4FF0FF31 		mov	r1, #-1
 246 0038 2846     		mov	r0, r5
 247 003a 9847     		blx	r3
 248              	.LVL18:
 111:Middlewares/Third_Party/LibJPEG/source/jdatasrc.c ****     src->buffer[1] = (JOCTET) JPEG_EOI;
 249              		.loc 1 111 0
 250 003c 236A     		ldr	r3, [r4, #32]
 251 003e FF22     		movs	r2, #255
 252 0040 1A70     		strb	r2, [r3]
 112:Middlewares/Third_Party/LibJPEG/source/jdatasrc.c ****     nbytes = 2;
 253              		.loc 1 112 0
 254 0042 236A     		ldr	r3, [r4, #32]
ARM GAS  /tmp/ccrz7sFh.s 			page 9


 255 0044 D922     		movs	r2, #217
 256 0046 5A70     		strb	r2, [r3, #1]
 257              	.LVL19:
 113:Middlewares/Third_Party/LibJPEG/source/jdatasrc.c ****   }
 258              		.loc 1 113 0
 259 0048 0223     		movs	r3, #2
 260              	.LVL20:
 261              	.L14:
 116:Middlewares/Third_Party/LibJPEG/source/jdatasrc.c ****   src->pub.bytes_in_buffer = nbytes;
 262              		.loc 1 116 0
 263 004a 226A     		ldr	r2, [r4, #32]
 264 004c 2260     		str	r2, [r4]
 117:Middlewares/Third_Party/LibJPEG/source/jdatasrc.c ****   src->start_of_file = FALSE;
 265              		.loc 1 117 0
 266 004e 6360     		str	r3, [r4, #4]
 118:Middlewares/Third_Party/LibJPEG/source/jdatasrc.c **** 
 267              		.loc 1 118 0
 268 0050 0023     		movs	r3, #0
 269              	.LVL21:
 270 0052 6362     		str	r3, [r4, #36]
 121:Middlewares/Third_Party/LibJPEG/source/jdatasrc.c **** #endif /* JFILE */
 271              		.loc 1 121 0
 272 0054 0120     		movs	r0, #1
 273 0056 38BD     		pop	{r3, r4, r5, pc}
 274              		.cfi_endproc
 275              	.LFE5:
 277              		.section	.text.jpeg_stdio_src,"ax",%progbits
 278              		.align	1
 279              		.global	jpeg_stdio_src
 280              		.syntax unified
 281              		.thumb
 282              		.thumb_func
 283              		.fpu fpv5-sp-d16
 285              	jpeg_stdio_src:
 286              	.LFB9:
 204:Middlewares/Third_Party/LibJPEG/source/jdatasrc.c **** 
 205:Middlewares/Third_Party/LibJPEG/source/jdatasrc.c **** 
 206:Middlewares/Third_Party/LibJPEG/source/jdatasrc.c **** /*
 207:Middlewares/Third_Party/LibJPEG/source/jdatasrc.c ****  * Prepare for input from a stdio stream.
 208:Middlewares/Third_Party/LibJPEG/source/jdatasrc.c ****  * The caller must have already opened the stream, and is responsible
 209:Middlewares/Third_Party/LibJPEG/source/jdatasrc.c ****  * for closing it after finishing decompression.
 210:Middlewares/Third_Party/LibJPEG/source/jdatasrc.c ****  */
 211:Middlewares/Third_Party/LibJPEG/source/jdatasrc.c **** #ifdef JFILE
 212:Middlewares/Third_Party/LibJPEG/source/jdatasrc.c **** GLOBAL(void)
 213:Middlewares/Third_Party/LibJPEG/source/jdatasrc.c **** jpeg_stdio_src (j_decompress_ptr cinfo, JFILE * infile)
 214:Middlewares/Third_Party/LibJPEG/source/jdatasrc.c **** {
 287              		.loc 1 214 0
 288              		.cfi_startproc
 289              		@ args = 0, pretend = 0, frame = 0
 290              		@ frame_needed = 0, uses_anonymous_args = 0
 291              	.LVL22:
 292 0000 70B5     		push	{r4, r5, r6, lr}
 293              	.LCFI3:
 294              		.cfi_def_cfa_offset 16
 295              		.cfi_offset 4, -16
 296              		.cfi_offset 5, -12
 297              		.cfi_offset 6, -8
ARM GAS  /tmp/ccrz7sFh.s 			page 10


 298              		.cfi_offset 14, -4
 299 0002 0446     		mov	r4, r0
 300 0004 0E46     		mov	r6, r1
 215:Middlewares/Third_Party/LibJPEG/source/jdatasrc.c ****   my_src_ptr src;
 216:Middlewares/Third_Party/LibJPEG/source/jdatasrc.c **** 
 217:Middlewares/Third_Party/LibJPEG/source/jdatasrc.c ****   /* The source object and input buffer are made permanent so that a series
 218:Middlewares/Third_Party/LibJPEG/source/jdatasrc.c ****    * of JPEG images can be read from the same file by calling jpeg_stdio_src
 219:Middlewares/Third_Party/LibJPEG/source/jdatasrc.c ****    * only before the first one.  (If we discarded the buffer at the end of
 220:Middlewares/Third_Party/LibJPEG/source/jdatasrc.c ****    * one image, we'd likely lose the start of the next one.)
 221:Middlewares/Third_Party/LibJPEG/source/jdatasrc.c ****    * This makes it unsafe to use this manager and a different source
 222:Middlewares/Third_Party/LibJPEG/source/jdatasrc.c ****    * manager serially with the same JPEG object.  Caveat programmer.
 223:Middlewares/Third_Party/LibJPEG/source/jdatasrc.c ****    */
 224:Middlewares/Third_Party/LibJPEG/source/jdatasrc.c ****   if (cinfo->src == NULL) {	/* first time for this JPEG object? */
 301              		.loc 1 224 0
 302 0006 8369     		ldr	r3, [r0, #24]
 303 0008 73B9     		cbnz	r3, .L18
 225:Middlewares/Third_Party/LibJPEG/source/jdatasrc.c ****     cinfo->src = (struct jpeg_source_mgr *)
 226:Middlewares/Third_Party/LibJPEG/source/jdatasrc.c ****       (*cinfo->mem->alloc_small) ((j_common_ptr) cinfo, JPOOL_PERMANENT,
 304              		.loc 1 226 0
 305 000a 4368     		ldr	r3, [r0, #4]
 306 000c 1B68     		ldr	r3, [r3]
 307 000e 2822     		movs	r2, #40
 308 0010 0021     		movs	r1, #0
 309              	.LVL23:
 310 0012 9847     		blx	r3
 311              	.LVL24:
 312 0014 0546     		mov	r5, r0
 225:Middlewares/Third_Party/LibJPEG/source/jdatasrc.c ****     cinfo->src = (struct jpeg_source_mgr *)
 313              		.loc 1 225 0
 314 0016 A061     		str	r0, [r4, #24]
 315              	.LVL25:
 227:Middlewares/Third_Party/LibJPEG/source/jdatasrc.c **** 				  SIZEOF(my_source_mgr));
 228:Middlewares/Third_Party/LibJPEG/source/jdatasrc.c ****     src = (my_src_ptr) cinfo->src;
 229:Middlewares/Third_Party/LibJPEG/source/jdatasrc.c ****     src->buffer = (JOCTET *)
 230:Middlewares/Third_Party/LibJPEG/source/jdatasrc.c ****       (*cinfo->mem->alloc_small) ((j_common_ptr) cinfo, JPOOL_PERMANENT,
 316              		.loc 1 230 0
 317 0018 6368     		ldr	r3, [r4, #4]
 318 001a 1B68     		ldr	r3, [r3]
 319 001c 4FF48052 		mov	r2, #4096
 320 0020 0021     		movs	r1, #0
 321 0022 2046     		mov	r0, r4
 322              	.LVL26:
 323 0024 9847     		blx	r3
 324              	.LVL27:
 229:Middlewares/Third_Party/LibJPEG/source/jdatasrc.c ****       (*cinfo->mem->alloc_small) ((j_common_ptr) cinfo, JPOOL_PERMANENT,
 325              		.loc 1 229 0
 326 0026 2862     		str	r0, [r5, #32]
 327              	.LVL28:
 328              	.L18:
 231:Middlewares/Third_Party/LibJPEG/source/jdatasrc.c **** 				  INPUT_BUF_SIZE * SIZEOF(JOCTET));
 232:Middlewares/Third_Party/LibJPEG/source/jdatasrc.c ****   }
 233:Middlewares/Third_Party/LibJPEG/source/jdatasrc.c **** 
 234:Middlewares/Third_Party/LibJPEG/source/jdatasrc.c ****   src = (my_src_ptr) cinfo->src;
 329              		.loc 1 234 0
 330 0028 A369     		ldr	r3, [r4, #24]
 331              	.LVL29:
 235:Middlewares/Third_Party/LibJPEG/source/jdatasrc.c ****   src->pub.init_source = init_source;
ARM GAS  /tmp/ccrz7sFh.s 			page 11


 332              		.loc 1 235 0
 333 002a 074A     		ldr	r2, .L20
 334 002c 9A60     		str	r2, [r3, #8]
 236:Middlewares/Third_Party/LibJPEG/source/jdatasrc.c ****   src->pub.fill_input_buffer = fill_input_buffer;
 335              		.loc 1 236 0
 336 002e 074A     		ldr	r2, .L20+4
 337 0030 DA60     		str	r2, [r3, #12]
 237:Middlewares/Third_Party/LibJPEG/source/jdatasrc.c ****   src->pub.skip_input_data = skip_input_data;
 338              		.loc 1 237 0
 339 0032 074A     		ldr	r2, .L20+8
 340 0034 1A61     		str	r2, [r3, #16]
 238:Middlewares/Third_Party/LibJPEG/source/jdatasrc.c ****   src->pub.resync_to_restart = jpeg_resync_to_restart; /* use default method */
 341              		.loc 1 238 0
 342 0036 074A     		ldr	r2, .L20+12
 343 0038 5A61     		str	r2, [r3, #20]
 239:Middlewares/Third_Party/LibJPEG/source/jdatasrc.c ****   src->pub.term_source = term_source;
 344              		.loc 1 239 0
 345 003a 074A     		ldr	r2, .L20+16
 346 003c 9A61     		str	r2, [r3, #24]
 240:Middlewares/Third_Party/LibJPEG/source/jdatasrc.c ****   src->infile = infile;
 347              		.loc 1 240 0
 348 003e DE61     		str	r6, [r3, #28]
 241:Middlewares/Third_Party/LibJPEG/source/jdatasrc.c ****   src->pub.bytes_in_buffer = 0; /* forces fill_input_buffer on first read */
 349              		.loc 1 241 0
 350 0040 0022     		movs	r2, #0
 351 0042 5A60     		str	r2, [r3, #4]
 242:Middlewares/Third_Party/LibJPEG/source/jdatasrc.c ****   src->pub.next_input_byte = NULL; /* until buffer loaded */
 352              		.loc 1 242 0
 353 0044 1A60     		str	r2, [r3]
 243:Middlewares/Third_Party/LibJPEG/source/jdatasrc.c **** }
 354              		.loc 1 243 0
 355 0046 70BD     		pop	{r4, r5, r6, pc}
 356              	.LVL30:
 357              	.L21:
 358              		.align	2
 359              	.L20:
 360 0048 00000000 		.word	init_source
 361 004c 00000000 		.word	fill_input_buffer
 362 0050 00000000 		.word	skip_input_data
 363 0054 00000000 		.word	jpeg_resync_to_restart
 364 0058 00000000 		.word	term_source
 365              		.cfi_endproc
 366              	.LFE9:
 368              		.section	.text.jpeg_mem_src,"ax",%progbits
 369              		.align	1
 370              		.global	jpeg_mem_src
 371              		.syntax unified
 372              		.thumb
 373              		.thumb_func
 374              		.fpu fpv5-sp-d16
 376              	jpeg_mem_src:
 377              	.LFB10:
 244:Middlewares/Third_Party/LibJPEG/source/jdatasrc.c **** #endif /* JFILE */
 245:Middlewares/Third_Party/LibJPEG/source/jdatasrc.c **** 
 246:Middlewares/Third_Party/LibJPEG/source/jdatasrc.c **** /*
 247:Middlewares/Third_Party/LibJPEG/source/jdatasrc.c ****  * Prepare for input from a supplied memory buffer.
 248:Middlewares/Third_Party/LibJPEG/source/jdatasrc.c ****  * The buffer must contain the whole JPEG data.
ARM GAS  /tmp/ccrz7sFh.s 			page 12


 249:Middlewares/Third_Party/LibJPEG/source/jdatasrc.c ****  */
 250:Middlewares/Third_Party/LibJPEG/source/jdatasrc.c **** 
 251:Middlewares/Third_Party/LibJPEG/source/jdatasrc.c **** GLOBAL(void)
 252:Middlewares/Third_Party/LibJPEG/source/jdatasrc.c **** jpeg_mem_src (j_decompress_ptr cinfo,
 253:Middlewares/Third_Party/LibJPEG/source/jdatasrc.c **** 	      unsigned char * inbuffer, unsigned long insize)
 254:Middlewares/Third_Party/LibJPEG/source/jdatasrc.c **** {
 378              		.loc 1 254 0
 379              		.cfi_startproc
 380              		@ args = 0, pretend = 0, frame = 0
 381              		@ frame_needed = 0, uses_anonymous_args = 0
 382              	.LVL31:
 383 0000 70B5     		push	{r4, r5, r6, lr}
 384              	.LCFI4:
 385              		.cfi_def_cfa_offset 16
 386              		.cfi_offset 4, -16
 387              		.cfi_offset 5, -12
 388              		.cfi_offset 6, -8
 389              		.cfi_offset 14, -4
 390 0002 0446     		mov	r4, r0
 255:Middlewares/Third_Party/LibJPEG/source/jdatasrc.c ****   struct jpeg_source_mgr * src;
 256:Middlewares/Third_Party/LibJPEG/source/jdatasrc.c **** 
 257:Middlewares/Third_Party/LibJPEG/source/jdatasrc.c ****   if (inbuffer == NULL || insize == 0)	/* Treat empty input as fatal error */
 391              		.loc 1 257 0
 392 0004 0D46     		mov	r5, r1
 393 0006 1646     		mov	r6, r2
 394 0008 B2FA82F2 		clz	r2, r2
 395              	.LVL32:
 396 000c 5209     		lsrs	r2, r2, #5
 397 000e 0029     		cmp	r1, #0
 398 0010 08BF     		it	eq
 399 0012 0122     		moveq	r2, #1
 400 0014 2AB1     		cbz	r2, .L23
 258:Middlewares/Third_Party/LibJPEG/source/jdatasrc.c ****     ERREXIT(cinfo, JERR_INPUT_EMPTY);
 401              		.loc 1 258 0
 402 0016 0368     		ldr	r3, [r0]
 403 0018 2B22     		movs	r2, #43
 404 001a 5A61     		str	r2, [r3, #20]
 405 001c 0368     		ldr	r3, [r0]
 406 001e 1B68     		ldr	r3, [r3]
 407 0020 9847     		blx	r3
 408              	.LVL33:
 409              	.L23:
 259:Middlewares/Third_Party/LibJPEG/source/jdatasrc.c **** 
 260:Middlewares/Third_Party/LibJPEG/source/jdatasrc.c ****   /* The source object is made permanent so that a series of JPEG images
 261:Middlewares/Third_Party/LibJPEG/source/jdatasrc.c ****    * can be read from the same buffer by calling jpeg_mem_src only before
 262:Middlewares/Third_Party/LibJPEG/source/jdatasrc.c ****    * the first one.
 263:Middlewares/Third_Party/LibJPEG/source/jdatasrc.c ****    */
 264:Middlewares/Third_Party/LibJPEG/source/jdatasrc.c ****   if (cinfo->src == NULL) {	/* first time for this JPEG object? */
 410              		.loc 1 264 0
 411 0022 A369     		ldr	r3, [r4, #24]
 412 0024 33B9     		cbnz	r3, .L24
 265:Middlewares/Third_Party/LibJPEG/source/jdatasrc.c ****     cinfo->src = (struct jpeg_source_mgr *)
 266:Middlewares/Third_Party/LibJPEG/source/jdatasrc.c ****       (*cinfo->mem->alloc_small) ((j_common_ptr) cinfo, JPOOL_PERMANENT,
 413              		.loc 1 266 0
 414 0026 6368     		ldr	r3, [r4, #4]
 415 0028 1B68     		ldr	r3, [r3]
 416 002a 1C22     		movs	r2, #28
ARM GAS  /tmp/ccrz7sFh.s 			page 13


 417 002c 0021     		movs	r1, #0
 418 002e 2046     		mov	r0, r4
 419 0030 9847     		blx	r3
 420              	.LVL34:
 265:Middlewares/Third_Party/LibJPEG/source/jdatasrc.c ****     cinfo->src = (struct jpeg_source_mgr *)
 421              		.loc 1 265 0
 422 0032 A061     		str	r0, [r4, #24]
 423              	.L24:
 267:Middlewares/Third_Party/LibJPEG/source/jdatasrc.c **** 				  SIZEOF(struct jpeg_source_mgr));
 268:Middlewares/Third_Party/LibJPEG/source/jdatasrc.c ****   }
 269:Middlewares/Third_Party/LibJPEG/source/jdatasrc.c **** 
 270:Middlewares/Third_Party/LibJPEG/source/jdatasrc.c ****   src = cinfo->src;
 424              		.loc 1 270 0
 425 0034 A369     		ldr	r3, [r4, #24]
 426              	.LVL35:
 271:Middlewares/Third_Party/LibJPEG/source/jdatasrc.c ****   src->init_source = init_mem_source;
 427              		.loc 1 271 0
 428 0036 064A     		ldr	r2, .L26
 429 0038 9A60     		str	r2, [r3, #8]
 272:Middlewares/Third_Party/LibJPEG/source/jdatasrc.c ****   src->fill_input_buffer = fill_mem_input_buffer;
 430              		.loc 1 272 0
 431 003a 064A     		ldr	r2, .L26+4
 432 003c DA60     		str	r2, [r3, #12]
 273:Middlewares/Third_Party/LibJPEG/source/jdatasrc.c ****   src->skip_input_data = skip_input_data;
 433              		.loc 1 273 0
 434 003e 064A     		ldr	r2, .L26+8
 435 0040 1A61     		str	r2, [r3, #16]
 274:Middlewares/Third_Party/LibJPEG/source/jdatasrc.c ****   src->resync_to_restart = jpeg_resync_to_restart; /* use default method */
 436              		.loc 1 274 0
 437 0042 064A     		ldr	r2, .L26+12
 438 0044 5A61     		str	r2, [r3, #20]
 275:Middlewares/Third_Party/LibJPEG/source/jdatasrc.c ****   src->term_source = term_source;
 439              		.loc 1 275 0
 440 0046 064A     		ldr	r2, .L26+16
 441 0048 9A61     		str	r2, [r3, #24]
 276:Middlewares/Third_Party/LibJPEG/source/jdatasrc.c ****   src->bytes_in_buffer = (size_t) insize;
 442              		.loc 1 276 0
 443 004a 5E60     		str	r6, [r3, #4]
 277:Middlewares/Third_Party/LibJPEG/source/jdatasrc.c ****   src->next_input_byte = (JOCTET *) inbuffer;
 444              		.loc 1 277 0
 445 004c 1D60     		str	r5, [r3]
 278:Middlewares/Third_Party/LibJPEG/source/jdatasrc.c **** }
 446              		.loc 1 278 0
 447 004e 70BD     		pop	{r4, r5, r6, pc}
 448              	.LVL36:
 449              	.L27:
 450              		.align	2
 451              	.L26:
 452 0050 00000000 		.word	init_mem_source
 453 0054 00000000 		.word	fill_mem_input_buffer
 454 0058 00000000 		.word	skip_input_data
 455 005c 00000000 		.word	jpeg_resync_to_restart
 456 0060 00000000 		.word	term_source
 457              		.cfi_endproc
 458              	.LFE10:
 460              		.section	.rodata.mybuffer.7746,"a",%progbits
 461              		.align	2
ARM GAS  /tmp/ccrz7sFh.s 			page 14


 462              		.set	.LANCHOR0,. + 0
 465              	mybuffer.7746:
 466 0000 FF       		.byte	-1
 467 0001 D9       		.byte	-39
 468 0002 00       		.byte	0
 469 0003 00       		.byte	0
 470              		.text
 471              	.Letext0:
 472              		.file 2 "/home/jaxc/opt/gcc-arm-none-eabi-7-2018-q2-update/lib/gcc/arm-none-eabi/7.3.1/include/std
 473              		.file 3 "/home/jaxc/opt/gcc-arm-none-eabi-7-2018-q2-update/arm-none-eabi/include/sys/lock.h"
 474              		.file 4 "/home/jaxc/opt/gcc-arm-none-eabi-7-2018-q2-update/arm-none-eabi/include/sys/_types.h"
 475              		.file 5 "/home/jaxc/opt/gcc-arm-none-eabi-7-2018-q2-update/arm-none-eabi/include/sys/reent.h"
 476              		.file 6 "/home/jaxc/opt/gcc-arm-none-eabi-7-2018-q2-update/arm-none-eabi/include/stdio.h"
 477              		.file 7 "/home/jaxc/opt/gcc-arm-none-eabi-7-2018-q2-update/arm-none-eabi/include/stdlib.h"
 478              		.file 8 "Inc/jmorecfg.h"
 479              		.file 9 "Middlewares/Third_Party/LibJPEG/include/jpeglib.h"
 480              		.file 10 "Middlewares/Third_Party/LibJPEG/include/jerror.h"
ARM GAS  /tmp/ccrz7sFh.s 			page 15


DEFINED SYMBOLS
                            *ABS*:0000000000000000 jdatasrc.c
     /tmp/ccrz7sFh.s:18     .text.init_source:0000000000000000 $t
     /tmp/ccrz7sFh.s:24     .text.init_source:0000000000000000 init_source
     /tmp/ccrz7sFh.s:45     .text.init_mem_source:0000000000000000 $t
     /tmp/ccrz7sFh.s:51     .text.init_mem_source:0000000000000000 init_mem_source
     /tmp/ccrz7sFh.s:65     .text.fill_mem_input_buffer:0000000000000000 $t
     /tmp/ccrz7sFh.s:71     .text.fill_mem_input_buffer:0000000000000000 fill_mem_input_buffer
     /tmp/ccrz7sFh.s:108    .text.fill_mem_input_buffer:0000000000000024 $d
     /tmp/ccrz7sFh.s:113    .text.skip_input_data:0000000000000000 $t
     /tmp/ccrz7sFh.s:119    .text.skip_input_data:0000000000000000 skip_input_data
     /tmp/ccrz7sFh.s:170    .text.term_source:0000000000000000 $t
     /tmp/ccrz7sFh.s:176    .text.term_source:0000000000000000 term_source
     /tmp/ccrz7sFh.s:190    .text.fill_input_buffer:0000000000000000 $t
     /tmp/ccrz7sFh.s:196    .text.fill_input_buffer:0000000000000000 fill_input_buffer
     /tmp/ccrz7sFh.s:278    .text.jpeg_stdio_src:0000000000000000 $t
     /tmp/ccrz7sFh.s:285    .text.jpeg_stdio_src:0000000000000000 jpeg_stdio_src
     /tmp/ccrz7sFh.s:360    .text.jpeg_stdio_src:0000000000000048 $d
     /tmp/ccrz7sFh.s:369    .text.jpeg_mem_src:0000000000000000 $t
     /tmp/ccrz7sFh.s:376    .text.jpeg_mem_src:0000000000000000 jpeg_mem_src
     /tmp/ccrz7sFh.s:452    .text.jpeg_mem_src:0000000000000050 $d
     /tmp/ccrz7sFh.s:461    .rodata.mybuffer.7746:0000000000000000 $d
     /tmp/ccrz7sFh.s:465    .rodata.mybuffer.7746:0000000000000000 mybuffer.7746

UNDEFINED SYMBOLS
fread
jpeg_resync_to_restart
