ARM GAS  /tmp/ccfzNgg4.s 			page 1


   1              		.cpu cortex-m7
   2              		.eabi_attribute 27, 1
   3              		.eabi_attribute 28, 1
   4              		.eabi_attribute 20, 1
   5              		.eabi_attribute 21, 1
   6              		.eabi_attribute 23, 3
   7              		.eabi_attribute 24, 1
   8              		.eabi_attribute 25, 1
   9              		.eabi_attribute 26, 1
  10              		.eabi_attribute 30, 1
  11              		.eabi_attribute 34, 1
  12              		.eabi_attribute 18, 4
  13              		.file	"jddctmgr.c"
  14              		.text
  15              	.Ltext0:
  16              		.cfi_sections	.debug_frame
  17              		.global	__aeabi_ui2d
  18              		.global	__aeabi_dmul
  19              		.global	__aeabi_d2f
  20              		.section	.text.start_pass,"ax",%progbits
  21              		.align	1
  22              		.syntax unified
  23              		.thumb
  24              		.thumb_func
  25              		.fpu fpv5-sp-d16
  27              	start_pass:
  28              	.LFB3:
  29              		.file 1 "Middlewares/Third_Party/LibJPEG/source/jddctmgr.c"
   1:Middlewares/Third_Party/LibJPEG/source/jddctmgr.c **** /*
   2:Middlewares/Third_Party/LibJPEG/source/jddctmgr.c ****  * jddctmgr.c
   3:Middlewares/Third_Party/LibJPEG/source/jddctmgr.c ****  *
   4:Middlewares/Third_Party/LibJPEG/source/jddctmgr.c ****  * Copyright (C) 1994-1996, Thomas G. Lane.
   5:Middlewares/Third_Party/LibJPEG/source/jddctmgr.c ****  * Modified 2002-2010 by Guido Vollbeding.
   6:Middlewares/Third_Party/LibJPEG/source/jddctmgr.c ****  * This file is part of the Independent JPEG Group's software.
   7:Middlewares/Third_Party/LibJPEG/source/jddctmgr.c ****  * For conditions of distribution and use, see the accompanying README file.
   8:Middlewares/Third_Party/LibJPEG/source/jddctmgr.c ****  *
   9:Middlewares/Third_Party/LibJPEG/source/jddctmgr.c ****  * This file contains the inverse-DCT management logic.
  10:Middlewares/Third_Party/LibJPEG/source/jddctmgr.c ****  * This code selects a particular IDCT implementation to be used,
  11:Middlewares/Third_Party/LibJPEG/source/jddctmgr.c ****  * and it performs related housekeeping chores.  No code in this file
  12:Middlewares/Third_Party/LibJPEG/source/jddctmgr.c ****  * is executed per IDCT step, only during output pass setup.
  13:Middlewares/Third_Party/LibJPEG/source/jddctmgr.c ****  *
  14:Middlewares/Third_Party/LibJPEG/source/jddctmgr.c ****  * Note that the IDCT routines are responsible for performing coefficient
  15:Middlewares/Third_Party/LibJPEG/source/jddctmgr.c ****  * dequantization as well as the IDCT proper.  This module sets up the
  16:Middlewares/Third_Party/LibJPEG/source/jddctmgr.c ****  * dequantization multiplier table needed by the IDCT routine.
  17:Middlewares/Third_Party/LibJPEG/source/jddctmgr.c ****  */
  18:Middlewares/Third_Party/LibJPEG/source/jddctmgr.c **** 
  19:Middlewares/Third_Party/LibJPEG/source/jddctmgr.c **** #define JPEG_INTERNALS
  20:Middlewares/Third_Party/LibJPEG/source/jddctmgr.c **** #include "jinclude.h"
  21:Middlewares/Third_Party/LibJPEG/source/jddctmgr.c **** #include "jpeglib.h"
  22:Middlewares/Third_Party/LibJPEG/source/jddctmgr.c **** #include "jdct.h"		/* Private declarations for DCT subsystem */
  23:Middlewares/Third_Party/LibJPEG/source/jddctmgr.c **** 
  24:Middlewares/Third_Party/LibJPEG/source/jddctmgr.c **** 
  25:Middlewares/Third_Party/LibJPEG/source/jddctmgr.c **** /*
  26:Middlewares/Third_Party/LibJPEG/source/jddctmgr.c ****  * The decompressor input side (jdinput.c) saves away the appropriate
  27:Middlewares/Third_Party/LibJPEG/source/jddctmgr.c ****  * quantization table for each component at the start of the first scan
  28:Middlewares/Third_Party/LibJPEG/source/jddctmgr.c ****  * involving that component.  (This is necessary in order to correctly
  29:Middlewares/Third_Party/LibJPEG/source/jddctmgr.c ****  * decode files that reuse Q-table slots.)
ARM GAS  /tmp/ccfzNgg4.s 			page 2


  30:Middlewares/Third_Party/LibJPEG/source/jddctmgr.c ****  * When we are ready to make an output pass, the saved Q-table is converted
  31:Middlewares/Third_Party/LibJPEG/source/jddctmgr.c ****  * to a multiplier table that will actually be used by the IDCT routine.
  32:Middlewares/Third_Party/LibJPEG/source/jddctmgr.c ****  * The multiplier table contents are IDCT-method-dependent.  To support
  33:Middlewares/Third_Party/LibJPEG/source/jddctmgr.c ****  * application changes in IDCT method between scans, we can remake the
  34:Middlewares/Third_Party/LibJPEG/source/jddctmgr.c ****  * multiplier tables if necessary.
  35:Middlewares/Third_Party/LibJPEG/source/jddctmgr.c ****  * In buffered-image mode, the first output pass may occur before any data
  36:Middlewares/Third_Party/LibJPEG/source/jddctmgr.c ****  * has been seen for some components, and thus before their Q-tables have
  37:Middlewares/Third_Party/LibJPEG/source/jddctmgr.c ****  * been saved away.  To handle this case, multiplier tables are preset
  38:Middlewares/Third_Party/LibJPEG/source/jddctmgr.c ****  * to zeroes; the result of the IDCT will be a neutral gray level.
  39:Middlewares/Third_Party/LibJPEG/source/jddctmgr.c ****  */
  40:Middlewares/Third_Party/LibJPEG/source/jddctmgr.c **** 
  41:Middlewares/Third_Party/LibJPEG/source/jddctmgr.c **** 
  42:Middlewares/Third_Party/LibJPEG/source/jddctmgr.c **** /* Private subobject for this module */
  43:Middlewares/Third_Party/LibJPEG/source/jddctmgr.c **** 
  44:Middlewares/Third_Party/LibJPEG/source/jddctmgr.c **** typedef struct {
  45:Middlewares/Third_Party/LibJPEG/source/jddctmgr.c ****   struct jpeg_inverse_dct pub;	/* public fields */
  46:Middlewares/Third_Party/LibJPEG/source/jddctmgr.c **** 
  47:Middlewares/Third_Party/LibJPEG/source/jddctmgr.c ****   /* This array contains the IDCT method code that each multiplier table
  48:Middlewares/Third_Party/LibJPEG/source/jddctmgr.c ****    * is currently set up for, or -1 if it's not yet set up.
  49:Middlewares/Third_Party/LibJPEG/source/jddctmgr.c ****    * The actual multiplier tables are pointed to by dct_table in the
  50:Middlewares/Third_Party/LibJPEG/source/jddctmgr.c ****    * per-component comp_info structures.
  51:Middlewares/Third_Party/LibJPEG/source/jddctmgr.c ****    */
  52:Middlewares/Third_Party/LibJPEG/source/jddctmgr.c ****   int cur_method[MAX_COMPONENTS];
  53:Middlewares/Third_Party/LibJPEG/source/jddctmgr.c **** } my_idct_controller;
  54:Middlewares/Third_Party/LibJPEG/source/jddctmgr.c **** 
  55:Middlewares/Third_Party/LibJPEG/source/jddctmgr.c **** typedef my_idct_controller * my_idct_ptr;
  56:Middlewares/Third_Party/LibJPEG/source/jddctmgr.c **** 
  57:Middlewares/Third_Party/LibJPEG/source/jddctmgr.c **** 
  58:Middlewares/Third_Party/LibJPEG/source/jddctmgr.c **** /* Allocated multiplier tables: big enough for any supported variant */
  59:Middlewares/Third_Party/LibJPEG/source/jddctmgr.c **** 
  60:Middlewares/Third_Party/LibJPEG/source/jddctmgr.c **** typedef union {
  61:Middlewares/Third_Party/LibJPEG/source/jddctmgr.c ****   ISLOW_MULT_TYPE islow_array[DCTSIZE2];
  62:Middlewares/Third_Party/LibJPEG/source/jddctmgr.c **** #ifdef DCT_IFAST_SUPPORTED
  63:Middlewares/Third_Party/LibJPEG/source/jddctmgr.c ****   IFAST_MULT_TYPE ifast_array[DCTSIZE2];
  64:Middlewares/Third_Party/LibJPEG/source/jddctmgr.c **** #endif
  65:Middlewares/Third_Party/LibJPEG/source/jddctmgr.c **** #ifdef DCT_FLOAT_SUPPORTED
  66:Middlewares/Third_Party/LibJPEG/source/jddctmgr.c ****   FLOAT_MULT_TYPE float_array[DCTSIZE2];
  67:Middlewares/Third_Party/LibJPEG/source/jddctmgr.c **** #endif
  68:Middlewares/Third_Party/LibJPEG/source/jddctmgr.c **** } multiplier_table;
  69:Middlewares/Third_Party/LibJPEG/source/jddctmgr.c **** 
  70:Middlewares/Third_Party/LibJPEG/source/jddctmgr.c **** 
  71:Middlewares/Third_Party/LibJPEG/source/jddctmgr.c **** /* The current scaled-IDCT routines require ISLOW-style multiplier tables,
  72:Middlewares/Third_Party/LibJPEG/source/jddctmgr.c ****  * so be sure to compile that code if either ISLOW or SCALING is requested.
  73:Middlewares/Third_Party/LibJPEG/source/jddctmgr.c ****  */
  74:Middlewares/Third_Party/LibJPEG/source/jddctmgr.c **** #ifdef DCT_ISLOW_SUPPORTED
  75:Middlewares/Third_Party/LibJPEG/source/jddctmgr.c **** #define PROVIDE_ISLOW_TABLES
  76:Middlewares/Third_Party/LibJPEG/source/jddctmgr.c **** #else
  77:Middlewares/Third_Party/LibJPEG/source/jddctmgr.c **** #ifdef IDCT_SCALING_SUPPORTED
  78:Middlewares/Third_Party/LibJPEG/source/jddctmgr.c **** #define PROVIDE_ISLOW_TABLES
  79:Middlewares/Third_Party/LibJPEG/source/jddctmgr.c **** #endif
  80:Middlewares/Third_Party/LibJPEG/source/jddctmgr.c **** #endif
  81:Middlewares/Third_Party/LibJPEG/source/jddctmgr.c **** 
  82:Middlewares/Third_Party/LibJPEG/source/jddctmgr.c **** 
  83:Middlewares/Third_Party/LibJPEG/source/jddctmgr.c **** /*
  84:Middlewares/Third_Party/LibJPEG/source/jddctmgr.c ****  * Prepare for an output pass.
  85:Middlewares/Third_Party/LibJPEG/source/jddctmgr.c ****  * Here we select the proper IDCT routine for each component and build
  86:Middlewares/Third_Party/LibJPEG/source/jddctmgr.c ****  * a matching multiplier table.
ARM GAS  /tmp/ccfzNgg4.s 			page 3


  87:Middlewares/Third_Party/LibJPEG/source/jddctmgr.c ****  */
  88:Middlewares/Third_Party/LibJPEG/source/jddctmgr.c **** 
  89:Middlewares/Third_Party/LibJPEG/source/jddctmgr.c **** METHODDEF(void)
  90:Middlewares/Third_Party/LibJPEG/source/jddctmgr.c **** start_pass (j_decompress_ptr cinfo)
  91:Middlewares/Third_Party/LibJPEG/source/jddctmgr.c **** {
  30              		.loc 1 91 0
  31              		.cfi_startproc
  32              		@ args = 0, pretend = 0, frame = 16
  33              		@ frame_needed = 0, uses_anonymous_args = 0
  34              	.LVL0:
  35 0000 2DE9F04F 		push	{r4, r5, r6, r7, r8, r9, r10, fp, lr}
  36              	.LCFI0:
  37              		.cfi_def_cfa_offset 36
  38              		.cfi_offset 4, -36
  39              		.cfi_offset 5, -32
  40              		.cfi_offset 6, -28
  41              		.cfi_offset 7, -24
  42              		.cfi_offset 8, -20
  43              		.cfi_offset 9, -16
  44              		.cfi_offset 10, -12
  45              		.cfi_offset 11, -8
  46              		.cfi_offset 14, -4
  47 0004 85B0     		sub	sp, sp, #20
  48              	.LCFI1:
  49              		.cfi_def_cfa_offset 56
  50 0006 0290     		str	r0, [sp, #8]
  92:Middlewares/Third_Party/LibJPEG/source/jddctmgr.c ****   my_idct_ptr idct = (my_idct_ptr) cinfo->idct;
  51              		.loc 1 92 0
  52 0008 D0F8D421 		ldr	r2, [r0, #468]
  53 000c 0392     		str	r2, [sp, #12]
  54              	.LVL1:
  93:Middlewares/Third_Party/LibJPEG/source/jddctmgr.c ****   int ci, i;
  94:Middlewares/Third_Party/LibJPEG/source/jddctmgr.c ****   jpeg_component_info *compptr;
  95:Middlewares/Third_Party/LibJPEG/source/jddctmgr.c ****   int method = 0;
  96:Middlewares/Third_Party/LibJPEG/source/jddctmgr.c ****   inverse_DCT_method_ptr method_ptr = NULL;
  97:Middlewares/Third_Party/LibJPEG/source/jddctmgr.c ****   JQUANT_TBL * qtbl;
  98:Middlewares/Third_Party/LibJPEG/source/jddctmgr.c **** 
  99:Middlewares/Third_Party/LibJPEG/source/jddctmgr.c ****   for (ci = 0, compptr = cinfo->comp_info; ci < cinfo->num_components;
  55              		.loc 1 99 0
  56 000e D0F8D8A0 		ldr	r10, [r0, #216]
  57              	.LVL2:
  96:Middlewares/Third_Party/LibJPEG/source/jddctmgr.c ****   JQUANT_TBL * qtbl;
  58              		.loc 1 96 0
  59 0012 0023     		movs	r3, #0
  60 0014 0093     		str	r3, [sp]
  95:Middlewares/Third_Party/LibJPEG/source/jddctmgr.c ****   inverse_DCT_method_ptr method_ptr = NULL;
  61              		.loc 1 95 0
  62 0016 0193     		str	r3, [sp, #4]
  63              		.loc 1 99 0
  64 0018 9B46     		mov	fp, r3
  65 001a BEE1     		b	.L2
  66              	.LVL3:
  67              	.L69:
 100:Middlewares/Third_Party/LibJPEG/source/jddctmgr.c ****        ci++, compptr++) {
 101:Middlewares/Third_Party/LibJPEG/source/jddctmgr.c ****     /* Select the proper IDCT routine for this component's scaling */
 102:Middlewares/Third_Party/LibJPEG/source/jddctmgr.c ****     switch ((compptr->DCT_h_scaled_size << 8) + compptr->DCT_v_scaled_size) {
  68              		.loc 1 102 0
ARM GAS  /tmp/ccfzNgg4.s 			page 4


  69 001c 40F20242 		movw	r2, #1026
  70 0020 9342     		cmp	r3, r2
  71 0022 00F01C81 		beq	.L6
  72 0026 35DC     		bgt	.L7
  73 0028 40F20222 		movw	r2, #514
  74 002c 9342     		cmp	r3, r2
  75 002e 00F05981 		beq	.L60
  76 0032 1DDC     		bgt	.L9
  77 0034 B3F5817F 		cmp	r3, #258
  78 0038 00F03481 		beq	.L10
  79 003c 40F20122 		movw	r2, #513
  80 0040 9342     		cmp	r3, r2
  81 0042 00F01181 		beq	.L11
  82 0046 40F20112 		movw	r2, #257
  83 004a 9342     		cmp	r3, r2
  84 004c 00F09380 		beq	.L66
  85              	.L3:
 103:Middlewares/Third_Party/LibJPEG/source/jddctmgr.c **** #ifdef IDCT_SCALING_SUPPORTED
 104:Middlewares/Third_Party/LibJPEG/source/jddctmgr.c ****     case ((1 << 8) + 1):
 105:Middlewares/Third_Party/LibJPEG/source/jddctmgr.c ****       method_ptr = jpeg_idct_1x1;
 106:Middlewares/Third_Party/LibJPEG/source/jddctmgr.c ****       method = JDCT_ISLOW;	/* jidctint uses islow-style table */
 107:Middlewares/Third_Party/LibJPEG/source/jddctmgr.c ****       break;
 108:Middlewares/Third_Party/LibJPEG/source/jddctmgr.c ****     case ((2 << 8) + 2):
 109:Middlewares/Third_Party/LibJPEG/source/jddctmgr.c ****       method_ptr = jpeg_idct_2x2;
 110:Middlewares/Third_Party/LibJPEG/source/jddctmgr.c ****       method = JDCT_ISLOW;	/* jidctint uses islow-style table */
 111:Middlewares/Third_Party/LibJPEG/source/jddctmgr.c ****       break;
 112:Middlewares/Third_Party/LibJPEG/source/jddctmgr.c ****     case ((3 << 8) + 3):
 113:Middlewares/Third_Party/LibJPEG/source/jddctmgr.c ****       method_ptr = jpeg_idct_3x3;
 114:Middlewares/Third_Party/LibJPEG/source/jddctmgr.c ****       method = JDCT_ISLOW;	/* jidctint uses islow-style table */
 115:Middlewares/Third_Party/LibJPEG/source/jddctmgr.c ****       break;
 116:Middlewares/Third_Party/LibJPEG/source/jddctmgr.c ****     case ((4 << 8) + 4):
 117:Middlewares/Third_Party/LibJPEG/source/jddctmgr.c ****       method_ptr = jpeg_idct_4x4;
 118:Middlewares/Third_Party/LibJPEG/source/jddctmgr.c ****       method = JDCT_ISLOW;	/* jidctint uses islow-style table */
 119:Middlewares/Third_Party/LibJPEG/source/jddctmgr.c ****       break;
 120:Middlewares/Third_Party/LibJPEG/source/jddctmgr.c ****     case ((5 << 8) + 5):
 121:Middlewares/Third_Party/LibJPEG/source/jddctmgr.c ****       method_ptr = jpeg_idct_5x5;
 122:Middlewares/Third_Party/LibJPEG/source/jddctmgr.c ****       method = JDCT_ISLOW;	/* jidctint uses islow-style table */
 123:Middlewares/Third_Party/LibJPEG/source/jddctmgr.c ****       break;
 124:Middlewares/Third_Party/LibJPEG/source/jddctmgr.c ****     case ((6 << 8) + 6):
 125:Middlewares/Third_Party/LibJPEG/source/jddctmgr.c ****       method_ptr = jpeg_idct_6x6;
 126:Middlewares/Third_Party/LibJPEG/source/jddctmgr.c ****       method = JDCT_ISLOW;	/* jidctint uses islow-style table */
 127:Middlewares/Third_Party/LibJPEG/source/jddctmgr.c ****       break;
 128:Middlewares/Third_Party/LibJPEG/source/jddctmgr.c ****     case ((7 << 8) + 7):
 129:Middlewares/Third_Party/LibJPEG/source/jddctmgr.c ****       method_ptr = jpeg_idct_7x7;
 130:Middlewares/Third_Party/LibJPEG/source/jddctmgr.c ****       method = JDCT_ISLOW;	/* jidctint uses islow-style table */
 131:Middlewares/Third_Party/LibJPEG/source/jddctmgr.c ****       break;
 132:Middlewares/Third_Party/LibJPEG/source/jddctmgr.c ****     case ((9 << 8) + 9):
 133:Middlewares/Third_Party/LibJPEG/source/jddctmgr.c ****       method_ptr = jpeg_idct_9x9;
 134:Middlewares/Third_Party/LibJPEG/source/jddctmgr.c ****       method = JDCT_ISLOW;	/* jidctint uses islow-style table */
 135:Middlewares/Third_Party/LibJPEG/source/jddctmgr.c ****       break;
 136:Middlewares/Third_Party/LibJPEG/source/jddctmgr.c ****     case ((10 << 8) + 10):
 137:Middlewares/Third_Party/LibJPEG/source/jddctmgr.c ****       method_ptr = jpeg_idct_10x10;
 138:Middlewares/Third_Party/LibJPEG/source/jddctmgr.c ****       method = JDCT_ISLOW;	/* jidctint uses islow-style table */
 139:Middlewares/Third_Party/LibJPEG/source/jddctmgr.c ****       break;
 140:Middlewares/Third_Party/LibJPEG/source/jddctmgr.c ****     case ((11 << 8) + 11):
 141:Middlewares/Third_Party/LibJPEG/source/jddctmgr.c ****       method_ptr = jpeg_idct_11x11;
 142:Middlewares/Third_Party/LibJPEG/source/jddctmgr.c ****       method = JDCT_ISLOW;	/* jidctint uses islow-style table */
ARM GAS  /tmp/ccfzNgg4.s 			page 5


 143:Middlewares/Third_Party/LibJPEG/source/jddctmgr.c ****       break;
 144:Middlewares/Third_Party/LibJPEG/source/jddctmgr.c ****     case ((12 << 8) + 12):
 145:Middlewares/Third_Party/LibJPEG/source/jddctmgr.c ****       method_ptr = jpeg_idct_12x12;
 146:Middlewares/Third_Party/LibJPEG/source/jddctmgr.c ****       method = JDCT_ISLOW;	/* jidctint uses islow-style table */
 147:Middlewares/Third_Party/LibJPEG/source/jddctmgr.c ****       break;
 148:Middlewares/Third_Party/LibJPEG/source/jddctmgr.c ****     case ((13 << 8) + 13):
 149:Middlewares/Third_Party/LibJPEG/source/jddctmgr.c ****       method_ptr = jpeg_idct_13x13;
 150:Middlewares/Third_Party/LibJPEG/source/jddctmgr.c ****       method = JDCT_ISLOW;	/* jidctint uses islow-style table */
 151:Middlewares/Third_Party/LibJPEG/source/jddctmgr.c ****       break;
 152:Middlewares/Third_Party/LibJPEG/source/jddctmgr.c ****     case ((14 << 8) + 14):
 153:Middlewares/Third_Party/LibJPEG/source/jddctmgr.c ****       method_ptr = jpeg_idct_14x14;
 154:Middlewares/Third_Party/LibJPEG/source/jddctmgr.c ****       method = JDCT_ISLOW;	/* jidctint uses islow-style table */
 155:Middlewares/Third_Party/LibJPEG/source/jddctmgr.c ****       break;
 156:Middlewares/Third_Party/LibJPEG/source/jddctmgr.c ****     case ((15 << 8) + 15):
 157:Middlewares/Third_Party/LibJPEG/source/jddctmgr.c ****       method_ptr = jpeg_idct_15x15;
 158:Middlewares/Third_Party/LibJPEG/source/jddctmgr.c ****       method = JDCT_ISLOW;	/* jidctint uses islow-style table */
 159:Middlewares/Third_Party/LibJPEG/source/jddctmgr.c ****       break;
 160:Middlewares/Third_Party/LibJPEG/source/jddctmgr.c ****     case ((16 << 8) + 16):
 161:Middlewares/Third_Party/LibJPEG/source/jddctmgr.c ****       method_ptr = jpeg_idct_16x16;
 162:Middlewares/Third_Party/LibJPEG/source/jddctmgr.c ****       method = JDCT_ISLOW;	/* jidctint uses islow-style table */
 163:Middlewares/Third_Party/LibJPEG/source/jddctmgr.c ****       break;
 164:Middlewares/Third_Party/LibJPEG/source/jddctmgr.c ****     case ((16 << 8) + 8):
 165:Middlewares/Third_Party/LibJPEG/source/jddctmgr.c ****       method_ptr = jpeg_idct_16x8;
 166:Middlewares/Third_Party/LibJPEG/source/jddctmgr.c ****       method = JDCT_ISLOW;	/* jidctint uses islow-style table */
 167:Middlewares/Third_Party/LibJPEG/source/jddctmgr.c ****       break;
 168:Middlewares/Third_Party/LibJPEG/source/jddctmgr.c ****     case ((14 << 8) + 7):
 169:Middlewares/Third_Party/LibJPEG/source/jddctmgr.c ****       method_ptr = jpeg_idct_14x7;
 170:Middlewares/Third_Party/LibJPEG/source/jddctmgr.c ****       method = JDCT_ISLOW;	/* jidctint uses islow-style table */
 171:Middlewares/Third_Party/LibJPEG/source/jddctmgr.c ****       break;
 172:Middlewares/Third_Party/LibJPEG/source/jddctmgr.c ****     case ((12 << 8) + 6):
 173:Middlewares/Third_Party/LibJPEG/source/jddctmgr.c ****       method_ptr = jpeg_idct_12x6;
 174:Middlewares/Third_Party/LibJPEG/source/jddctmgr.c ****       method = JDCT_ISLOW;	/* jidctint uses islow-style table */
 175:Middlewares/Third_Party/LibJPEG/source/jddctmgr.c ****       break;
 176:Middlewares/Third_Party/LibJPEG/source/jddctmgr.c ****     case ((10 << 8) + 5):
 177:Middlewares/Third_Party/LibJPEG/source/jddctmgr.c ****       method_ptr = jpeg_idct_10x5;
 178:Middlewares/Third_Party/LibJPEG/source/jddctmgr.c ****       method = JDCT_ISLOW;	/* jidctint uses islow-style table */
 179:Middlewares/Third_Party/LibJPEG/source/jddctmgr.c ****       break;
 180:Middlewares/Third_Party/LibJPEG/source/jddctmgr.c ****     case ((8 << 8) + 4):
 181:Middlewares/Third_Party/LibJPEG/source/jddctmgr.c ****       method_ptr = jpeg_idct_8x4;
 182:Middlewares/Third_Party/LibJPEG/source/jddctmgr.c ****       method = JDCT_ISLOW;	/* jidctint uses islow-style table */
 183:Middlewares/Third_Party/LibJPEG/source/jddctmgr.c ****       break;
 184:Middlewares/Third_Party/LibJPEG/source/jddctmgr.c ****     case ((6 << 8) + 3):
 185:Middlewares/Third_Party/LibJPEG/source/jddctmgr.c ****       method_ptr = jpeg_idct_6x3;
 186:Middlewares/Third_Party/LibJPEG/source/jddctmgr.c ****       method = JDCT_ISLOW;	/* jidctint uses islow-style table */
 187:Middlewares/Third_Party/LibJPEG/source/jddctmgr.c ****       break;
 188:Middlewares/Third_Party/LibJPEG/source/jddctmgr.c ****     case ((4 << 8) + 2):
 189:Middlewares/Third_Party/LibJPEG/source/jddctmgr.c ****       method_ptr = jpeg_idct_4x2;
 190:Middlewares/Third_Party/LibJPEG/source/jddctmgr.c ****       method = JDCT_ISLOW;	/* jidctint uses islow-style table */
 191:Middlewares/Third_Party/LibJPEG/source/jddctmgr.c ****       break;
 192:Middlewares/Third_Party/LibJPEG/source/jddctmgr.c ****     case ((2 << 8) + 1):
 193:Middlewares/Third_Party/LibJPEG/source/jddctmgr.c ****       method_ptr = jpeg_idct_2x1;
 194:Middlewares/Third_Party/LibJPEG/source/jddctmgr.c ****       method = JDCT_ISLOW;	/* jidctint uses islow-style table */
 195:Middlewares/Third_Party/LibJPEG/source/jddctmgr.c ****       break;
 196:Middlewares/Third_Party/LibJPEG/source/jddctmgr.c ****     case ((8 << 8) + 16):
 197:Middlewares/Third_Party/LibJPEG/source/jddctmgr.c ****       method_ptr = jpeg_idct_8x16;
 198:Middlewares/Third_Party/LibJPEG/source/jddctmgr.c ****       method = JDCT_ISLOW;	/* jidctint uses islow-style table */
 199:Middlewares/Third_Party/LibJPEG/source/jddctmgr.c ****       break;
ARM GAS  /tmp/ccfzNgg4.s 			page 6


 200:Middlewares/Third_Party/LibJPEG/source/jddctmgr.c ****     case ((7 << 8) + 14):
 201:Middlewares/Third_Party/LibJPEG/source/jddctmgr.c ****       method_ptr = jpeg_idct_7x14;
 202:Middlewares/Third_Party/LibJPEG/source/jddctmgr.c ****       method = JDCT_ISLOW;	/* jidctint uses islow-style table */
 203:Middlewares/Third_Party/LibJPEG/source/jddctmgr.c ****       break;
 204:Middlewares/Third_Party/LibJPEG/source/jddctmgr.c ****     case ((6 << 8) + 12):
 205:Middlewares/Third_Party/LibJPEG/source/jddctmgr.c ****       method_ptr = jpeg_idct_6x12;
 206:Middlewares/Third_Party/LibJPEG/source/jddctmgr.c ****       method = JDCT_ISLOW;	/* jidctint uses islow-style table */
 207:Middlewares/Third_Party/LibJPEG/source/jddctmgr.c ****       break;
 208:Middlewares/Third_Party/LibJPEG/source/jddctmgr.c ****     case ((5 << 8) + 10):
 209:Middlewares/Third_Party/LibJPEG/source/jddctmgr.c ****       method_ptr = jpeg_idct_5x10;
 210:Middlewares/Third_Party/LibJPEG/source/jddctmgr.c ****       method = JDCT_ISLOW;	/* jidctint uses islow-style table */
 211:Middlewares/Third_Party/LibJPEG/source/jddctmgr.c ****       break;
 212:Middlewares/Third_Party/LibJPEG/source/jddctmgr.c ****     case ((4 << 8) + 8):
 213:Middlewares/Third_Party/LibJPEG/source/jddctmgr.c ****       method_ptr = jpeg_idct_4x8;
 214:Middlewares/Third_Party/LibJPEG/source/jddctmgr.c ****       method = JDCT_ISLOW;	/* jidctint uses islow-style table */
 215:Middlewares/Third_Party/LibJPEG/source/jddctmgr.c ****       break;
 216:Middlewares/Third_Party/LibJPEG/source/jddctmgr.c ****     case ((3 << 8) + 6):
 217:Middlewares/Third_Party/LibJPEG/source/jddctmgr.c ****       method_ptr = jpeg_idct_3x6;
 218:Middlewares/Third_Party/LibJPEG/source/jddctmgr.c ****       method = JDCT_ISLOW;	/* jidctint uses islow-style table */
 219:Middlewares/Third_Party/LibJPEG/source/jddctmgr.c ****       break;
 220:Middlewares/Third_Party/LibJPEG/source/jddctmgr.c ****     case ((2 << 8) + 4):
 221:Middlewares/Third_Party/LibJPEG/source/jddctmgr.c ****       method_ptr = jpeg_idct_2x4;
 222:Middlewares/Third_Party/LibJPEG/source/jddctmgr.c ****       method = JDCT_ISLOW;	/* jidctint uses islow-style table */
 223:Middlewares/Third_Party/LibJPEG/source/jddctmgr.c ****       break;
 224:Middlewares/Third_Party/LibJPEG/source/jddctmgr.c ****     case ((1 << 8) + 2):
 225:Middlewares/Third_Party/LibJPEG/source/jddctmgr.c ****       method_ptr = jpeg_idct_1x2;
 226:Middlewares/Third_Party/LibJPEG/source/jddctmgr.c ****       method = JDCT_ISLOW;	/* jidctint uses islow-style table */
 227:Middlewares/Third_Party/LibJPEG/source/jddctmgr.c ****       break;
 228:Middlewares/Third_Party/LibJPEG/source/jddctmgr.c **** #endif
 229:Middlewares/Third_Party/LibJPEG/source/jddctmgr.c ****     case ((DCTSIZE << 8) + DCTSIZE):
 230:Middlewares/Third_Party/LibJPEG/source/jddctmgr.c ****       switch (cinfo->dct_method) {
 231:Middlewares/Third_Party/LibJPEG/source/jddctmgr.c **** #ifdef DCT_ISLOW_SUPPORTED
 232:Middlewares/Third_Party/LibJPEG/source/jddctmgr.c ****       case JDCT_ISLOW:
 233:Middlewares/Third_Party/LibJPEG/source/jddctmgr.c **** 	method_ptr = jpeg_idct_islow;
 234:Middlewares/Third_Party/LibJPEG/source/jddctmgr.c **** 	method = JDCT_ISLOW;
 235:Middlewares/Third_Party/LibJPEG/source/jddctmgr.c **** 	break;
 236:Middlewares/Third_Party/LibJPEG/source/jddctmgr.c **** #endif
 237:Middlewares/Third_Party/LibJPEG/source/jddctmgr.c **** #ifdef DCT_IFAST_SUPPORTED
 238:Middlewares/Third_Party/LibJPEG/source/jddctmgr.c ****       case JDCT_IFAST:
 239:Middlewares/Third_Party/LibJPEG/source/jddctmgr.c **** 	method_ptr = jpeg_idct_ifast;
 240:Middlewares/Third_Party/LibJPEG/source/jddctmgr.c **** 	method = JDCT_IFAST;
 241:Middlewares/Third_Party/LibJPEG/source/jddctmgr.c **** 	break;
 242:Middlewares/Third_Party/LibJPEG/source/jddctmgr.c **** #endif
 243:Middlewares/Third_Party/LibJPEG/source/jddctmgr.c **** #ifdef DCT_FLOAT_SUPPORTED
 244:Middlewares/Third_Party/LibJPEG/source/jddctmgr.c ****       case JDCT_FLOAT:
 245:Middlewares/Third_Party/LibJPEG/source/jddctmgr.c **** 	method_ptr = jpeg_idct_float;
 246:Middlewares/Third_Party/LibJPEG/source/jddctmgr.c **** 	method = JDCT_FLOAT;
 247:Middlewares/Third_Party/LibJPEG/source/jddctmgr.c **** 	break;
 248:Middlewares/Third_Party/LibJPEG/source/jddctmgr.c **** #endif
 249:Middlewares/Third_Party/LibJPEG/source/jddctmgr.c ****       default:
 250:Middlewares/Third_Party/LibJPEG/source/jddctmgr.c **** 	ERREXIT(cinfo, JERR_NOT_COMPILED);
 251:Middlewares/Third_Party/LibJPEG/source/jddctmgr.c **** 	break;
 252:Middlewares/Third_Party/LibJPEG/source/jddctmgr.c ****       }
 253:Middlewares/Third_Party/LibJPEG/source/jddctmgr.c ****       break;
 254:Middlewares/Third_Party/LibJPEG/source/jddctmgr.c ****     default:
 255:Middlewares/Third_Party/LibJPEG/source/jddctmgr.c ****       ERREXIT2(cinfo, JERR_BAD_DCTSIZE,
  86              		.loc 1 255 0
ARM GAS  /tmp/ccfzNgg4.s 			page 7


  87 0050 0298     		ldr	r0, [sp, #8]
  88 0052 0368     		ldr	r3, [r0]
  89 0054 0722     		movs	r2, #7
  90 0056 5A61     		str	r2, [r3, #20]
  91 0058 0368     		ldr	r3, [r0]
  92 005a DAF82420 		ldr	r2, [r10, #36]
  93 005e 9A61     		str	r2, [r3, #24]
  94 0060 0368     		ldr	r3, [r0]
  95 0062 DAF82820 		ldr	r2, [r10, #40]
  96 0066 DA61     		str	r2, [r3, #28]
  97 0068 0368     		ldr	r3, [r0]
  98 006a 1B68     		ldr	r3, [r3]
  99 006c 9847     		blx	r3
 100              	.LVL4:
 256:Middlewares/Third_Party/LibJPEG/source/jddctmgr.c **** 	       compptr->DCT_h_scaled_size, compptr->DCT_v_scaled_size);
 257:Middlewares/Third_Party/LibJPEG/source/jddctmgr.c ****       break;
 101              		.loc 1 257 0
 102 006e 86E0     		b	.L8
 103              	.L9:
 102:Middlewares/Third_Party/LibJPEG/source/jddctmgr.c **** #ifdef IDCT_SCALING_SUPPORTED
 104              		.loc 1 102 0
 105 0070 40F20332 		movw	r2, #771
 106 0074 9342     		cmp	r3, r2
 107 0076 00F0B180 		beq	.L13
 108 007a 40F20632 		movw	r2, #774
 109 007e 9342     		cmp	r3, r2
 110 0080 00F00B81 		beq	.L14
 111 0084 B3F5017F 		cmp	r3, #516
 112 0088 E2D1     		bne	.L3
 113              	.LVL5:
 221:Middlewares/Third_Party/LibJPEG/source/jddctmgr.c ****       method = JDCT_ISLOW;	/* jidctint uses islow-style table */
 114              		.loc 1 221 0
 115 008a 9D4B     		ldr	r3, .L73
 116 008c 0093     		str	r3, [sp]
 222:Middlewares/Third_Party/LibJPEG/source/jddctmgr.c ****       break;
 117              		.loc 1 222 0
 118 008e 0023     		movs	r3, #0
 119 0090 0193     		str	r3, [sp, #4]
 223:Middlewares/Third_Party/LibJPEG/source/jddctmgr.c ****     case ((1 << 8) + 2):
 120              		.loc 1 223 0
 121 0092 74E0     		b	.L8
 122              	.LVL6:
 123              	.L7:
 102:Middlewares/Third_Party/LibJPEG/source/jddctmgr.c **** #ifdef IDCT_SCALING_SUPPORTED
 124              		.loc 1 102 0
 125 0094 40F20A52 		movw	r2, #1290
 126 0098 9342     		cmp	r3, r2
 127 009a 00F0F480 		beq	.L16
 128 009e 11DC     		bgt	.L17
 129 00a0 B3F5816F 		cmp	r3, #1032
 130 00a4 00F0F480 		beq	.L18
 131 00a8 40F20552 		movw	r2, #1285
 132 00ac 9342     		cmp	r3, r2
 133 00ae 00F09A80 		beq	.L19
 134 00b2 40F20442 		movw	r2, #1028
 135 00b6 9342     		cmp	r3, r2
 136 00b8 CAD1     		bne	.L3
ARM GAS  /tmp/ccfzNgg4.s 			page 8


 137              	.LVL7:
 117:Middlewares/Third_Party/LibJPEG/source/jddctmgr.c ****       method = JDCT_ISLOW;	/* jidctint uses islow-style table */
 138              		.loc 1 117 0
 139 00ba 924B     		ldr	r3, .L73+4
 140 00bc 0093     		str	r3, [sp]
 118:Middlewares/Third_Party/LibJPEG/source/jddctmgr.c ****       break;
 141              		.loc 1 118 0
 142 00be 0023     		movs	r3, #0
 143 00c0 0193     		str	r3, [sp, #4]
 119:Middlewares/Third_Party/LibJPEG/source/jddctmgr.c ****     case ((5 << 8) + 5):
 144              		.loc 1 119 0
 145 00c2 5CE0     		b	.L8
 146              	.LVL8:
 147              	.L17:
 102:Middlewares/Third_Party/LibJPEG/source/jddctmgr.c **** #ifdef IDCT_SCALING_SUPPORTED
 148              		.loc 1 102 0
 149 00c4 40F20662 		movw	r2, #1542
 150 00c8 9342     		cmp	r3, r2
 151 00ca 00F09180 		beq	.L21
 152 00ce 40F20C62 		movw	r2, #1548
 153 00d2 9342     		cmp	r3, r2
 154 00d4 00F0D280 		beq	.L22
 155 00d8 40F20362 		movw	r2, #1539
 156 00dc 9342     		cmp	r3, r2
 157 00de B7D1     		bne	.L3
 158              	.LVL9:
 185:Middlewares/Third_Party/LibJPEG/source/jddctmgr.c ****       method = JDCT_ISLOW;	/* jidctint uses islow-style table */
 159              		.loc 1 185 0
 160 00e0 894B     		ldr	r3, .L73+8
 161 00e2 0093     		str	r3, [sp]
 186:Middlewares/Third_Party/LibJPEG/source/jddctmgr.c ****       break;
 162              		.loc 1 186 0
 163 00e4 0023     		movs	r3, #0
 164 00e6 0193     		str	r3, [sp, #4]
 187:Middlewares/Third_Party/LibJPEG/source/jddctmgr.c ****     case ((4 << 8) + 2):
 165              		.loc 1 187 0
 166 00e8 49E0     		b	.L8
 167              	.LVL10:
 168              	.L70:
 102:Middlewares/Third_Party/LibJPEG/source/jddctmgr.c **** #ifdef IDCT_SCALING_SUPPORTED
 169              		.loc 1 102 0
 170 00ea B3F5016F 		cmp	r3, #2064
 171 00ee 00F0C080 		beq	.L26
 172 00f2 12DC     		bgt	.L27
 173 00f4 40F60402 		movw	r2, #2052
 174 00f8 9342     		cmp	r3, r2
 175 00fa 00F0AB80 		beq	.L28
 176 00fe 40F60802 		movw	r2, #2056
 177 0102 9342     		cmp	r3, r2
 178 0104 00F0D380 		beq	.L29
 179 0108 40F20E72 		movw	r2, #1806
 180 010c 9342     		cmp	r3, r2
 181 010e 9FD1     		bne	.L3
 182              	.LVL11:
 201:Middlewares/Third_Party/LibJPEG/source/jddctmgr.c ****       method = JDCT_ISLOW;	/* jidctint uses islow-style table */
 183              		.loc 1 201 0
 184 0110 7E4B     		ldr	r3, .L73+12
ARM GAS  /tmp/ccfzNgg4.s 			page 9


 185 0112 0093     		str	r3, [sp]
 202:Middlewares/Third_Party/LibJPEG/source/jddctmgr.c ****       break;
 186              		.loc 1 202 0
 187 0114 0023     		movs	r3, #0
 188 0116 0193     		str	r3, [sp, #4]
 203:Middlewares/Third_Party/LibJPEG/source/jddctmgr.c ****     case ((6 << 8) + 12):
 189              		.loc 1 203 0
 190 0118 31E0     		b	.L8
 191              	.LVL12:
 192              	.L27:
 102:Middlewares/Third_Party/LibJPEG/source/jddctmgr.c **** #ifdef IDCT_SCALING_SUPPORTED
 193              		.loc 1 102 0
 194 011a 40F60522 		movw	r2, #2565
 195 011e 9342     		cmp	r3, r2
 196 0120 00F09380 		beq	.L31
 197 0124 40F60A22 		movw	r2, #2570
 198 0128 9342     		cmp	r3, r2
 199 012a 6BD0     		beq	.L32
 200 012c 40F60912 		movw	r2, #2313
 201 0130 9342     		cmp	r3, r2
 202 0132 8DD1     		bne	.L3
 203              	.LVL13:
 133:Middlewares/Third_Party/LibJPEG/source/jddctmgr.c ****       method = JDCT_ISLOW;	/* jidctint uses islow-style table */
 204              		.loc 1 133 0
 205 0134 764B     		ldr	r3, .L73+16
 206 0136 0093     		str	r3, [sp]
 134:Middlewares/Third_Party/LibJPEG/source/jddctmgr.c ****       break;
 207              		.loc 1 134 0
 208 0138 0023     		movs	r3, #0
 209 013a 0193     		str	r3, [sp, #4]
 135:Middlewares/Third_Party/LibJPEG/source/jddctmgr.c ****     case ((10 << 8) + 10):
 210              		.loc 1 135 0
 211 013c 1FE0     		b	.L8
 212              	.LVL14:
 213              	.L71:
 102:Middlewares/Third_Party/LibJPEG/source/jddctmgr.c **** #ifdef IDCT_SCALING_SUPPORTED
 214              		.loc 1 102 0
 215 013e 40F60C42 		movw	r2, #3084
 216 0142 9342     		cmp	r3, r2
 217 0144 68D0     		beq	.L36
 218 0146 40F60D52 		movw	r2, #3341
 219 014a 9342     		cmp	r3, r2
 220 014c 69D0     		beq	.L37
 221 014e 40F60642 		movw	r2, #3078
 222 0152 9342     		cmp	r3, r2
 223 0154 7FF47CAF 		bne	.L3
 224              	.LVL15:
 173:Middlewares/Third_Party/LibJPEG/source/jddctmgr.c ****       method = JDCT_ISLOW;	/* jidctint uses islow-style table */
 225              		.loc 1 173 0
 226 0158 6E4B     		ldr	r3, .L73+20
 227 015a 0093     		str	r3, [sp]
 174:Middlewares/Third_Party/LibJPEG/source/jddctmgr.c ****       break;
 228              		.loc 1 174 0
 229 015c 0023     		movs	r3, #0
 230 015e 0193     		str	r3, [sp, #4]
 175:Middlewares/Third_Party/LibJPEG/source/jddctmgr.c ****     case ((10 << 8) + 5):
 231              		.loc 1 175 0
ARM GAS  /tmp/ccfzNgg4.s 			page 10


 232 0160 0DE0     		b	.L8
 233              	.LVL16:
 234              	.L72:
 102:Middlewares/Third_Party/LibJPEG/source/jddctmgr.c **** #ifdef IDCT_SCALING_SUPPORTED
 235              		.loc 1 102 0
 236 0162 40F60E62 		movw	r2, #3598
 237 0166 9342     		cmp	r3, r2
 238 0168 7FF472AF 		bne	.L3
 239              	.LVL17:
 153:Middlewares/Third_Party/LibJPEG/source/jddctmgr.c ****       method = JDCT_ISLOW;	/* jidctint uses islow-style table */
 240              		.loc 1 153 0
 241 016c 6A4B     		ldr	r3, .L73+24
 242 016e 0093     		str	r3, [sp]
 154:Middlewares/Third_Party/LibJPEG/source/jddctmgr.c ****       break;
 243              		.loc 1 154 0
 244 0170 0023     		movs	r3, #0
 245 0172 0193     		str	r3, [sp, #4]
 155:Middlewares/Third_Party/LibJPEG/source/jddctmgr.c ****     case ((15 << 8) + 15):
 246              		.loc 1 155 0
 247 0174 03E0     		b	.L8
 248              	.LVL18:
 249              	.L66:
 105:Middlewares/Third_Party/LibJPEG/source/jddctmgr.c ****       method = JDCT_ISLOW;	/* jidctint uses islow-style table */
 250              		.loc 1 105 0
 251 0176 694B     		ldr	r3, .L73+28
 252 0178 0093     		str	r3, [sp]
 253              	.LVL19:
 106:Middlewares/Third_Party/LibJPEG/source/jddctmgr.c ****       break;
 254              		.loc 1 106 0
 255 017a 0023     		movs	r3, #0
 256 017c 0193     		str	r3, [sp, #4]
 257              	.LVL20:
 258              	.L8:
 258:Middlewares/Third_Party/LibJPEG/source/jddctmgr.c ****     }
 259:Middlewares/Third_Party/LibJPEG/source/jddctmgr.c ****     idct->pub.inverse_DCT[ci] = method_ptr;
 259              		.loc 1 259 0
 260 017e 039A     		ldr	r2, [sp, #12]
 261 0180 02EB8B03 		add	r3, r2, fp, lsl #2
 262 0184 0099     		ldr	r1, [sp]
 263 0186 5960     		str	r1, [r3, #4]
 260:Middlewares/Third_Party/LibJPEG/source/jddctmgr.c ****     /* Create multiplier table from quant table.
 261:Middlewares/Third_Party/LibJPEG/source/jddctmgr.c ****      * However, we can skip this if the component is uninteresting
 262:Middlewares/Third_Party/LibJPEG/source/jddctmgr.c ****      * or if we already built the table.  Also, if no quant table
 263:Middlewares/Third_Party/LibJPEG/source/jddctmgr.c ****      * has yet been saved for the component, we leave the
 264:Middlewares/Third_Party/LibJPEG/source/jddctmgr.c ****      * multiplier table all-zero; we'll be reading zeroes from the
 265:Middlewares/Third_Party/LibJPEG/source/jddctmgr.c ****      * coefficient controller's buffer anyway.
 266:Middlewares/Third_Party/LibJPEG/source/jddctmgr.c ****      */
 267:Middlewares/Third_Party/LibJPEG/source/jddctmgr.c ****     if (! compptr->component_needed || idct->cur_method[ci] == method)
 264              		.loc 1 267 0
 265 0188 DAF83430 		ldr	r3, [r10, #52]
 266 018c 002B     		cmp	r3, #0
 267 018e 00F00081 		beq	.L47
 268              		.loc 1 267 0 is_stmt 0 discriminator 1
 269 0192 0BF10A03 		add	r3, fp, #10
 270 0196 02EB8303 		add	r3, r2, r3, lsl #2
 271 019a 5B68     		ldr	r3, [r3, #4]
 272 019c 0199     		ldr	r1, [sp, #4]
ARM GAS  /tmp/ccfzNgg4.s 			page 11


 273 019e 0846     		mov	r0, r1
 274 01a0 8B42     		cmp	r3, r1
 275 01a2 00F0F680 		beq	.L47
 268:Middlewares/Third_Party/LibJPEG/source/jddctmgr.c ****       continue;
 269:Middlewares/Third_Party/LibJPEG/source/jddctmgr.c ****     qtbl = compptr->quant_table;
 276              		.loc 1 269 0 is_stmt 1
 277 01a6 DAF85070 		ldr	r7, [r10, #80]
 278              	.LVL21:
 270:Middlewares/Third_Party/LibJPEG/source/jddctmgr.c ****     if (qtbl == NULL)		/* happens if no data yet for component */
 279              		.loc 1 270 0
 280 01aa 002F     		cmp	r7, #0
 281 01ac 00F0F180 		beq	.L47
 271:Middlewares/Third_Party/LibJPEG/source/jddctmgr.c ****       continue;
 272:Middlewares/Third_Party/LibJPEG/source/jddctmgr.c ****     idct->cur_method[ci] = method;
 282              		.loc 1 272 0
 283 01b0 0BF10A03 		add	r3, fp, #10
 284 01b4 02EB8303 		add	r3, r2, r3, lsl #2
 285 01b8 5960     		str	r1, [r3, #4]
 273:Middlewares/Third_Party/LibJPEG/source/jddctmgr.c ****     switch (method) {
 286              		.loc 1 273 0
 287 01ba 0129     		cmp	r1, #1
 288 01bc 00F02681 		beq	.L49
 289 01c0 0229     		cmp	r1, #2
 290 01c2 00F03781 		beq	.L50
 291 01c6 0029     		cmp	r1, #0
 292 01c8 00F09680 		beq	.L67
 274:Middlewares/Third_Party/LibJPEG/source/jddctmgr.c **** #ifdef PROVIDE_ISLOW_TABLES
 275:Middlewares/Third_Party/LibJPEG/source/jddctmgr.c ****     case JDCT_ISLOW:
 276:Middlewares/Third_Party/LibJPEG/source/jddctmgr.c ****       {
 277:Middlewares/Third_Party/LibJPEG/source/jddctmgr.c **** 	/* For LL&M IDCT method, multipliers are equal to raw quantization
 278:Middlewares/Third_Party/LibJPEG/source/jddctmgr.c **** 	 * coefficients, but are stored as ints to ensure access efficiency.
 279:Middlewares/Third_Party/LibJPEG/source/jddctmgr.c **** 	 */
 280:Middlewares/Third_Party/LibJPEG/source/jddctmgr.c **** 	ISLOW_MULT_TYPE * ismtbl = (ISLOW_MULT_TYPE *) compptr->dct_table;
 281:Middlewares/Third_Party/LibJPEG/source/jddctmgr.c **** 	for (i = 0; i < DCTSIZE2; i++) {
 282:Middlewares/Third_Party/LibJPEG/source/jddctmgr.c **** 	  ismtbl[i] = (ISLOW_MULT_TYPE) qtbl->quantval[i];
 283:Middlewares/Third_Party/LibJPEG/source/jddctmgr.c **** 	}
 284:Middlewares/Third_Party/LibJPEG/source/jddctmgr.c ****       }
 285:Middlewares/Third_Party/LibJPEG/source/jddctmgr.c ****       break;
 286:Middlewares/Third_Party/LibJPEG/source/jddctmgr.c **** #endif
 287:Middlewares/Third_Party/LibJPEG/source/jddctmgr.c **** #ifdef DCT_IFAST_SUPPORTED
 288:Middlewares/Third_Party/LibJPEG/source/jddctmgr.c ****     case JDCT_IFAST:
 289:Middlewares/Third_Party/LibJPEG/source/jddctmgr.c ****       {
 290:Middlewares/Third_Party/LibJPEG/source/jddctmgr.c **** 	/* For AA&N IDCT method, multipliers are equal to quantization
 291:Middlewares/Third_Party/LibJPEG/source/jddctmgr.c **** 	 * coefficients scaled by scalefactor[row]*scalefactor[col], where
 292:Middlewares/Third_Party/LibJPEG/source/jddctmgr.c **** 	 *   scalefactor[0] = 1
 293:Middlewares/Third_Party/LibJPEG/source/jddctmgr.c **** 	 *   scalefactor[k] = cos(k*PI/16) * sqrt(2)    for k=1..7
 294:Middlewares/Third_Party/LibJPEG/source/jddctmgr.c **** 	 * For integer operation, the multiplier table is to be scaled by
 295:Middlewares/Third_Party/LibJPEG/source/jddctmgr.c **** 	 * IFAST_SCALE_BITS.
 296:Middlewares/Third_Party/LibJPEG/source/jddctmgr.c **** 	 */
 297:Middlewares/Third_Party/LibJPEG/source/jddctmgr.c **** 	IFAST_MULT_TYPE * ifmtbl = (IFAST_MULT_TYPE *) compptr->dct_table;
 298:Middlewares/Third_Party/LibJPEG/source/jddctmgr.c **** #define CONST_BITS 14
 299:Middlewares/Third_Party/LibJPEG/source/jddctmgr.c **** 	static const INT16 aanscales[DCTSIZE2] = {
 300:Middlewares/Third_Party/LibJPEG/source/jddctmgr.c **** 	  /* precomputed values scaled up by 14 bits */
 301:Middlewares/Third_Party/LibJPEG/source/jddctmgr.c **** 	  16384, 22725, 21407, 19266, 16384, 12873,  8867,  4520,
 302:Middlewares/Third_Party/LibJPEG/source/jddctmgr.c **** 	  22725, 31521, 29692, 26722, 22725, 17855, 12299,  6270,
 303:Middlewares/Third_Party/LibJPEG/source/jddctmgr.c **** 	  21407, 29692, 27969, 25172, 21407, 16819, 11585,  5906,
 304:Middlewares/Third_Party/LibJPEG/source/jddctmgr.c **** 	  19266, 26722, 25172, 22654, 19266, 15137, 10426,  5315,
ARM GAS  /tmp/ccfzNgg4.s 			page 12


 305:Middlewares/Third_Party/LibJPEG/source/jddctmgr.c **** 	  16384, 22725, 21407, 19266, 16384, 12873,  8867,  4520,
 306:Middlewares/Third_Party/LibJPEG/source/jddctmgr.c **** 	  12873, 17855, 16819, 15137, 12873, 10114,  6967,  3552,
 307:Middlewares/Third_Party/LibJPEG/source/jddctmgr.c **** 	   8867, 12299, 11585, 10426,  8867,  6967,  4799,  2446,
 308:Middlewares/Third_Party/LibJPEG/source/jddctmgr.c **** 	   4520,  6270,  5906,  5315,  4520,  3552,  2446,  1247
 309:Middlewares/Third_Party/LibJPEG/source/jddctmgr.c **** 	};
 310:Middlewares/Third_Party/LibJPEG/source/jddctmgr.c **** 	SHIFT_TEMPS
 311:Middlewares/Third_Party/LibJPEG/source/jddctmgr.c **** 
 312:Middlewares/Third_Party/LibJPEG/source/jddctmgr.c **** 	for (i = 0; i < DCTSIZE2; i++) {
 313:Middlewares/Third_Party/LibJPEG/source/jddctmgr.c **** 	  ifmtbl[i] = (IFAST_MULT_TYPE)
 314:Middlewares/Third_Party/LibJPEG/source/jddctmgr.c **** 	    DESCALE(MULTIPLY16V16((INT32) qtbl->quantval[i],
 315:Middlewares/Third_Party/LibJPEG/source/jddctmgr.c **** 				  (INT32) aanscales[i]),
 316:Middlewares/Third_Party/LibJPEG/source/jddctmgr.c **** 		    CONST_BITS-IFAST_SCALE_BITS);
 317:Middlewares/Third_Party/LibJPEG/source/jddctmgr.c **** 	}
 318:Middlewares/Third_Party/LibJPEG/source/jddctmgr.c ****       }
 319:Middlewares/Third_Party/LibJPEG/source/jddctmgr.c ****       break;
 320:Middlewares/Third_Party/LibJPEG/source/jddctmgr.c **** #endif
 321:Middlewares/Third_Party/LibJPEG/source/jddctmgr.c **** #ifdef DCT_FLOAT_SUPPORTED
 322:Middlewares/Third_Party/LibJPEG/source/jddctmgr.c ****     case JDCT_FLOAT:
 323:Middlewares/Third_Party/LibJPEG/source/jddctmgr.c ****       {
 324:Middlewares/Third_Party/LibJPEG/source/jddctmgr.c **** 	/* For float AA&N IDCT method, multipliers are equal to quantization
 325:Middlewares/Third_Party/LibJPEG/source/jddctmgr.c **** 	 * coefficients scaled by scalefactor[row]*scalefactor[col], where
 326:Middlewares/Third_Party/LibJPEG/source/jddctmgr.c **** 	 *   scalefactor[0] = 1
 327:Middlewares/Third_Party/LibJPEG/source/jddctmgr.c **** 	 *   scalefactor[k] = cos(k*PI/16) * sqrt(2)    for k=1..7
 328:Middlewares/Third_Party/LibJPEG/source/jddctmgr.c **** 	 * We apply a further scale factor of 1/8.
 329:Middlewares/Third_Party/LibJPEG/source/jddctmgr.c **** 	 */
 330:Middlewares/Third_Party/LibJPEG/source/jddctmgr.c **** 	FLOAT_MULT_TYPE * fmtbl = (FLOAT_MULT_TYPE *) compptr->dct_table;
 331:Middlewares/Third_Party/LibJPEG/source/jddctmgr.c **** 	int row, col;
 332:Middlewares/Third_Party/LibJPEG/source/jddctmgr.c **** 	static const double aanscalefactor[DCTSIZE] = {
 333:Middlewares/Third_Party/LibJPEG/source/jddctmgr.c **** 	  1.0, 1.387039845, 1.306562965, 1.175875602,
 334:Middlewares/Third_Party/LibJPEG/source/jddctmgr.c **** 	  1.0, 0.785694958, 0.541196100, 0.275899379
 335:Middlewares/Third_Party/LibJPEG/source/jddctmgr.c **** 	};
 336:Middlewares/Third_Party/LibJPEG/source/jddctmgr.c **** 
 337:Middlewares/Third_Party/LibJPEG/source/jddctmgr.c **** 	i = 0;
 338:Middlewares/Third_Party/LibJPEG/source/jddctmgr.c **** 	for (row = 0; row < DCTSIZE; row++) {
 339:Middlewares/Third_Party/LibJPEG/source/jddctmgr.c **** 	  for (col = 0; col < DCTSIZE; col++) {
 340:Middlewares/Third_Party/LibJPEG/source/jddctmgr.c **** 	    fmtbl[i] = (FLOAT_MULT_TYPE)
 341:Middlewares/Third_Party/LibJPEG/source/jddctmgr.c **** 	      ((double) qtbl->quantval[i] *
 342:Middlewares/Third_Party/LibJPEG/source/jddctmgr.c **** 	       aanscalefactor[row] * aanscalefactor[col] * 0.125);
 343:Middlewares/Third_Party/LibJPEG/source/jddctmgr.c **** 	    i++;
 344:Middlewares/Third_Party/LibJPEG/source/jddctmgr.c **** 	  }
 345:Middlewares/Third_Party/LibJPEG/source/jddctmgr.c **** 	}
 346:Middlewares/Third_Party/LibJPEG/source/jddctmgr.c ****       }
 347:Middlewares/Third_Party/LibJPEG/source/jddctmgr.c ****       break;
 348:Middlewares/Third_Party/LibJPEG/source/jddctmgr.c **** #endif
 349:Middlewares/Third_Party/LibJPEG/source/jddctmgr.c ****     default:
 350:Middlewares/Third_Party/LibJPEG/source/jddctmgr.c ****       ERREXIT(cinfo, JERR_NOT_COMPILED);
 293              		.loc 1 350 0
 294 01cc 0298     		ldr	r0, [sp, #8]
 295 01ce 0368     		ldr	r3, [r0]
 296 01d0 3122     		movs	r2, #49
 297 01d2 5A61     		str	r2, [r3, #20]
 298 01d4 0368     		ldr	r3, [r0]
 299 01d6 1B68     		ldr	r3, [r3]
 300 01d8 9847     		blx	r3
 301              	.LVL22:
 351:Middlewares/Third_Party/LibJPEG/source/jddctmgr.c ****       break;
 302              		.loc 1 351 0
ARM GAS  /tmp/ccfzNgg4.s 			page 13


 303 01da DAE0     		b	.L47
 304              	.LVL23:
 305              	.L13:
 113:Middlewares/Third_Party/LibJPEG/source/jddctmgr.c ****       method = JDCT_ISLOW;	/* jidctint uses islow-style table */
 306              		.loc 1 113 0
 307 01dc 504B     		ldr	r3, .L73+32
 308 01de 0093     		str	r3, [sp]
 114:Middlewares/Third_Party/LibJPEG/source/jddctmgr.c ****       break;
 309              		.loc 1 114 0
 310 01e0 0023     		movs	r3, #0
 311 01e2 0193     		str	r3, [sp, #4]
 115:Middlewares/Third_Party/LibJPEG/source/jddctmgr.c ****     case ((4 << 8) + 4):
 312              		.loc 1 115 0
 313 01e4 CBE7     		b	.L8
 314              	.LVL24:
 315              	.L19:
 121:Middlewares/Third_Party/LibJPEG/source/jddctmgr.c ****       method = JDCT_ISLOW;	/* jidctint uses islow-style table */
 316              		.loc 1 121 0
 317 01e6 4F4B     		ldr	r3, .L73+36
 318 01e8 0093     		str	r3, [sp]
 122:Middlewares/Third_Party/LibJPEG/source/jddctmgr.c ****       break;
 319              		.loc 1 122 0
 320 01ea 0023     		movs	r3, #0
 321 01ec 0193     		str	r3, [sp, #4]
 123:Middlewares/Third_Party/LibJPEG/source/jddctmgr.c ****     case ((6 << 8) + 6):
 322              		.loc 1 123 0
 323 01ee C6E7     		b	.L8
 324              	.LVL25:
 325              	.L21:
 125:Middlewares/Third_Party/LibJPEG/source/jddctmgr.c ****       method = JDCT_ISLOW;	/* jidctint uses islow-style table */
 326              		.loc 1 125 0
 327 01f0 4D4B     		ldr	r3, .L73+40
 328 01f2 0093     		str	r3, [sp]
 126:Middlewares/Third_Party/LibJPEG/source/jddctmgr.c ****       break;
 329              		.loc 1 126 0
 330 01f4 0023     		movs	r3, #0
 331 01f6 0193     		str	r3, [sp, #4]
 127:Middlewares/Third_Party/LibJPEG/source/jddctmgr.c ****     case ((7 << 8) + 7):
 332              		.loc 1 127 0
 333 01f8 C1E7     		b	.L8
 334              	.LVL26:
 335              	.L4:
 129:Middlewares/Third_Party/LibJPEG/source/jddctmgr.c ****       method = JDCT_ISLOW;	/* jidctint uses islow-style table */
 336              		.loc 1 129 0
 337 01fa 4C4B     		ldr	r3, .L73+44
 338 01fc 0093     		str	r3, [sp]
 130:Middlewares/Third_Party/LibJPEG/source/jddctmgr.c ****       break;
 339              		.loc 1 130 0
 340 01fe 0023     		movs	r3, #0
 341 0200 0193     		str	r3, [sp, #4]
 131:Middlewares/Third_Party/LibJPEG/source/jddctmgr.c ****     case ((9 << 8) + 9):
 342              		.loc 1 131 0
 343 0202 BCE7     		b	.L8
 344              	.LVL27:
 345              	.L32:
 137:Middlewares/Third_Party/LibJPEG/source/jddctmgr.c ****       method = JDCT_ISLOW;	/* jidctint uses islow-style table */
 346              		.loc 1 137 0
ARM GAS  /tmp/ccfzNgg4.s 			page 14


 347 0204 4A4B     		ldr	r3, .L73+48
 348 0206 0093     		str	r3, [sp]
 138:Middlewares/Third_Party/LibJPEG/source/jddctmgr.c ****       break;
 349              		.loc 1 138 0
 350 0208 0023     		movs	r3, #0
 351 020a 0193     		str	r3, [sp, #4]
 139:Middlewares/Third_Party/LibJPEG/source/jddctmgr.c ****     case ((11 << 8) + 11):
 352              		.loc 1 139 0
 353 020c B7E7     		b	.L8
 354              	.LVL28:
 355              	.L24:
 141:Middlewares/Third_Party/LibJPEG/source/jddctmgr.c ****       method = JDCT_ISLOW;	/* jidctint uses islow-style table */
 356              		.loc 1 141 0
 357 020e 494B     		ldr	r3, .L73+52
 358 0210 0093     		str	r3, [sp]
 142:Middlewares/Third_Party/LibJPEG/source/jddctmgr.c ****       break;
 359              		.loc 1 142 0
 360 0212 0023     		movs	r3, #0
 361 0214 0193     		str	r3, [sp, #4]
 143:Middlewares/Third_Party/LibJPEG/source/jddctmgr.c ****     case ((12 << 8) + 12):
 362              		.loc 1 143 0
 363 0216 B2E7     		b	.L8
 364              	.LVL29:
 365              	.L36:
 145:Middlewares/Third_Party/LibJPEG/source/jddctmgr.c ****       method = JDCT_ISLOW;	/* jidctint uses islow-style table */
 366              		.loc 1 145 0
 367 0218 474B     		ldr	r3, .L73+56
 368 021a 0093     		str	r3, [sp]
 146:Middlewares/Third_Party/LibJPEG/source/jddctmgr.c ****       break;
 369              		.loc 1 146 0
 370 021c 0023     		movs	r3, #0
 371 021e 0193     		str	r3, [sp, #4]
 147:Middlewares/Third_Party/LibJPEG/source/jddctmgr.c ****     case ((13 << 8) + 13):
 372              		.loc 1 147 0
 373 0220 ADE7     		b	.L8
 374              	.LVL30:
 375              	.L37:
 149:Middlewares/Third_Party/LibJPEG/source/jddctmgr.c ****       method = JDCT_ISLOW;	/* jidctint uses islow-style table */
 376              		.loc 1 149 0
 377 0222 464B     		ldr	r3, .L73+60
 378 0224 0093     		str	r3, [sp]
 150:Middlewares/Third_Party/LibJPEG/source/jddctmgr.c ****       break;
 379              		.loc 1 150 0
 380 0226 0023     		movs	r3, #0
 381 0228 0193     		str	r3, [sp, #4]
 151:Middlewares/Third_Party/LibJPEG/source/jddctmgr.c ****     case ((14 << 8) + 14):
 382              		.loc 1 151 0
 383 022a A8E7     		b	.L8
 384              	.LVL31:
 385              	.L39:
 157:Middlewares/Third_Party/LibJPEG/source/jddctmgr.c ****       method = JDCT_ISLOW;	/* jidctint uses islow-style table */
 386              		.loc 1 157 0
 387 022c 444B     		ldr	r3, .L73+64
 388 022e 0093     		str	r3, [sp]
 158:Middlewares/Third_Party/LibJPEG/source/jddctmgr.c ****       break;
 389              		.loc 1 158 0
 390 0230 0023     		movs	r3, #0
ARM GAS  /tmp/ccfzNgg4.s 			page 15


 391 0232 0193     		str	r3, [sp, #4]
 159:Middlewares/Third_Party/LibJPEG/source/jddctmgr.c ****     case ((16 << 8) + 16):
 392              		.loc 1 159 0
 393 0234 A3E7     		b	.L8
 394              	.LVL32:
 395              	.L42:
 165:Middlewares/Third_Party/LibJPEG/source/jddctmgr.c ****       method = JDCT_ISLOW;	/* jidctint uses islow-style table */
 396              		.loc 1 165 0
 397 0236 434B     		ldr	r3, .L73+68
 398 0238 0093     		str	r3, [sp]
 166:Middlewares/Third_Party/LibJPEG/source/jddctmgr.c ****       break;
 399              		.loc 1 166 0
 400 023a 0023     		movs	r3, #0
 401 023c 0193     		str	r3, [sp, #4]
 167:Middlewares/Third_Party/LibJPEG/source/jddctmgr.c ****     case ((14 << 8) + 7):
 402              		.loc 1 167 0
 403 023e 9EE7     		b	.L8
 404              	.LVL33:
 405              	.L34:
 169:Middlewares/Third_Party/LibJPEG/source/jddctmgr.c ****       method = JDCT_ISLOW;	/* jidctint uses islow-style table */
 406              		.loc 1 169 0
 407 0240 414B     		ldr	r3, .L73+72
 408 0242 0093     		str	r3, [sp]
 170:Middlewares/Third_Party/LibJPEG/source/jddctmgr.c ****       break;
 409              		.loc 1 170 0
 410 0244 0023     		movs	r3, #0
 411 0246 0193     		str	r3, [sp, #4]
 171:Middlewares/Third_Party/LibJPEG/source/jddctmgr.c ****     case ((12 << 8) + 6):
 412              		.loc 1 171 0
 413 0248 99E7     		b	.L8
 414              	.LVL34:
 415              	.L31:
 177:Middlewares/Third_Party/LibJPEG/source/jddctmgr.c ****       method = JDCT_ISLOW;	/* jidctint uses islow-style table */
 416              		.loc 1 177 0
 417 024a 404B     		ldr	r3, .L73+76
 418 024c 0093     		str	r3, [sp]
 178:Middlewares/Third_Party/LibJPEG/source/jddctmgr.c ****       break;
 419              		.loc 1 178 0
 420 024e 0023     		movs	r3, #0
 421 0250 0193     		str	r3, [sp, #4]
 179:Middlewares/Third_Party/LibJPEG/source/jddctmgr.c ****     case ((8 << 8) + 4):
 422              		.loc 1 179 0
 423 0252 94E7     		b	.L8
 424              	.LVL35:
 425              	.L28:
 181:Middlewares/Third_Party/LibJPEG/source/jddctmgr.c ****       method = JDCT_ISLOW;	/* jidctint uses islow-style table */
 426              		.loc 1 181 0
 427 0254 3E4B     		ldr	r3, .L73+80
 428 0256 0093     		str	r3, [sp]
 182:Middlewares/Third_Party/LibJPEG/source/jddctmgr.c ****       break;
 429              		.loc 1 182 0
 430 0258 0023     		movs	r3, #0
 431 025a 0193     		str	r3, [sp, #4]
 183:Middlewares/Third_Party/LibJPEG/source/jddctmgr.c ****     case ((6 << 8) + 3):
 432              		.loc 1 183 0
 433 025c 8FE7     		b	.L8
 434              	.LVL36:
ARM GAS  /tmp/ccfzNgg4.s 			page 16


 435              	.L6:
 189:Middlewares/Third_Party/LibJPEG/source/jddctmgr.c ****       method = JDCT_ISLOW;	/* jidctint uses islow-style table */
 436              		.loc 1 189 0
 437 025e 3D4B     		ldr	r3, .L73+84
 438 0260 0093     		str	r3, [sp]
 190:Middlewares/Third_Party/LibJPEG/source/jddctmgr.c ****       break;
 439              		.loc 1 190 0
 440 0262 0023     		movs	r3, #0
 441 0264 0193     		str	r3, [sp, #4]
 191:Middlewares/Third_Party/LibJPEG/source/jddctmgr.c ****     case ((2 << 8) + 1):
 442              		.loc 1 191 0
 443 0266 8AE7     		b	.L8
 444              	.LVL37:
 445              	.L11:
 193:Middlewares/Third_Party/LibJPEG/source/jddctmgr.c ****       method = JDCT_ISLOW;	/* jidctint uses islow-style table */
 446              		.loc 1 193 0
 447 0268 3B4B     		ldr	r3, .L73+88
 448 026a 0093     		str	r3, [sp]
 194:Middlewares/Third_Party/LibJPEG/source/jddctmgr.c ****       break;
 449              		.loc 1 194 0
 450 026c 0023     		movs	r3, #0
 451 026e 0193     		str	r3, [sp, #4]
 195:Middlewares/Third_Party/LibJPEG/source/jddctmgr.c ****     case ((8 << 8) + 16):
 452              		.loc 1 195 0
 453 0270 85E7     		b	.L8
 454              	.LVL38:
 455              	.L26:
 197:Middlewares/Third_Party/LibJPEG/source/jddctmgr.c ****       method = JDCT_ISLOW;	/* jidctint uses islow-style table */
 456              		.loc 1 197 0
 457 0272 3A4B     		ldr	r3, .L73+92
 458 0274 0093     		str	r3, [sp]
 198:Middlewares/Third_Party/LibJPEG/source/jddctmgr.c ****       break;
 459              		.loc 1 198 0
 460 0276 0023     		movs	r3, #0
 461 0278 0193     		str	r3, [sp, #4]
 199:Middlewares/Third_Party/LibJPEG/source/jddctmgr.c ****     case ((7 << 8) + 14):
 462              		.loc 1 199 0
 463 027a 80E7     		b	.L8
 464              	.LVL39:
 465              	.L22:
 205:Middlewares/Third_Party/LibJPEG/source/jddctmgr.c ****       method = JDCT_ISLOW;	/* jidctint uses islow-style table */
 466              		.loc 1 205 0
 467 027c 384B     		ldr	r3, .L73+96
 468 027e 0093     		str	r3, [sp]
 206:Middlewares/Third_Party/LibJPEG/source/jddctmgr.c ****       break;
 469              		.loc 1 206 0
 470 0280 0023     		movs	r3, #0
 471 0282 0193     		str	r3, [sp, #4]
 207:Middlewares/Third_Party/LibJPEG/source/jddctmgr.c ****     case ((5 << 8) + 10):
 472              		.loc 1 207 0
 473 0284 7BE7     		b	.L8
 474              	.LVL40:
 475              	.L16:
 209:Middlewares/Third_Party/LibJPEG/source/jddctmgr.c ****       method = JDCT_ISLOW;	/* jidctint uses islow-style table */
 476              		.loc 1 209 0
 477 0286 374B     		ldr	r3, .L73+100
 478 0288 0093     		str	r3, [sp]
ARM GAS  /tmp/ccfzNgg4.s 			page 17


 210:Middlewares/Third_Party/LibJPEG/source/jddctmgr.c ****       break;
 479              		.loc 1 210 0
 480 028a 0023     		movs	r3, #0
 481 028c 0193     		str	r3, [sp, #4]
 211:Middlewares/Third_Party/LibJPEG/source/jddctmgr.c ****     case ((4 << 8) + 8):
 482              		.loc 1 211 0
 483 028e 76E7     		b	.L8
 484              	.LVL41:
 485              	.L18:
 213:Middlewares/Third_Party/LibJPEG/source/jddctmgr.c ****       method = JDCT_ISLOW;	/* jidctint uses islow-style table */
 486              		.loc 1 213 0
 487 0290 354B     		ldr	r3, .L73+104
 488 0292 0093     		str	r3, [sp]
 214:Middlewares/Third_Party/LibJPEG/source/jddctmgr.c ****       break;
 489              		.loc 1 214 0
 490 0294 0023     		movs	r3, #0
 491 0296 0193     		str	r3, [sp, #4]
 215:Middlewares/Third_Party/LibJPEG/source/jddctmgr.c ****     case ((3 << 8) + 6):
 492              		.loc 1 215 0
 493 0298 71E7     		b	.L8
 494              	.LVL42:
 495              	.L14:
 217:Middlewares/Third_Party/LibJPEG/source/jddctmgr.c ****       method = JDCT_ISLOW;	/* jidctint uses islow-style table */
 496              		.loc 1 217 0
 497 029a 344B     		ldr	r3, .L73+108
 498 029c 0093     		str	r3, [sp]
 218:Middlewares/Third_Party/LibJPEG/source/jddctmgr.c ****       break;
 499              		.loc 1 218 0
 500 029e 0023     		movs	r3, #0
 501 02a0 0193     		str	r3, [sp, #4]
 219:Middlewares/Third_Party/LibJPEG/source/jddctmgr.c ****     case ((2 << 8) + 4):
 502              		.loc 1 219 0
 503 02a2 6CE7     		b	.L8
 504              	.LVL43:
 505              	.L10:
 225:Middlewares/Third_Party/LibJPEG/source/jddctmgr.c ****       method = JDCT_ISLOW;	/* jidctint uses islow-style table */
 506              		.loc 1 225 0
 507 02a4 324B     		ldr	r3, .L73+112
 508 02a6 0093     		str	r3, [sp]
 226:Middlewares/Third_Party/LibJPEG/source/jddctmgr.c ****       break;
 509              		.loc 1 226 0
 510 02a8 0023     		movs	r3, #0
 511 02aa 0193     		str	r3, [sp, #4]
 227:Middlewares/Third_Party/LibJPEG/source/jddctmgr.c **** #endif
 512              		.loc 1 227 0
 513 02ac 67E7     		b	.L8
 514              	.LVL44:
 515              	.L29:
 230:Middlewares/Third_Party/LibJPEG/source/jddctmgr.c **** #ifdef DCT_ISLOW_SUPPORTED
 516              		.loc 1 230 0
 517 02ae 029B     		ldr	r3, [sp, #8]
 518 02b0 93F84830 		ldrb	r3, [r3, #72]	@ zero_extendqisi2
 519 02b4 012B     		cmp	r3, #1
 520 02b6 1AD0     		beq	.L61
 521 02b8 53B1     		cbz	r3, .L45
 522 02ba 022B     		cmp	r3, #2
 523 02bc 0DD0     		beq	.L46
ARM GAS  /tmp/ccfzNgg4.s 			page 18


 250:Middlewares/Third_Party/LibJPEG/source/jddctmgr.c **** 	break;
 524              		.loc 1 250 0
 525 02be 0299     		ldr	r1, [sp, #8]
 526 02c0 0846     		mov	r0, r1
 527 02c2 0B68     		ldr	r3, [r1]
 528 02c4 3122     		movs	r2, #49
 529 02c6 5A61     		str	r2, [r3, #20]
 530 02c8 0B68     		ldr	r3, [r1]
 531 02ca 1B68     		ldr	r3, [r3]
 532 02cc 9847     		blx	r3
 533              	.LVL45:
 251:Middlewares/Third_Party/LibJPEG/source/jddctmgr.c ****       }
 534              		.loc 1 251 0
 535 02ce 56E7     		b	.L8
 536              	.L45:
 233:Middlewares/Third_Party/LibJPEG/source/jddctmgr.c **** 	method = JDCT_ISLOW;
 537              		.loc 1 233 0
 538 02d0 284B     		ldr	r3, .L73+116
 539 02d2 0093     		str	r3, [sp]
 540              	.LVL46:
 234:Middlewares/Third_Party/LibJPEG/source/jddctmgr.c **** 	break;
 541              		.loc 1 234 0
 542 02d4 0023     		movs	r3, #0
 543 02d6 0193     		str	r3, [sp, #4]
 544              	.LVL47:
 545 02d8 51E7     		b	.L8
 546              	.LVL48:
 547              	.L46:
 245:Middlewares/Third_Party/LibJPEG/source/jddctmgr.c **** 	method = JDCT_FLOAT;
 548              		.loc 1 245 0
 549 02da 274B     		ldr	r3, .L73+120
 550 02dc 0093     		str	r3, [sp]
 246:Middlewares/Third_Party/LibJPEG/source/jddctmgr.c **** 	break;
 551              		.loc 1 246 0
 552 02de 0223     		movs	r3, #2
 553 02e0 0193     		str	r3, [sp, #4]
 247:Middlewares/Third_Party/LibJPEG/source/jddctmgr.c **** #endif
 554              		.loc 1 247 0
 555 02e2 4CE7     		b	.L8
 556              	.LVL49:
 557              	.L60:
 109:Middlewares/Third_Party/LibJPEG/source/jddctmgr.c ****       method = JDCT_ISLOW;	/* jidctint uses islow-style table */
 558              		.loc 1 109 0
 559 02e4 254B     		ldr	r3, .L73+124
 560 02e6 0093     		str	r3, [sp]
 561              	.LVL50:
 110:Middlewares/Third_Party/LibJPEG/source/jddctmgr.c ****       break;
 562              		.loc 1 110 0
 563 02e8 0023     		movs	r3, #0
 564 02ea 0193     		str	r3, [sp, #4]
 565              	.LVL51:
 566 02ec 47E7     		b	.L8
 567              	.LVL52:
 568              	.L61:
 239:Middlewares/Third_Party/LibJPEG/source/jddctmgr.c **** 	method = JDCT_IFAST;
 569              		.loc 1 239 0
 570 02ee 244B     		ldr	r3, .L73+128
ARM GAS  /tmp/ccfzNgg4.s 			page 19


 571 02f0 0093     		str	r3, [sp]
 572              	.LVL53:
 240:Middlewares/Third_Party/LibJPEG/source/jddctmgr.c **** 	break;
 573              		.loc 1 240 0
 574 02f2 0123     		movs	r3, #1
 575 02f4 0193     		str	r3, [sp, #4]
 576              	.LVL54:
 577 02f6 42E7     		b	.L8
 578              	.LVL55:
 579              	.L67:
 580              	.LBB2:
 280:Middlewares/Third_Party/LibJPEG/source/jddctmgr.c **** 	for (i = 0; i < DCTSIZE2; i++) {
 581              		.loc 1 280 0
 582 02f8 DAF85410 		ldr	r1, [r10, #84]
 583              	.LVL56:
 281:Middlewares/Third_Party/LibJPEG/source/jddctmgr.c **** 	  ismtbl[i] = (ISLOW_MULT_TYPE) qtbl->quantval[i];
 584              		.loc 1 281 0
 585 02fc 0346     		mov	r3, r0
 586 02fe 46E0     		b	.L52
 587              	.L74:
 588              		.align	2
 589              	.L73:
 590 0300 00000000 		.word	jpeg_idct_2x4
 591 0304 00000000 		.word	jpeg_idct_4x4
 592 0308 00000000 		.word	jpeg_idct_6x3
 593 030c 00000000 		.word	jpeg_idct_7x14
 594 0310 00000000 		.word	jpeg_idct_9x9
 595 0314 00000000 		.word	jpeg_idct_12x6
 596 0318 00000000 		.word	jpeg_idct_14x14
 597 031c 00000000 		.word	jpeg_idct_1x1
 598 0320 00000000 		.word	jpeg_idct_3x3
 599 0324 00000000 		.word	jpeg_idct_5x5
 600 0328 00000000 		.word	jpeg_idct_6x6
 601 032c 00000000 		.word	jpeg_idct_7x7
 602 0330 00000000 		.word	jpeg_idct_10x10
 603 0334 00000000 		.word	jpeg_idct_11x11
 604 0338 00000000 		.word	jpeg_idct_12x12
 605 033c 00000000 		.word	jpeg_idct_13x13
 606 0340 00000000 		.word	jpeg_idct_15x15
 607 0344 00000000 		.word	jpeg_idct_16x8
 608 0348 00000000 		.word	jpeg_idct_14x7
 609 034c 00000000 		.word	jpeg_idct_10x5
 610 0350 00000000 		.word	jpeg_idct_8x4
 611 0354 00000000 		.word	jpeg_idct_4x2
 612 0358 00000000 		.word	jpeg_idct_2x1
 613 035c 00000000 		.word	jpeg_idct_8x16
 614 0360 00000000 		.word	jpeg_idct_6x12
 615 0364 00000000 		.word	jpeg_idct_5x10
 616 0368 00000000 		.word	jpeg_idct_4x8
 617 036c 00000000 		.word	jpeg_idct_3x6
 618 0370 00000000 		.word	jpeg_idct_1x2
 619 0374 00000000 		.word	jpeg_idct_islow
 620 0378 00000000 		.word	jpeg_idct_float
 621 037c 00000000 		.word	jpeg_idct_2x2
 622 0380 00000000 		.word	jpeg_idct_ifast
 623              	.LVL57:
 624              	.L53:
ARM GAS  /tmp/ccfzNgg4.s 			page 20


 282:Middlewares/Third_Party/LibJPEG/source/jddctmgr.c **** 	}
 625              		.loc 1 282 0 discriminator 3
 626 0384 37F81320 		ldrh	r2, [r7, r3, lsl #1]
 627 0388 41F82320 		str	r2, [r1, r3, lsl #2]
 281:Middlewares/Third_Party/LibJPEG/source/jddctmgr.c **** 	  ismtbl[i] = (ISLOW_MULT_TYPE) qtbl->quantval[i];
 628              		.loc 1 281 0 discriminator 3
 629 038c 0133     		adds	r3, r3, #1
 630              	.LVL58:
 631              	.L52:
 281:Middlewares/Third_Party/LibJPEG/source/jddctmgr.c **** 	  ismtbl[i] = (ISLOW_MULT_TYPE) qtbl->quantval[i];
 632              		.loc 1 281 0 is_stmt 0 discriminator 1
 633 038e 3F2B     		cmp	r3, #63
 634 0390 F8DD     		ble	.L53
 635              	.LVL59:
 636              	.L47:
 637              	.LBE2:
 100:Middlewares/Third_Party/LibJPEG/source/jddctmgr.c ****     /* Select the proper IDCT routine for this component's scaling */
 638              		.loc 1 100 0 is_stmt 1
 639 0392 0BF1010B 		add	fp, fp, #1
 640              	.LVL60:
 641 0396 0AF1580A 		add	r10, r10, #88
 642              	.LVL61:
 643              	.L2:
  99:Middlewares/Third_Party/LibJPEG/source/jddctmgr.c ****        ci++, compptr++) {
 644              		.loc 1 99 0 discriminator 1
 645 039a 029B     		ldr	r3, [sp, #8]
 646 039c 5B6A     		ldr	r3, [r3, #36]
 647 039e 5B45     		cmp	r3, fp
 648 03a0 74DD     		ble	.L68
 102:Middlewares/Third_Party/LibJPEG/source/jddctmgr.c **** #ifdef IDCT_SCALING_SUPPORTED
 649              		.loc 1 102 0
 650 03a2 DAF82420 		ldr	r2, [r10, #36]
 651 03a6 DAF82830 		ldr	r3, [r10, #40]
 652 03aa 03EB0223 		add	r3, r3, r2, lsl #8
 653 03ae 40F20772 		movw	r2, #1799
 654 03b2 9342     		cmp	r3, r2
 655 03b4 3FF421AF 		beq	.L4
 656 03b8 B3F5E16F 		cmp	r3, #1800
 657 03bc FFF62EAE 		blt	.L69
 658 03c0 40F60B32 		movw	r2, #2827
 659 03c4 9342     		cmp	r3, r2
 660 03c6 3FF422AF 		beq	.L24
 661 03ca 7FF78EAE 		ble	.L70
 662 03ce 40F60762 		movw	r2, #3591
 663 03d2 9342     		cmp	r3, r2
 664 03d4 3FF434AF 		beq	.L34
 665 03d8 7FF7B1AE 		ble	.L71
 666 03dc 40F60F72 		movw	r2, #3855
 667 03e0 9342     		cmp	r3, r2
 668 03e2 3FF423AF 		beq	.L39
 669 03e6 B3F5716F 		cmp	r3, #3856
 670 03ea FFF6BAAE 		blt	.L72
 671 03ee 41F20802 		movw	r2, #4104
 672 03f2 9342     		cmp	r3, r2
 673 03f4 3FF41FAF 		beq	.L42
 674 03f8 41F21002 		movw	r2, #4112
 675 03fc 9342     		cmp	r3, r2
ARM GAS  /tmp/ccfzNgg4.s 			page 21


 676 03fe 7FF427AE 		bne	.L3
 677              	.LVL62:
 161:Middlewares/Third_Party/LibJPEG/source/jddctmgr.c ****       method = JDCT_ISLOW;	/* jidctint uses islow-style table */
 678              		.loc 1 161 0
 679 0402 244B     		ldr	r3, .L75
 680 0404 0093     		str	r3, [sp]
 162:Middlewares/Third_Party/LibJPEG/source/jddctmgr.c ****       break;
 681              		.loc 1 162 0
 682 0406 0023     		movs	r3, #0
 683 0408 0193     		str	r3, [sp, #4]
 163:Middlewares/Third_Party/LibJPEG/source/jddctmgr.c ****     case ((16 << 8) + 8):
 684              		.loc 1 163 0
 685 040a B8E6     		b	.L8
 686              	.LVL63:
 687              	.L49:
 688              	.LBB3:
 297:Middlewares/Third_Party/LibJPEG/source/jddctmgr.c **** #define CONST_BITS 14
 689              		.loc 1 297 0
 690 040c DAF85400 		ldr	r0, [r10, #84]
 691              	.LVL64:
 312:Middlewares/Third_Party/LibJPEG/source/jddctmgr.c **** 	  ifmtbl[i] = (IFAST_MULT_TYPE)
 692              		.loc 1 312 0
 693 0410 0021     		movs	r1, #0
 694              	.LVL65:
 695 0412 0CE0     		b	.L54
 696              	.LVL66:
 697              	.L55:
 314:Middlewares/Third_Party/LibJPEG/source/jddctmgr.c **** 				  (INT32) aanscales[i]),
 698              		.loc 1 314 0 discriminator 3
 699 0414 37F81120 		ldrh	r2, [r7, r1, lsl #1]
 700 0418 1F4B     		ldr	r3, .L75+4
 701 041a 33F91130 		ldrsh	r3, [r3, r1, lsl #1]
 702 041e 03FB02F3 		mul	r3, r3, r2
 703 0422 03F50063 		add	r3, r3, #2048
 704 0426 1B13     		asrs	r3, r3, #12
 313:Middlewares/Third_Party/LibJPEG/source/jddctmgr.c **** 	    DESCALE(MULTIPLY16V16((INT32) qtbl->quantval[i],
 705              		.loc 1 313 0 discriminator 3
 706 0428 40F82130 		str	r3, [r0, r1, lsl #2]
 312:Middlewares/Third_Party/LibJPEG/source/jddctmgr.c **** 	  ifmtbl[i] = (IFAST_MULT_TYPE)
 707              		.loc 1 312 0 discriminator 3
 708 042c 0131     		adds	r1, r1, #1
 709              	.LVL67:
 710              	.L54:
 312:Middlewares/Third_Party/LibJPEG/source/jddctmgr.c **** 	  ifmtbl[i] = (IFAST_MULT_TYPE)
 711              		.loc 1 312 0 is_stmt 0 discriminator 1
 712 042e 3F29     		cmp	r1, #63
 713 0430 F0DD     		ble	.L55
 714 0432 AEE7     		b	.L47
 715              	.LVL68:
 716              	.L50:
 717              	.LBE3:
 718              	.LBB4:
 330:Middlewares/Third_Party/LibJPEG/source/jddctmgr.c **** 	int row, col;
 719              		.loc 1 330 0 is_stmt 1
 720 0434 DAF85490 		ldr	r9, [r10, #84]
 721              	.LVL69:
 338:Middlewares/Third_Party/LibJPEG/source/jddctmgr.c **** 	  for (col = 0; col < DCTSIZE; col++) {
ARM GAS  /tmp/ccfzNgg4.s 			page 22


 722              		.loc 1 338 0
 723 0438 4FF00008 		mov	r8, #0
 337:Middlewares/Third_Party/LibJPEG/source/jddctmgr.c **** 	for (row = 0; row < DCTSIZE; row++) {
 724              		.loc 1 337 0
 725 043c 4646     		mov	r6, r8
 338:Middlewares/Third_Party/LibJPEG/source/jddctmgr.c **** 	  for (col = 0; col < DCTSIZE; col++) {
 726              		.loc 1 338 0
 727 043e 20E0     		b	.L56
 728              	.LVL70:
 729              	.L57:
 341:Middlewares/Third_Party/LibJPEG/source/jddctmgr.c **** 	       aanscalefactor[row] * aanscalefactor[col] * 0.125);
 730              		.loc 1 341 0 discriminator 3
 731 0440 37F81600 		ldrh	r0, [r7, r6, lsl #1]
 732 0444 FFF7FEFF 		bl	__aeabi_ui2d
 733              	.LVL71:
 342:Middlewares/Third_Party/LibJPEG/source/jddctmgr.c **** 	    i++;
 734              		.loc 1 342 0 discriminator 3
 735 0448 144C     		ldr	r4, .L75+8
 736 044a 04EBC803 		add	r3, r4, r8, lsl #3
 341:Middlewares/Third_Party/LibJPEG/source/jddctmgr.c **** 	       aanscalefactor[row] * aanscalefactor[col] * 0.125);
 737              		.loc 1 341 0 discriminator 3
 738 044e D3E90023 		ldrd	r2, [r3]
 739 0452 FFF7FEFF 		bl	__aeabi_dmul
 740              	.LVL72:
 342:Middlewares/Third_Party/LibJPEG/source/jddctmgr.c **** 	    i++;
 741              		.loc 1 342 0 discriminator 3
 742 0456 04EBC504 		add	r4, r4, r5, lsl #3
 743 045a D4E90023 		ldrd	r2, [r4]
 744 045e FFF7FEFF 		bl	__aeabi_dmul
 745              	.LVL73:
 746 0462 0022     		movs	r2, #0
 747 0464 4FF07F53 		mov	r3, #1069547520
 748 0468 FFF7FEFF 		bl	__aeabi_dmul
 749              	.LVL74:
 340:Middlewares/Third_Party/LibJPEG/source/jddctmgr.c **** 	      ((double) qtbl->quantval[i] *
 750              		.loc 1 340 0 discriminator 3
 751 046c 09EB8604 		add	r4, r9, r6, lsl #2
 752 0470 FFF7FEFF 		bl	__aeabi_d2f
 753              	.LVL75:
 754 0474 2060     		str	r0, [r4]	@ float
 343:Middlewares/Third_Party/LibJPEG/source/jddctmgr.c **** 	  }
 755              		.loc 1 343 0 discriminator 3
 756 0476 0136     		adds	r6, r6, #1
 757              	.LVL76:
 339:Middlewares/Third_Party/LibJPEG/source/jddctmgr.c **** 	    fmtbl[i] = (FLOAT_MULT_TYPE)
 758              		.loc 1 339 0 discriminator 3
 759 0478 0135     		adds	r5, r5, #1
 760              	.LVL77:
 761              	.L58:
 339:Middlewares/Third_Party/LibJPEG/source/jddctmgr.c **** 	    fmtbl[i] = (FLOAT_MULT_TYPE)
 762              		.loc 1 339 0 is_stmt 0 discriminator 1
 763 047a 072D     		cmp	r5, #7
 764 047c E0DD     		ble	.L57
 338:Middlewares/Third_Party/LibJPEG/source/jddctmgr.c **** 	  for (col = 0; col < DCTSIZE; col++) {
 765              		.loc 1 338 0 is_stmt 1 discriminator 2
 766 047e 08F10108 		add	r8, r8, #1
 767              	.LVL78:
ARM GAS  /tmp/ccfzNgg4.s 			page 23


 768              	.L56:
 338:Middlewares/Third_Party/LibJPEG/source/jddctmgr.c **** 	  for (col = 0; col < DCTSIZE; col++) {
 769              		.loc 1 338 0 is_stmt 0 discriminator 1
 770 0482 B8F1070F 		cmp	r8, #7
 771 0486 84DC     		bgt	.L47
 339:Middlewares/Third_Party/LibJPEG/source/jddctmgr.c **** 	    fmtbl[i] = (FLOAT_MULT_TYPE)
 772              		.loc 1 339 0 is_stmt 1
 773 0488 0025     		movs	r5, #0
 774 048a F6E7     		b	.L58
 775              	.LVL79:
 776              	.L68:
 777              	.LBE4:
 352:Middlewares/Third_Party/LibJPEG/source/jddctmgr.c ****     }
 353:Middlewares/Third_Party/LibJPEG/source/jddctmgr.c ****   }
 354:Middlewares/Third_Party/LibJPEG/source/jddctmgr.c **** }
 778              		.loc 1 354 0
 779 048c 05B0     		add	sp, sp, #20
 780              	.LCFI2:
 781              		.cfi_def_cfa_offset 36
 782              	.LVL80:
 783              		@ sp needed
 784 048e BDE8F08F 		pop	{r4, r5, r6, r7, r8, r9, r10, fp, pc}
 785              	.LVL81:
 786              	.L76:
 787 0492 00BF     		.align	2
 788              	.L75:
 789 0494 00000000 		.word	jpeg_idct_16x16
 790 0498 00000000 		.word	.LANCHOR0
 791 049c 00000000 		.word	.LANCHOR1
 792              		.cfi_endproc
 793              	.LFE3:
 795              		.section	.text.jinit_inverse_dct,"ax",%progbits
 796              		.align	1
 797              		.global	jinit_inverse_dct
 798              		.syntax unified
 799              		.thumb
 800              		.thumb_func
 801              		.fpu fpv5-sp-d16
 803              	jinit_inverse_dct:
 804              	.LFB4:
 355:Middlewares/Third_Party/LibJPEG/source/jddctmgr.c **** 
 356:Middlewares/Third_Party/LibJPEG/source/jddctmgr.c **** 
 357:Middlewares/Third_Party/LibJPEG/source/jddctmgr.c **** /*
 358:Middlewares/Third_Party/LibJPEG/source/jddctmgr.c ****  * Initialize IDCT manager.
 359:Middlewares/Third_Party/LibJPEG/source/jddctmgr.c ****  */
 360:Middlewares/Third_Party/LibJPEG/source/jddctmgr.c **** 
 361:Middlewares/Third_Party/LibJPEG/source/jddctmgr.c **** GLOBAL(void)
 362:Middlewares/Third_Party/LibJPEG/source/jddctmgr.c **** jinit_inverse_dct (j_decompress_ptr cinfo)
 363:Middlewares/Third_Party/LibJPEG/source/jddctmgr.c **** {
 805              		.loc 1 363 0
 806              		.cfi_startproc
 807              		@ args = 0, pretend = 0, frame = 0
 808              		@ frame_needed = 0, uses_anonymous_args = 0
 809              	.LVL82:
 810 0000 F8B5     		push	{r3, r4, r5, r6, r7, lr}
 811              	.LCFI3:
 812              		.cfi_def_cfa_offset 24
ARM GAS  /tmp/ccfzNgg4.s 			page 24


 813              		.cfi_offset 3, -24
 814              		.cfi_offset 4, -20
 815              		.cfi_offset 5, -16
 816              		.cfi_offset 6, -12
 817              		.cfi_offset 7, -8
 818              		.cfi_offset 14, -4
 819 0002 0546     		mov	r5, r0
 364:Middlewares/Third_Party/LibJPEG/source/jddctmgr.c ****   my_idct_ptr idct;
 365:Middlewares/Third_Party/LibJPEG/source/jddctmgr.c ****   int ci;
 366:Middlewares/Third_Party/LibJPEG/source/jddctmgr.c ****   jpeg_component_info *compptr;
 367:Middlewares/Third_Party/LibJPEG/source/jddctmgr.c **** 
 368:Middlewares/Third_Party/LibJPEG/source/jddctmgr.c ****   idct = (my_idct_ptr)
 369:Middlewares/Third_Party/LibJPEG/source/jddctmgr.c ****     (*cinfo->mem->alloc_small) ((j_common_ptr) cinfo, JPOOL_IMAGE,
 820              		.loc 1 369 0
 821 0004 4368     		ldr	r3, [r0, #4]
 822 0006 1B68     		ldr	r3, [r3]
 368:Middlewares/Third_Party/LibJPEG/source/jddctmgr.c ****     (*cinfo->mem->alloc_small) ((j_common_ptr) cinfo, JPOOL_IMAGE,
 823              		.loc 1 368 0
 824 0008 5422     		movs	r2, #84
 825 000a 0121     		movs	r1, #1
 826 000c 9847     		blx	r3
 827              	.LVL83:
 828 000e 0746     		mov	r7, r0
 829              	.LVL84:
 370:Middlewares/Third_Party/LibJPEG/source/jddctmgr.c **** 				SIZEOF(my_idct_controller));
 371:Middlewares/Third_Party/LibJPEG/source/jddctmgr.c ****   cinfo->idct = (struct jpeg_inverse_dct *) idct;
 830              		.loc 1 371 0
 831 0010 C5F8D401 		str	r0, [r5, #468]
 372:Middlewares/Third_Party/LibJPEG/source/jddctmgr.c ****   idct->pub.start_pass = start_pass;
 832              		.loc 1 372 0
 833 0014 0F4B     		ldr	r3, .L81
 834 0016 0360     		str	r3, [r0]
 835              	.LVL85:
 373:Middlewares/Third_Party/LibJPEG/source/jddctmgr.c **** 
 374:Middlewares/Third_Party/LibJPEG/source/jddctmgr.c ****   for (ci = 0, compptr = cinfo->comp_info; ci < cinfo->num_components;
 836              		.loc 1 374 0
 837 0018 D5F8D860 		ldr	r6, [r5, #216]
 838              	.LVL86:
 839 001c 0024     		movs	r4, #0
 840 001e 15E0     		b	.L78
 841              	.LVL87:
 842              	.L79:
 375:Middlewares/Third_Party/LibJPEG/source/jddctmgr.c ****        ci++, compptr++) {
 376:Middlewares/Third_Party/LibJPEG/source/jddctmgr.c ****     /* Allocate and pre-zero a multiplier table for each component */
 377:Middlewares/Third_Party/LibJPEG/source/jddctmgr.c ****     compptr->dct_table =
 378:Middlewares/Third_Party/LibJPEG/source/jddctmgr.c ****       (*cinfo->mem->alloc_small) ((j_common_ptr) cinfo, JPOOL_IMAGE,
 843              		.loc 1 378 0
 844 0020 6B68     		ldr	r3, [r5, #4]
 845 0022 1B68     		ldr	r3, [r3]
 846 0024 4FF48072 		mov	r2, #256
 847 0028 0121     		movs	r1, #1
 848 002a 2846     		mov	r0, r5
 849 002c 9847     		blx	r3
 850              	.LVL88:
 377:Middlewares/Third_Party/LibJPEG/source/jddctmgr.c ****       (*cinfo->mem->alloc_small) ((j_common_ptr) cinfo, JPOOL_IMAGE,
 851              		.loc 1 377 0
 852 002e 7065     		str	r0, [r6, #84]
ARM GAS  /tmp/ccfzNgg4.s 			page 25


 379:Middlewares/Third_Party/LibJPEG/source/jddctmgr.c **** 				  SIZEOF(multiplier_table));
 380:Middlewares/Third_Party/LibJPEG/source/jddctmgr.c ****     MEMZERO(compptr->dct_table, SIZEOF(multiplier_table));
 853              		.loc 1 380 0
 854 0030 4FF48072 		mov	r2, #256
 855 0034 0021     		movs	r1, #0
 856 0036 FFF7FEFF 		bl	memset
 857              	.LVL89:
 381:Middlewares/Third_Party/LibJPEG/source/jddctmgr.c ****     /* Mark multiplier table not yet set up for any method */
 382:Middlewares/Third_Party/LibJPEG/source/jddctmgr.c ****     idct->cur_method[ci] = -1;
 858              		.loc 1 382 0
 859 003a 04F10A03 		add	r3, r4, #10
 860 003e 07EB8303 		add	r3, r7, r3, lsl #2
 861 0042 4FF0FF32 		mov	r2, #-1
 862 0046 5A60     		str	r2, [r3, #4]
 375:Middlewares/Third_Party/LibJPEG/source/jddctmgr.c ****     /* Allocate and pre-zero a multiplier table for each component */
 863              		.loc 1 375 0
 864 0048 0134     		adds	r4, r4, #1
 865              	.LVL90:
 866 004a 5836     		adds	r6, r6, #88
 867              	.LVL91:
 868              	.L78:
 374:Middlewares/Third_Party/LibJPEG/source/jddctmgr.c ****        ci++, compptr++) {
 869              		.loc 1 374 0 discriminator 1
 870 004c 6B6A     		ldr	r3, [r5, #36]
 871 004e A342     		cmp	r3, r4
 872 0050 E6DC     		bgt	.L79
 383:Middlewares/Third_Party/LibJPEG/source/jddctmgr.c ****   }
 384:Middlewares/Third_Party/LibJPEG/source/jddctmgr.c **** }
 873              		.loc 1 384 0
 874 0052 F8BD     		pop	{r3, r4, r5, r6, r7, pc}
 875              	.LVL92:
 876              	.L82:
 877              		.align	2
 878              	.L81:
 879 0054 00000000 		.word	start_pass
 880              		.cfi_endproc
 881              	.LFE4:
 883              		.section	.rodata.aanscalefactor.8426,"a",%progbits
 884              		.align	3
 885              		.set	.LANCHOR1,. + 0
 888              	aanscalefactor.8426:
 889 0000 00000000 		.word	0
 890 0004 0000F03F 		.word	1072693248
 891 0008 EF6148B1 		.word	2974310895
 892 000c 5031F63F 		.word	1073099088
 893 0010 CA6F4D91 		.word	2437771210
 894 0014 AEE7F43F 		.word	1073014702
 895 0018 AA116CEF 		.word	4016837034
 896 001c 62D0F23F 		.word	1072877666
 897 0020 00000000 		.word	0
 898 0024 0000F03F 		.word	1072693248
 899 0028 3BBFA7C0 		.word	3232218939
 900 002c 6924E93F 		.word	1072243817
 901 0030 BB20C77B 		.word	2076647611
 902 0034 7A51E13F 		.word	1071731066
 903 0038 5DAB72DE 		.word	3732056925
 904 003c 55A8D13F 		.word	1070704725
ARM GAS  /tmp/ccfzNgg4.s 			page 26


 905              		.section	.rodata.aanscales.8418,"a",%progbits
 906              		.align	2
 907              		.set	.LANCHOR0,. + 0
 910              	aanscales.8418:
 911 0000 0040     		.short	16384
 912 0002 C558     		.short	22725
 913 0004 9F53     		.short	21407
 914 0006 424B     		.short	19266
 915 0008 0040     		.short	16384
 916 000a 4932     		.short	12873
 917 000c A322     		.short	8867
 918 000e A811     		.short	4520
 919 0010 C558     		.short	22725
 920 0012 217B     		.short	31521
 921 0014 FC73     		.short	29692
 922 0016 6268     		.short	26722
 923 0018 C558     		.short	22725
 924 001a BF45     		.short	17855
 925 001c 0B30     		.short	12299
 926 001e 7E18     		.short	6270
 927 0020 9F53     		.short	21407
 928 0022 FC73     		.short	29692
 929 0024 416D     		.short	27969
 930 0026 5462     		.short	25172
 931 0028 9F53     		.short	21407
 932 002a B341     		.short	16819
 933 002c 412D     		.short	11585
 934 002e 1217     		.short	5906
 935 0030 424B     		.short	19266
 936 0032 6268     		.short	26722
 937 0034 5462     		.short	25172
 938 0036 7E58     		.short	22654
 939 0038 424B     		.short	19266
 940 003a 213B     		.short	15137
 941 003c BA28     		.short	10426
 942 003e C314     		.short	5315
 943 0040 0040     		.short	16384
 944 0042 C558     		.short	22725
 945 0044 9F53     		.short	21407
 946 0046 424B     		.short	19266
 947 0048 0040     		.short	16384
 948 004a 4932     		.short	12873
 949 004c A322     		.short	8867
 950 004e A811     		.short	4520
 951 0050 4932     		.short	12873
 952 0052 BF45     		.short	17855
 953 0054 B341     		.short	16819
 954 0056 213B     		.short	15137
 955 0058 4932     		.short	12873
 956 005a 8227     		.short	10114
 957 005c 371B     		.short	6967
 958 005e E00D     		.short	3552
 959 0060 A322     		.short	8867
 960 0062 0B30     		.short	12299
 961 0064 412D     		.short	11585
 962 0066 BA28     		.short	10426
 963 0068 A322     		.short	8867
ARM GAS  /tmp/ccfzNgg4.s 			page 27


 964 006a 371B     		.short	6967
 965 006c BF12     		.short	4799
 966 006e 8E09     		.short	2446
 967 0070 A811     		.short	4520
 968 0072 7E18     		.short	6270
 969 0074 1217     		.short	5906
 970 0076 C314     		.short	5315
 971 0078 A811     		.short	4520
 972 007a E00D     		.short	3552
 973 007c 8E09     		.short	2446
 974 007e DF04     		.short	1247
 975              		.text
 976              	.Letext0:
 977              		.file 2 "/home/jaxc/opt/gcc-arm-none-eabi-7-2018-q2-update/lib/gcc/arm-none-eabi/7.3.1/include/std
 978              		.file 3 "/home/jaxc/opt/gcc-arm-none-eabi-7-2018-q2-update/arm-none-eabi/include/sys/lock.h"
 979              		.file 4 "/home/jaxc/opt/gcc-arm-none-eabi-7-2018-q2-update/arm-none-eabi/include/sys/_types.h"
 980              		.file 5 "/home/jaxc/opt/gcc-arm-none-eabi-7-2018-q2-update/arm-none-eabi/include/sys/reent.h"
 981              		.file 6 "/home/jaxc/opt/gcc-arm-none-eabi-7-2018-q2-update/arm-none-eabi/include/stdlib.h"
 982              		.file 7 "Inc/jmorecfg.h"
 983              		.file 8 "Middlewares/Third_Party/LibJPEG/include/jpeglib.h"
 984              		.file 9 "Middlewares/Third_Party/LibJPEG/include/jpegint.h"
 985              		.file 10 "Middlewares/Third_Party/LibJPEG/include/jerror.h"
 986              		.file 11 "Middlewares/Third_Party/LibJPEG/include/jdct.h"
 987              		.file 12 "<built-in>"
ARM GAS  /tmp/ccfzNgg4.s 			page 28


DEFINED SYMBOLS
                            *ABS*:0000000000000000 jddctmgr.c
     /tmp/ccfzNgg4.s:21     .text.start_pass:0000000000000000 $t
     /tmp/ccfzNgg4.s:27     .text.start_pass:0000000000000000 start_pass
     /tmp/ccfzNgg4.s:590    .text.start_pass:0000000000000300 $d
     /tmp/ccfzNgg4.s:626    .text.start_pass:0000000000000384 $t
     /tmp/ccfzNgg4.s:789    .text.start_pass:0000000000000494 $d
     /tmp/ccfzNgg4.s:796    .text.jinit_inverse_dct:0000000000000000 $t
     /tmp/ccfzNgg4.s:803    .text.jinit_inverse_dct:0000000000000000 jinit_inverse_dct
     /tmp/ccfzNgg4.s:879    .text.jinit_inverse_dct:0000000000000054 $d
     /tmp/ccfzNgg4.s:884    .rodata.aanscalefactor.8426:0000000000000000 $d
     /tmp/ccfzNgg4.s:888    .rodata.aanscalefactor.8426:0000000000000000 aanscalefactor.8426
     /tmp/ccfzNgg4.s:906    .rodata.aanscales.8418:0000000000000000 $d
     /tmp/ccfzNgg4.s:910    .rodata.aanscales.8418:0000000000000000 aanscales.8418

UNDEFINED SYMBOLS
__aeabi_ui2d
__aeabi_dmul
__aeabi_d2f
jpeg_idct_2x4
jpeg_idct_4x4
jpeg_idct_6x3
jpeg_idct_7x14
jpeg_idct_9x9
jpeg_idct_12x6
jpeg_idct_14x14
jpeg_idct_1x1
jpeg_idct_3x3
jpeg_idct_5x5
jpeg_idct_6x6
jpeg_idct_7x7
jpeg_idct_10x10
jpeg_idct_11x11
jpeg_idct_12x12
jpeg_idct_13x13
jpeg_idct_15x15
jpeg_idct_16x8
jpeg_idct_14x7
jpeg_idct_10x5
jpeg_idct_8x4
jpeg_idct_4x2
jpeg_idct_2x1
jpeg_idct_8x16
jpeg_idct_6x12
jpeg_idct_5x10
jpeg_idct_4x8
jpeg_idct_3x6
jpeg_idct_1x2
jpeg_idct_islow
jpeg_idct_float
jpeg_idct_2x2
jpeg_idct_ifast
jpeg_idct_16x16
memset
