ARM GAS  /tmp/ccHDdCzr.s 			page 1


   1              		.cpu cortex-m7
   2              		.eabi_attribute 27, 1
   3              		.eabi_attribute 28, 1
   4              		.eabi_attribute 20, 1
   5              		.eabi_attribute 21, 1
   6              		.eabi_attribute 23, 3
   7              		.eabi_attribute 24, 1
   8              		.eabi_attribute 25, 1
   9              		.eabi_attribute 26, 1
  10              		.eabi_attribute 30, 1
  11              		.eabi_attribute 34, 1
  12              		.eabi_attribute 18, 4
  13              		.file	"jdpostct.c"
  14              		.text
  15              	.Ltext0:
  16              		.cfi_sections	.debug_frame
  17              		.section	.text.start_pass_dpost,"ax",%progbits
  18              		.align	1
  19              		.syntax unified
  20              		.thumb
  21              		.thumb_func
  22              		.fpu fpv5-sp-d16
  24              	start_pass_dpost:
  25              	.LFB3:
  26              		.file 1 "Middlewares/Third_Party/LibJPEG/source/jdpostct.c"
   1:Middlewares/Third_Party/LibJPEG/source/jdpostct.c **** /*
   2:Middlewares/Third_Party/LibJPEG/source/jdpostct.c ****  * jdpostct.c
   3:Middlewares/Third_Party/LibJPEG/source/jdpostct.c ****  *
   4:Middlewares/Third_Party/LibJPEG/source/jdpostct.c ****  * Copyright (C) 1994-1996, Thomas G. Lane.
   5:Middlewares/Third_Party/LibJPEG/source/jdpostct.c ****  * This file is part of the Independent JPEG Group's software.
   6:Middlewares/Third_Party/LibJPEG/source/jdpostct.c ****  * For conditions of distribution and use, see the accompanying README file.
   7:Middlewares/Third_Party/LibJPEG/source/jdpostct.c ****  *
   8:Middlewares/Third_Party/LibJPEG/source/jdpostct.c ****  * This file contains the decompression postprocessing controller.
   9:Middlewares/Third_Party/LibJPEG/source/jdpostct.c ****  * This controller manages the upsampling, color conversion, and color
  10:Middlewares/Third_Party/LibJPEG/source/jdpostct.c ****  * quantization/reduction steps; specifically, it controls the buffering
  11:Middlewares/Third_Party/LibJPEG/source/jdpostct.c ****  * between upsample/color conversion and color quantization/reduction.
  12:Middlewares/Third_Party/LibJPEG/source/jdpostct.c ****  *
  13:Middlewares/Third_Party/LibJPEG/source/jdpostct.c ****  * If no color quantization/reduction is required, then this module has no
  14:Middlewares/Third_Party/LibJPEG/source/jdpostct.c ****  * work to do, and it just hands off to the upsample/color conversion code.
  15:Middlewares/Third_Party/LibJPEG/source/jdpostct.c ****  * An integrated upsample/convert/quantize process would replace this module
  16:Middlewares/Third_Party/LibJPEG/source/jdpostct.c ****  * entirely.
  17:Middlewares/Third_Party/LibJPEG/source/jdpostct.c ****  */
  18:Middlewares/Third_Party/LibJPEG/source/jdpostct.c **** 
  19:Middlewares/Third_Party/LibJPEG/source/jdpostct.c **** #define JPEG_INTERNALS
  20:Middlewares/Third_Party/LibJPEG/source/jdpostct.c **** #include "jinclude.h"
  21:Middlewares/Third_Party/LibJPEG/source/jdpostct.c **** #include "jpeglib.h"
  22:Middlewares/Third_Party/LibJPEG/source/jdpostct.c **** 
  23:Middlewares/Third_Party/LibJPEG/source/jdpostct.c **** 
  24:Middlewares/Third_Party/LibJPEG/source/jdpostct.c **** /* Private buffer controller object */
  25:Middlewares/Third_Party/LibJPEG/source/jdpostct.c **** 
  26:Middlewares/Third_Party/LibJPEG/source/jdpostct.c **** typedef struct {
  27:Middlewares/Third_Party/LibJPEG/source/jdpostct.c ****   struct jpeg_d_post_controller pub; /* public fields */
  28:Middlewares/Third_Party/LibJPEG/source/jdpostct.c **** 
  29:Middlewares/Third_Party/LibJPEG/source/jdpostct.c ****   /* Color quantization source buffer: this holds output data from
  30:Middlewares/Third_Party/LibJPEG/source/jdpostct.c ****    * the upsample/color conversion step to be passed to the quantizer.
  31:Middlewares/Third_Party/LibJPEG/source/jdpostct.c ****    * For two-pass color quantization, we need a full-image buffer;
  32:Middlewares/Third_Party/LibJPEG/source/jdpostct.c ****    * for one-pass operation, a strip buffer is sufficient.
ARM GAS  /tmp/ccHDdCzr.s 			page 2


  33:Middlewares/Third_Party/LibJPEG/source/jdpostct.c ****    */
  34:Middlewares/Third_Party/LibJPEG/source/jdpostct.c ****   jvirt_sarray_ptr whole_image;	/* virtual array, or NULL if one-pass */
  35:Middlewares/Third_Party/LibJPEG/source/jdpostct.c ****   JSAMPARRAY buffer;		/* strip buffer, or current strip of virtual */
  36:Middlewares/Third_Party/LibJPEG/source/jdpostct.c ****   JDIMENSION strip_height;	/* buffer size in rows */
  37:Middlewares/Third_Party/LibJPEG/source/jdpostct.c ****   /* for two-pass mode only: */
  38:Middlewares/Third_Party/LibJPEG/source/jdpostct.c ****   JDIMENSION starting_row;	/* row # of first row in current strip */
  39:Middlewares/Third_Party/LibJPEG/source/jdpostct.c ****   JDIMENSION next_row;		/* index of next row to fill/empty in strip */
  40:Middlewares/Third_Party/LibJPEG/source/jdpostct.c **** } my_post_controller;
  41:Middlewares/Third_Party/LibJPEG/source/jdpostct.c **** 
  42:Middlewares/Third_Party/LibJPEG/source/jdpostct.c **** typedef my_post_controller * my_post_ptr;
  43:Middlewares/Third_Party/LibJPEG/source/jdpostct.c **** 
  44:Middlewares/Third_Party/LibJPEG/source/jdpostct.c **** 
  45:Middlewares/Third_Party/LibJPEG/source/jdpostct.c **** /* Forward declarations */
  46:Middlewares/Third_Party/LibJPEG/source/jdpostct.c **** METHODDEF(void) post_process_1pass
  47:Middlewares/Third_Party/LibJPEG/source/jdpostct.c **** 	JPP((j_decompress_ptr cinfo,
  48:Middlewares/Third_Party/LibJPEG/source/jdpostct.c **** 	     JSAMPIMAGE input_buf, JDIMENSION *in_row_group_ctr,
  49:Middlewares/Third_Party/LibJPEG/source/jdpostct.c **** 	     JDIMENSION in_row_groups_avail,
  50:Middlewares/Third_Party/LibJPEG/source/jdpostct.c **** 	     JSAMPARRAY output_buf, JDIMENSION *out_row_ctr,
  51:Middlewares/Third_Party/LibJPEG/source/jdpostct.c **** 	     JDIMENSION out_rows_avail));
  52:Middlewares/Third_Party/LibJPEG/source/jdpostct.c **** #ifdef QUANT_2PASS_SUPPORTED
  53:Middlewares/Third_Party/LibJPEG/source/jdpostct.c **** METHODDEF(void) post_process_prepass
  54:Middlewares/Third_Party/LibJPEG/source/jdpostct.c **** 	JPP((j_decompress_ptr cinfo,
  55:Middlewares/Third_Party/LibJPEG/source/jdpostct.c **** 	     JSAMPIMAGE input_buf, JDIMENSION *in_row_group_ctr,
  56:Middlewares/Third_Party/LibJPEG/source/jdpostct.c **** 	     JDIMENSION in_row_groups_avail,
  57:Middlewares/Third_Party/LibJPEG/source/jdpostct.c **** 	     JSAMPARRAY output_buf, JDIMENSION *out_row_ctr,
  58:Middlewares/Third_Party/LibJPEG/source/jdpostct.c **** 	     JDIMENSION out_rows_avail));
  59:Middlewares/Third_Party/LibJPEG/source/jdpostct.c **** METHODDEF(void) post_process_2pass
  60:Middlewares/Third_Party/LibJPEG/source/jdpostct.c **** 	JPP((j_decompress_ptr cinfo,
  61:Middlewares/Third_Party/LibJPEG/source/jdpostct.c **** 	     JSAMPIMAGE input_buf, JDIMENSION *in_row_group_ctr,
  62:Middlewares/Third_Party/LibJPEG/source/jdpostct.c **** 	     JDIMENSION in_row_groups_avail,
  63:Middlewares/Third_Party/LibJPEG/source/jdpostct.c **** 	     JSAMPARRAY output_buf, JDIMENSION *out_row_ctr,
  64:Middlewares/Third_Party/LibJPEG/source/jdpostct.c **** 	     JDIMENSION out_rows_avail));
  65:Middlewares/Third_Party/LibJPEG/source/jdpostct.c **** #endif
  66:Middlewares/Third_Party/LibJPEG/source/jdpostct.c **** 
  67:Middlewares/Third_Party/LibJPEG/source/jdpostct.c **** 
  68:Middlewares/Third_Party/LibJPEG/source/jdpostct.c **** /*
  69:Middlewares/Third_Party/LibJPEG/source/jdpostct.c ****  * Initialize for a processing pass.
  70:Middlewares/Third_Party/LibJPEG/source/jdpostct.c ****  */
  71:Middlewares/Third_Party/LibJPEG/source/jdpostct.c **** 
  72:Middlewares/Third_Party/LibJPEG/source/jdpostct.c **** METHODDEF(void)
  73:Middlewares/Third_Party/LibJPEG/source/jdpostct.c **** start_pass_dpost (j_decompress_ptr cinfo, J_BUF_MODE pass_mode)
  74:Middlewares/Third_Party/LibJPEG/source/jdpostct.c **** {
  27              		.loc 1 74 0
  28              		.cfi_startproc
  29              		@ args = 0, pretend = 0, frame = 0
  30              		@ frame_needed = 0, uses_anonymous_args = 0
  31              	.LVL0:
  32 0000 30B5     		push	{r4, r5, lr}
  33              	.LCFI0:
  34              		.cfi_def_cfa_offset 12
  35              		.cfi_offset 4, -12
  36              		.cfi_offset 5, -8
  37              		.cfi_offset 14, -4
  38 0002 83B0     		sub	sp, sp, #12
  39              	.LCFI1:
  40              		.cfi_def_cfa_offset 24
  75:Middlewares/Third_Party/LibJPEG/source/jdpostct.c ****   my_post_ptr post = (my_post_ptr) cinfo->post;
ARM GAS  /tmp/ccHDdCzr.s 			page 3


  41              		.loc 1 75 0
  42 0004 D0F8C441 		ldr	r4, [r0, #452]
  43              	.LVL1:
  76:Middlewares/Third_Party/LibJPEG/source/jdpostct.c **** 
  77:Middlewares/Third_Party/LibJPEG/source/jdpostct.c ****   switch (pass_mode) {
  44              		.loc 1 77 0
  45 0008 0229     		cmp	r1, #2
  46 000a 2DD0     		beq	.L3
  47 000c 0329     		cmp	r1, #3
  48 000e 1CD0     		beq	.L4
  49 0010 31B1     		cbz	r1, .L12
  78:Middlewares/Third_Party/LibJPEG/source/jdpostct.c ****   case JBUF_PASS_THRU:
  79:Middlewares/Third_Party/LibJPEG/source/jdpostct.c ****     if (cinfo->quantize_colors) {
  80:Middlewares/Third_Party/LibJPEG/source/jdpostct.c ****       /* Single-pass processing with color quantization. */
  81:Middlewares/Third_Party/LibJPEG/source/jdpostct.c ****       post->pub.post_process_data = post_process_1pass;
  82:Middlewares/Third_Party/LibJPEG/source/jdpostct.c ****       /* We could be doing buffered-image output before starting a 2-pass
  83:Middlewares/Third_Party/LibJPEG/source/jdpostct.c ****        * color quantization; in that case, jinit_d_post_controller did not
  84:Middlewares/Third_Party/LibJPEG/source/jdpostct.c ****        * allocate a strip buffer.  Use the virtual-array buffer as workspace.
  85:Middlewares/Third_Party/LibJPEG/source/jdpostct.c ****        */
  86:Middlewares/Third_Party/LibJPEG/source/jdpostct.c ****       if (post->buffer == NULL) {
  87:Middlewares/Third_Party/LibJPEG/source/jdpostct.c **** 	post->buffer = (*cinfo->mem->access_virt_sarray)
  88:Middlewares/Third_Party/LibJPEG/source/jdpostct.c **** 	  ((j_common_ptr) cinfo, post->whole_image,
  89:Middlewares/Third_Party/LibJPEG/source/jdpostct.c **** 	   (JDIMENSION) 0, post->strip_height, TRUE);
  90:Middlewares/Third_Party/LibJPEG/source/jdpostct.c ****       }
  91:Middlewares/Third_Party/LibJPEG/source/jdpostct.c ****     } else {
  92:Middlewares/Third_Party/LibJPEG/source/jdpostct.c ****       /* For single-pass processing without color quantization,
  93:Middlewares/Third_Party/LibJPEG/source/jdpostct.c ****        * I have no work to do; just call the upsampler directly.
  94:Middlewares/Third_Party/LibJPEG/source/jdpostct.c ****        */
  95:Middlewares/Third_Party/LibJPEG/source/jdpostct.c ****       post->pub.post_process_data = cinfo->upsample->upsample;
  96:Middlewares/Third_Party/LibJPEG/source/jdpostct.c ****     }
  97:Middlewares/Third_Party/LibJPEG/source/jdpostct.c ****     break;
  98:Middlewares/Third_Party/LibJPEG/source/jdpostct.c **** #ifdef QUANT_2PASS_SUPPORTED
  99:Middlewares/Third_Party/LibJPEG/source/jdpostct.c ****   case JBUF_SAVE_AND_PASS:
 100:Middlewares/Third_Party/LibJPEG/source/jdpostct.c ****     /* First pass of 2-pass quantization */
 101:Middlewares/Third_Party/LibJPEG/source/jdpostct.c ****     if (post->whole_image == NULL)
 102:Middlewares/Third_Party/LibJPEG/source/jdpostct.c ****       ERREXIT(cinfo, JERR_BAD_BUFFER_MODE);
 103:Middlewares/Third_Party/LibJPEG/source/jdpostct.c ****     post->pub.post_process_data = post_process_prepass;
 104:Middlewares/Third_Party/LibJPEG/source/jdpostct.c ****     break;
 105:Middlewares/Third_Party/LibJPEG/source/jdpostct.c ****   case JBUF_CRANK_DEST:
 106:Middlewares/Third_Party/LibJPEG/source/jdpostct.c ****     /* Second pass of 2-pass quantization */
 107:Middlewares/Third_Party/LibJPEG/source/jdpostct.c ****     if (post->whole_image == NULL)
 108:Middlewares/Third_Party/LibJPEG/source/jdpostct.c ****       ERREXIT(cinfo, JERR_BAD_BUFFER_MODE);
 109:Middlewares/Third_Party/LibJPEG/source/jdpostct.c ****     post->pub.post_process_data = post_process_2pass;
 110:Middlewares/Third_Party/LibJPEG/source/jdpostct.c ****     break;
 111:Middlewares/Third_Party/LibJPEG/source/jdpostct.c **** #endif /* QUANT_2PASS_SUPPORTED */
 112:Middlewares/Third_Party/LibJPEG/source/jdpostct.c ****   default:
 113:Middlewares/Third_Party/LibJPEG/source/jdpostct.c ****     ERREXIT(cinfo, JERR_BAD_BUFFER_MODE);
  50              		.loc 1 113 0
  51 0012 0368     		ldr	r3, [r0]
  52 0014 0322     		movs	r2, #3
  53 0016 5A61     		str	r2, [r3, #20]
  54 0018 0368     		ldr	r3, [r0]
  55 001a 1B68     		ldr	r3, [r3]
  56 001c 9847     		blx	r3
  57              	.LVL2:
 114:Middlewares/Third_Party/LibJPEG/source/jdpostct.c ****     break;
  58              		.loc 1 114 0
ARM GAS  /tmp/ccHDdCzr.s 			page 4


  59 001e 1EE0     		b	.L7
  60              	.LVL3:
  61              	.L12:
  79:Middlewares/Third_Party/LibJPEG/source/jdpostct.c ****       /* Single-pass processing with color quantization. */
  62              		.loc 1 79 0
  63 0020 436D     		ldr	r3, [r0, #84]
  64 0022 6BB1     		cbz	r3, .L6
  81:Middlewares/Third_Party/LibJPEG/source/jdpostct.c ****       /* We could be doing buffered-image output before starting a 2-pass
  65              		.loc 1 81 0
  66 0024 164B     		ldr	r3, .L13
  67 0026 6360     		str	r3, [r4, #4]
  86:Middlewares/Third_Party/LibJPEG/source/jdpostct.c **** 	post->buffer = (*cinfo->mem->access_virt_sarray)
  68              		.loc 1 86 0
  69 0028 E368     		ldr	r3, [r4, #12]
  70 002a C3B9     		cbnz	r3, .L7
  87:Middlewares/Third_Party/LibJPEG/source/jdpostct.c **** 	  ((j_common_ptr) cinfo, post->whole_image,
  71              		.loc 1 87 0
  72 002c 4268     		ldr	r2, [r0, #4]
  73 002e 2369     		ldr	r3, [r4, #16]
  74 0030 A168     		ldr	r1, [r4, #8]
  75              	.LVL4:
  76 0032 0125     		movs	r5, #1
  77 0034 0095     		str	r5, [sp]
  78 0036 D569     		ldr	r5, [r2, #28]
  79 0038 0022     		movs	r2, #0
  80 003a A847     		blx	r5
  81              	.LVL5:
  82 003c E060     		str	r0, [r4, #12]
  83 003e 0EE0     		b	.L7
  84              	.LVL6:
  85              	.L6:
  95:Middlewares/Third_Party/LibJPEG/source/jdpostct.c ****     }
  86              		.loc 1 95 0
  87 0040 D0F8D831 		ldr	r3, [r0, #472]
  88 0044 5B68     		ldr	r3, [r3, #4]
  89 0046 6360     		str	r3, [r4, #4]
  90 0048 09E0     		b	.L7
  91              	.L4:
 101:Middlewares/Third_Party/LibJPEG/source/jdpostct.c ****       ERREXIT(cinfo, JERR_BAD_BUFFER_MODE);
  92              		.loc 1 101 0
  93 004a A368     		ldr	r3, [r4, #8]
  94 004c 2BB9     		cbnz	r3, .L8
 102:Middlewares/Third_Party/LibJPEG/source/jdpostct.c ****     post->pub.post_process_data = post_process_prepass;
  95              		.loc 1 102 0
  96 004e 0368     		ldr	r3, [r0]
  97 0050 0322     		movs	r2, #3
  98 0052 5A61     		str	r2, [r3, #20]
  99 0054 0368     		ldr	r3, [r0]
 100 0056 1B68     		ldr	r3, [r3]
 101 0058 9847     		blx	r3
 102              	.LVL7:
 103              	.L8:
 103:Middlewares/Third_Party/LibJPEG/source/jdpostct.c ****     break;
 104              		.loc 1 103 0
 105 005a 0A4B     		ldr	r3, .L13+4
 106 005c 6360     		str	r3, [r4, #4]
 107              	.L7:
ARM GAS  /tmp/ccHDdCzr.s 			page 5


 115:Middlewares/Third_Party/LibJPEG/source/jdpostct.c ****   }
 116:Middlewares/Third_Party/LibJPEG/source/jdpostct.c ****   post->starting_row = post->next_row = 0;
 108              		.loc 1 116 0
 109 005e 0023     		movs	r3, #0
 110 0060 A361     		str	r3, [r4, #24]
 111 0062 6361     		str	r3, [r4, #20]
 117:Middlewares/Third_Party/LibJPEG/source/jdpostct.c **** }
 112              		.loc 1 117 0
 113 0064 03B0     		add	sp, sp, #12
 114              	.LCFI2:
 115              		.cfi_remember_state
 116              		.cfi_def_cfa_offset 12
 117              		@ sp needed
 118 0066 30BD     		pop	{r4, r5, pc}
 119              	.LVL8:
 120              	.L3:
 121              	.LCFI3:
 122              		.cfi_restore_state
 107:Middlewares/Third_Party/LibJPEG/source/jdpostct.c ****       ERREXIT(cinfo, JERR_BAD_BUFFER_MODE);
 123              		.loc 1 107 0
 124 0068 A368     		ldr	r3, [r4, #8]
 125 006a 2BB9     		cbnz	r3, .L9
 108:Middlewares/Third_Party/LibJPEG/source/jdpostct.c ****     post->pub.post_process_data = post_process_2pass;
 126              		.loc 1 108 0
 127 006c 0368     		ldr	r3, [r0]
 128 006e 0322     		movs	r2, #3
 129 0070 5A61     		str	r2, [r3, #20]
 130 0072 0368     		ldr	r3, [r0]
 131 0074 1B68     		ldr	r3, [r3]
 132 0076 9847     		blx	r3
 133              	.LVL9:
 134              	.L9:
 109:Middlewares/Third_Party/LibJPEG/source/jdpostct.c ****     break;
 135              		.loc 1 109 0
 136 0078 034B     		ldr	r3, .L13+8
 137 007a 6360     		str	r3, [r4, #4]
 110:Middlewares/Third_Party/LibJPEG/source/jdpostct.c **** #endif /* QUANT_2PASS_SUPPORTED */
 138              		.loc 1 110 0
 139 007c EFE7     		b	.L7
 140              	.L14:
 141 007e 00BF     		.align	2
 142              	.L13:
 143 0080 00000000 		.word	post_process_1pass
 144 0084 00000000 		.word	post_process_prepass
 145 0088 00000000 		.word	post_process_2pass
 146              		.cfi_endproc
 147              	.LFE3:
 149              		.section	.text.post_process_1pass,"ax",%progbits
 150              		.align	1
 151              		.syntax unified
 152              		.thumb
 153              		.thumb_func
 154              		.fpu fpv5-sp-d16
 156              	post_process_1pass:
 157              	.LFB4:
 118:Middlewares/Third_Party/LibJPEG/source/jdpostct.c **** 
 119:Middlewares/Third_Party/LibJPEG/source/jdpostct.c **** 
ARM GAS  /tmp/ccHDdCzr.s 			page 6


 120:Middlewares/Third_Party/LibJPEG/source/jdpostct.c **** /*
 121:Middlewares/Third_Party/LibJPEG/source/jdpostct.c ****  * Process some data in the one-pass (strip buffer) case.
 122:Middlewares/Third_Party/LibJPEG/source/jdpostct.c ****  * This is used for color precision reduction as well as one-pass quantization.
 123:Middlewares/Third_Party/LibJPEG/source/jdpostct.c ****  */
 124:Middlewares/Third_Party/LibJPEG/source/jdpostct.c **** 
 125:Middlewares/Third_Party/LibJPEG/source/jdpostct.c **** METHODDEF(void)
 126:Middlewares/Third_Party/LibJPEG/source/jdpostct.c **** post_process_1pass (j_decompress_ptr cinfo,
 127:Middlewares/Third_Party/LibJPEG/source/jdpostct.c **** 		    JSAMPIMAGE input_buf, JDIMENSION *in_row_group_ctr,
 128:Middlewares/Third_Party/LibJPEG/source/jdpostct.c **** 		    JDIMENSION in_row_groups_avail,
 129:Middlewares/Third_Party/LibJPEG/source/jdpostct.c **** 		    JSAMPARRAY output_buf, JDIMENSION *out_row_ctr,
 130:Middlewares/Third_Party/LibJPEG/source/jdpostct.c **** 		    JDIMENSION out_rows_avail)
 131:Middlewares/Third_Party/LibJPEG/source/jdpostct.c **** {
 158              		.loc 1 131 0
 159              		.cfi_startproc
 160              		@ args = 12, pretend = 0, frame = 8
 161              		@ frame_needed = 0, uses_anonymous_args = 0
 162              	.LVL10:
 163 0000 F0B5     		push	{r4, r5, r6, r7, lr}
 164              	.LCFI4:
 165              		.cfi_def_cfa_offset 20
 166              		.cfi_offset 4, -20
 167              		.cfi_offset 5, -16
 168              		.cfi_offset 6, -12
 169              		.cfi_offset 7, -8
 170              		.cfi_offset 14, -4
 171 0002 87B0     		sub	sp, sp, #28
 172              	.LCFI5:
 173              		.cfi_def_cfa_offset 48
 174 0004 0446     		mov	r4, r0
 175 0006 0D9D     		ldr	r5, [sp, #52]
 132:Middlewares/Third_Party/LibJPEG/source/jdpostct.c ****   my_post_ptr post = (my_post_ptr) cinfo->post;
 176              		.loc 1 132 0
 177 0008 D0F8C461 		ldr	r6, [r0, #452]
 178              	.LVL11:
 133:Middlewares/Third_Party/LibJPEG/source/jdpostct.c ****   JDIMENSION num_rows, max_rows;
 134:Middlewares/Third_Party/LibJPEG/source/jdpostct.c **** 
 135:Middlewares/Third_Party/LibJPEG/source/jdpostct.c ****   /* Fill the buffer, but not more than what we can dump out in one go. */
 136:Middlewares/Third_Party/LibJPEG/source/jdpostct.c ****   /* Note we rely on the upsampler to detect bottom of image. */
 137:Middlewares/Third_Party/LibJPEG/source/jdpostct.c ****   max_rows = out_rows_avail - *out_row_ctr;
 179              		.loc 1 137 0
 180 000c 2F68     		ldr	r7, [r5]
 181 000e 0E98     		ldr	r0, [sp, #56]
 182              	.LVL12:
 183 0010 C01B     		subs	r0, r0, r7
 184              	.LVL13:
 138:Middlewares/Third_Party/LibJPEG/source/jdpostct.c ****   if (max_rows > post->strip_height)
 185              		.loc 1 138 0
 186 0012 3769     		ldr	r7, [r6, #16]
 187 0014 8742     		cmp	r7, r0
 188 0016 1ED2     		bcs	.L18
 189              	.L16:
 190              	.LVL14:
 139:Middlewares/Third_Party/LibJPEG/source/jdpostct.c ****     max_rows = post->strip_height;
 140:Middlewares/Third_Party/LibJPEG/source/jdpostct.c ****   num_rows = 0;
 191              		.loc 1 140 0
 192 0018 06A8     		add	r0, sp, #24
 193 001a 4FF0000C 		mov	ip, #0
ARM GAS  /tmp/ccHDdCzr.s 			page 7


 194 001e 40F804CD 		str	ip, [r0, #-4]!
 141:Middlewares/Third_Party/LibJPEG/source/jdpostct.c ****   (*cinfo->upsample->upsample) (cinfo,
 195              		.loc 1 141 0
 196 0022 0297     		str	r7, [sp, #8]
 197 0024 0190     		str	r0, [sp, #4]
 198 0026 F068     		ldr	r0, [r6, #12]
 199 0028 0090     		str	r0, [sp]
 200 002a D4F8D801 		ldr	r0, [r4, #472]
 201 002e 4768     		ldr	r7, [r0, #4]
 202              	.LVL15:
 203 0030 2046     		mov	r0, r4
 204 0032 B847     		blx	r7
 205              	.LVL16:
 142:Middlewares/Third_Party/LibJPEG/source/jdpostct.c **** 		input_buf, in_row_group_ctr, in_row_groups_avail,
 143:Middlewares/Third_Party/LibJPEG/source/jdpostct.c **** 		post->buffer, &num_rows, max_rows);
 144:Middlewares/Third_Party/LibJPEG/source/jdpostct.c ****   /* Quantize and emit data. */
 145:Middlewares/Third_Party/LibJPEG/source/jdpostct.c ****   (*cinfo->cquantize->color_quantize) (cinfo,
 206              		.loc 1 145 0
 207 0034 D4F8E031 		ldr	r3, [r4, #480]
 146:Middlewares/Third_Party/LibJPEG/source/jdpostct.c **** 		post->buffer, output_buf + *out_row_ctr, (int) num_rows);
 208              		.loc 1 146 0
 209 0038 2968     		ldr	r1, [r5]
 145:Middlewares/Third_Party/LibJPEG/source/jdpostct.c **** 		post->buffer, output_buf + *out_row_ctr, (int) num_rows);
 210              		.loc 1 145 0
 211 003a 5F68     		ldr	r7, [r3, #4]
 212 003c 059B     		ldr	r3, [sp, #20]
 213 003e 0C9A     		ldr	r2, [sp, #48]
 214 0040 02EB8102 		add	r2, r2, r1, lsl #2
 215 0044 F168     		ldr	r1, [r6, #12]
 216 0046 2046     		mov	r0, r4
 217 0048 B847     		blx	r7
 218              	.LVL17:
 147:Middlewares/Third_Party/LibJPEG/source/jdpostct.c ****   *out_row_ctr += num_rows;
 219              		.loc 1 147 0
 220 004a 2B68     		ldr	r3, [r5]
 221 004c 059A     		ldr	r2, [sp, #20]
 222 004e 1344     		add	r3, r3, r2
 223 0050 2B60     		str	r3, [r5]
 148:Middlewares/Third_Party/LibJPEG/source/jdpostct.c **** }
 224              		.loc 1 148 0
 225 0052 07B0     		add	sp, sp, #28
 226              	.LCFI6:
 227              		.cfi_remember_state
 228              		.cfi_def_cfa_offset 20
 229              		@ sp needed
 230 0054 F0BD     		pop	{r4, r5, r6, r7, pc}
 231              	.LVL18:
 232              	.L18:
 233              	.LCFI7:
 234              		.cfi_restore_state
 137:Middlewares/Third_Party/LibJPEG/source/jdpostct.c ****   if (max_rows > post->strip_height)
 235              		.loc 1 137 0
 236 0056 0746     		mov	r7, r0
 237 0058 DEE7     		b	.L16
 238              		.cfi_endproc
 239              	.LFE4:
 241              		.section	.text.post_process_prepass,"ax",%progbits
ARM GAS  /tmp/ccHDdCzr.s 			page 8


 242              		.align	1
 243              		.syntax unified
 244              		.thumb
 245              		.thumb_func
 246              		.fpu fpv5-sp-d16
 248              	post_process_prepass:
 249              	.LFB5:
 149:Middlewares/Third_Party/LibJPEG/source/jdpostct.c **** 
 150:Middlewares/Third_Party/LibJPEG/source/jdpostct.c **** 
 151:Middlewares/Third_Party/LibJPEG/source/jdpostct.c **** #ifdef QUANT_2PASS_SUPPORTED
 152:Middlewares/Third_Party/LibJPEG/source/jdpostct.c **** 
 153:Middlewares/Third_Party/LibJPEG/source/jdpostct.c **** /*
 154:Middlewares/Third_Party/LibJPEG/source/jdpostct.c ****  * Process some data in the first pass of 2-pass quantization.
 155:Middlewares/Third_Party/LibJPEG/source/jdpostct.c ****  */
 156:Middlewares/Third_Party/LibJPEG/source/jdpostct.c **** 
 157:Middlewares/Third_Party/LibJPEG/source/jdpostct.c **** METHODDEF(void)
 158:Middlewares/Third_Party/LibJPEG/source/jdpostct.c **** post_process_prepass (j_decompress_ptr cinfo,
 159:Middlewares/Third_Party/LibJPEG/source/jdpostct.c **** 		      JSAMPIMAGE input_buf, JDIMENSION *in_row_group_ctr,
 160:Middlewares/Third_Party/LibJPEG/source/jdpostct.c **** 		      JDIMENSION in_row_groups_avail,
 161:Middlewares/Third_Party/LibJPEG/source/jdpostct.c **** 		      JSAMPARRAY output_buf, JDIMENSION *out_row_ctr,
 162:Middlewares/Third_Party/LibJPEG/source/jdpostct.c **** 		      JDIMENSION out_rows_avail)
 163:Middlewares/Third_Party/LibJPEG/source/jdpostct.c **** {
 250              		.loc 1 163 0
 251              		.cfi_startproc
 252              		@ args = 12, pretend = 0, frame = 0
 253              		@ frame_needed = 0, uses_anonymous_args = 0
 254              	.LVL19:
 255 0000 2DE9F04F 		push	{r4, r5, r6, r7, r8, r9, r10, fp, lr}
 256              	.LCFI8:
 257              		.cfi_def_cfa_offset 36
 258              		.cfi_offset 4, -36
 259              		.cfi_offset 5, -32
 260              		.cfi_offset 6, -28
 261              		.cfi_offset 7, -24
 262              		.cfi_offset 8, -20
 263              		.cfi_offset 9, -16
 264              		.cfi_offset 10, -12
 265              		.cfi_offset 11, -8
 266              		.cfi_offset 14, -4
 267 0004 85B0     		sub	sp, sp, #20
 268              	.LCFI9:
 269              		.cfi_def_cfa_offset 56
 270 0006 0546     		mov	r5, r0
 271 0008 8946     		mov	r9, r1
 272 000a 9246     		mov	r10, r2
 273 000c 9B46     		mov	fp, r3
 274 000e DDF83C80 		ldr	r8, [sp, #60]
 164:Middlewares/Third_Party/LibJPEG/source/jdpostct.c ****   my_post_ptr post = (my_post_ptr) cinfo->post;
 275              		.loc 1 164 0
 276 0012 D0F8C441 		ldr	r4, [r0, #452]
 277              	.LVL20:
 165:Middlewares/Third_Party/LibJPEG/source/jdpostct.c ****   JDIMENSION old_next_row, num_rows;
 166:Middlewares/Third_Party/LibJPEG/source/jdpostct.c **** 
 167:Middlewares/Third_Party/LibJPEG/source/jdpostct.c ****   /* Reposition virtual buffer if at start of strip. */
 168:Middlewares/Third_Party/LibJPEG/source/jdpostct.c ****   if (post->next_row == 0) {
 278              		.loc 1 168 0
 279 0016 A369     		ldr	r3, [r4, #24]
ARM GAS  /tmp/ccHDdCzr.s 			page 9


 280              	.LVL21:
 281 0018 4BB9     		cbnz	r3, .L20
 169:Middlewares/Third_Party/LibJPEG/source/jdpostct.c ****     post->buffer = (*cinfo->mem->access_virt_sarray)
 282              		.loc 1 169 0
 283 001a 4068     		ldr	r0, [r0, #4]
 284              	.LVL22:
 285 001c 2369     		ldr	r3, [r4, #16]
 286 001e 6269     		ldr	r2, [r4, #20]
 287              	.LVL23:
 288 0020 A168     		ldr	r1, [r4, #8]
 289              	.LVL24:
 290 0022 0126     		movs	r6, #1
 291 0024 0096     		str	r6, [sp]
 292 0026 C669     		ldr	r6, [r0, #28]
 293 0028 2846     		mov	r0, r5
 294 002a B047     		blx	r6
 295              	.LVL25:
 296 002c E060     		str	r0, [r4, #12]
 297              	.L20:
 170:Middlewares/Third_Party/LibJPEG/source/jdpostct.c **** 	((j_common_ptr) cinfo, post->whole_image,
 171:Middlewares/Third_Party/LibJPEG/source/jdpostct.c **** 	 post->starting_row, post->strip_height, TRUE);
 172:Middlewares/Third_Party/LibJPEG/source/jdpostct.c ****   }
 173:Middlewares/Third_Party/LibJPEG/source/jdpostct.c **** 
 174:Middlewares/Third_Party/LibJPEG/source/jdpostct.c ****   /* Upsample some data (up to a strip height's worth). */
 175:Middlewares/Third_Party/LibJPEG/source/jdpostct.c ****   old_next_row = post->next_row;
 298              		.loc 1 175 0
 299 002e A769     		ldr	r7, [r4, #24]
 300              	.LVL26:
 176:Middlewares/Third_Party/LibJPEG/source/jdpostct.c ****   (*cinfo->upsample->upsample) (cinfo,
 301              		.loc 1 176 0
 302 0030 D5F8D831 		ldr	r3, [r5, #472]
 303 0034 2269     		ldr	r2, [r4, #16]
 304 0036 0292     		str	r2, [sp, #8]
 305 0038 04F11802 		add	r2, r4, #24
 306 003c 0192     		str	r2, [sp, #4]
 307 003e E268     		ldr	r2, [r4, #12]
 308 0040 0092     		str	r2, [sp]
 309 0042 5E68     		ldr	r6, [r3, #4]
 310 0044 5B46     		mov	r3, fp
 311 0046 5246     		mov	r2, r10
 312 0048 4946     		mov	r1, r9
 313 004a 2846     		mov	r0, r5
 314 004c B047     		blx	r6
 315              	.LVL27:
 177:Middlewares/Third_Party/LibJPEG/source/jdpostct.c **** 		input_buf, in_row_group_ctr, in_row_groups_avail,
 178:Middlewares/Third_Party/LibJPEG/source/jdpostct.c **** 		post->buffer, &post->next_row, post->strip_height);
 179:Middlewares/Third_Party/LibJPEG/source/jdpostct.c **** 
 180:Middlewares/Third_Party/LibJPEG/source/jdpostct.c ****   /* Allow quantizer to scan new data.  No data is emitted, */
 181:Middlewares/Third_Party/LibJPEG/source/jdpostct.c ****   /* but we advance out_row_ctr so outer loop can tell when we're done. */
 182:Middlewares/Third_Party/LibJPEG/source/jdpostct.c ****   if (post->next_row > old_next_row) {
 316              		.loc 1 182 0
 317 004e A669     		ldr	r6, [r4, #24]
 318 0050 BE42     		cmp	r6, r7
 319 0052 10D9     		bls	.L21
 183:Middlewares/Third_Party/LibJPEG/source/jdpostct.c ****     num_rows = post->next_row - old_next_row;
 320              		.loc 1 183 0
 321 0054 F61B     		subs	r6, r6, r7
ARM GAS  /tmp/ccHDdCzr.s 			page 10


 322              	.LVL28:
 184:Middlewares/Third_Party/LibJPEG/source/jdpostct.c ****     (*cinfo->cquantize->color_quantize) (cinfo, post->buffer + old_next_row,
 323              		.loc 1 184 0
 324 0056 D5F8E031 		ldr	r3, [r5, #480]
 325 005a E168     		ldr	r1, [r4, #12]
 326 005c D3F80490 		ldr	r9, [r3, #4]
 327              	.LVL29:
 328 0060 3346     		mov	r3, r6
 329 0062 0022     		movs	r2, #0
 330 0064 01EB8701 		add	r1, r1, r7, lsl #2
 331 0068 2846     		mov	r0, r5
 332 006a C847     		blx	r9
 333              	.LVL30:
 185:Middlewares/Third_Party/LibJPEG/source/jdpostct.c **** 					 (JSAMPARRAY) NULL, (int) num_rows);
 186:Middlewares/Third_Party/LibJPEG/source/jdpostct.c ****     *out_row_ctr += num_rows;
 334              		.loc 1 186 0
 335 006c D8F80030 		ldr	r3, [r8]
 336 0070 3344     		add	r3, r3, r6
 337 0072 C8F80030 		str	r3, [r8]
 338              	.LVL31:
 339              	.L21:
 187:Middlewares/Third_Party/LibJPEG/source/jdpostct.c ****   }
 188:Middlewares/Third_Party/LibJPEG/source/jdpostct.c **** 
 189:Middlewares/Third_Party/LibJPEG/source/jdpostct.c ****   /* Advance if we filled the strip. */
 190:Middlewares/Third_Party/LibJPEG/source/jdpostct.c ****   if (post->next_row >= post->strip_height) {
 340              		.loc 1 190 0
 341 0076 A269     		ldr	r2, [r4, #24]
 342 0078 2369     		ldr	r3, [r4, #16]
 343 007a 9A42     		cmp	r2, r3
 344 007c 04D3     		bcc	.L19
 191:Middlewares/Third_Party/LibJPEG/source/jdpostct.c ****     post->starting_row += post->strip_height;
 345              		.loc 1 191 0
 346 007e 6269     		ldr	r2, [r4, #20]
 347 0080 1344     		add	r3, r3, r2
 348 0082 6361     		str	r3, [r4, #20]
 192:Middlewares/Third_Party/LibJPEG/source/jdpostct.c ****     post->next_row = 0;
 349              		.loc 1 192 0
 350 0084 0023     		movs	r3, #0
 351 0086 A361     		str	r3, [r4, #24]
 352              	.L19:
 193:Middlewares/Third_Party/LibJPEG/source/jdpostct.c ****   }
 194:Middlewares/Third_Party/LibJPEG/source/jdpostct.c **** }
 353              		.loc 1 194 0
 354 0088 05B0     		add	sp, sp, #20
 355              	.LCFI10:
 356              		.cfi_def_cfa_offset 36
 357              		@ sp needed
 358 008a BDE8F08F 		pop	{r4, r5, r6, r7, r8, r9, r10, fp, pc}
 359              		.cfi_endproc
 360              	.LFE5:
 362              		.section	.text.post_process_2pass,"ax",%progbits
 363              		.align	1
 364              		.syntax unified
 365              		.thumb
 366              		.thumb_func
 367              		.fpu fpv5-sp-d16
 369              	post_process_2pass:
ARM GAS  /tmp/ccHDdCzr.s 			page 11


 370              	.LFB6:
 195:Middlewares/Third_Party/LibJPEG/source/jdpostct.c **** 
 196:Middlewares/Third_Party/LibJPEG/source/jdpostct.c **** 
 197:Middlewares/Third_Party/LibJPEG/source/jdpostct.c **** /*
 198:Middlewares/Third_Party/LibJPEG/source/jdpostct.c ****  * Process some data in the second pass of 2-pass quantization.
 199:Middlewares/Third_Party/LibJPEG/source/jdpostct.c ****  */
 200:Middlewares/Third_Party/LibJPEG/source/jdpostct.c **** 
 201:Middlewares/Third_Party/LibJPEG/source/jdpostct.c **** METHODDEF(void)
 202:Middlewares/Third_Party/LibJPEG/source/jdpostct.c **** post_process_2pass (j_decompress_ptr cinfo,
 203:Middlewares/Third_Party/LibJPEG/source/jdpostct.c **** 		    JSAMPIMAGE input_buf, JDIMENSION *in_row_group_ctr,
 204:Middlewares/Third_Party/LibJPEG/source/jdpostct.c **** 		    JDIMENSION in_row_groups_avail,
 205:Middlewares/Third_Party/LibJPEG/source/jdpostct.c **** 		    JSAMPARRAY output_buf, JDIMENSION *out_row_ctr,
 206:Middlewares/Third_Party/LibJPEG/source/jdpostct.c **** 		    JDIMENSION out_rows_avail)
 207:Middlewares/Third_Party/LibJPEG/source/jdpostct.c **** {
 371              		.loc 1 207 0
 372              		.cfi_startproc
 373              		@ args = 12, pretend = 0, frame = 8
 374              		@ frame_needed = 0, uses_anonymous_args = 0
 375              	.LVL32:
 376 0000 2DE9F041 		push	{r4, r5, r6, r7, r8, lr}
 377              	.LCFI11:
 378              		.cfi_def_cfa_offset 24
 379              		.cfi_offset 4, -24
 380              		.cfi_offset 5, -20
 381              		.cfi_offset 6, -16
 382              		.cfi_offset 7, -12
 383              		.cfi_offset 8, -8
 384              		.cfi_offset 14, -4
 385 0004 84B0     		sub	sp, sp, #16
 386              	.LCFI12:
 387              		.cfi_def_cfa_offset 40
 388 0006 0646     		mov	r6, r0
 389 0008 0B9F     		ldr	r7, [sp, #44]
 208:Middlewares/Third_Party/LibJPEG/source/jdpostct.c ****   my_post_ptr post = (my_post_ptr) cinfo->post;
 390              		.loc 1 208 0
 391 000a D0F8C441 		ldr	r4, [r0, #452]
 392              	.LVL33:
 209:Middlewares/Third_Party/LibJPEG/source/jdpostct.c ****   JDIMENSION num_rows, max_rows;
 210:Middlewares/Third_Party/LibJPEG/source/jdpostct.c **** 
 211:Middlewares/Third_Party/LibJPEG/source/jdpostct.c ****   /* Reposition virtual buffer if at start of strip. */
 212:Middlewares/Third_Party/LibJPEG/source/jdpostct.c ****   if (post->next_row == 0) {
 393              		.loc 1 212 0
 394 000e A369     		ldr	r3, [r4, #24]
 395              	.LVL34:
 396 0010 4BB9     		cbnz	r3, .L25
 213:Middlewares/Third_Party/LibJPEG/source/jdpostct.c ****     post->buffer = (*cinfo->mem->access_virt_sarray)
 397              		.loc 1 213 0
 398 0012 4068     		ldr	r0, [r0, #4]
 399              	.LVL35:
 400 0014 2369     		ldr	r3, [r4, #16]
 401 0016 6269     		ldr	r2, [r4, #20]
 402              	.LVL36:
 403 0018 A168     		ldr	r1, [r4, #8]
 404              	.LVL37:
 405 001a 0025     		movs	r5, #0
 406 001c 0095     		str	r5, [sp]
 407 001e C569     		ldr	r5, [r0, #28]
ARM GAS  /tmp/ccHDdCzr.s 			page 12


 408 0020 3046     		mov	r0, r6
 409 0022 A847     		blx	r5
 410              	.LVL38:
 411 0024 E060     		str	r0, [r4, #12]
 412              	.L25:
 214:Middlewares/Third_Party/LibJPEG/source/jdpostct.c **** 	((j_common_ptr) cinfo, post->whole_image,
 215:Middlewares/Third_Party/LibJPEG/source/jdpostct.c **** 	 post->starting_row, post->strip_height, FALSE);
 216:Middlewares/Third_Party/LibJPEG/source/jdpostct.c ****   }
 217:Middlewares/Third_Party/LibJPEG/source/jdpostct.c **** 
 218:Middlewares/Third_Party/LibJPEG/source/jdpostct.c ****   /* Determine number of rows to emit. */
 219:Middlewares/Third_Party/LibJPEG/source/jdpostct.c ****   num_rows = post->strip_height - post->next_row; /* available in strip */
 413              		.loc 1 219 0
 414 0026 2069     		ldr	r0, [r4, #16]
 415 0028 A169     		ldr	r1, [r4, #24]
 416 002a 401A     		subs	r0, r0, r1
 417              	.LVL39:
 220:Middlewares/Third_Party/LibJPEG/source/jdpostct.c ****   max_rows = out_rows_avail - *out_row_ctr; /* available in output area */
 418              		.loc 1 220 0
 419 002c 3A68     		ldr	r2, [r7]
 420 002e 0C9B     		ldr	r3, [sp, #48]
 421 0030 9B1A     		subs	r3, r3, r2
 422              	.LVL40:
 221:Middlewares/Third_Party/LibJPEG/source/jdpostct.c ****   if (num_rows > max_rows)
 423              		.loc 1 221 0
 424 0032 9842     		cmp	r0, r3
 425 0034 00D8     		bhi	.L26
 219:Middlewares/Third_Party/LibJPEG/source/jdpostct.c ****   max_rows = out_rows_avail - *out_row_ctr; /* available in output area */
 426              		.loc 1 219 0
 427 0036 0346     		mov	r3, r0
 428              	.LVL41:
 429              	.L26:
 222:Middlewares/Third_Party/LibJPEG/source/jdpostct.c ****     num_rows = max_rows;
 223:Middlewares/Third_Party/LibJPEG/source/jdpostct.c ****   /* We have to check bottom of image here, can't depend on upsampler. */
 224:Middlewares/Third_Party/LibJPEG/source/jdpostct.c ****   max_rows = cinfo->output_height - post->starting_row;
 430              		.loc 1 224 0
 431 0038 756F     		ldr	r5, [r6, #116]
 432 003a 6069     		ldr	r0, [r4, #20]
 433 003c 2D1A     		subs	r5, r5, r0
 434              	.LVL42:
 225:Middlewares/Third_Party/LibJPEG/source/jdpostct.c ****   if (num_rows > max_rows)
 435              		.loc 1 225 0
 436 003e AB42     		cmp	r3, r5
 437 0040 00D8     		bhi	.L27
 438 0042 1D46     		mov	r5, r3
 439              	.LVL43:
 440              	.L27:
 226:Middlewares/Third_Party/LibJPEG/source/jdpostct.c ****     num_rows = max_rows;
 227:Middlewares/Third_Party/LibJPEG/source/jdpostct.c **** 
 228:Middlewares/Third_Party/LibJPEG/source/jdpostct.c ****   /* Quantize and emit data. */
 229:Middlewares/Third_Party/LibJPEG/source/jdpostct.c ****   (*cinfo->cquantize->color_quantize) (cinfo,
 441              		.loc 1 229 0
 442 0044 D6F8E031 		ldr	r3, [r6, #480]
 230:Middlewares/Third_Party/LibJPEG/source/jdpostct.c **** 		post->buffer + post->next_row, output_buf + *out_row_ctr,
 443              		.loc 1 230 0
 444 0048 E068     		ldr	r0, [r4, #12]
 445              	.LVL44:
 446 004a 0390     		str	r0, [sp, #12]
ARM GAS  /tmp/ccHDdCzr.s 			page 13


 229:Middlewares/Third_Party/LibJPEG/source/jdpostct.c **** 		post->buffer + post->next_row, output_buf + *out_row_ctr,
 447              		.loc 1 229 0
 448 004c D3F80480 		ldr	r8, [r3, #4]
 449 0050 2B46     		mov	r3, r5
 450 0052 0A98     		ldr	r0, [sp, #40]
 451 0054 00EB8202 		add	r2, r0, r2, lsl #2
 452 0058 0398     		ldr	r0, [sp, #12]
 453 005a 00EB8101 		add	r1, r0, r1, lsl #2
 454 005e 3046     		mov	r0, r6
 455 0060 C047     		blx	r8
 456              	.LVL45:
 231:Middlewares/Third_Party/LibJPEG/source/jdpostct.c **** 		(int) num_rows);
 232:Middlewares/Third_Party/LibJPEG/source/jdpostct.c ****   *out_row_ctr += num_rows;
 457              		.loc 1 232 0
 458 0062 3B68     		ldr	r3, [r7]
 459 0064 2B44     		add	r3, r3, r5
 460 0066 3B60     		str	r3, [r7]
 233:Middlewares/Third_Party/LibJPEG/source/jdpostct.c **** 
 234:Middlewares/Third_Party/LibJPEG/source/jdpostct.c ****   /* Advance if we filled the strip. */
 235:Middlewares/Third_Party/LibJPEG/source/jdpostct.c ****   post->next_row += num_rows;
 461              		.loc 1 235 0
 462 0068 A369     		ldr	r3, [r4, #24]
 463 006a 1D44     		add	r5, r5, r3
 464              	.LVL46:
 465 006c A561     		str	r5, [r4, #24]
 236:Middlewares/Third_Party/LibJPEG/source/jdpostct.c ****   if (post->next_row >= post->strip_height) {
 466              		.loc 1 236 0
 467 006e 2369     		ldr	r3, [r4, #16]
 468 0070 9D42     		cmp	r5, r3
 469 0072 04D3     		bcc	.L24
 237:Middlewares/Third_Party/LibJPEG/source/jdpostct.c ****     post->starting_row += post->strip_height;
 470              		.loc 1 237 0
 471 0074 6269     		ldr	r2, [r4, #20]
 472 0076 1344     		add	r3, r3, r2
 473 0078 6361     		str	r3, [r4, #20]
 238:Middlewares/Third_Party/LibJPEG/source/jdpostct.c ****     post->next_row = 0;
 474              		.loc 1 238 0
 475 007a 0023     		movs	r3, #0
 476 007c A361     		str	r3, [r4, #24]
 477              	.L24:
 239:Middlewares/Third_Party/LibJPEG/source/jdpostct.c ****   }
 240:Middlewares/Third_Party/LibJPEG/source/jdpostct.c **** }
 478              		.loc 1 240 0
 479 007e 04B0     		add	sp, sp, #16
 480              	.LCFI13:
 481              		.cfi_def_cfa_offset 24
 482              		@ sp needed
 483 0080 BDE8F081 		pop	{r4, r5, r6, r7, r8, pc}
 484              		.cfi_endproc
 485              	.LFE6:
 487              		.section	.text.jinit_d_post_controller,"ax",%progbits
 488              		.align	1
 489              		.global	jinit_d_post_controller
 490              		.syntax unified
 491              		.thumb
 492              		.thumb_func
 493              		.fpu fpv5-sp-d16
ARM GAS  /tmp/ccHDdCzr.s 			page 14


 495              	jinit_d_post_controller:
 496              	.LFB7:
 241:Middlewares/Third_Party/LibJPEG/source/jdpostct.c **** 
 242:Middlewares/Third_Party/LibJPEG/source/jdpostct.c **** #endif /* QUANT_2PASS_SUPPORTED */
 243:Middlewares/Third_Party/LibJPEG/source/jdpostct.c **** 
 244:Middlewares/Third_Party/LibJPEG/source/jdpostct.c **** 
 245:Middlewares/Third_Party/LibJPEG/source/jdpostct.c **** /*
 246:Middlewares/Third_Party/LibJPEG/source/jdpostct.c ****  * Initialize postprocessing controller.
 247:Middlewares/Third_Party/LibJPEG/source/jdpostct.c ****  */
 248:Middlewares/Third_Party/LibJPEG/source/jdpostct.c **** 
 249:Middlewares/Third_Party/LibJPEG/source/jdpostct.c **** GLOBAL(void)
 250:Middlewares/Third_Party/LibJPEG/source/jdpostct.c **** jinit_d_post_controller (j_decompress_ptr cinfo, boolean need_full_buffer)
 251:Middlewares/Third_Party/LibJPEG/source/jdpostct.c **** {
 497              		.loc 1 251 0
 498              		.cfi_startproc
 499              		@ args = 0, pretend = 0, frame = 0
 500              		@ frame_needed = 0, uses_anonymous_args = 0
 501              	.LVL47:
 502 0000 F0B5     		push	{r4, r5, r6, r7, lr}
 503              	.LCFI14:
 504              		.cfi_def_cfa_offset 20
 505              		.cfi_offset 4, -20
 506              		.cfi_offset 5, -16
 507              		.cfi_offset 6, -12
 508              		.cfi_offset 7, -8
 509              		.cfi_offset 14, -4
 510 0002 83B0     		sub	sp, sp, #12
 511              	.LCFI15:
 512              		.cfi_def_cfa_offset 32
 513 0004 0446     		mov	r4, r0
 514 0006 0E46     		mov	r6, r1
 252:Middlewares/Third_Party/LibJPEG/source/jdpostct.c ****   my_post_ptr post;
 253:Middlewares/Third_Party/LibJPEG/source/jdpostct.c **** 
 254:Middlewares/Third_Party/LibJPEG/source/jdpostct.c ****   post = (my_post_ptr)
 255:Middlewares/Third_Party/LibJPEG/source/jdpostct.c ****     (*cinfo->mem->alloc_small) ((j_common_ptr) cinfo, JPOOL_IMAGE,
 515              		.loc 1 255 0
 516 0008 4368     		ldr	r3, [r0, #4]
 517 000a 1B68     		ldr	r3, [r3]
 254:Middlewares/Third_Party/LibJPEG/source/jdpostct.c ****     (*cinfo->mem->alloc_small) ((j_common_ptr) cinfo, JPOOL_IMAGE,
 518              		.loc 1 254 0
 519 000c 1C22     		movs	r2, #28
 520 000e 0121     		movs	r1, #1
 521              	.LVL48:
 522 0010 9847     		blx	r3
 523              	.LVL49:
 256:Middlewares/Third_Party/LibJPEG/source/jdpostct.c **** 				SIZEOF(my_post_controller));
 257:Middlewares/Third_Party/LibJPEG/source/jdpostct.c ****   cinfo->post = (struct jpeg_d_post_controller *) post;
 524              		.loc 1 257 0
 525 0012 C4F8C401 		str	r0, [r4, #452]
 258:Middlewares/Third_Party/LibJPEG/source/jdpostct.c ****   post->pub.start_pass = start_pass_dpost;
 526              		.loc 1 258 0
 527 0016 164B     		ldr	r3, .L35
 528 0018 0360     		str	r3, [r0]
 259:Middlewares/Third_Party/LibJPEG/source/jdpostct.c ****   post->whole_image = NULL;	/* flag for no virtual arrays */
 529              		.loc 1 259 0
 530 001a 0023     		movs	r3, #0
 531 001c 8360     		str	r3, [r0, #8]
ARM GAS  /tmp/ccHDdCzr.s 			page 15


 260:Middlewares/Third_Party/LibJPEG/source/jdpostct.c ****   post->buffer = NULL;		/* flag for no strip buffer */
 532              		.loc 1 260 0
 533 001e C360     		str	r3, [r0, #12]
 261:Middlewares/Third_Party/LibJPEG/source/jdpostct.c **** 
 262:Middlewares/Third_Party/LibJPEG/source/jdpostct.c ****   /* Create the quantization buffer, if needed */
 263:Middlewares/Third_Party/LibJPEG/source/jdpostct.c ****   if (cinfo->quantize_colors) {
 534              		.loc 1 263 0
 535 0020 636D     		ldr	r3, [r4, #84]
 536 0022 73B1     		cbz	r3, .L30
 537 0024 0546     		mov	r5, r0
 264:Middlewares/Third_Party/LibJPEG/source/jdpostct.c ****     /* The buffer strip height is max_v_samp_factor, which is typically
 265:Middlewares/Third_Party/LibJPEG/source/jdpostct.c ****      * an efficient number of rows for upsampling to return.
 266:Middlewares/Third_Party/LibJPEG/source/jdpostct.c ****      * (In the presence of output rescaling, we might want to be smarter?)
 267:Middlewares/Third_Party/LibJPEG/source/jdpostct.c ****      */
 268:Middlewares/Third_Party/LibJPEG/source/jdpostct.c ****     post->strip_height = (JDIMENSION) cinfo->max_v_samp_factor;
 538              		.loc 1 268 0
 539 0026 D4F83C31 		ldr	r3, [r4, #316]
 540 002a 0361     		str	r3, [r0, #16]
 269:Middlewares/Third_Party/LibJPEG/source/jdpostct.c ****     if (need_full_buffer) {
 541              		.loc 1 269 0
 542 002c 5EB9     		cbnz	r6, .L34
 270:Middlewares/Third_Party/LibJPEG/source/jdpostct.c ****       /* Two-pass color quantization: need full-image storage. */
 271:Middlewares/Third_Party/LibJPEG/source/jdpostct.c ****       /* We round up the number of rows to a multiple of the strip height. */
 272:Middlewares/Third_Party/LibJPEG/source/jdpostct.c **** #ifdef QUANT_2PASS_SUPPORTED
 273:Middlewares/Third_Party/LibJPEG/source/jdpostct.c ****       post->whole_image = (*cinfo->mem->request_virt_sarray)
 274:Middlewares/Third_Party/LibJPEG/source/jdpostct.c **** 	((j_common_ptr) cinfo, JPOOL_IMAGE, FALSE,
 275:Middlewares/Third_Party/LibJPEG/source/jdpostct.c **** 	 cinfo->output_width * cinfo->out_color_components,
 276:Middlewares/Third_Party/LibJPEG/source/jdpostct.c **** 	 (JDIMENSION) jround_up((long) cinfo->output_height,
 277:Middlewares/Third_Party/LibJPEG/source/jdpostct.c **** 				(long) post->strip_height),
 278:Middlewares/Third_Party/LibJPEG/source/jdpostct.c **** 	 post->strip_height);
 279:Middlewares/Third_Party/LibJPEG/source/jdpostct.c **** #else
 280:Middlewares/Third_Party/LibJPEG/source/jdpostct.c ****       ERREXIT(cinfo, JERR_BAD_BUFFER_MODE);
 281:Middlewares/Third_Party/LibJPEG/source/jdpostct.c **** #endif /* QUANT_2PASS_SUPPORTED */
 282:Middlewares/Third_Party/LibJPEG/source/jdpostct.c ****     } else {
 283:Middlewares/Third_Party/LibJPEG/source/jdpostct.c ****       /* One-pass color quantization: just make a strip buffer. */
 284:Middlewares/Third_Party/LibJPEG/source/jdpostct.c ****       post->buffer = (*cinfo->mem->alloc_sarray)
 543              		.loc 1 284 0
 544 002e 6068     		ldr	r0, [r4, #4]
 545              	.LVL50:
 285:Middlewares/Third_Party/LibJPEG/source/jdpostct.c **** 	((j_common_ptr) cinfo, JPOOL_IMAGE,
 286:Middlewares/Third_Party/LibJPEG/source/jdpostct.c **** 	 cinfo->output_width * cinfo->out_color_components,
 546              		.loc 1 286 0
 547 0030 226F     		ldr	r2, [r4, #112]
 548 0032 A16F     		ldr	r1, [r4, #120]
 284:Middlewares/Third_Party/LibJPEG/source/jdpostct.c **** 	((j_common_ptr) cinfo, JPOOL_IMAGE,
 549              		.loc 1 284 0
 550 0034 8668     		ldr	r6, [r0, #8]
 551              	.LVL51:
 552 0036 01FB02F2 		mul	r2, r1, r2
 553 003a 0121     		movs	r1, #1
 554 003c 2046     		mov	r0, r4
 555 003e B047     		blx	r6
 556              	.LVL52:
 557 0040 E860     		str	r0, [r5, #12]
 558              	.LVL53:
 559              	.L30:
 287:Middlewares/Third_Party/LibJPEG/source/jdpostct.c **** 	 post->strip_height);
ARM GAS  /tmp/ccHDdCzr.s 			page 16


 288:Middlewares/Third_Party/LibJPEG/source/jdpostct.c ****     }
 289:Middlewares/Third_Party/LibJPEG/source/jdpostct.c ****   }
 290:Middlewares/Third_Party/LibJPEG/source/jdpostct.c **** }
 560              		.loc 1 290 0
 561 0042 03B0     		add	sp, sp, #12
 562              	.LCFI16:
 563              		.cfi_remember_state
 564              		.cfi_def_cfa_offset 20
 565              		@ sp needed
 566 0044 F0BD     		pop	{r4, r5, r6, r7, pc}
 567              	.LVL54:
 568              	.L34:
 569              	.LCFI17:
 570              		.cfi_restore_state
 273:Middlewares/Third_Party/LibJPEG/source/jdpostct.c **** 	((j_common_ptr) cinfo, JPOOL_IMAGE, FALSE,
 571              		.loc 1 273 0
 572 0046 6268     		ldr	r2, [r4, #4]
 573 0048 1769     		ldr	r7, [r2, #16]
 275:Middlewares/Third_Party/LibJPEG/source/jdpostct.c **** 	 (JDIMENSION) jround_up((long) cinfo->output_height,
 574              		.loc 1 275 0
 575 004a 226F     		ldr	r2, [r4, #112]
 576 004c A66F     		ldr	r6, [r4, #120]
 577              	.LVL55:
 273:Middlewares/Third_Party/LibJPEG/source/jdpostct.c **** 	((j_common_ptr) cinfo, JPOOL_IMAGE, FALSE,
 578              		.loc 1 273 0
 579 004e 06FB02F6 		mul	r6, r6, r2
 276:Middlewares/Third_Party/LibJPEG/source/jdpostct.c **** 				(long) post->strip_height),
 580              		.loc 1 276 0
 581 0052 1946     		mov	r1, r3
 582 0054 606F     		ldr	r0, [r4, #116]
 583              	.LVL56:
 584 0056 FFF7FEFF 		bl	jround_up
 585              	.LVL57:
 273:Middlewares/Third_Party/LibJPEG/source/jdpostct.c **** 	((j_common_ptr) cinfo, JPOOL_IMAGE, FALSE,
 586              		.loc 1 273 0
 587 005a 2B69     		ldr	r3, [r5, #16]
 588 005c 0193     		str	r3, [sp, #4]
 589 005e 0090     		str	r0, [sp]
 590 0060 3346     		mov	r3, r6
 591 0062 0022     		movs	r2, #0
 592 0064 0121     		movs	r1, #1
 593 0066 2046     		mov	r0, r4
 594 0068 B847     		blx	r7
 595              	.LVL58:
 596 006a A860     		str	r0, [r5, #8]
 597 006c E9E7     		b	.L30
 598              	.L36:
 599 006e 00BF     		.align	2
 600              	.L35:
 601 0070 00000000 		.word	start_pass_dpost
 602              		.cfi_endproc
 603              	.LFE7:
 605              		.text
 606              	.Letext0:
 607              		.file 2 "/home/jaxc/opt/gcc-arm-none-eabi-7-2018-q2-update/lib/gcc/arm-none-eabi/7.3.1/include/std
 608              		.file 3 "/home/jaxc/opt/gcc-arm-none-eabi-7-2018-q2-update/arm-none-eabi/include/sys/lock.h"
 609              		.file 4 "/home/jaxc/opt/gcc-arm-none-eabi-7-2018-q2-update/arm-none-eabi/include/sys/_types.h"
ARM GAS  /tmp/ccHDdCzr.s 			page 17


 610              		.file 5 "/home/jaxc/opt/gcc-arm-none-eabi-7-2018-q2-update/arm-none-eabi/include/sys/reent.h"
 611              		.file 6 "/home/jaxc/opt/gcc-arm-none-eabi-7-2018-q2-update/arm-none-eabi/include/stdlib.h"
 612              		.file 7 "Inc/jmorecfg.h"
 613              		.file 8 "Middlewares/Third_Party/LibJPEG/include/jpeglib.h"
 614              		.file 9 "Middlewares/Third_Party/LibJPEG/include/jpegint.h"
 615              		.file 10 "Middlewares/Third_Party/LibJPEG/include/jerror.h"
ARM GAS  /tmp/ccHDdCzr.s 			page 18


DEFINED SYMBOLS
                            *ABS*:0000000000000000 jdpostct.c
     /tmp/ccHDdCzr.s:18     .text.start_pass_dpost:0000000000000000 $t
     /tmp/ccHDdCzr.s:24     .text.start_pass_dpost:0000000000000000 start_pass_dpost
     /tmp/ccHDdCzr.s:143    .text.start_pass_dpost:0000000000000080 $d
     /tmp/ccHDdCzr.s:156    .text.post_process_1pass:0000000000000000 post_process_1pass
     /tmp/ccHDdCzr.s:248    .text.post_process_prepass:0000000000000000 post_process_prepass
     /tmp/ccHDdCzr.s:369    .text.post_process_2pass:0000000000000000 post_process_2pass
     /tmp/ccHDdCzr.s:150    .text.post_process_1pass:0000000000000000 $t
     /tmp/ccHDdCzr.s:242    .text.post_process_prepass:0000000000000000 $t
     /tmp/ccHDdCzr.s:363    .text.post_process_2pass:0000000000000000 $t
     /tmp/ccHDdCzr.s:488    .text.jinit_d_post_controller:0000000000000000 $t
     /tmp/ccHDdCzr.s:495    .text.jinit_d_post_controller:0000000000000000 jinit_d_post_controller
     /tmp/ccHDdCzr.s:601    .text.jinit_d_post_controller:0000000000000070 $d

UNDEFINED SYMBOLS
jround_up
