ARM GAS  /tmp/cc3E1Lcr.s 			page 1


   1              		.cpu cortex-m7
   2              		.eabi_attribute 27, 1
   3              		.eabi_attribute 28, 1
   4              		.eabi_attribute 20, 1
   5              		.eabi_attribute 21, 1
   6              		.eabi_attribute 23, 3
   7              		.eabi_attribute 24, 1
   8              		.eabi_attribute 25, 1
   9              		.eabi_attribute 26, 1
  10              		.eabi_attribute 30, 1
  11              		.eabi_attribute 34, 1
  12              		.eabi_attribute 18, 4
  13              		.file	"stm32f7xx_hal_gpio.c"
  14              		.text
  15              	.Ltext0:
  16              		.cfi_sections	.debug_frame
  17              		.section	.text.HAL_GPIO_Init,"ax",%progbits
  18              		.align	1
  19              		.global	HAL_GPIO_Init
  20              		.syntax unified
  21              		.thumb
  22              		.thumb_func
  23              		.fpu fpv5-sp-d16
  25              	HAL_GPIO_Init:
  26              	.LFB138:
  27              		.file 1 "Drivers/STM32F7xx_HAL_Driver/Src/stm32f7xx_hal_gpio.c"
   1:Drivers/STM32F7xx_HAL_Driver/Src/stm32f7xx_hal_gpio.c **** /**
   2:Drivers/STM32F7xx_HAL_Driver/Src/stm32f7xx_hal_gpio.c ****   ******************************************************************************
   3:Drivers/STM32F7xx_HAL_Driver/Src/stm32f7xx_hal_gpio.c ****   * @file    stm32f7xx_hal_gpio.c
   4:Drivers/STM32F7xx_HAL_Driver/Src/stm32f7xx_hal_gpio.c ****   * @author  MCD Application Team
   5:Drivers/STM32F7xx_HAL_Driver/Src/stm32f7xx_hal_gpio.c ****   * @brief   GPIO HAL module driver.
   6:Drivers/STM32F7xx_HAL_Driver/Src/stm32f7xx_hal_gpio.c ****   *          This file provides firmware functions to manage the following 
   7:Drivers/STM32F7xx_HAL_Driver/Src/stm32f7xx_hal_gpio.c ****   *          functionalities of the General Purpose Input/Output (GPIO) peripheral:
   8:Drivers/STM32F7xx_HAL_Driver/Src/stm32f7xx_hal_gpio.c ****   *           + Initialization and de-initialization functions
   9:Drivers/STM32F7xx_HAL_Driver/Src/stm32f7xx_hal_gpio.c ****   *           + IO operation functions
  10:Drivers/STM32F7xx_HAL_Driver/Src/stm32f7xx_hal_gpio.c ****   *
  11:Drivers/STM32F7xx_HAL_Driver/Src/stm32f7xx_hal_gpio.c ****   @verbatim
  12:Drivers/STM32F7xx_HAL_Driver/Src/stm32f7xx_hal_gpio.c ****   ==============================================================================
  13:Drivers/STM32F7xx_HAL_Driver/Src/stm32f7xx_hal_gpio.c ****                     ##### GPIO Peripheral features #####
  14:Drivers/STM32F7xx_HAL_Driver/Src/stm32f7xx_hal_gpio.c ****   ==============================================================================
  15:Drivers/STM32F7xx_HAL_Driver/Src/stm32f7xx_hal_gpio.c ****   [..] 
  16:Drivers/STM32F7xx_HAL_Driver/Src/stm32f7xx_hal_gpio.c ****   Subject to the specific hardware characteristics of each I/O port listed in the datasheet, each
  17:Drivers/STM32F7xx_HAL_Driver/Src/stm32f7xx_hal_gpio.c ****   port bit of the General Purpose IO (GPIO) Ports, can be individually configured by software
  18:Drivers/STM32F7xx_HAL_Driver/Src/stm32f7xx_hal_gpio.c ****   in several modes:
  19:Drivers/STM32F7xx_HAL_Driver/Src/stm32f7xx_hal_gpio.c ****   (+) Input mode 
  20:Drivers/STM32F7xx_HAL_Driver/Src/stm32f7xx_hal_gpio.c ****   (+) Analog mode
  21:Drivers/STM32F7xx_HAL_Driver/Src/stm32f7xx_hal_gpio.c ****   (+) Output mode
  22:Drivers/STM32F7xx_HAL_Driver/Src/stm32f7xx_hal_gpio.c ****   (+) Alternate function mode
  23:Drivers/STM32F7xx_HAL_Driver/Src/stm32f7xx_hal_gpio.c ****   (+) External interrupt/event lines
  24:Drivers/STM32F7xx_HAL_Driver/Src/stm32f7xx_hal_gpio.c **** 
  25:Drivers/STM32F7xx_HAL_Driver/Src/stm32f7xx_hal_gpio.c ****   [..]  
  26:Drivers/STM32F7xx_HAL_Driver/Src/stm32f7xx_hal_gpio.c ****   During and just after reset, the alternate functions and external interrupt  
  27:Drivers/STM32F7xx_HAL_Driver/Src/stm32f7xx_hal_gpio.c ****   lines are not active and the I/O ports are configured in input floating mode.
  28:Drivers/STM32F7xx_HAL_Driver/Src/stm32f7xx_hal_gpio.c ****   
  29:Drivers/STM32F7xx_HAL_Driver/Src/stm32f7xx_hal_gpio.c ****   [..]   
  30:Drivers/STM32F7xx_HAL_Driver/Src/stm32f7xx_hal_gpio.c ****   All GPIO pins have weak internal pull-up and pull-down resistors, which can be 
  31:Drivers/STM32F7xx_HAL_Driver/Src/stm32f7xx_hal_gpio.c ****   activated or not.
ARM GAS  /tmp/cc3E1Lcr.s 			page 2


  32:Drivers/STM32F7xx_HAL_Driver/Src/stm32f7xx_hal_gpio.c **** 
  33:Drivers/STM32F7xx_HAL_Driver/Src/stm32f7xx_hal_gpio.c ****   [..]
  34:Drivers/STM32F7xx_HAL_Driver/Src/stm32f7xx_hal_gpio.c ****   In Output or Alternate mode, each IO can be configured on open-drain or push-pull
  35:Drivers/STM32F7xx_HAL_Driver/Src/stm32f7xx_hal_gpio.c ****   type and the IO speed can be selected depending on the VDD value.
  36:Drivers/STM32F7xx_HAL_Driver/Src/stm32f7xx_hal_gpio.c **** 
  37:Drivers/STM32F7xx_HAL_Driver/Src/stm32f7xx_hal_gpio.c ****   [..]  
  38:Drivers/STM32F7xx_HAL_Driver/Src/stm32f7xx_hal_gpio.c ****   All ports have external interrupt/event capability. To use external interrupt 
  39:Drivers/STM32F7xx_HAL_Driver/Src/stm32f7xx_hal_gpio.c ****   lines, the port must be configured in input mode. All available GPIO pins are 
  40:Drivers/STM32F7xx_HAL_Driver/Src/stm32f7xx_hal_gpio.c ****   connected to the 16 external interrupt/event lines from EXTI0 to EXTI15.
  41:Drivers/STM32F7xx_HAL_Driver/Src/stm32f7xx_hal_gpio.c ****   
  42:Drivers/STM32F7xx_HAL_Driver/Src/stm32f7xx_hal_gpio.c ****   [..]
  43:Drivers/STM32F7xx_HAL_Driver/Src/stm32f7xx_hal_gpio.c ****   The external interrupt/event controller consists of up to 23 edge detectors 
  44:Drivers/STM32F7xx_HAL_Driver/Src/stm32f7xx_hal_gpio.c ****   (16 lines are connected to GPIO) for generating event/interrupt requests (each 
  45:Drivers/STM32F7xx_HAL_Driver/Src/stm32f7xx_hal_gpio.c ****   input line can be independently configured to select the type (interrupt or event) 
  46:Drivers/STM32F7xx_HAL_Driver/Src/stm32f7xx_hal_gpio.c ****   and the corresponding trigger event (rising or falling or both). Each line can 
  47:Drivers/STM32F7xx_HAL_Driver/Src/stm32f7xx_hal_gpio.c ****   also be masked independently. 
  48:Drivers/STM32F7xx_HAL_Driver/Src/stm32f7xx_hal_gpio.c **** 
  49:Drivers/STM32F7xx_HAL_Driver/Src/stm32f7xx_hal_gpio.c ****                      ##### How to use this driver #####
  50:Drivers/STM32F7xx_HAL_Driver/Src/stm32f7xx_hal_gpio.c ****   ==============================================================================  
  51:Drivers/STM32F7xx_HAL_Driver/Src/stm32f7xx_hal_gpio.c ****   [..]
  52:Drivers/STM32F7xx_HAL_Driver/Src/stm32f7xx_hal_gpio.c ****     (#) Enable the GPIO AHB clock using the following function: __HAL_RCC_GPIOx_CLK_ENABLE(). 
  53:Drivers/STM32F7xx_HAL_Driver/Src/stm32f7xx_hal_gpio.c **** 
  54:Drivers/STM32F7xx_HAL_Driver/Src/stm32f7xx_hal_gpio.c ****     (#) Configure the GPIO pin(s) using HAL_GPIO_Init().
  55:Drivers/STM32F7xx_HAL_Driver/Src/stm32f7xx_hal_gpio.c ****         (++) Configure the IO mode using "Mode" member from GPIO_InitTypeDef structure
  56:Drivers/STM32F7xx_HAL_Driver/Src/stm32f7xx_hal_gpio.c ****         (++) Activate Pull-up, Pull-down resistor using "Pull" member from GPIO_InitTypeDef 
  57:Drivers/STM32F7xx_HAL_Driver/Src/stm32f7xx_hal_gpio.c ****              structure.
  58:Drivers/STM32F7xx_HAL_Driver/Src/stm32f7xx_hal_gpio.c ****         (++) In case of Output or alternate function mode selection: the speed is 
  59:Drivers/STM32F7xx_HAL_Driver/Src/stm32f7xx_hal_gpio.c ****              configured through "Speed" member from GPIO_InitTypeDef structure.
  60:Drivers/STM32F7xx_HAL_Driver/Src/stm32f7xx_hal_gpio.c ****         (++) In alternate mode is selection, the alternate function connected to the IO
  61:Drivers/STM32F7xx_HAL_Driver/Src/stm32f7xx_hal_gpio.c ****              is configured through "Alternate" member from GPIO_InitTypeDef structure.
  62:Drivers/STM32F7xx_HAL_Driver/Src/stm32f7xx_hal_gpio.c ****         (++) Analog mode is required when a pin is to be used as ADC channel 
  63:Drivers/STM32F7xx_HAL_Driver/Src/stm32f7xx_hal_gpio.c ****              or DAC output.
  64:Drivers/STM32F7xx_HAL_Driver/Src/stm32f7xx_hal_gpio.c ****         (++) In case of external interrupt/event selection the "Mode" member from 
  65:Drivers/STM32F7xx_HAL_Driver/Src/stm32f7xx_hal_gpio.c ****              GPIO_InitTypeDef structure select the type (interrupt or event) and 
  66:Drivers/STM32F7xx_HAL_Driver/Src/stm32f7xx_hal_gpio.c ****              the corresponding trigger event (rising or falling or both).
  67:Drivers/STM32F7xx_HAL_Driver/Src/stm32f7xx_hal_gpio.c **** 
  68:Drivers/STM32F7xx_HAL_Driver/Src/stm32f7xx_hal_gpio.c ****     (#) In case of external interrupt/event mode selection, configure NVIC IRQ priority 
  69:Drivers/STM32F7xx_HAL_Driver/Src/stm32f7xx_hal_gpio.c ****         mapped to the EXTI line using HAL_NVIC_SetPriority() and enable it using
  70:Drivers/STM32F7xx_HAL_Driver/Src/stm32f7xx_hal_gpio.c ****         HAL_NVIC_EnableIRQ().
  71:Drivers/STM32F7xx_HAL_Driver/Src/stm32f7xx_hal_gpio.c ****          
  72:Drivers/STM32F7xx_HAL_Driver/Src/stm32f7xx_hal_gpio.c ****     (#) To get the level of a pin configured in input mode use HAL_GPIO_ReadPin().
  73:Drivers/STM32F7xx_HAL_Driver/Src/stm32f7xx_hal_gpio.c ****             
  74:Drivers/STM32F7xx_HAL_Driver/Src/stm32f7xx_hal_gpio.c ****     (#) To set/reset the level of a pin configured in output mode use 
  75:Drivers/STM32F7xx_HAL_Driver/Src/stm32f7xx_hal_gpio.c ****         HAL_GPIO_WritePin()/HAL_GPIO_TogglePin().
  76:Drivers/STM32F7xx_HAL_Driver/Src/stm32f7xx_hal_gpio.c ****     
  77:Drivers/STM32F7xx_HAL_Driver/Src/stm32f7xx_hal_gpio.c ****     (#) To lock pin configuration until next reset use HAL_GPIO_LockPin().
  78:Drivers/STM32F7xx_HAL_Driver/Src/stm32f7xx_hal_gpio.c **** 
  79:Drivers/STM32F7xx_HAL_Driver/Src/stm32f7xx_hal_gpio.c ****                  
  80:Drivers/STM32F7xx_HAL_Driver/Src/stm32f7xx_hal_gpio.c ****     (#) During and just after reset, the alternate functions are not 
  81:Drivers/STM32F7xx_HAL_Driver/Src/stm32f7xx_hal_gpio.c ****         active and the GPIO pins are configured in input floating mode (except JTAG
  82:Drivers/STM32F7xx_HAL_Driver/Src/stm32f7xx_hal_gpio.c ****         pins).
  83:Drivers/STM32F7xx_HAL_Driver/Src/stm32f7xx_hal_gpio.c ****   
  84:Drivers/STM32F7xx_HAL_Driver/Src/stm32f7xx_hal_gpio.c ****     (#) The LSE oscillator pins OSC32_IN and OSC32_OUT can be used as general purpose 
  85:Drivers/STM32F7xx_HAL_Driver/Src/stm32f7xx_hal_gpio.c ****         (PC14 and PC15, respectively) when the LSE oscillator is off. The LSE has 
  86:Drivers/STM32F7xx_HAL_Driver/Src/stm32f7xx_hal_gpio.c ****         priority over the GPIO function.
  87:Drivers/STM32F7xx_HAL_Driver/Src/stm32f7xx_hal_gpio.c ****   
  88:Drivers/STM32F7xx_HAL_Driver/Src/stm32f7xx_hal_gpio.c ****     (#) The HSE oscillator pins OSC_IN/OSC_OUT can be used as 
ARM GAS  /tmp/cc3E1Lcr.s 			page 3


  89:Drivers/STM32F7xx_HAL_Driver/Src/stm32f7xx_hal_gpio.c ****         general purpose PH0 and PH1, respectively, when the HSE oscillator is off. 
  90:Drivers/STM32F7xx_HAL_Driver/Src/stm32f7xx_hal_gpio.c ****         The HSE has priority over the GPIO function.
  91:Drivers/STM32F7xx_HAL_Driver/Src/stm32f7xx_hal_gpio.c ****   
  92:Drivers/STM32F7xx_HAL_Driver/Src/stm32f7xx_hal_gpio.c ****   @endverbatim
  93:Drivers/STM32F7xx_HAL_Driver/Src/stm32f7xx_hal_gpio.c ****   ******************************************************************************
  94:Drivers/STM32F7xx_HAL_Driver/Src/stm32f7xx_hal_gpio.c ****   * @attention
  95:Drivers/STM32F7xx_HAL_Driver/Src/stm32f7xx_hal_gpio.c ****   *
  96:Drivers/STM32F7xx_HAL_Driver/Src/stm32f7xx_hal_gpio.c ****   * <h2><center>&copy; COPYRIGHT(c) 2017 STMicroelectronics</center></h2>
  97:Drivers/STM32F7xx_HAL_Driver/Src/stm32f7xx_hal_gpio.c ****   *
  98:Drivers/STM32F7xx_HAL_Driver/Src/stm32f7xx_hal_gpio.c ****   * Redistribution and use in source and binary forms, with or without modification,
  99:Drivers/STM32F7xx_HAL_Driver/Src/stm32f7xx_hal_gpio.c ****   * are permitted provided that the following conditions are met:
 100:Drivers/STM32F7xx_HAL_Driver/Src/stm32f7xx_hal_gpio.c ****   *   1. Redistributions of source code must retain the above copyright notice,
 101:Drivers/STM32F7xx_HAL_Driver/Src/stm32f7xx_hal_gpio.c ****   *      this list of conditions and the following disclaimer.
 102:Drivers/STM32F7xx_HAL_Driver/Src/stm32f7xx_hal_gpio.c ****   *   2. Redistributions in binary form must reproduce the above copyright notice,
 103:Drivers/STM32F7xx_HAL_Driver/Src/stm32f7xx_hal_gpio.c ****   *      this list of conditions and the following disclaimer in the documentation
 104:Drivers/STM32F7xx_HAL_Driver/Src/stm32f7xx_hal_gpio.c ****   *      and/or other materials provided with the distribution.
 105:Drivers/STM32F7xx_HAL_Driver/Src/stm32f7xx_hal_gpio.c ****   *   3. Neither the name of STMicroelectronics nor the names of its contributors
 106:Drivers/STM32F7xx_HAL_Driver/Src/stm32f7xx_hal_gpio.c ****   *      may be used to endorse or promote products derived from this software
 107:Drivers/STM32F7xx_HAL_Driver/Src/stm32f7xx_hal_gpio.c ****   *      without specific prior written permission.
 108:Drivers/STM32F7xx_HAL_Driver/Src/stm32f7xx_hal_gpio.c ****   *
 109:Drivers/STM32F7xx_HAL_Driver/Src/stm32f7xx_hal_gpio.c ****   * THIS SOFTWARE IS PROVIDED BY THE COPYRIGHT HOLDERS AND CONTRIBUTORS "AS IS"
 110:Drivers/STM32F7xx_HAL_Driver/Src/stm32f7xx_hal_gpio.c ****   * AND ANY EXPRESS OR IMPLIED WARRANTIES, INCLUDING, BUT NOT LIMITED TO, THE
 111:Drivers/STM32F7xx_HAL_Driver/Src/stm32f7xx_hal_gpio.c ****   * IMPLIED WARRANTIES OF MERCHANTABILITY AND FITNESS FOR A PARTICULAR PURPOSE ARE
 112:Drivers/STM32F7xx_HAL_Driver/Src/stm32f7xx_hal_gpio.c ****   * DISCLAIMED. IN NO EVENT SHALL THE COPYRIGHT HOLDER OR CONTRIBUTORS BE LIABLE
 113:Drivers/STM32F7xx_HAL_Driver/Src/stm32f7xx_hal_gpio.c ****   * FOR ANY DIRECT, INDIRECT, INCIDENTAL, SPECIAL, EXEMPLARY, OR CONSEQUENTIAL
 114:Drivers/STM32F7xx_HAL_Driver/Src/stm32f7xx_hal_gpio.c ****   * DAMAGES (INCLUDING, BUT NOT LIMITED TO, PROCUREMENT OF SUBSTITUTE GOODS OR
 115:Drivers/STM32F7xx_HAL_Driver/Src/stm32f7xx_hal_gpio.c ****   * SERVICES; LOSS OF USE, DATA, OR PROFITS; OR BUSINESS INTERRUPTION) HOWEVER
 116:Drivers/STM32F7xx_HAL_Driver/Src/stm32f7xx_hal_gpio.c ****   * CAUSED AND ON ANY THEORY OF LIABILITY, WHETHER IN CONTRACT, STRICT LIABILITY,
 117:Drivers/STM32F7xx_HAL_Driver/Src/stm32f7xx_hal_gpio.c ****   * OR TORT (INCLUDING NEGLIGENCE OR OTHERWISE) ARISING IN ANY WAY OUT OF THE USE
 118:Drivers/STM32F7xx_HAL_Driver/Src/stm32f7xx_hal_gpio.c ****   * OF THIS SOFTWARE, EVEN IF ADVISED OF THE POSSIBILITY OF SUCH DAMAGE.
 119:Drivers/STM32F7xx_HAL_Driver/Src/stm32f7xx_hal_gpio.c ****   *
 120:Drivers/STM32F7xx_HAL_Driver/Src/stm32f7xx_hal_gpio.c ****   ******************************************************************************
 121:Drivers/STM32F7xx_HAL_Driver/Src/stm32f7xx_hal_gpio.c ****   */ 
 122:Drivers/STM32F7xx_HAL_Driver/Src/stm32f7xx_hal_gpio.c **** 
 123:Drivers/STM32F7xx_HAL_Driver/Src/stm32f7xx_hal_gpio.c **** /* Includes ------------------------------------------------------------------*/
 124:Drivers/STM32F7xx_HAL_Driver/Src/stm32f7xx_hal_gpio.c **** #include "stm32f7xx_hal.h"
 125:Drivers/STM32F7xx_HAL_Driver/Src/stm32f7xx_hal_gpio.c **** 
 126:Drivers/STM32F7xx_HAL_Driver/Src/stm32f7xx_hal_gpio.c **** /** @addtogroup STM32F7xx_HAL_Driver
 127:Drivers/STM32F7xx_HAL_Driver/Src/stm32f7xx_hal_gpio.c ****   * @{
 128:Drivers/STM32F7xx_HAL_Driver/Src/stm32f7xx_hal_gpio.c ****   */
 129:Drivers/STM32F7xx_HAL_Driver/Src/stm32f7xx_hal_gpio.c **** 
 130:Drivers/STM32F7xx_HAL_Driver/Src/stm32f7xx_hal_gpio.c **** /** @defgroup GPIO GPIO
 131:Drivers/STM32F7xx_HAL_Driver/Src/stm32f7xx_hal_gpio.c ****   * @brief GPIO HAL module driver
 132:Drivers/STM32F7xx_HAL_Driver/Src/stm32f7xx_hal_gpio.c ****   * @{
 133:Drivers/STM32F7xx_HAL_Driver/Src/stm32f7xx_hal_gpio.c ****   */
 134:Drivers/STM32F7xx_HAL_Driver/Src/stm32f7xx_hal_gpio.c **** 
 135:Drivers/STM32F7xx_HAL_Driver/Src/stm32f7xx_hal_gpio.c **** #ifdef HAL_GPIO_MODULE_ENABLED
 136:Drivers/STM32F7xx_HAL_Driver/Src/stm32f7xx_hal_gpio.c **** 
 137:Drivers/STM32F7xx_HAL_Driver/Src/stm32f7xx_hal_gpio.c **** /* Private typedef -----------------------------------------------------------*/
 138:Drivers/STM32F7xx_HAL_Driver/Src/stm32f7xx_hal_gpio.c **** /* Private define ------------------------------------------------------------*/
 139:Drivers/STM32F7xx_HAL_Driver/Src/stm32f7xx_hal_gpio.c **** /** @addtogroup GPIO_Private_Constants GPIO Private Constants
 140:Drivers/STM32F7xx_HAL_Driver/Src/stm32f7xx_hal_gpio.c ****   * @{
 141:Drivers/STM32F7xx_HAL_Driver/Src/stm32f7xx_hal_gpio.c ****   */
 142:Drivers/STM32F7xx_HAL_Driver/Src/stm32f7xx_hal_gpio.c **** #define GPIO_MODE             ((uint32_t)0x00000003U)
 143:Drivers/STM32F7xx_HAL_Driver/Src/stm32f7xx_hal_gpio.c **** #define EXTI_MODE             ((uint32_t)0x10000000U)
 144:Drivers/STM32F7xx_HAL_Driver/Src/stm32f7xx_hal_gpio.c **** #define GPIO_MODE_IT          ((uint32_t)0x00010000U)
 145:Drivers/STM32F7xx_HAL_Driver/Src/stm32f7xx_hal_gpio.c **** #define GPIO_MODE_EVT         ((uint32_t)0x00020000U)
ARM GAS  /tmp/cc3E1Lcr.s 			page 4


 146:Drivers/STM32F7xx_HAL_Driver/Src/stm32f7xx_hal_gpio.c **** #define RISING_EDGE           ((uint32_t)0x00100000U)
 147:Drivers/STM32F7xx_HAL_Driver/Src/stm32f7xx_hal_gpio.c **** #define FALLING_EDGE          ((uint32_t)0x00200000U)
 148:Drivers/STM32F7xx_HAL_Driver/Src/stm32f7xx_hal_gpio.c **** #define GPIO_OUTPUT_TYPE      ((uint32_t)0x00000010U)
 149:Drivers/STM32F7xx_HAL_Driver/Src/stm32f7xx_hal_gpio.c **** 
 150:Drivers/STM32F7xx_HAL_Driver/Src/stm32f7xx_hal_gpio.c **** #define GPIO_NUMBER           ((uint32_t)16U)
 151:Drivers/STM32F7xx_HAL_Driver/Src/stm32f7xx_hal_gpio.c **** /**
 152:Drivers/STM32F7xx_HAL_Driver/Src/stm32f7xx_hal_gpio.c ****   * @}
 153:Drivers/STM32F7xx_HAL_Driver/Src/stm32f7xx_hal_gpio.c ****   */
 154:Drivers/STM32F7xx_HAL_Driver/Src/stm32f7xx_hal_gpio.c **** /* Private macro -------------------------------------------------------------*/
 155:Drivers/STM32F7xx_HAL_Driver/Src/stm32f7xx_hal_gpio.c **** /* Private variables ---------------------------------------------------------*/
 156:Drivers/STM32F7xx_HAL_Driver/Src/stm32f7xx_hal_gpio.c **** /* Private function prototypes -----------------------------------------------*/
 157:Drivers/STM32F7xx_HAL_Driver/Src/stm32f7xx_hal_gpio.c **** /* Private functions ---------------------------------------------------------*/
 158:Drivers/STM32F7xx_HAL_Driver/Src/stm32f7xx_hal_gpio.c **** /* Exported functions --------------------------------------------------------*/
 159:Drivers/STM32F7xx_HAL_Driver/Src/stm32f7xx_hal_gpio.c **** /** @defgroup GPIO_Exported_Functions GPIO Exported Functions
 160:Drivers/STM32F7xx_HAL_Driver/Src/stm32f7xx_hal_gpio.c ****   * @{
 161:Drivers/STM32F7xx_HAL_Driver/Src/stm32f7xx_hal_gpio.c ****   */
 162:Drivers/STM32F7xx_HAL_Driver/Src/stm32f7xx_hal_gpio.c **** 
 163:Drivers/STM32F7xx_HAL_Driver/Src/stm32f7xx_hal_gpio.c **** /** @defgroup GPIO_Exported_Functions_Group1 Initialization and de-initialization functions
 164:Drivers/STM32F7xx_HAL_Driver/Src/stm32f7xx_hal_gpio.c ****  *  @brief    Initialization and Configuration functions
 165:Drivers/STM32F7xx_HAL_Driver/Src/stm32f7xx_hal_gpio.c ****  *
 166:Drivers/STM32F7xx_HAL_Driver/Src/stm32f7xx_hal_gpio.c **** @verbatim
 167:Drivers/STM32F7xx_HAL_Driver/Src/stm32f7xx_hal_gpio.c ****  ===============================================================================
 168:Drivers/STM32F7xx_HAL_Driver/Src/stm32f7xx_hal_gpio.c ****               ##### Initialization and de-initialization functions #####
 169:Drivers/STM32F7xx_HAL_Driver/Src/stm32f7xx_hal_gpio.c ****  ===============================================================================
 170:Drivers/STM32F7xx_HAL_Driver/Src/stm32f7xx_hal_gpio.c ****   [..]
 171:Drivers/STM32F7xx_HAL_Driver/Src/stm32f7xx_hal_gpio.c ****     This section provides functions allowing to initialize and de-initialize the GPIOs
 172:Drivers/STM32F7xx_HAL_Driver/Src/stm32f7xx_hal_gpio.c ****     to be ready for use.
 173:Drivers/STM32F7xx_HAL_Driver/Src/stm32f7xx_hal_gpio.c ****  
 174:Drivers/STM32F7xx_HAL_Driver/Src/stm32f7xx_hal_gpio.c **** @endverbatim
 175:Drivers/STM32F7xx_HAL_Driver/Src/stm32f7xx_hal_gpio.c ****   * @{
 176:Drivers/STM32F7xx_HAL_Driver/Src/stm32f7xx_hal_gpio.c ****   */
 177:Drivers/STM32F7xx_HAL_Driver/Src/stm32f7xx_hal_gpio.c **** 
 178:Drivers/STM32F7xx_HAL_Driver/Src/stm32f7xx_hal_gpio.c **** /**
 179:Drivers/STM32F7xx_HAL_Driver/Src/stm32f7xx_hal_gpio.c ****   * @brief  Initializes the GPIOx peripheral according to the specified parameters in the GPIO_Init
 180:Drivers/STM32F7xx_HAL_Driver/Src/stm32f7xx_hal_gpio.c ****   * @param  GPIOx where x can be (A..K) to select the GPIO peripheral.
 181:Drivers/STM32F7xx_HAL_Driver/Src/stm32f7xx_hal_gpio.c ****   * @param  GPIO_Init pointer to a GPIO_InitTypeDef structure that contains
 182:Drivers/STM32F7xx_HAL_Driver/Src/stm32f7xx_hal_gpio.c ****   *         the configuration information for the specified GPIO peripheral.
 183:Drivers/STM32F7xx_HAL_Driver/Src/stm32f7xx_hal_gpio.c ****   * @retval None
 184:Drivers/STM32F7xx_HAL_Driver/Src/stm32f7xx_hal_gpio.c ****   */
 185:Drivers/STM32F7xx_HAL_Driver/Src/stm32f7xx_hal_gpio.c **** void HAL_GPIO_Init(GPIO_TypeDef  *GPIOx, GPIO_InitTypeDef *GPIO_Init)
 186:Drivers/STM32F7xx_HAL_Driver/Src/stm32f7xx_hal_gpio.c **** {
  28              		.loc 1 186 0
  29              		.cfi_startproc
  30              		@ args = 0, pretend = 0, frame = 8
  31              		@ frame_needed = 0, uses_anonymous_args = 0
  32              		@ link register save eliminated.
  33              	.LVL0:
 187:Drivers/STM32F7xx_HAL_Driver/Src/stm32f7xx_hal_gpio.c ****   uint32_t position = 0x00;
 188:Drivers/STM32F7xx_HAL_Driver/Src/stm32f7xx_hal_gpio.c ****   uint32_t ioposition = 0x00;
 189:Drivers/STM32F7xx_HAL_Driver/Src/stm32f7xx_hal_gpio.c ****   uint32_t iocurrent = 0x00;
 190:Drivers/STM32F7xx_HAL_Driver/Src/stm32f7xx_hal_gpio.c ****   uint32_t temp = 0x00;
 191:Drivers/STM32F7xx_HAL_Driver/Src/stm32f7xx_hal_gpio.c **** 
 192:Drivers/STM32F7xx_HAL_Driver/Src/stm32f7xx_hal_gpio.c ****   /* Check the parameters */
 193:Drivers/STM32F7xx_HAL_Driver/Src/stm32f7xx_hal_gpio.c ****   assert_param(IS_GPIO_ALL_INSTANCE(GPIOx));
 194:Drivers/STM32F7xx_HAL_Driver/Src/stm32f7xx_hal_gpio.c ****   assert_param(IS_GPIO_PIN(GPIO_Init->Pin));
 195:Drivers/STM32F7xx_HAL_Driver/Src/stm32f7xx_hal_gpio.c ****   assert_param(IS_GPIO_MODE(GPIO_Init->Mode));
 196:Drivers/STM32F7xx_HAL_Driver/Src/stm32f7xx_hal_gpio.c ****   assert_param(IS_GPIO_PULL(GPIO_Init->Pull));
ARM GAS  /tmp/cc3E1Lcr.s 			page 5


 197:Drivers/STM32F7xx_HAL_Driver/Src/stm32f7xx_hal_gpio.c **** 
 198:Drivers/STM32F7xx_HAL_Driver/Src/stm32f7xx_hal_gpio.c ****   /* Configure the port pins */
 199:Drivers/STM32F7xx_HAL_Driver/Src/stm32f7xx_hal_gpio.c ****   for(position = 0; position < GPIO_NUMBER; position++)
  34              		.loc 1 199 0
  35 0000 0023     		movs	r3, #0
  36              	.LVL1:
  37 0002 0F2B     		cmp	r3, #15
  38 0004 00F2D680 		bhi	.L24
 186:Drivers/STM32F7xx_HAL_Driver/Src/stm32f7xx_hal_gpio.c ****   uint32_t position = 0x00;
  39              		.loc 1 186 0
  40 0008 F0B4     		push	{r4, r5, r6, r7}
  41              	.LCFI0:
  42              		.cfi_def_cfa_offset 16
  43              		.cfi_offset 4, -16
  44              		.cfi_offset 5, -12
  45              		.cfi_offset 6, -8
  46              		.cfi_offset 7, -4
  47 000a 82B0     		sub	sp, sp, #8
  48              	.LCFI1:
  49              		.cfi_def_cfa_offset 24
  50 000c 39E0     		b	.L12
  51              	.LVL2:
  52              	.L26:
 200:Drivers/STM32F7xx_HAL_Driver/Src/stm32f7xx_hal_gpio.c ****   {
 201:Drivers/STM32F7xx_HAL_Driver/Src/stm32f7xx_hal_gpio.c ****     /* Get the IO position */
 202:Drivers/STM32F7xx_HAL_Driver/Src/stm32f7xx_hal_gpio.c ****     ioposition = ((uint32_t)0x01) << position;
 203:Drivers/STM32F7xx_HAL_Driver/Src/stm32f7xx_hal_gpio.c ****     /* Get the current IO position */
 204:Drivers/STM32F7xx_HAL_Driver/Src/stm32f7xx_hal_gpio.c ****     iocurrent = (uint32_t)(GPIO_Init->Pin) & ioposition;
 205:Drivers/STM32F7xx_HAL_Driver/Src/stm32f7xx_hal_gpio.c **** 
 206:Drivers/STM32F7xx_HAL_Driver/Src/stm32f7xx_hal_gpio.c ****     if(iocurrent == ioposition)
 207:Drivers/STM32F7xx_HAL_Driver/Src/stm32f7xx_hal_gpio.c ****     {
 208:Drivers/STM32F7xx_HAL_Driver/Src/stm32f7xx_hal_gpio.c ****       /*--------------------- GPIO Mode Configuration ------------------------*/
 209:Drivers/STM32F7xx_HAL_Driver/Src/stm32f7xx_hal_gpio.c ****       /* In case of Alternate function mode selection */
 210:Drivers/STM32F7xx_HAL_Driver/Src/stm32f7xx_hal_gpio.c ****       if((GPIO_Init->Mode == GPIO_MODE_AF_PP) || (GPIO_Init->Mode == GPIO_MODE_AF_OD))
 211:Drivers/STM32F7xx_HAL_Driver/Src/stm32f7xx_hal_gpio.c ****       {
 212:Drivers/STM32F7xx_HAL_Driver/Src/stm32f7xx_hal_gpio.c ****         /* Check the Alternate function parameter */
 213:Drivers/STM32F7xx_HAL_Driver/Src/stm32f7xx_hal_gpio.c ****         assert_param(IS_GPIO_AF(GPIO_Init->Alternate));
 214:Drivers/STM32F7xx_HAL_Driver/Src/stm32f7xx_hal_gpio.c ****         
 215:Drivers/STM32F7xx_HAL_Driver/Src/stm32f7xx_hal_gpio.c ****         /* Configure Alternate function mapped with the current IO */
 216:Drivers/STM32F7xx_HAL_Driver/Src/stm32f7xx_hal_gpio.c ****         temp = GPIOx->AFR[position >> 3];
 217:Drivers/STM32F7xx_HAL_Driver/Src/stm32f7xx_hal_gpio.c ****         temp &= ~((uint32_t)0xF << ((uint32_t)(position & (uint32_t)0x07) * 4)) ;
 218:Drivers/STM32F7xx_HAL_Driver/Src/stm32f7xx_hal_gpio.c ****         temp |= ((uint32_t)(GPIO_Init->Alternate) << (((uint32_t)position & (uint32_t)0x07) * 4));
 219:Drivers/STM32F7xx_HAL_Driver/Src/stm32f7xx_hal_gpio.c ****         GPIOx->AFR[position >> 3] = temp;
 220:Drivers/STM32F7xx_HAL_Driver/Src/stm32f7xx_hal_gpio.c ****       }
 221:Drivers/STM32F7xx_HAL_Driver/Src/stm32f7xx_hal_gpio.c **** 
 222:Drivers/STM32F7xx_HAL_Driver/Src/stm32f7xx_hal_gpio.c ****       /* Configure IO Direction mode (Input, Output, Alternate or Analog) */
 223:Drivers/STM32F7xx_HAL_Driver/Src/stm32f7xx_hal_gpio.c ****       temp = GPIOx->MODER;
 224:Drivers/STM32F7xx_HAL_Driver/Src/stm32f7xx_hal_gpio.c ****       temp &= ~(GPIO_MODER_MODER0 << (position * 2));
 225:Drivers/STM32F7xx_HAL_Driver/Src/stm32f7xx_hal_gpio.c ****       temp |= ((GPIO_Init->Mode & GPIO_MODE) << (position * 2));
 226:Drivers/STM32F7xx_HAL_Driver/Src/stm32f7xx_hal_gpio.c ****       GPIOx->MODER = temp;
 227:Drivers/STM32F7xx_HAL_Driver/Src/stm32f7xx_hal_gpio.c **** 
 228:Drivers/STM32F7xx_HAL_Driver/Src/stm32f7xx_hal_gpio.c ****       /* In case of Output or Alternate function mode selection */
 229:Drivers/STM32F7xx_HAL_Driver/Src/stm32f7xx_hal_gpio.c ****       if((GPIO_Init->Mode == GPIO_MODE_OUTPUT_PP) || (GPIO_Init->Mode == GPIO_MODE_AF_PP) ||
 230:Drivers/STM32F7xx_HAL_Driver/Src/stm32f7xx_hal_gpio.c ****          (GPIO_Init->Mode == GPIO_MODE_OUTPUT_OD) || (GPIO_Init->Mode == GPIO_MODE_AF_OD))
 231:Drivers/STM32F7xx_HAL_Driver/Src/stm32f7xx_hal_gpio.c ****       {
 232:Drivers/STM32F7xx_HAL_Driver/Src/stm32f7xx_hal_gpio.c ****         /* Check the Speed parameter */
 233:Drivers/STM32F7xx_HAL_Driver/Src/stm32f7xx_hal_gpio.c ****         assert_param(IS_GPIO_SPEED(GPIO_Init->Speed));
ARM GAS  /tmp/cc3E1Lcr.s 			page 6


 234:Drivers/STM32F7xx_HAL_Driver/Src/stm32f7xx_hal_gpio.c ****         /* Configure the IO Speed */
 235:Drivers/STM32F7xx_HAL_Driver/Src/stm32f7xx_hal_gpio.c ****         temp = GPIOx->OSPEEDR; 
 236:Drivers/STM32F7xx_HAL_Driver/Src/stm32f7xx_hal_gpio.c ****         temp &= ~(GPIO_OSPEEDER_OSPEEDR0 << (position * 2));
 237:Drivers/STM32F7xx_HAL_Driver/Src/stm32f7xx_hal_gpio.c ****         temp |= (GPIO_Init->Speed << (position * 2));
 238:Drivers/STM32F7xx_HAL_Driver/Src/stm32f7xx_hal_gpio.c ****         GPIOx->OSPEEDR = temp;
 239:Drivers/STM32F7xx_HAL_Driver/Src/stm32f7xx_hal_gpio.c **** 
 240:Drivers/STM32F7xx_HAL_Driver/Src/stm32f7xx_hal_gpio.c ****         /* Configure the IO Output Type */
 241:Drivers/STM32F7xx_HAL_Driver/Src/stm32f7xx_hal_gpio.c ****         temp = GPIOx->OTYPER;
 242:Drivers/STM32F7xx_HAL_Driver/Src/stm32f7xx_hal_gpio.c ****         temp &= ~(GPIO_OTYPER_OT_0 << position) ;
 243:Drivers/STM32F7xx_HAL_Driver/Src/stm32f7xx_hal_gpio.c ****         temp |= (((GPIO_Init->Mode & GPIO_OUTPUT_TYPE) >> 4) << position);
 244:Drivers/STM32F7xx_HAL_Driver/Src/stm32f7xx_hal_gpio.c ****         GPIOx->OTYPER = temp;
 245:Drivers/STM32F7xx_HAL_Driver/Src/stm32f7xx_hal_gpio.c ****       }
 246:Drivers/STM32F7xx_HAL_Driver/Src/stm32f7xx_hal_gpio.c **** 
 247:Drivers/STM32F7xx_HAL_Driver/Src/stm32f7xx_hal_gpio.c ****       /* Activate the Pull-up or Pull down resistor for the current IO */
 248:Drivers/STM32F7xx_HAL_Driver/Src/stm32f7xx_hal_gpio.c ****       temp = GPIOx->PUPDR;
 249:Drivers/STM32F7xx_HAL_Driver/Src/stm32f7xx_hal_gpio.c ****       temp &= ~(GPIO_PUPDR_PUPDR0 << (position * 2));
 250:Drivers/STM32F7xx_HAL_Driver/Src/stm32f7xx_hal_gpio.c ****       temp |= ((GPIO_Init->Pull) << (position * 2));
 251:Drivers/STM32F7xx_HAL_Driver/Src/stm32f7xx_hal_gpio.c ****       GPIOx->PUPDR = temp;
 252:Drivers/STM32F7xx_HAL_Driver/Src/stm32f7xx_hal_gpio.c **** 
 253:Drivers/STM32F7xx_HAL_Driver/Src/stm32f7xx_hal_gpio.c ****       /*--------------------- EXTI Mode Configuration ------------------------*/
 254:Drivers/STM32F7xx_HAL_Driver/Src/stm32f7xx_hal_gpio.c ****       /* Configure the External Interrupt or event for the current IO */
 255:Drivers/STM32F7xx_HAL_Driver/Src/stm32f7xx_hal_gpio.c ****       if((GPIO_Init->Mode & EXTI_MODE) == EXTI_MODE)
 256:Drivers/STM32F7xx_HAL_Driver/Src/stm32f7xx_hal_gpio.c ****       {
 257:Drivers/STM32F7xx_HAL_Driver/Src/stm32f7xx_hal_gpio.c ****         /* Enable SYSCFG Clock */
 258:Drivers/STM32F7xx_HAL_Driver/Src/stm32f7xx_hal_gpio.c ****         __HAL_RCC_SYSCFG_CLK_ENABLE();
 259:Drivers/STM32F7xx_HAL_Driver/Src/stm32f7xx_hal_gpio.c **** 
 260:Drivers/STM32F7xx_HAL_Driver/Src/stm32f7xx_hal_gpio.c ****         temp = SYSCFG->EXTICR[position >> 2];
 261:Drivers/STM32F7xx_HAL_Driver/Src/stm32f7xx_hal_gpio.c ****         temp &= ~(((uint32_t)0x0F) << (4 * (position & 0x03)));
 262:Drivers/STM32F7xx_HAL_Driver/Src/stm32f7xx_hal_gpio.c ****         temp |= ((uint32_t)(GPIO_GET_INDEX(GPIOx)) << (4 * (position & 0x03)));
  53              		.loc 1 262 0
  54 000e 0722     		movs	r2, #7
  55 0010 00E0     		b	.L7
  56              	.L13:
  57 0012 0022     		movs	r2, #0
  58              	.L7:
  59              		.loc 1 262 0 is_stmt 0 discriminator 32
  60 0014 B240     		lsls	r2, r2, r6
  61 0016 3A43     		orrs	r2, r2, r7
  62              	.LVL3:
 263:Drivers/STM32F7xx_HAL_Driver/Src/stm32f7xx_hal_gpio.c ****         SYSCFG->EXTICR[position >> 2] = temp;
  63              		.loc 1 263 0 is_stmt 1 discriminator 32
  64 0018 0234     		adds	r4, r4, #2
  65 001a 674E     		ldr	r6, .L27
  66 001c 46F82420 		str	r2, [r6, r4, lsl #2]
 264:Drivers/STM32F7xx_HAL_Driver/Src/stm32f7xx_hal_gpio.c **** 
 265:Drivers/STM32F7xx_HAL_Driver/Src/stm32f7xx_hal_gpio.c ****         /* Clear EXTI line configuration */
 266:Drivers/STM32F7xx_HAL_Driver/Src/stm32f7xx_hal_gpio.c ****         temp = EXTI->IMR;
  67              		.loc 1 266 0 discriminator 32
  68 0020 664A     		ldr	r2, .L27+4
  69              	.LVL4:
  70 0022 1468     		ldr	r4, [r2]
  71              	.LVL5:
 267:Drivers/STM32F7xx_HAL_Driver/Src/stm32f7xx_hal_gpio.c ****         temp &= ~((uint32_t)iocurrent);
  72              		.loc 1 267 0 discriminator 32
  73 0024 EA43     		mvns	r2, r5
  74 0026 02EA0406 		and	r6, r2, r4
  75              	.LVL6:
ARM GAS  /tmp/cc3E1Lcr.s 			page 7


 268:Drivers/STM32F7xx_HAL_Driver/Src/stm32f7xx_hal_gpio.c ****         if((GPIO_Init->Mode & GPIO_MODE_IT) == GPIO_MODE_IT)
  76              		.loc 1 268 0 discriminator 32
  77 002a 4F68     		ldr	r7, [r1, #4]
  78 002c 17F4803F 		tst	r7, #65536
  79 0030 01D0     		beq	.L8
 269:Drivers/STM32F7xx_HAL_Driver/Src/stm32f7xx_hal_gpio.c ****         {
 270:Drivers/STM32F7xx_HAL_Driver/Src/stm32f7xx_hal_gpio.c ****           temp |= iocurrent;
  80              		.loc 1 270 0
  81 0032 45EA0406 		orr	r6, r5, r4
  82              	.LVL7:
  83              	.L8:
 271:Drivers/STM32F7xx_HAL_Driver/Src/stm32f7xx_hal_gpio.c ****         }
 272:Drivers/STM32F7xx_HAL_Driver/Src/stm32f7xx_hal_gpio.c ****         EXTI->IMR = temp;
  84              		.loc 1 272 0
  85 0036 614C     		ldr	r4, .L27+4
  86 0038 2660     		str	r6, [r4]
 273:Drivers/STM32F7xx_HAL_Driver/Src/stm32f7xx_hal_gpio.c **** 
 274:Drivers/STM32F7xx_HAL_Driver/Src/stm32f7xx_hal_gpio.c ****         temp = EXTI->EMR;
  87              		.loc 1 274 0
  88 003a 6468     		ldr	r4, [r4, #4]
  89              	.LVL8:
 275:Drivers/STM32F7xx_HAL_Driver/Src/stm32f7xx_hal_gpio.c ****         temp &= ~((uint32_t)iocurrent);
  90              		.loc 1 275 0
  91 003c 02EA0406 		and	r6, r2, r4
  92              	.LVL9:
 276:Drivers/STM32F7xx_HAL_Driver/Src/stm32f7xx_hal_gpio.c ****         if((GPIO_Init->Mode & GPIO_MODE_EVT) == GPIO_MODE_EVT)
  93              		.loc 1 276 0
  94 0040 4F68     		ldr	r7, [r1, #4]
  95 0042 17F4003F 		tst	r7, #131072
  96 0046 01D0     		beq	.L9
 277:Drivers/STM32F7xx_HAL_Driver/Src/stm32f7xx_hal_gpio.c ****         {
 278:Drivers/STM32F7xx_HAL_Driver/Src/stm32f7xx_hal_gpio.c ****           temp |= iocurrent;
  97              		.loc 1 278 0
  98 0048 45EA0406 		orr	r6, r5, r4
  99              	.LVL10:
 100              	.L9:
 279:Drivers/STM32F7xx_HAL_Driver/Src/stm32f7xx_hal_gpio.c ****         }
 280:Drivers/STM32F7xx_HAL_Driver/Src/stm32f7xx_hal_gpio.c ****         EXTI->EMR = temp;
 101              		.loc 1 280 0
 102 004c 5B4C     		ldr	r4, .L27+4
 103 004e 6660     		str	r6, [r4, #4]
 281:Drivers/STM32F7xx_HAL_Driver/Src/stm32f7xx_hal_gpio.c **** 
 282:Drivers/STM32F7xx_HAL_Driver/Src/stm32f7xx_hal_gpio.c ****         /* Clear Rising Falling edge configuration */
 283:Drivers/STM32F7xx_HAL_Driver/Src/stm32f7xx_hal_gpio.c ****         temp = EXTI->RTSR;
 104              		.loc 1 283 0
 105 0050 A468     		ldr	r4, [r4, #8]
 106              	.LVL11:
 284:Drivers/STM32F7xx_HAL_Driver/Src/stm32f7xx_hal_gpio.c ****         temp &= ~((uint32_t)iocurrent);
 107              		.loc 1 284 0
 108 0052 02EA0406 		and	r6, r2, r4
 109              	.LVL12:
 285:Drivers/STM32F7xx_HAL_Driver/Src/stm32f7xx_hal_gpio.c ****         if((GPIO_Init->Mode & RISING_EDGE) == RISING_EDGE)
 110              		.loc 1 285 0
 111 0056 4F68     		ldr	r7, [r1, #4]
 112 0058 17F4801F 		tst	r7, #1048576
 113 005c 01D0     		beq	.L10
 286:Drivers/STM32F7xx_HAL_Driver/Src/stm32f7xx_hal_gpio.c ****         {
ARM GAS  /tmp/cc3E1Lcr.s 			page 8


 287:Drivers/STM32F7xx_HAL_Driver/Src/stm32f7xx_hal_gpio.c ****           temp |= iocurrent;
 114              		.loc 1 287 0
 115 005e 45EA0406 		orr	r6, r5, r4
 116              	.LVL13:
 117              	.L10:
 288:Drivers/STM32F7xx_HAL_Driver/Src/stm32f7xx_hal_gpio.c ****         }
 289:Drivers/STM32F7xx_HAL_Driver/Src/stm32f7xx_hal_gpio.c ****         EXTI->RTSR = temp;
 118              		.loc 1 289 0
 119 0062 564C     		ldr	r4, .L27+4
 120 0064 A660     		str	r6, [r4, #8]
 290:Drivers/STM32F7xx_HAL_Driver/Src/stm32f7xx_hal_gpio.c **** 
 291:Drivers/STM32F7xx_HAL_Driver/Src/stm32f7xx_hal_gpio.c ****         temp = EXTI->FTSR;
 121              		.loc 1 291 0
 122 0066 E468     		ldr	r4, [r4, #12]
 123              	.LVL14:
 292:Drivers/STM32F7xx_HAL_Driver/Src/stm32f7xx_hal_gpio.c ****         temp &= ~((uint32_t)iocurrent);
 124              		.loc 1 292 0
 125 0068 2240     		ands	r2, r2, r4
 126              	.LVL15:
 293:Drivers/STM32F7xx_HAL_Driver/Src/stm32f7xx_hal_gpio.c ****         if((GPIO_Init->Mode & FALLING_EDGE) == FALLING_EDGE)
 127              		.loc 1 293 0
 128 006a 4E68     		ldr	r6, [r1, #4]
 129 006c 16F4001F 		tst	r6, #2097152
 130 0070 01D0     		beq	.L11
 294:Drivers/STM32F7xx_HAL_Driver/Src/stm32f7xx_hal_gpio.c ****         {
 295:Drivers/STM32F7xx_HAL_Driver/Src/stm32f7xx_hal_gpio.c ****           temp |= iocurrent;
 131              		.loc 1 295 0
 132 0072 45EA0402 		orr	r2, r5, r4
 133              	.LVL16:
 134              	.L11:
 296:Drivers/STM32F7xx_HAL_Driver/Src/stm32f7xx_hal_gpio.c ****         }
 297:Drivers/STM32F7xx_HAL_Driver/Src/stm32f7xx_hal_gpio.c ****         EXTI->FTSR = temp;
 135              		.loc 1 297 0
 136 0076 514C     		ldr	r4, .L27+4
 137 0078 E260     		str	r2, [r4, #12]
 138              	.LVL17:
 139              	.L3:
 199:Drivers/STM32F7xx_HAL_Driver/Src/stm32f7xx_hal_gpio.c ****   {
 140              		.loc 1 199 0 discriminator 2
 141 007a 0133     		adds	r3, r3, #1
 142              	.LVL18:
 143 007c 0F2B     		cmp	r3, #15
 144 007e 00F29680 		bhi	.L25
 145              	.LVL19:
 146              	.L12:
 202:Drivers/STM32F7xx_HAL_Driver/Src/stm32f7xx_hal_gpio.c ****     /* Get the current IO position */
 147              		.loc 1 202 0
 148 0082 0122     		movs	r2, #1
 149 0084 9A40     		lsls	r2, r2, r3
 150              	.LVL20:
 204:Drivers/STM32F7xx_HAL_Driver/Src/stm32f7xx_hal_gpio.c **** 
 151              		.loc 1 204 0
 152 0086 0C68     		ldr	r4, [r1]
 153 0088 04EA0205 		and	r5, r4, r2
 154              	.LVL21:
 206:Drivers/STM32F7xx_HAL_Driver/Src/stm32f7xx_hal_gpio.c ****     {
 155              		.loc 1 206 0
ARM GAS  /tmp/cc3E1Lcr.s 			page 9


 156 008c AA42     		cmp	r2, r5
 157 008e F4D1     		bne	.L3
 210:Drivers/STM32F7xx_HAL_Driver/Src/stm32f7xx_hal_gpio.c ****       {
 158              		.loc 1 210 0
 159 0090 4C68     		ldr	r4, [r1, #4]
 160 0092 122C     		cmp	r4, #18
 161 0094 18BF     		it	ne
 162 0096 022C     		cmpne	r4, #2
 163 0098 10D1     		bne	.L4
 216:Drivers/STM32F7xx_HAL_Driver/Src/stm32f7xx_hal_gpio.c ****         temp &= ~((uint32_t)0xF << ((uint32_t)(position & (uint32_t)0x07) * 4)) ;
 164              		.loc 1 216 0
 165 009a DE08     		lsrs	r6, r3, #3
 166 009c 0836     		adds	r6, r6, #8
 167 009e 50F826C0 		ldr	ip, [r0, r6, lsl #2]
 168              	.LVL22:
 217:Drivers/STM32F7xx_HAL_Driver/Src/stm32f7xx_hal_gpio.c ****         temp |= ((uint32_t)(GPIO_Init->Alternate) << (((uint32_t)position & (uint32_t)0x07) * 4));
 169              		.loc 1 217 0
 170 00a2 03F00704 		and	r4, r3, #7
 171 00a6 A700     		lsls	r7, r4, #2
 172 00a8 0F24     		movs	r4, #15
 173 00aa BC40     		lsls	r4, r4, r7
 174 00ac 2CEA040C 		bic	ip, ip, r4
 175              	.LVL23:
 218:Drivers/STM32F7xx_HAL_Driver/Src/stm32f7xx_hal_gpio.c ****         GPIOx->AFR[position >> 3] = temp;
 176              		.loc 1 218 0
 177 00b0 0C69     		ldr	r4, [r1, #16]
 178 00b2 BC40     		lsls	r4, r4, r7
 179 00b4 44EA0C04 		orr	r4, r4, ip
 180              	.LVL24:
 219:Drivers/STM32F7xx_HAL_Driver/Src/stm32f7xx_hal_gpio.c ****       }
 181              		.loc 1 219 0
 182 00b8 40F82640 		str	r4, [r0, r6, lsl #2]
 183              	.LVL25:
 184              	.L4:
 223:Drivers/STM32F7xx_HAL_Driver/Src/stm32f7xx_hal_gpio.c ****       temp &= ~(GPIO_MODER_MODER0 << (position * 2));
 185              		.loc 1 223 0
 186 00bc 0468     		ldr	r4, [r0]
 187              	.LVL26:
 224:Drivers/STM32F7xx_HAL_Driver/Src/stm32f7xx_hal_gpio.c ****       temp |= ((GPIO_Init->Mode & GPIO_MODE) << (position * 2));
 188              		.loc 1 224 0
 189 00be 5F00     		lsls	r7, r3, #1
 190 00c0 0326     		movs	r6, #3
 191 00c2 BE40     		lsls	r6, r6, r7
 192 00c4 F643     		mvns	r6, r6
 193 00c6 06EA040C 		and	ip, r6, r4
 194              	.LVL27:
 225:Drivers/STM32F7xx_HAL_Driver/Src/stm32f7xx_hal_gpio.c ****       GPIOx->MODER = temp;
 195              		.loc 1 225 0
 196 00ca 4C68     		ldr	r4, [r1, #4]
 197 00cc 04F00304 		and	r4, r4, #3
 198 00d0 BC40     		lsls	r4, r4, r7
 199 00d2 44EA0C04 		orr	r4, r4, ip
 200              	.LVL28:
 226:Drivers/STM32F7xx_HAL_Driver/Src/stm32f7xx_hal_gpio.c **** 
 201              		.loc 1 226 0
 202 00d6 0460     		str	r4, [r0]
 229:Drivers/STM32F7xx_HAL_Driver/Src/stm32f7xx_hal_gpio.c ****          (GPIO_Init->Mode == GPIO_MODE_OUTPUT_OD) || (GPIO_Init->Mode == GPIO_MODE_AF_OD))
ARM GAS  /tmp/cc3E1Lcr.s 			page 10


 203              		.loc 1 229 0
 204 00d8 4C68     		ldr	r4, [r1, #4]
 205              	.LVL29:
 206 00da 04F1FF3C 		add	ip, r4, #-1
 207 00de 112C     		cmp	r4, #17
 208 00e0 18BF     		it	ne
 209 00e2 BCF1010F 		cmpne	ip, #1
 210 00e6 01D9     		bls	.L5
 230:Drivers/STM32F7xx_HAL_Driver/Src/stm32f7xx_hal_gpio.c ****       {
 211              		.loc 1 230 0
 212 00e8 122C     		cmp	r4, #18
 213 00ea 11D1     		bne	.L6
 214              	.L5:
 235:Drivers/STM32F7xx_HAL_Driver/Src/stm32f7xx_hal_gpio.c ****         temp &= ~(GPIO_OSPEEDER_OSPEEDR0 << (position * 2));
 215              		.loc 1 235 0
 216 00ec 8468     		ldr	r4, [r0, #8]
 217              	.LVL30:
 236:Drivers/STM32F7xx_HAL_Driver/Src/stm32f7xx_hal_gpio.c ****         temp |= (GPIO_Init->Speed << (position * 2));
 218              		.loc 1 236 0
 219 00ee 06EA040C 		and	ip, r6, r4
 220              	.LVL31:
 237:Drivers/STM32F7xx_HAL_Driver/Src/stm32f7xx_hal_gpio.c ****         GPIOx->OSPEEDR = temp;
 221              		.loc 1 237 0
 222 00f2 CC68     		ldr	r4, [r1, #12]
 223 00f4 BC40     		lsls	r4, r4, r7
 224 00f6 44EA0C04 		orr	r4, r4, ip
 225              	.LVL32:
 238:Drivers/STM32F7xx_HAL_Driver/Src/stm32f7xx_hal_gpio.c **** 
 226              		.loc 1 238 0
 227 00fa 8460     		str	r4, [r0, #8]
 241:Drivers/STM32F7xx_HAL_Driver/Src/stm32f7xx_hal_gpio.c ****         temp &= ~(GPIO_OTYPER_OT_0 << position) ;
 228              		.loc 1 241 0
 229 00fc 4468     		ldr	r4, [r0, #4]
 230              	.LVL33:
 242:Drivers/STM32F7xx_HAL_Driver/Src/stm32f7xx_hal_gpio.c ****         temp |= (((GPIO_Init->Mode & GPIO_OUTPUT_TYPE) >> 4) << position);
 231              		.loc 1 242 0
 232 00fe 24EA020C 		bic	ip, r4, r2
 233              	.LVL34:
 243:Drivers/STM32F7xx_HAL_Driver/Src/stm32f7xx_hal_gpio.c ****         GPIOx->OTYPER = temp;
 234              		.loc 1 243 0
 235 0102 4C68     		ldr	r4, [r1, #4]
 236 0104 C4F30012 		ubfx	r2, r4, #4, #1
 237              	.LVL35:
 238 0108 9A40     		lsls	r2, r2, r3
 239 010a 42EA0C02 		orr	r2, r2, ip
 240              	.LVL36:
 244:Drivers/STM32F7xx_HAL_Driver/Src/stm32f7xx_hal_gpio.c ****       }
 241              		.loc 1 244 0
 242 010e 4260     		str	r2, [r0, #4]
 243              	.LVL37:
 244              	.L6:
 248:Drivers/STM32F7xx_HAL_Driver/Src/stm32f7xx_hal_gpio.c ****       temp &= ~(GPIO_PUPDR_PUPDR0 << (position * 2));
 245              		.loc 1 248 0
 246 0110 C268     		ldr	r2, [r0, #12]
 247              	.LVL38:
 249:Drivers/STM32F7xx_HAL_Driver/Src/stm32f7xx_hal_gpio.c ****       temp |= ((GPIO_Init->Pull) << (position * 2));
 248              		.loc 1 249 0
ARM GAS  /tmp/cc3E1Lcr.s 			page 11


 249 0112 1640     		ands	r6, r6, r2
 250              	.LVL39:
 250:Drivers/STM32F7xx_HAL_Driver/Src/stm32f7xx_hal_gpio.c ****       GPIOx->PUPDR = temp;
 251              		.loc 1 250 0
 252 0114 8A68     		ldr	r2, [r1, #8]
 253 0116 BA40     		lsls	r2, r2, r7
 254 0118 3243     		orrs	r2, r2, r6
 255              	.LVL40:
 251:Drivers/STM32F7xx_HAL_Driver/Src/stm32f7xx_hal_gpio.c **** 
 256              		.loc 1 251 0
 257 011a C260     		str	r2, [r0, #12]
 255:Drivers/STM32F7xx_HAL_Driver/Src/stm32f7xx_hal_gpio.c ****       {
 258              		.loc 1 255 0
 259 011c 4A68     		ldr	r2, [r1, #4]
 260              	.LVL41:
 261 011e 12F0805F 		tst	r2, #268435456
 262 0122 AAD0     		beq	.L3
 263              	.LBB2:
 258:Drivers/STM32F7xx_HAL_Driver/Src/stm32f7xx_hal_gpio.c **** 
 264              		.loc 1 258 0
 265 0124 264A     		ldr	r2, .L27+8
 266 0126 546C     		ldr	r4, [r2, #68]
 267 0128 44F48044 		orr	r4, r4, #16384
 268 012c 5464     		str	r4, [r2, #68]
 269              	.LVL42:
 270 012e 526C     		ldr	r2, [r2, #68]
 271 0130 02F48042 		and	r2, r2, #16384
 272 0134 0192     		str	r2, [sp, #4]
 273 0136 019A     		ldr	r2, [sp, #4]
 274              	.LBE2:
 260:Drivers/STM32F7xx_HAL_Driver/Src/stm32f7xx_hal_gpio.c ****         temp &= ~(((uint32_t)0x0F) << (4 * (position & 0x03)));
 275              		.loc 1 260 0
 276 0138 9C08     		lsrs	r4, r3, #2
 277 013a A61C     		adds	r6, r4, #2
 278 013c 1E4A     		ldr	r2, .L27
 279 013e 52F82670 		ldr	r7, [r2, r6, lsl #2]
 280              	.LVL43:
 261:Drivers/STM32F7xx_HAL_Driver/Src/stm32f7xx_hal_gpio.c ****         temp |= ((uint32_t)(GPIO_GET_INDEX(GPIOx)) << (4 * (position & 0x03)));
 281              		.loc 1 261 0
 282 0142 03F00302 		and	r2, r3, #3
 283 0146 9600     		lsls	r6, r2, #2
 284 0148 0F22     		movs	r2, #15
 285 014a B240     		lsls	r2, r2, r6
 286 014c 27EA0207 		bic	r7, r7, r2
 287              	.LVL44:
 262:Drivers/STM32F7xx_HAL_Driver/Src/stm32f7xx_hal_gpio.c ****         SYSCFG->EXTICR[position >> 2] = temp;
 288              		.loc 1 262 0
 289 0150 1C4A     		ldr	r2, .L27+12
 290 0152 9042     		cmp	r0, r2
 291 0154 3FF45DAF 		beq	.L13
 262:Drivers/STM32F7xx_HAL_Driver/Src/stm32f7xx_hal_gpio.c ****         SYSCFG->EXTICR[position >> 2] = temp;
 292              		.loc 1 262 0 is_stmt 0 discriminator 1
 293 0158 02F58062 		add	r2, r2, #1024
 294 015c 9042     		cmp	r0, r2
 295 015e 1AD0     		beq	.L14
 262:Drivers/STM32F7xx_HAL_Driver/Src/stm32f7xx_hal_gpio.c ****         SYSCFG->EXTICR[position >> 2] = temp;
 296              		.loc 1 262 0 discriminator 3
ARM GAS  /tmp/cc3E1Lcr.s 			page 12


 297 0160 02F58062 		add	r2, r2, #1024
 298 0164 9042     		cmp	r0, r2
 299 0166 18D0     		beq	.L15
 262:Drivers/STM32F7xx_HAL_Driver/Src/stm32f7xx_hal_gpio.c ****         SYSCFG->EXTICR[position >> 2] = temp;
 300              		.loc 1 262 0 discriminator 5
 301 0168 02F58062 		add	r2, r2, #1024
 302 016c 9042     		cmp	r0, r2
 303 016e 16D0     		beq	.L16
 262:Drivers/STM32F7xx_HAL_Driver/Src/stm32f7xx_hal_gpio.c ****         SYSCFG->EXTICR[position >> 2] = temp;
 304              		.loc 1 262 0 discriminator 7
 305 0170 02F58062 		add	r2, r2, #1024
 306 0174 9042     		cmp	r0, r2
 307 0176 14D0     		beq	.L17
 262:Drivers/STM32F7xx_HAL_Driver/Src/stm32f7xx_hal_gpio.c ****         SYSCFG->EXTICR[position >> 2] = temp;
 308              		.loc 1 262 0 discriminator 9
 309 0178 02F58062 		add	r2, r2, #1024
 310 017c 9042     		cmp	r0, r2
 311 017e 12D0     		beq	.L18
 262:Drivers/STM32F7xx_HAL_Driver/Src/stm32f7xx_hal_gpio.c ****         SYSCFG->EXTICR[position >> 2] = temp;
 312              		.loc 1 262 0 discriminator 11
 313 0180 02F58062 		add	r2, r2, #1024
 314 0184 9042     		cmp	r0, r2
 315 0186 10D0     		beq	.L19
 262:Drivers/STM32F7xx_HAL_Driver/Src/stm32f7xx_hal_gpio.c ****         SYSCFG->EXTICR[position >> 2] = temp;
 316              		.loc 1 262 0 discriminator 13
 317 0188 02F58062 		add	r2, r2, #1024
 318 018c 9042     		cmp	r0, r2
 319 018e 3FF43EAF 		beq	.L26
 262:Drivers/STM32F7xx_HAL_Driver/Src/stm32f7xx_hal_gpio.c ****         SYSCFG->EXTICR[position >> 2] = temp;
 320              		.loc 1 262 0
 321 0192 0822     		movs	r2, #8
 322 0194 3EE7     		b	.L7
 323              	.L14:
 324 0196 0122     		movs	r2, #1
 325              	.LVL45:
 326 0198 3CE7     		b	.L7
 327              	.LVL46:
 328              	.L15:
 329 019a 0222     		movs	r2, #2
 330 019c 3AE7     		b	.L7
 331              	.L16:
 332 019e 0322     		movs	r2, #3
 333 01a0 38E7     		b	.L7
 334              	.L17:
 335 01a2 0422     		movs	r2, #4
 336 01a4 36E7     		b	.L7
 337              	.L18:
 338 01a6 0522     		movs	r2, #5
 339 01a8 34E7     		b	.L7
 340              	.L19:
 341 01aa 0622     		movs	r2, #6
 342 01ac 32E7     		b	.L7
 343              	.LVL47:
 344              	.L25:
 298:Drivers/STM32F7xx_HAL_Driver/Src/stm32f7xx_hal_gpio.c ****       }
 299:Drivers/STM32F7xx_HAL_Driver/Src/stm32f7xx_hal_gpio.c ****     }
 300:Drivers/STM32F7xx_HAL_Driver/Src/stm32f7xx_hal_gpio.c ****   }
ARM GAS  /tmp/cc3E1Lcr.s 			page 13


 301:Drivers/STM32F7xx_HAL_Driver/Src/stm32f7xx_hal_gpio.c **** }
 345              		.loc 1 301 0 is_stmt 1
 346 01ae 02B0     		add	sp, sp, #8
 347              	.LCFI2:
 348              		.cfi_def_cfa_offset 16
 349              		@ sp needed
 350 01b0 F0BC     		pop	{r4, r5, r6, r7}
 351              	.LCFI3:
 352              		.cfi_restore 7
 353              		.cfi_restore 6
 354              		.cfi_restore 5
 355              		.cfi_restore 4
 356              		.cfi_def_cfa_offset 0
 357              	.LVL48:
 358 01b2 7047     		bx	lr
 359              	.LVL49:
 360              	.L24:
 361 01b4 7047     		bx	lr
 362              	.L28:
 363 01b6 00BF     		.align	2
 364              	.L27:
 365 01b8 00380140 		.word	1073821696
 366 01bc 003C0140 		.word	1073822720
 367 01c0 00380240 		.word	1073887232
 368 01c4 00000240 		.word	1073872896
 369              		.cfi_endproc
 370              	.LFE138:
 372              		.section	.text.HAL_GPIO_DeInit,"ax",%progbits
 373              		.align	1
 374              		.global	HAL_GPIO_DeInit
 375              		.syntax unified
 376              		.thumb
 377              		.thumb_func
 378              		.fpu fpv5-sp-d16
 380              	HAL_GPIO_DeInit:
 381              	.LFB139:
 302:Drivers/STM32F7xx_HAL_Driver/Src/stm32f7xx_hal_gpio.c **** 
 303:Drivers/STM32F7xx_HAL_Driver/Src/stm32f7xx_hal_gpio.c **** /**
 304:Drivers/STM32F7xx_HAL_Driver/Src/stm32f7xx_hal_gpio.c ****   * @brief  De-initializes the GPIOx peripheral registers to their default reset values.
 305:Drivers/STM32F7xx_HAL_Driver/Src/stm32f7xx_hal_gpio.c ****   * @param  GPIOx where x can be (A..K) to select the GPIO peripheral.
 306:Drivers/STM32F7xx_HAL_Driver/Src/stm32f7xx_hal_gpio.c ****   * @param  GPIO_Pin specifies the port bit to be written.
 307:Drivers/STM32F7xx_HAL_Driver/Src/stm32f7xx_hal_gpio.c ****   *          This parameter can be one of GPIO_PIN_x where x can be (0..15).
 308:Drivers/STM32F7xx_HAL_Driver/Src/stm32f7xx_hal_gpio.c ****   * @retval None
 309:Drivers/STM32F7xx_HAL_Driver/Src/stm32f7xx_hal_gpio.c ****   */
 310:Drivers/STM32F7xx_HAL_Driver/Src/stm32f7xx_hal_gpio.c **** void HAL_GPIO_DeInit(GPIO_TypeDef  *GPIOx, uint32_t GPIO_Pin)
 311:Drivers/STM32F7xx_HAL_Driver/Src/stm32f7xx_hal_gpio.c **** {
 382              		.loc 1 311 0
 383              		.cfi_startproc
 384              		@ args = 0, pretend = 0, frame = 0
 385              		@ frame_needed = 0, uses_anonymous_args = 0
 386              	.LVL50:
 312:Drivers/STM32F7xx_HAL_Driver/Src/stm32f7xx_hal_gpio.c ****   uint32_t position;
 313:Drivers/STM32F7xx_HAL_Driver/Src/stm32f7xx_hal_gpio.c ****   uint32_t ioposition = 0x00;
 314:Drivers/STM32F7xx_HAL_Driver/Src/stm32f7xx_hal_gpio.c ****   uint32_t iocurrent = 0x00;
 315:Drivers/STM32F7xx_HAL_Driver/Src/stm32f7xx_hal_gpio.c ****   uint32_t tmp = 0x00;
 316:Drivers/STM32F7xx_HAL_Driver/Src/stm32f7xx_hal_gpio.c **** 
 317:Drivers/STM32F7xx_HAL_Driver/Src/stm32f7xx_hal_gpio.c ****   /* Check the parameters */
ARM GAS  /tmp/cc3E1Lcr.s 			page 14


 318:Drivers/STM32F7xx_HAL_Driver/Src/stm32f7xx_hal_gpio.c ****   assert_param(IS_GPIO_ALL_INSTANCE(GPIOx));
 319:Drivers/STM32F7xx_HAL_Driver/Src/stm32f7xx_hal_gpio.c ****   
 320:Drivers/STM32F7xx_HAL_Driver/Src/stm32f7xx_hal_gpio.c ****   /* Configure the port pins */
 321:Drivers/STM32F7xx_HAL_Driver/Src/stm32f7xx_hal_gpio.c ****   for(position = 0; position < GPIO_NUMBER; position++)
 387              		.loc 1 321 0
 388 0000 0023     		movs	r3, #0
 389              	.LVL51:
 390 0002 0F2B     		cmp	r3, #15
 391 0004 00F28580 		bhi	.L45
 311:Drivers/STM32F7xx_HAL_Driver/Src/stm32f7xx_hal_gpio.c ****   uint32_t position;
 392              		.loc 1 311 0
 393 0008 F0B5     		push	{r4, r5, r6, r7, lr}
 394              	.LCFI4:
 395              		.cfi_def_cfa_offset 20
 396              		.cfi_offset 4, -20
 397              		.cfi_offset 5, -16
 398              		.cfi_offset 6, -12
 399              		.cfi_offset 7, -8
 400              		.cfi_offset 14, -4
 401 000a 09E0     		b	.L33
 402              	.LVL52:
 403              	.L48:
 322:Drivers/STM32F7xx_HAL_Driver/Src/stm32f7xx_hal_gpio.c ****   {
 323:Drivers/STM32F7xx_HAL_Driver/Src/stm32f7xx_hal_gpio.c ****     /* Get the IO position */
 324:Drivers/STM32F7xx_HAL_Driver/Src/stm32f7xx_hal_gpio.c ****     ioposition = ((uint32_t)0x01) << position;
 325:Drivers/STM32F7xx_HAL_Driver/Src/stm32f7xx_hal_gpio.c ****     /* Get the current IO position */
 326:Drivers/STM32F7xx_HAL_Driver/Src/stm32f7xx_hal_gpio.c ****     iocurrent = (GPIO_Pin) & ioposition;
 327:Drivers/STM32F7xx_HAL_Driver/Src/stm32f7xx_hal_gpio.c **** 
 328:Drivers/STM32F7xx_HAL_Driver/Src/stm32f7xx_hal_gpio.c ****     if(iocurrent == ioposition)
 329:Drivers/STM32F7xx_HAL_Driver/Src/stm32f7xx_hal_gpio.c ****     {
 330:Drivers/STM32F7xx_HAL_Driver/Src/stm32f7xx_hal_gpio.c ****       /*------------------------- GPIO Mode Configuration --------------------*/
 331:Drivers/STM32F7xx_HAL_Driver/Src/stm32f7xx_hal_gpio.c ****       /* Configure IO Direction in Input Floating Mode */
 332:Drivers/STM32F7xx_HAL_Driver/Src/stm32f7xx_hal_gpio.c ****       GPIOx->MODER &= ~(GPIO_MODER_MODER0 << (position * 2));
 333:Drivers/STM32F7xx_HAL_Driver/Src/stm32f7xx_hal_gpio.c **** 
 334:Drivers/STM32F7xx_HAL_Driver/Src/stm32f7xx_hal_gpio.c ****       /* Configure the default Alternate Function in current IO */
 335:Drivers/STM32F7xx_HAL_Driver/Src/stm32f7xx_hal_gpio.c ****       GPIOx->AFR[position >> 3] &= ~((uint32_t)0xF << ((uint32_t)(position & (uint32_t)0x07) * 4)) 
 336:Drivers/STM32F7xx_HAL_Driver/Src/stm32f7xx_hal_gpio.c **** 
 337:Drivers/STM32F7xx_HAL_Driver/Src/stm32f7xx_hal_gpio.c ****       /* Configure the default value for IO Speed */
 338:Drivers/STM32F7xx_HAL_Driver/Src/stm32f7xx_hal_gpio.c ****       GPIOx->OSPEEDR &= ~(GPIO_OSPEEDER_OSPEEDR0 << (position * 2));
 339:Drivers/STM32F7xx_HAL_Driver/Src/stm32f7xx_hal_gpio.c **** 
 340:Drivers/STM32F7xx_HAL_Driver/Src/stm32f7xx_hal_gpio.c ****       /* Configure the default value IO Output Type */
 341:Drivers/STM32F7xx_HAL_Driver/Src/stm32f7xx_hal_gpio.c ****       GPIOx->OTYPER  &= ~(GPIO_OTYPER_OT_0 << position) ;
 342:Drivers/STM32F7xx_HAL_Driver/Src/stm32f7xx_hal_gpio.c **** 
 343:Drivers/STM32F7xx_HAL_Driver/Src/stm32f7xx_hal_gpio.c ****       /* Deactivate the Pull-up and Pull-down resistor for the current IO */
 344:Drivers/STM32F7xx_HAL_Driver/Src/stm32f7xx_hal_gpio.c ****       GPIOx->PUPDR &= ~(GPIO_PUPDR_PUPDR0 << (position * 2));
 345:Drivers/STM32F7xx_HAL_Driver/Src/stm32f7xx_hal_gpio.c **** 
 346:Drivers/STM32F7xx_HAL_Driver/Src/stm32f7xx_hal_gpio.c ****       /*------------------------- EXTI Mode Configuration --------------------*/
 347:Drivers/STM32F7xx_HAL_Driver/Src/stm32f7xx_hal_gpio.c ****       tmp = SYSCFG->EXTICR[position >> 2];
 348:Drivers/STM32F7xx_HAL_Driver/Src/stm32f7xx_hal_gpio.c ****       tmp &= (((uint32_t)0x0F) << (4 * (position & 0x03)));
 349:Drivers/STM32F7xx_HAL_Driver/Src/stm32f7xx_hal_gpio.c ****       if(tmp == ((uint32_t)(GPIO_GET_INDEX(GPIOx)) << (4 * (position & 0x03))))
 404              		.loc 1 349 0
 405 000c 0725     		movs	r5, #7
 406 000e 00E0     		b	.L32
 407              	.L34:
 408 0010 0025     		movs	r5, #0
 409              	.L32:
 410              		.loc 1 349 0 is_stmt 0 discriminator 32
ARM GAS  /tmp/cc3E1Lcr.s 			page 15


 411 0012 05FA02F2 		lsl	r2, r5, r2
 412 0016 A242     		cmp	r2, r4
 413 0018 62D0     		beq	.L46
 414              	.LVL53:
 415              	.L31:
 321:Drivers/STM32F7xx_HAL_Driver/Src/stm32f7xx_hal_gpio.c ****   {
 416              		.loc 1 321 0 is_stmt 1 discriminator 2
 417 001a 0133     		adds	r3, r3, #1
 418              	.LVL54:
 419 001c 0F2B     		cmp	r3, #15
 420 001e 77D8     		bhi	.L47
 421              	.LVL55:
 422              	.L33:
 324:Drivers/STM32F7xx_HAL_Driver/Src/stm32f7xx_hal_gpio.c ****     /* Get the current IO position */
 423              		.loc 1 324 0
 424 0020 0122     		movs	r2, #1
 425 0022 9A40     		lsls	r2, r2, r3
 426              	.LVL56:
 326:Drivers/STM32F7xx_HAL_Driver/Src/stm32f7xx_hal_gpio.c **** 
 427              		.loc 1 326 0
 428 0024 02EA0106 		and	r6, r2, r1
 429              	.LVL57:
 328:Drivers/STM32F7xx_HAL_Driver/Src/stm32f7xx_hal_gpio.c ****     {
 430              		.loc 1 328 0
 431 0028 B242     		cmp	r2, r6
 432 002a F6D1     		bne	.L31
 332:Drivers/STM32F7xx_HAL_Driver/Src/stm32f7xx_hal_gpio.c **** 
 433              		.loc 1 332 0
 434 002c 0568     		ldr	r5, [r0]
 435 002e 5F00     		lsls	r7, r3, #1
 436 0030 0324     		movs	r4, #3
 437 0032 BC40     		lsls	r4, r4, r7
 438 0034 E443     		mvns	r4, r4
 439 0036 2540     		ands	r5, r5, r4
 440 0038 0560     		str	r5, [r0]
 335:Drivers/STM32F7xx_HAL_Driver/Src/stm32f7xx_hal_gpio.c **** 
 441              		.loc 1 335 0
 442 003a 4FEAD30C 		lsr	ip, r3, #3
 443 003e 0CF1080C 		add	ip, ip, #8
 444 0042 50F82CE0 		ldr	lr, [r0, ip, lsl #2]
 445 0046 03F00705 		and	r5, r3, #7
 446 004a AD00     		lsls	r5, r5, #2
 447 004c 0F27     		movs	r7, #15
 448 004e 07FA05F5 		lsl	r5, r7, r5
 449 0052 2EEA0505 		bic	r5, lr, r5
 450 0056 40F82C50 		str	r5, [r0, ip, lsl #2]
 338:Drivers/STM32F7xx_HAL_Driver/Src/stm32f7xx_hal_gpio.c **** 
 451              		.loc 1 338 0
 452 005a 8568     		ldr	r5, [r0, #8]
 453 005c 2540     		ands	r5, r5, r4
 454 005e 8560     		str	r5, [r0, #8]
 341:Drivers/STM32F7xx_HAL_Driver/Src/stm32f7xx_hal_gpio.c **** 
 455              		.loc 1 341 0
 456 0060 4568     		ldr	r5, [r0, #4]
 457 0062 25EA0202 		bic	r2, r5, r2
 458              	.LVL58:
 459 0066 4260     		str	r2, [r0, #4]
ARM GAS  /tmp/cc3E1Lcr.s 			page 16


 344:Drivers/STM32F7xx_HAL_Driver/Src/stm32f7xx_hal_gpio.c **** 
 460              		.loc 1 344 0
 461 0068 C268     		ldr	r2, [r0, #12]
 462 006a 1440     		ands	r4, r4, r2
 463 006c C460     		str	r4, [r0, #12]
 347:Drivers/STM32F7xx_HAL_Driver/Src/stm32f7xx_hal_gpio.c ****       tmp &= (((uint32_t)0x0F) << (4 * (position & 0x03)));
 464              		.loc 1 347 0
 465 006e 4FEA930C 		lsr	ip, r3, #2
 466 0072 0CF10204 		add	r4, ip, #2
 467 0076 274A     		ldr	r2, .L49
 468 0078 52F82440 		ldr	r4, [r2, r4, lsl #2]
 469              	.LVL59:
 348:Drivers/STM32F7xx_HAL_Driver/Src/stm32f7xx_hal_gpio.c ****       if(tmp == ((uint32_t)(GPIO_GET_INDEX(GPIOx)) << (4 * (position & 0x03))))
 470              		.loc 1 348 0
 471 007c 03F00302 		and	r2, r3, #3
 472 0080 9200     		lsls	r2, r2, #2
 473 0082 9740     		lsls	r7, r7, r2
 474 0084 3C40     		ands	r4, r4, r7
 475              	.LVL60:
 476              		.loc 1 349 0
 477 0086 244D     		ldr	r5, .L49+4
 478 0088 A842     		cmp	r0, r5
 479 008a C1D0     		beq	.L34
 480              		.loc 1 349 0 is_stmt 0 discriminator 1
 481 008c 05F58065 		add	r5, r5, #1024
 482 0090 A842     		cmp	r0, r5
 483 0092 19D0     		beq	.L35
 484              		.loc 1 349 0 discriminator 3
 485 0094 05F58065 		add	r5, r5, #1024
 486 0098 A842     		cmp	r0, r5
 487 009a 17D0     		beq	.L36
 488              		.loc 1 349 0 discriminator 5
 489 009c 05F58065 		add	r5, r5, #1024
 490 00a0 A842     		cmp	r0, r5
 491 00a2 15D0     		beq	.L37
 492              		.loc 1 349 0 discriminator 7
 493 00a4 05F58065 		add	r5, r5, #1024
 494 00a8 A842     		cmp	r0, r5
 495 00aa 13D0     		beq	.L38
 496              		.loc 1 349 0 discriminator 9
 497 00ac 05F58065 		add	r5, r5, #1024
 498 00b0 A842     		cmp	r0, r5
 499 00b2 11D0     		beq	.L39
 500              		.loc 1 349 0 discriminator 11
 501 00b4 05F58065 		add	r5, r5, #1024
 502 00b8 A842     		cmp	r0, r5
 503 00ba 0FD0     		beq	.L40
 504              		.loc 1 349 0 discriminator 13
 505 00bc 05F58065 		add	r5, r5, #1024
 506 00c0 A842     		cmp	r0, r5
 507 00c2 A3D0     		beq	.L48
 508              		.loc 1 349 0
 509 00c4 0825     		movs	r5, #8
 510 00c6 A4E7     		b	.L32
 511              	.L35:
 512 00c8 0125     		movs	r5, #1
 513              	.LVL61:
ARM GAS  /tmp/cc3E1Lcr.s 			page 17


 514 00ca A2E7     		b	.L32
 515              	.LVL62:
 516              	.L36:
 517 00cc 0225     		movs	r5, #2
 518 00ce A0E7     		b	.L32
 519              	.L37:
 520 00d0 0325     		movs	r5, #3
 521 00d2 9EE7     		b	.L32
 522              	.L38:
 523 00d4 0425     		movs	r5, #4
 524 00d6 9CE7     		b	.L32
 525              	.L39:
 526 00d8 0525     		movs	r5, #5
 527 00da 9AE7     		b	.L32
 528              	.L40:
 529 00dc 0625     		movs	r5, #6
 530 00de 98E7     		b	.L32
 531              	.L46:
 532              	.LVL63:
 350:Drivers/STM32F7xx_HAL_Driver/Src/stm32f7xx_hal_gpio.c ****       {
 351:Drivers/STM32F7xx_HAL_Driver/Src/stm32f7xx_hal_gpio.c ****         /* Configure the External Interrupt or event for the current IO */
 352:Drivers/STM32F7xx_HAL_Driver/Src/stm32f7xx_hal_gpio.c ****         tmp = ((uint32_t)0x0F) << (4 * (position & 0x03));
 353:Drivers/STM32F7xx_HAL_Driver/Src/stm32f7xx_hal_gpio.c ****         SYSCFG->EXTICR[position >> 2] &= ~tmp;
 533              		.loc 1 353 0 is_stmt 1
 534 00e0 0C4D     		ldr	r5, .L49
 535 00e2 0CF10202 		add	r2, ip, #2
 536 00e6 55F82240 		ldr	r4, [r5, r2, lsl #2]
 537 00ea 24EA0707 		bic	r7, r4, r7
 538              	.LVL64:
 539 00ee 45F82270 		str	r7, [r5, r2, lsl #2]
 354:Drivers/STM32F7xx_HAL_Driver/Src/stm32f7xx_hal_gpio.c **** 
 355:Drivers/STM32F7xx_HAL_Driver/Src/stm32f7xx_hal_gpio.c ****         /* Clear EXTI line configuration */
 356:Drivers/STM32F7xx_HAL_Driver/Src/stm32f7xx_hal_gpio.c ****         EXTI->IMR &= ~((uint32_t)iocurrent);
 540              		.loc 1 356 0
 541 00f2 0A4C     		ldr	r4, .L49+8
 542 00f4 2568     		ldr	r5, [r4]
 543 00f6 F243     		mvns	r2, r6
 544 00f8 1540     		ands	r5, r5, r2
 545 00fa 2560     		str	r5, [r4]
 357:Drivers/STM32F7xx_HAL_Driver/Src/stm32f7xx_hal_gpio.c ****         EXTI->EMR &= ~((uint32_t)iocurrent);
 546              		.loc 1 357 0
 547 00fc 6568     		ldr	r5, [r4, #4]
 548 00fe 1540     		ands	r5, r5, r2
 549 0100 6560     		str	r5, [r4, #4]
 358:Drivers/STM32F7xx_HAL_Driver/Src/stm32f7xx_hal_gpio.c **** 
 359:Drivers/STM32F7xx_HAL_Driver/Src/stm32f7xx_hal_gpio.c ****         /* Clear Rising Falling edge configuration */
 360:Drivers/STM32F7xx_HAL_Driver/Src/stm32f7xx_hal_gpio.c ****         EXTI->RTSR &= ~((uint32_t)iocurrent);
 550              		.loc 1 360 0
 551 0102 A568     		ldr	r5, [r4, #8]
 552 0104 1540     		ands	r5, r5, r2
 553 0106 A560     		str	r5, [r4, #8]
 361:Drivers/STM32F7xx_HAL_Driver/Src/stm32f7xx_hal_gpio.c ****         EXTI->FTSR &= ~((uint32_t)iocurrent);
 554              		.loc 1 361 0
 555 0108 E568     		ldr	r5, [r4, #12]
 556 010a 2A40     		ands	r2, r2, r5
 557 010c E260     		str	r2, [r4, #12]
 558 010e 84E7     		b	.L31
ARM GAS  /tmp/cc3E1Lcr.s 			page 18


 559              	.LVL65:
 560              	.L47:
 362:Drivers/STM32F7xx_HAL_Driver/Src/stm32f7xx_hal_gpio.c **** 	  }
 363:Drivers/STM32F7xx_HAL_Driver/Src/stm32f7xx_hal_gpio.c ****     }
 364:Drivers/STM32F7xx_HAL_Driver/Src/stm32f7xx_hal_gpio.c ****   }
 365:Drivers/STM32F7xx_HAL_Driver/Src/stm32f7xx_hal_gpio.c **** }
 561              		.loc 1 365 0
 562 0110 F0BD     		pop	{r4, r5, r6, r7, pc}
 563              	.LVL66:
 564              	.L45:
 565              	.LCFI5:
 566              		.cfi_def_cfa_offset 0
 567              		.cfi_restore 4
 568              		.cfi_restore 5
 569              		.cfi_restore 6
 570              		.cfi_restore 7
 571              		.cfi_restore 14
 572 0112 7047     		bx	lr
 573              	.L50:
 574              		.align	2
 575              	.L49:
 576 0114 00380140 		.word	1073821696
 577 0118 00000240 		.word	1073872896
 578 011c 003C0140 		.word	1073822720
 579              		.cfi_endproc
 580              	.LFE139:
 582              		.section	.text.HAL_GPIO_ReadPin,"ax",%progbits
 583              		.align	1
 584              		.global	HAL_GPIO_ReadPin
 585              		.syntax unified
 586              		.thumb
 587              		.thumb_func
 588              		.fpu fpv5-sp-d16
 590              	HAL_GPIO_ReadPin:
 591              	.LFB140:
 366:Drivers/STM32F7xx_HAL_Driver/Src/stm32f7xx_hal_gpio.c **** 
 367:Drivers/STM32F7xx_HAL_Driver/Src/stm32f7xx_hal_gpio.c **** /**
 368:Drivers/STM32F7xx_HAL_Driver/Src/stm32f7xx_hal_gpio.c ****   * @}
 369:Drivers/STM32F7xx_HAL_Driver/Src/stm32f7xx_hal_gpio.c ****   */
 370:Drivers/STM32F7xx_HAL_Driver/Src/stm32f7xx_hal_gpio.c **** 
 371:Drivers/STM32F7xx_HAL_Driver/Src/stm32f7xx_hal_gpio.c **** /** @defgroup GPIO_Exported_Functions_Group2 IO operation functions 
 372:Drivers/STM32F7xx_HAL_Driver/Src/stm32f7xx_hal_gpio.c ****  *  @brief   GPIO Read and Write
 373:Drivers/STM32F7xx_HAL_Driver/Src/stm32f7xx_hal_gpio.c ****  *
 374:Drivers/STM32F7xx_HAL_Driver/Src/stm32f7xx_hal_gpio.c **** @verbatim
 375:Drivers/STM32F7xx_HAL_Driver/Src/stm32f7xx_hal_gpio.c ****  ===============================================================================
 376:Drivers/STM32F7xx_HAL_Driver/Src/stm32f7xx_hal_gpio.c ****                        ##### IO operation functions #####
 377:Drivers/STM32F7xx_HAL_Driver/Src/stm32f7xx_hal_gpio.c ****  ===============================================================================
 378:Drivers/STM32F7xx_HAL_Driver/Src/stm32f7xx_hal_gpio.c **** 
 379:Drivers/STM32F7xx_HAL_Driver/Src/stm32f7xx_hal_gpio.c **** @endverbatim
 380:Drivers/STM32F7xx_HAL_Driver/Src/stm32f7xx_hal_gpio.c ****   * @{
 381:Drivers/STM32F7xx_HAL_Driver/Src/stm32f7xx_hal_gpio.c ****   */
 382:Drivers/STM32F7xx_HAL_Driver/Src/stm32f7xx_hal_gpio.c **** 
 383:Drivers/STM32F7xx_HAL_Driver/Src/stm32f7xx_hal_gpio.c **** /**
 384:Drivers/STM32F7xx_HAL_Driver/Src/stm32f7xx_hal_gpio.c ****   * @brief  Reads the specified input port pin.
 385:Drivers/STM32F7xx_HAL_Driver/Src/stm32f7xx_hal_gpio.c ****   * @param  GPIOx where x can be (A..K) to select the GPIO peripheral.
 386:Drivers/STM32F7xx_HAL_Driver/Src/stm32f7xx_hal_gpio.c ****   * @param  GPIO_Pin specifies the port bit to read.
 387:Drivers/STM32F7xx_HAL_Driver/Src/stm32f7xx_hal_gpio.c ****   *         This parameter can be GPIO_PIN_x where x can be (0..15).
ARM GAS  /tmp/cc3E1Lcr.s 			page 19


 388:Drivers/STM32F7xx_HAL_Driver/Src/stm32f7xx_hal_gpio.c ****   * @retval The input port pin value.
 389:Drivers/STM32F7xx_HAL_Driver/Src/stm32f7xx_hal_gpio.c ****   */
 390:Drivers/STM32F7xx_HAL_Driver/Src/stm32f7xx_hal_gpio.c **** GPIO_PinState HAL_GPIO_ReadPin(GPIO_TypeDef* GPIOx, uint16_t GPIO_Pin)
 391:Drivers/STM32F7xx_HAL_Driver/Src/stm32f7xx_hal_gpio.c **** {
 592              		.loc 1 391 0
 593              		.cfi_startproc
 594              		@ args = 0, pretend = 0, frame = 0
 595              		@ frame_needed = 0, uses_anonymous_args = 0
 596              		@ link register save eliminated.
 597              	.LVL67:
 392:Drivers/STM32F7xx_HAL_Driver/Src/stm32f7xx_hal_gpio.c ****   GPIO_PinState bitstatus;
 393:Drivers/STM32F7xx_HAL_Driver/Src/stm32f7xx_hal_gpio.c **** 
 394:Drivers/STM32F7xx_HAL_Driver/Src/stm32f7xx_hal_gpio.c ****   /* Check the parameters */
 395:Drivers/STM32F7xx_HAL_Driver/Src/stm32f7xx_hal_gpio.c ****   assert_param(IS_GPIO_PIN(GPIO_Pin));
 396:Drivers/STM32F7xx_HAL_Driver/Src/stm32f7xx_hal_gpio.c **** 
 397:Drivers/STM32F7xx_HAL_Driver/Src/stm32f7xx_hal_gpio.c ****   if((GPIOx->IDR & GPIO_Pin) != (uint32_t)GPIO_PIN_RESET)
 598              		.loc 1 397 0
 599 0000 0369     		ldr	r3, [r0, #16]
 600 0002 1942     		tst	r1, r3
 601 0004 01D1     		bne	.L54
 398:Drivers/STM32F7xx_HAL_Driver/Src/stm32f7xx_hal_gpio.c ****   {
 399:Drivers/STM32F7xx_HAL_Driver/Src/stm32f7xx_hal_gpio.c ****     bitstatus = GPIO_PIN_SET;
 400:Drivers/STM32F7xx_HAL_Driver/Src/stm32f7xx_hal_gpio.c ****   }
 401:Drivers/STM32F7xx_HAL_Driver/Src/stm32f7xx_hal_gpio.c ****   else
 402:Drivers/STM32F7xx_HAL_Driver/Src/stm32f7xx_hal_gpio.c ****   {
 403:Drivers/STM32F7xx_HAL_Driver/Src/stm32f7xx_hal_gpio.c ****     bitstatus = GPIO_PIN_RESET;
 602              		.loc 1 403 0
 603 0006 0020     		movs	r0, #0
 604              	.LVL68:
 404:Drivers/STM32F7xx_HAL_Driver/Src/stm32f7xx_hal_gpio.c ****   }
 405:Drivers/STM32F7xx_HAL_Driver/Src/stm32f7xx_hal_gpio.c ****   return bitstatus;
 406:Drivers/STM32F7xx_HAL_Driver/Src/stm32f7xx_hal_gpio.c **** }
 605              		.loc 1 406 0
 606 0008 7047     		bx	lr
 607              	.LVL69:
 608              	.L54:
 399:Drivers/STM32F7xx_HAL_Driver/Src/stm32f7xx_hal_gpio.c ****   }
 609              		.loc 1 399 0
 610 000a 0120     		movs	r0, #1
 611              	.LVL70:
 612 000c 7047     		bx	lr
 613              		.cfi_endproc
 614              	.LFE140:
 616              		.section	.text.HAL_GPIO_WritePin,"ax",%progbits
 617              		.align	1
 618              		.global	HAL_GPIO_WritePin
 619              		.syntax unified
 620              		.thumb
 621              		.thumb_func
 622              		.fpu fpv5-sp-d16
 624              	HAL_GPIO_WritePin:
 625              	.LFB141:
 407:Drivers/STM32F7xx_HAL_Driver/Src/stm32f7xx_hal_gpio.c **** 
 408:Drivers/STM32F7xx_HAL_Driver/Src/stm32f7xx_hal_gpio.c **** /**
 409:Drivers/STM32F7xx_HAL_Driver/Src/stm32f7xx_hal_gpio.c ****   * @brief  Sets or clears the selected data port bit.
 410:Drivers/STM32F7xx_HAL_Driver/Src/stm32f7xx_hal_gpio.c ****   *
 411:Drivers/STM32F7xx_HAL_Driver/Src/stm32f7xx_hal_gpio.c ****   * @note   This function uses GPIOx_BSRR register to allow atomic read/modify
ARM GAS  /tmp/cc3E1Lcr.s 			page 20


 412:Drivers/STM32F7xx_HAL_Driver/Src/stm32f7xx_hal_gpio.c ****   *         accesses. In this way, there is no risk of an IRQ occurring between
 413:Drivers/STM32F7xx_HAL_Driver/Src/stm32f7xx_hal_gpio.c ****   *         the read and the modify access.
 414:Drivers/STM32F7xx_HAL_Driver/Src/stm32f7xx_hal_gpio.c ****   *
 415:Drivers/STM32F7xx_HAL_Driver/Src/stm32f7xx_hal_gpio.c ****   * @param  GPIOx where x can be (A..K) to select the GPIO peripheral.
 416:Drivers/STM32F7xx_HAL_Driver/Src/stm32f7xx_hal_gpio.c ****   * @param  GPIO_Pin specifies the port bit to be written.
 417:Drivers/STM32F7xx_HAL_Driver/Src/stm32f7xx_hal_gpio.c ****   *          This parameter can be one of GPIO_PIN_x where x can be (0..15).
 418:Drivers/STM32F7xx_HAL_Driver/Src/stm32f7xx_hal_gpio.c ****   * @param  PinState specifies the value to be written to the selected bit.
 419:Drivers/STM32F7xx_HAL_Driver/Src/stm32f7xx_hal_gpio.c ****   *          This parameter can be one of the GPIO_PinState enum values:
 420:Drivers/STM32F7xx_HAL_Driver/Src/stm32f7xx_hal_gpio.c ****   *            @arg GPIO_PIN_RESET: to clear the port pin
 421:Drivers/STM32F7xx_HAL_Driver/Src/stm32f7xx_hal_gpio.c ****   *            @arg GPIO_PIN_SET: to set the port pin
 422:Drivers/STM32F7xx_HAL_Driver/Src/stm32f7xx_hal_gpio.c ****   * @retval None
 423:Drivers/STM32F7xx_HAL_Driver/Src/stm32f7xx_hal_gpio.c ****   */
 424:Drivers/STM32F7xx_HAL_Driver/Src/stm32f7xx_hal_gpio.c **** void HAL_GPIO_WritePin(GPIO_TypeDef* GPIOx, uint16_t GPIO_Pin, GPIO_PinState PinState)
 425:Drivers/STM32F7xx_HAL_Driver/Src/stm32f7xx_hal_gpio.c **** {
 626              		.loc 1 425 0
 627              		.cfi_startproc
 628              		@ args = 0, pretend = 0, frame = 0
 629              		@ frame_needed = 0, uses_anonymous_args = 0
 630              		@ link register save eliminated.
 631              	.LVL71:
 426:Drivers/STM32F7xx_HAL_Driver/Src/stm32f7xx_hal_gpio.c ****   /* Check the parameters */
 427:Drivers/STM32F7xx_HAL_Driver/Src/stm32f7xx_hal_gpio.c ****   assert_param(IS_GPIO_PIN(GPIO_Pin));
 428:Drivers/STM32F7xx_HAL_Driver/Src/stm32f7xx_hal_gpio.c ****   assert_param(IS_GPIO_PIN_ACTION(PinState));
 429:Drivers/STM32F7xx_HAL_Driver/Src/stm32f7xx_hal_gpio.c **** 
 430:Drivers/STM32F7xx_HAL_Driver/Src/stm32f7xx_hal_gpio.c ****   if(PinState != GPIO_PIN_RESET)
 632              		.loc 1 430 0
 633 0000 12B9     		cbnz	r2, .L58
 431:Drivers/STM32F7xx_HAL_Driver/Src/stm32f7xx_hal_gpio.c ****   {
 432:Drivers/STM32F7xx_HAL_Driver/Src/stm32f7xx_hal_gpio.c ****     GPIOx->BSRR = GPIO_Pin;
 433:Drivers/STM32F7xx_HAL_Driver/Src/stm32f7xx_hal_gpio.c ****   }
 434:Drivers/STM32F7xx_HAL_Driver/Src/stm32f7xx_hal_gpio.c ****   else
 435:Drivers/STM32F7xx_HAL_Driver/Src/stm32f7xx_hal_gpio.c ****   {
 436:Drivers/STM32F7xx_HAL_Driver/Src/stm32f7xx_hal_gpio.c ****     GPIOx->BSRR = (uint32_t)GPIO_Pin << 16;
 634              		.loc 1 436 0
 635 0002 0904     		lsls	r1, r1, #16
 636              	.LVL72:
 637 0004 8161     		str	r1, [r0, #24]
 437:Drivers/STM32F7xx_HAL_Driver/Src/stm32f7xx_hal_gpio.c ****   }
 438:Drivers/STM32F7xx_HAL_Driver/Src/stm32f7xx_hal_gpio.c **** }
 638              		.loc 1 438 0
 639 0006 7047     		bx	lr
 640              	.LVL73:
 641              	.L58:
 432:Drivers/STM32F7xx_HAL_Driver/Src/stm32f7xx_hal_gpio.c ****   }
 642              		.loc 1 432 0
 643 0008 8161     		str	r1, [r0, #24]
 644 000a 7047     		bx	lr
 645              		.cfi_endproc
 646              	.LFE141:
 648              		.section	.text.HAL_GPIO_TogglePin,"ax",%progbits
 649              		.align	1
 650              		.global	HAL_GPIO_TogglePin
 651              		.syntax unified
 652              		.thumb
 653              		.thumb_func
 654              		.fpu fpv5-sp-d16
 656              	HAL_GPIO_TogglePin:
ARM GAS  /tmp/cc3E1Lcr.s 			page 21


 657              	.LFB142:
 439:Drivers/STM32F7xx_HAL_Driver/Src/stm32f7xx_hal_gpio.c **** 
 440:Drivers/STM32F7xx_HAL_Driver/Src/stm32f7xx_hal_gpio.c **** /**
 441:Drivers/STM32F7xx_HAL_Driver/Src/stm32f7xx_hal_gpio.c ****   * @brief  Toggles the specified GPIO pins.
 442:Drivers/STM32F7xx_HAL_Driver/Src/stm32f7xx_hal_gpio.c ****   * @param  GPIOx Where x can be (A..I) to select the GPIO peripheral.
 443:Drivers/STM32F7xx_HAL_Driver/Src/stm32f7xx_hal_gpio.c ****   * @param  GPIO_Pin Specifies the pins to be toggled.
 444:Drivers/STM32F7xx_HAL_Driver/Src/stm32f7xx_hal_gpio.c ****   * @retval None
 445:Drivers/STM32F7xx_HAL_Driver/Src/stm32f7xx_hal_gpio.c ****   */
 446:Drivers/STM32F7xx_HAL_Driver/Src/stm32f7xx_hal_gpio.c **** void HAL_GPIO_TogglePin(GPIO_TypeDef* GPIOx, uint16_t GPIO_Pin)
 447:Drivers/STM32F7xx_HAL_Driver/Src/stm32f7xx_hal_gpio.c **** {
 658              		.loc 1 447 0
 659              		.cfi_startproc
 660              		@ args = 0, pretend = 0, frame = 0
 661              		@ frame_needed = 0, uses_anonymous_args = 0
 662              		@ link register save eliminated.
 663              	.LVL74:
 448:Drivers/STM32F7xx_HAL_Driver/Src/stm32f7xx_hal_gpio.c ****   /* Check the parameters */
 449:Drivers/STM32F7xx_HAL_Driver/Src/stm32f7xx_hal_gpio.c ****   assert_param(IS_GPIO_PIN(GPIO_Pin));
 450:Drivers/STM32F7xx_HAL_Driver/Src/stm32f7xx_hal_gpio.c **** 
 451:Drivers/STM32F7xx_HAL_Driver/Src/stm32f7xx_hal_gpio.c ****   GPIOx->ODR ^= GPIO_Pin;
 664              		.loc 1 451 0
 665 0000 4369     		ldr	r3, [r0, #20]
 666 0002 5940     		eors	r1, r1, r3
 667              	.LVL75:
 668 0004 4161     		str	r1, [r0, #20]
 452:Drivers/STM32F7xx_HAL_Driver/Src/stm32f7xx_hal_gpio.c **** }
 669              		.loc 1 452 0
 670 0006 7047     		bx	lr
 671              		.cfi_endproc
 672              	.LFE142:
 674              		.section	.text.HAL_GPIO_LockPin,"ax",%progbits
 675              		.align	1
 676              		.global	HAL_GPIO_LockPin
 677              		.syntax unified
 678              		.thumb
 679              		.thumb_func
 680              		.fpu fpv5-sp-d16
 682              	HAL_GPIO_LockPin:
 683              	.LFB143:
 453:Drivers/STM32F7xx_HAL_Driver/Src/stm32f7xx_hal_gpio.c **** 
 454:Drivers/STM32F7xx_HAL_Driver/Src/stm32f7xx_hal_gpio.c **** /**
 455:Drivers/STM32F7xx_HAL_Driver/Src/stm32f7xx_hal_gpio.c ****   * @brief  Locks GPIO Pins configuration registers.
 456:Drivers/STM32F7xx_HAL_Driver/Src/stm32f7xx_hal_gpio.c ****   * @note   The locked registers are GPIOx_MODER, GPIOx_OTYPER, GPIOx_OSPEEDR,
 457:Drivers/STM32F7xx_HAL_Driver/Src/stm32f7xx_hal_gpio.c ****   *         GPIOx_PUPDR, GPIOx_AFRL and GPIOx_AFRH.
 458:Drivers/STM32F7xx_HAL_Driver/Src/stm32f7xx_hal_gpio.c ****   * @note   The configuration of the locked GPIO pins can no longer be modified
 459:Drivers/STM32F7xx_HAL_Driver/Src/stm32f7xx_hal_gpio.c ****   *         until the next reset.
 460:Drivers/STM32F7xx_HAL_Driver/Src/stm32f7xx_hal_gpio.c ****   * @param  GPIOx where x can be (A..F) to select the GPIO peripheral for STM32F7 family
 461:Drivers/STM32F7xx_HAL_Driver/Src/stm32f7xx_hal_gpio.c ****   * @param  GPIO_Pin specifies the port bit to be locked.
 462:Drivers/STM32F7xx_HAL_Driver/Src/stm32f7xx_hal_gpio.c ****   *         This parameter can be any combination of GPIO_PIN_x where x can be (0..15).
 463:Drivers/STM32F7xx_HAL_Driver/Src/stm32f7xx_hal_gpio.c ****   * @retval None
 464:Drivers/STM32F7xx_HAL_Driver/Src/stm32f7xx_hal_gpio.c ****   */
 465:Drivers/STM32F7xx_HAL_Driver/Src/stm32f7xx_hal_gpio.c **** HAL_StatusTypeDef HAL_GPIO_LockPin(GPIO_TypeDef* GPIOx, uint16_t GPIO_Pin)
 466:Drivers/STM32F7xx_HAL_Driver/Src/stm32f7xx_hal_gpio.c **** {
 684              		.loc 1 466 0
 685              		.cfi_startproc
 686              		@ args = 0, pretend = 0, frame = 8
 687              		@ frame_needed = 0, uses_anonymous_args = 0
ARM GAS  /tmp/cc3E1Lcr.s 			page 22


 688              		@ link register save eliminated.
 689              	.LVL76:
 690 0000 82B0     		sub	sp, sp, #8
 691              	.LCFI6:
 692              		.cfi_def_cfa_offset 8
 467:Drivers/STM32F7xx_HAL_Driver/Src/stm32f7xx_hal_gpio.c ****   __IO uint32_t tmp = GPIO_LCKR_LCKK;
 693              		.loc 1 467 0
 694 0002 4FF48033 		mov	r3, #65536
 695 0006 0193     		str	r3, [sp, #4]
 468:Drivers/STM32F7xx_HAL_Driver/Src/stm32f7xx_hal_gpio.c **** 
 469:Drivers/STM32F7xx_HAL_Driver/Src/stm32f7xx_hal_gpio.c ****   /* Check the parameters */
 470:Drivers/STM32F7xx_HAL_Driver/Src/stm32f7xx_hal_gpio.c ****   assert_param(IS_GPIO_PIN(GPIO_Pin));
 471:Drivers/STM32F7xx_HAL_Driver/Src/stm32f7xx_hal_gpio.c **** 
 472:Drivers/STM32F7xx_HAL_Driver/Src/stm32f7xx_hal_gpio.c ****   /* Apply lock key write sequence */
 473:Drivers/STM32F7xx_HAL_Driver/Src/stm32f7xx_hal_gpio.c ****   tmp |= GPIO_Pin;
 696              		.loc 1 473 0
 697 0008 019B     		ldr	r3, [sp, #4]
 698 000a 0B43     		orrs	r3, r3, r1
 699 000c 0193     		str	r3, [sp, #4]
 474:Drivers/STM32F7xx_HAL_Driver/Src/stm32f7xx_hal_gpio.c ****   /* Set LCKx bit(s): LCKK='1' + LCK[15-0] */
 475:Drivers/STM32F7xx_HAL_Driver/Src/stm32f7xx_hal_gpio.c ****   GPIOx->LCKR = tmp;
 700              		.loc 1 475 0
 701 000e 019B     		ldr	r3, [sp, #4]
 702 0010 C361     		str	r3, [r0, #28]
 476:Drivers/STM32F7xx_HAL_Driver/Src/stm32f7xx_hal_gpio.c ****   /* Reset LCKx bit(s): LCKK='0' + LCK[15-0] */
 477:Drivers/STM32F7xx_HAL_Driver/Src/stm32f7xx_hal_gpio.c ****   GPIOx->LCKR = GPIO_Pin;
 703              		.loc 1 477 0
 704 0012 C161     		str	r1, [r0, #28]
 478:Drivers/STM32F7xx_HAL_Driver/Src/stm32f7xx_hal_gpio.c ****   /* Set LCKx bit(s): LCKK='1' + LCK[15-0] */
 479:Drivers/STM32F7xx_HAL_Driver/Src/stm32f7xx_hal_gpio.c ****   GPIOx->LCKR = tmp;
 705              		.loc 1 479 0
 706 0014 019B     		ldr	r3, [sp, #4]
 707 0016 C361     		str	r3, [r0, #28]
 480:Drivers/STM32F7xx_HAL_Driver/Src/stm32f7xx_hal_gpio.c ****   /* Read LCKK bit*/
 481:Drivers/STM32F7xx_HAL_Driver/Src/stm32f7xx_hal_gpio.c ****   tmp = GPIOx->LCKR;
 708              		.loc 1 481 0
 709 0018 C369     		ldr	r3, [r0, #28]
 710 001a 0193     		str	r3, [sp, #4]
 482:Drivers/STM32F7xx_HAL_Driver/Src/stm32f7xx_hal_gpio.c **** 
 483:Drivers/STM32F7xx_HAL_Driver/Src/stm32f7xx_hal_gpio.c ****  if((GPIOx->LCKR & GPIO_LCKR_LCKK) != RESET)
 711              		.loc 1 483 0
 712 001c C369     		ldr	r3, [r0, #28]
 713 001e 13F4803F 		tst	r3, #65536
 714 0022 02D1     		bne	.L64
 484:Drivers/STM32F7xx_HAL_Driver/Src/stm32f7xx_hal_gpio.c ****   {
 485:Drivers/STM32F7xx_HAL_Driver/Src/stm32f7xx_hal_gpio.c ****     return HAL_OK;
 486:Drivers/STM32F7xx_HAL_Driver/Src/stm32f7xx_hal_gpio.c ****   }
 487:Drivers/STM32F7xx_HAL_Driver/Src/stm32f7xx_hal_gpio.c ****   else
 488:Drivers/STM32F7xx_HAL_Driver/Src/stm32f7xx_hal_gpio.c ****   {
 489:Drivers/STM32F7xx_HAL_Driver/Src/stm32f7xx_hal_gpio.c ****     return HAL_ERROR;
 715              		.loc 1 489 0
 716 0024 0120     		movs	r0, #1
 717              	.LVL77:
 718              	.L61:
 490:Drivers/STM32F7xx_HAL_Driver/Src/stm32f7xx_hal_gpio.c ****   }
 491:Drivers/STM32F7xx_HAL_Driver/Src/stm32f7xx_hal_gpio.c **** }
 719              		.loc 1 491 0
ARM GAS  /tmp/cc3E1Lcr.s 			page 23


 720 0026 02B0     		add	sp, sp, #8
 721              	.LCFI7:
 722              		.cfi_remember_state
 723              		.cfi_def_cfa_offset 0
 724              		@ sp needed
 725 0028 7047     		bx	lr
 726              	.LVL78:
 727              	.L64:
 728              	.LCFI8:
 729              		.cfi_restore_state
 485:Drivers/STM32F7xx_HAL_Driver/Src/stm32f7xx_hal_gpio.c ****   }
 730              		.loc 1 485 0
 731 002a 0020     		movs	r0, #0
 732              	.LVL79:
 733 002c FBE7     		b	.L61
 734              		.cfi_endproc
 735              	.LFE143:
 737              		.section	.text.HAL_GPIO_EXTI_Callback,"ax",%progbits
 738              		.align	1
 739              		.weak	HAL_GPIO_EXTI_Callback
 740              		.syntax unified
 741              		.thumb
 742              		.thumb_func
 743              		.fpu fpv5-sp-d16
 745              	HAL_GPIO_EXTI_Callback:
 746              	.LFB145:
 492:Drivers/STM32F7xx_HAL_Driver/Src/stm32f7xx_hal_gpio.c **** 
 493:Drivers/STM32F7xx_HAL_Driver/Src/stm32f7xx_hal_gpio.c **** /**
 494:Drivers/STM32F7xx_HAL_Driver/Src/stm32f7xx_hal_gpio.c ****   * @brief  This function handles EXTI interrupt request.
 495:Drivers/STM32F7xx_HAL_Driver/Src/stm32f7xx_hal_gpio.c ****   * @param  GPIO_Pin Specifies the pins connected EXTI line
 496:Drivers/STM32F7xx_HAL_Driver/Src/stm32f7xx_hal_gpio.c ****   * @retval None
 497:Drivers/STM32F7xx_HAL_Driver/Src/stm32f7xx_hal_gpio.c ****   */
 498:Drivers/STM32F7xx_HAL_Driver/Src/stm32f7xx_hal_gpio.c **** void HAL_GPIO_EXTI_IRQHandler(uint16_t GPIO_Pin)
 499:Drivers/STM32F7xx_HAL_Driver/Src/stm32f7xx_hal_gpio.c **** {
 500:Drivers/STM32F7xx_HAL_Driver/Src/stm32f7xx_hal_gpio.c ****   /* EXTI line interrupt detected */
 501:Drivers/STM32F7xx_HAL_Driver/Src/stm32f7xx_hal_gpio.c ****   if(__HAL_GPIO_EXTI_GET_IT(GPIO_Pin) != RESET)
 502:Drivers/STM32F7xx_HAL_Driver/Src/stm32f7xx_hal_gpio.c ****   {
 503:Drivers/STM32F7xx_HAL_Driver/Src/stm32f7xx_hal_gpio.c ****     __HAL_GPIO_EXTI_CLEAR_IT(GPIO_Pin);
 504:Drivers/STM32F7xx_HAL_Driver/Src/stm32f7xx_hal_gpio.c ****     HAL_GPIO_EXTI_Callback(GPIO_Pin);
 505:Drivers/STM32F7xx_HAL_Driver/Src/stm32f7xx_hal_gpio.c ****   }
 506:Drivers/STM32F7xx_HAL_Driver/Src/stm32f7xx_hal_gpio.c **** }
 507:Drivers/STM32F7xx_HAL_Driver/Src/stm32f7xx_hal_gpio.c **** 
 508:Drivers/STM32F7xx_HAL_Driver/Src/stm32f7xx_hal_gpio.c **** /**
 509:Drivers/STM32F7xx_HAL_Driver/Src/stm32f7xx_hal_gpio.c ****   * @brief  EXTI line detection callbacks.
 510:Drivers/STM32F7xx_HAL_Driver/Src/stm32f7xx_hal_gpio.c ****   * @param  GPIO_Pin Specifies the pins connected EXTI line
 511:Drivers/STM32F7xx_HAL_Driver/Src/stm32f7xx_hal_gpio.c ****   * @retval None
 512:Drivers/STM32F7xx_HAL_Driver/Src/stm32f7xx_hal_gpio.c ****   */
 513:Drivers/STM32F7xx_HAL_Driver/Src/stm32f7xx_hal_gpio.c **** __weak void HAL_GPIO_EXTI_Callback(uint16_t GPIO_Pin)
 514:Drivers/STM32F7xx_HAL_Driver/Src/stm32f7xx_hal_gpio.c **** {
 747              		.loc 1 514 0
 748              		.cfi_startproc
 749              		@ args = 0, pretend = 0, frame = 0
 750              		@ frame_needed = 0, uses_anonymous_args = 0
 751              		@ link register save eliminated.
 752              	.LVL80:
 515:Drivers/STM32F7xx_HAL_Driver/Src/stm32f7xx_hal_gpio.c ****   /* Prevent unused argument(s) compilation warning */
 516:Drivers/STM32F7xx_HAL_Driver/Src/stm32f7xx_hal_gpio.c ****   UNUSED(GPIO_Pin);
ARM GAS  /tmp/cc3E1Lcr.s 			page 24


 517:Drivers/STM32F7xx_HAL_Driver/Src/stm32f7xx_hal_gpio.c ****   
 518:Drivers/STM32F7xx_HAL_Driver/Src/stm32f7xx_hal_gpio.c ****   /* NOTE: This function Should not be modified, when the callback is needed,
 519:Drivers/STM32F7xx_HAL_Driver/Src/stm32f7xx_hal_gpio.c ****            the HAL_GPIO_EXTI_Callback could be implemented in the user file
 520:Drivers/STM32F7xx_HAL_Driver/Src/stm32f7xx_hal_gpio.c ****    */
 521:Drivers/STM32F7xx_HAL_Driver/Src/stm32f7xx_hal_gpio.c **** }
 753              		.loc 1 521 0
 754 0000 7047     		bx	lr
 755              		.cfi_endproc
 756              	.LFE145:
 758              		.section	.text.HAL_GPIO_EXTI_IRQHandler,"ax",%progbits
 759              		.align	1
 760              		.global	HAL_GPIO_EXTI_IRQHandler
 761              		.syntax unified
 762              		.thumb
 763              		.thumb_func
 764              		.fpu fpv5-sp-d16
 766              	HAL_GPIO_EXTI_IRQHandler:
 767              	.LFB144:
 499:Drivers/STM32F7xx_HAL_Driver/Src/stm32f7xx_hal_gpio.c ****   /* EXTI line interrupt detected */
 768              		.loc 1 499 0
 769              		.cfi_startproc
 770              		@ args = 0, pretend = 0, frame = 0
 771              		@ frame_needed = 0, uses_anonymous_args = 0
 772              	.LVL81:
 773 0000 08B5     		push	{r3, lr}
 774              	.LCFI9:
 775              		.cfi_def_cfa_offset 8
 776              		.cfi_offset 3, -8
 777              		.cfi_offset 14, -4
 501:Drivers/STM32F7xx_HAL_Driver/Src/stm32f7xx_hal_gpio.c ****   {
 778              		.loc 1 501 0
 779 0002 054B     		ldr	r3, .L70
 780 0004 5B69     		ldr	r3, [r3, #20]
 781 0006 0342     		tst	r3, r0
 782 0008 00D1     		bne	.L69
 783              	.LVL82:
 784              	.L66:
 506:Drivers/STM32F7xx_HAL_Driver/Src/stm32f7xx_hal_gpio.c **** 
 785              		.loc 1 506 0
 786 000a 08BD     		pop	{r3, pc}
 787              	.LVL83:
 788              	.L69:
 503:Drivers/STM32F7xx_HAL_Driver/Src/stm32f7xx_hal_gpio.c ****     HAL_GPIO_EXTI_Callback(GPIO_Pin);
 789              		.loc 1 503 0
 790 000c 024B     		ldr	r3, .L70
 791 000e 5861     		str	r0, [r3, #20]
 504:Drivers/STM32F7xx_HAL_Driver/Src/stm32f7xx_hal_gpio.c ****   }
 792              		.loc 1 504 0
 793 0010 FFF7FEFF 		bl	HAL_GPIO_EXTI_Callback
 794              	.LVL84:
 506:Drivers/STM32F7xx_HAL_Driver/Src/stm32f7xx_hal_gpio.c **** 
 795              		.loc 1 506 0
 796 0014 F9E7     		b	.L66
 797              	.L71:
 798 0016 00BF     		.align	2
 799              	.L70:
 800 0018 003C0140 		.word	1073822720
ARM GAS  /tmp/cc3E1Lcr.s 			page 25


 801              		.cfi_endproc
 802              	.LFE144:
 804              		.text
 805              	.Letext0:
 806              		.file 2 "/home/jaxc/opt/gcc-arm-none-eabi-7-2018-q2-update/arm-none-eabi/include/machine/_default_
 807              		.file 3 "/home/jaxc/opt/gcc-arm-none-eabi-7-2018-q2-update/arm-none-eabi/include/sys/_stdint.h"
 808              		.file 4 "Drivers/CMSIS/Include/core_cm7.h"
 809              		.file 5 "Drivers/CMSIS/Device/ST/STM32F7xx/Include/system_stm32f7xx.h"
 810              		.file 6 "Drivers/CMSIS/Device/ST/STM32F7xx/Include/stm32f722xx.h"
 811              		.file 7 "/home/jaxc/opt/gcc-arm-none-eabi-7-2018-q2-update/arm-none-eabi/include/sys/lock.h"
 812              		.file 8 "/home/jaxc/opt/gcc-arm-none-eabi-7-2018-q2-update/arm-none-eabi/include/sys/_types.h"
 813              		.file 9 "/home/jaxc/opt/gcc-arm-none-eabi-7-2018-q2-update/lib/gcc/arm-none-eabi/7.3.1/include/std
 814              		.file 10 "/home/jaxc/opt/gcc-arm-none-eabi-7-2018-q2-update/arm-none-eabi/include/sys/reent.h"
 815              		.file 11 "Drivers/CMSIS/Device/ST/STM32F7xx/Include/stm32f7xx.h"
 816              		.file 12 "Drivers/STM32F7xx_HAL_Driver/Inc/stm32f7xx_hal_def.h"
 817              		.file 13 "Drivers/STM32F7xx_HAL_Driver/Inc/stm32f7xx_hal_gpio.h"
ARM GAS  /tmp/cc3E1Lcr.s 			page 26


DEFINED SYMBOLS
                            *ABS*:0000000000000000 stm32f7xx_hal_gpio.c
     /tmp/cc3E1Lcr.s:18     .text.HAL_GPIO_Init:0000000000000000 $t
     /tmp/cc3E1Lcr.s:25     .text.HAL_GPIO_Init:0000000000000000 HAL_GPIO_Init
     /tmp/cc3E1Lcr.s:365    .text.HAL_GPIO_Init:00000000000001b8 $d
     /tmp/cc3E1Lcr.s:373    .text.HAL_GPIO_DeInit:0000000000000000 $t
     /tmp/cc3E1Lcr.s:380    .text.HAL_GPIO_DeInit:0000000000000000 HAL_GPIO_DeInit
     /tmp/cc3E1Lcr.s:576    .text.HAL_GPIO_DeInit:0000000000000114 $d
     /tmp/cc3E1Lcr.s:583    .text.HAL_GPIO_ReadPin:0000000000000000 $t
     /tmp/cc3E1Lcr.s:590    .text.HAL_GPIO_ReadPin:0000000000000000 HAL_GPIO_ReadPin
     /tmp/cc3E1Lcr.s:617    .text.HAL_GPIO_WritePin:0000000000000000 $t
     /tmp/cc3E1Lcr.s:624    .text.HAL_GPIO_WritePin:0000000000000000 HAL_GPIO_WritePin
     /tmp/cc3E1Lcr.s:649    .text.HAL_GPIO_TogglePin:0000000000000000 $t
     /tmp/cc3E1Lcr.s:656    .text.HAL_GPIO_TogglePin:0000000000000000 HAL_GPIO_TogglePin
     /tmp/cc3E1Lcr.s:675    .text.HAL_GPIO_LockPin:0000000000000000 $t
     /tmp/cc3E1Lcr.s:682    .text.HAL_GPIO_LockPin:0000000000000000 HAL_GPIO_LockPin
     /tmp/cc3E1Lcr.s:738    .text.HAL_GPIO_EXTI_Callback:0000000000000000 $t
     /tmp/cc3E1Lcr.s:745    .text.HAL_GPIO_EXTI_Callback:0000000000000000 HAL_GPIO_EXTI_Callback
     /tmp/cc3E1Lcr.s:759    .text.HAL_GPIO_EXTI_IRQHandler:0000000000000000 $t
     /tmp/cc3E1Lcr.s:766    .text.HAL_GPIO_EXTI_IRQHandler:0000000000000000 HAL_GPIO_EXTI_IRQHandler
     /tmp/cc3E1Lcr.s:800    .text.HAL_GPIO_EXTI_IRQHandler:0000000000000018 $d

NO UNDEFINED SYMBOLS
