ARM GAS  /tmp/cc1ztXC7.s 			page 1


   1              		.cpu cortex-m7
   2              		.eabi_attribute 27, 1
   3              		.eabi_attribute 28, 1
   4              		.eabi_attribute 20, 1
   5              		.eabi_attribute 21, 1
   6              		.eabi_attribute 23, 3
   7              		.eabi_attribute 24, 1
   8              		.eabi_attribute 25, 1
   9              		.eabi_attribute 26, 1
  10              		.eabi_attribute 30, 1
  11              		.eabi_attribute 34, 1
  12              		.eabi_attribute 18, 4
  13              		.file	"stm32f7xx_hal_msp.c"
  14              		.text
  15              	.Ltext0:
  16              		.cfi_sections	.debug_frame
  17              		.section	.text.HAL_MspInit,"ax",%progbits
  18              		.align	1
  19              		.global	HAL_MspInit
  20              		.syntax unified
  21              		.thumb
  22              		.thumb_func
  23              		.fpu fpv5-sp-d16
  25              	HAL_MspInit:
  26              	.LFB138:
  27              		.file 1 "Src/stm32f7xx_hal_msp.c"
   1:Src/stm32f7xx_hal_msp.c **** /* USER CODE BEGIN Header */
   2:Src/stm32f7xx_hal_msp.c **** /**
   3:Src/stm32f7xx_hal_msp.c ****   ******************************************************************************
   4:Src/stm32f7xx_hal_msp.c ****   * File Name          : stm32f7xx_hal_msp.c
   5:Src/stm32f7xx_hal_msp.c ****   * Description        : This file provides code for the MSP Initialization 
   6:Src/stm32f7xx_hal_msp.c ****   *                      and de-Initialization codes.
   7:Src/stm32f7xx_hal_msp.c ****   ******************************************************************************
   8:Src/stm32f7xx_hal_msp.c ****   * This notice applies to any and all portions of this file
   9:Src/stm32f7xx_hal_msp.c ****   * that are not between comment pairs USER CODE BEGIN and
  10:Src/stm32f7xx_hal_msp.c ****   * USER CODE END. Other portions of this file, whether 
  11:Src/stm32f7xx_hal_msp.c ****   * inserted by the user or by software development tools
  12:Src/stm32f7xx_hal_msp.c ****   * are owned by their respective copyright owners.
  13:Src/stm32f7xx_hal_msp.c ****   *
  14:Src/stm32f7xx_hal_msp.c ****   * Copyright (c) 2019 STMicroelectronics International N.V. 
  15:Src/stm32f7xx_hal_msp.c ****   * All rights reserved.
  16:Src/stm32f7xx_hal_msp.c ****   *
  17:Src/stm32f7xx_hal_msp.c ****   * Redistribution and use in source and binary forms, with or without 
  18:Src/stm32f7xx_hal_msp.c ****   * modification, are permitted, provided that the following conditions are met:
  19:Src/stm32f7xx_hal_msp.c ****   *
  20:Src/stm32f7xx_hal_msp.c ****   * 1. Redistribution of source code must retain the above copyright notice, 
  21:Src/stm32f7xx_hal_msp.c ****   *    this list of conditions and the following disclaimer.
  22:Src/stm32f7xx_hal_msp.c ****   * 2. Redistributions in binary form must reproduce the above copyright notice,
  23:Src/stm32f7xx_hal_msp.c ****   *    this list of conditions and the following disclaimer in the documentation
  24:Src/stm32f7xx_hal_msp.c ****   *    and/or other materials provided with the distribution.
  25:Src/stm32f7xx_hal_msp.c ****   * 3. Neither the name of STMicroelectronics nor the names of other 
  26:Src/stm32f7xx_hal_msp.c ****   *    contributors to this software may be used to endorse or promote products 
  27:Src/stm32f7xx_hal_msp.c ****   *    derived from this software without specific written permission.
  28:Src/stm32f7xx_hal_msp.c ****   * 4. This software, including modifications and/or derivative works of this 
  29:Src/stm32f7xx_hal_msp.c ****   *    software, must execute solely and exclusively on microcontroller or
  30:Src/stm32f7xx_hal_msp.c ****   *    microprocessor devices manufactured by or for STMicroelectronics.
  31:Src/stm32f7xx_hal_msp.c ****   * 5. Redistribution and use of this software other than as permitted under 
ARM GAS  /tmp/cc1ztXC7.s 			page 2


  32:Src/stm32f7xx_hal_msp.c ****   *    this license is void and will automatically terminate your rights under 
  33:Src/stm32f7xx_hal_msp.c ****   *    this license. 
  34:Src/stm32f7xx_hal_msp.c ****   *
  35:Src/stm32f7xx_hal_msp.c ****   * THIS SOFTWARE IS PROVIDED BY STMICROELECTRONICS AND CONTRIBUTORS "AS IS" 
  36:Src/stm32f7xx_hal_msp.c ****   * AND ANY EXPRESS, IMPLIED OR STATUTORY WARRANTIES, INCLUDING, BUT NOT 
  37:Src/stm32f7xx_hal_msp.c ****   * LIMITED TO, THE IMPLIED WARRANTIES OF MERCHANTABILITY, FITNESS FOR A 
  38:Src/stm32f7xx_hal_msp.c ****   * PARTICULAR PURPOSE AND NON-INFRINGEMENT OF THIRD PARTY INTELLECTUAL PROPERTY
  39:Src/stm32f7xx_hal_msp.c ****   * RIGHTS ARE DISCLAIMED TO THE FULLEST EXTENT PERMITTED BY LAW. IN NO EVENT 
  40:Src/stm32f7xx_hal_msp.c ****   * SHALL STMICROELECTRONICS OR CONTRIBUTORS BE LIABLE FOR ANY DIRECT, INDIRECT,
  41:Src/stm32f7xx_hal_msp.c ****   * INCIDENTAL, SPECIAL, EXEMPLARY, OR CONSEQUENTIAL DAMAGES (INCLUDING, BUT NOT
  42:Src/stm32f7xx_hal_msp.c ****   * LIMITED TO, PROCUREMENT OF SUBSTITUTE GOODS OR SERVICES; LOSS OF USE, DATA, 
  43:Src/stm32f7xx_hal_msp.c ****   * OR PROFITS; OR BUSINESS INTERRUPTION) HOWEVER CAUSED AND ON ANY THEORY OF 
  44:Src/stm32f7xx_hal_msp.c ****   * LIABILITY, WHETHER IN CONTRACT, STRICT LIABILITY, OR TORT (INCLUDING 
  45:Src/stm32f7xx_hal_msp.c ****   * NEGLIGENCE OR OTHERWISE) ARISING IN ANY WAY OUT OF THE USE OF THIS SOFTWARE,
  46:Src/stm32f7xx_hal_msp.c ****   * EVEN IF ADVISED OF THE POSSIBILITY OF SUCH DAMAGE.
  47:Src/stm32f7xx_hal_msp.c ****   *
  48:Src/stm32f7xx_hal_msp.c ****   ******************************************************************************
  49:Src/stm32f7xx_hal_msp.c ****   */
  50:Src/stm32f7xx_hal_msp.c **** /* USER CODE END Header */
  51:Src/stm32f7xx_hal_msp.c **** 
  52:Src/stm32f7xx_hal_msp.c **** /* Includes ------------------------------------------------------------------*/
  53:Src/stm32f7xx_hal_msp.c **** #include "main.h"
  54:Src/stm32f7xx_hal_msp.c **** /* USER CODE BEGIN Includes */
  55:Src/stm32f7xx_hal_msp.c **** 
  56:Src/stm32f7xx_hal_msp.c **** /* USER CODE END Includes */
  57:Src/stm32f7xx_hal_msp.c **** 
  58:Src/stm32f7xx_hal_msp.c **** /* Private typedef -----------------------------------------------------------*/
  59:Src/stm32f7xx_hal_msp.c **** /* USER CODE BEGIN TD */
  60:Src/stm32f7xx_hal_msp.c **** 
  61:Src/stm32f7xx_hal_msp.c **** /* USER CODE END TD */
  62:Src/stm32f7xx_hal_msp.c **** 
  63:Src/stm32f7xx_hal_msp.c **** /* Private define ------------------------------------------------------------*/
  64:Src/stm32f7xx_hal_msp.c **** /* USER CODE BEGIN Define */
  65:Src/stm32f7xx_hal_msp.c ****  
  66:Src/stm32f7xx_hal_msp.c **** /* USER CODE END Define */
  67:Src/stm32f7xx_hal_msp.c **** 
  68:Src/stm32f7xx_hal_msp.c **** /* Private macro -------------------------------------------------------------*/
  69:Src/stm32f7xx_hal_msp.c **** /* USER CODE BEGIN Macro */
  70:Src/stm32f7xx_hal_msp.c **** 
  71:Src/stm32f7xx_hal_msp.c **** /* USER CODE END Macro */
  72:Src/stm32f7xx_hal_msp.c **** 
  73:Src/stm32f7xx_hal_msp.c **** /* Private variables ---------------------------------------------------------*/
  74:Src/stm32f7xx_hal_msp.c **** /* USER CODE BEGIN PV */
  75:Src/stm32f7xx_hal_msp.c **** 
  76:Src/stm32f7xx_hal_msp.c **** /* USER CODE END PV */
  77:Src/stm32f7xx_hal_msp.c **** 
  78:Src/stm32f7xx_hal_msp.c **** /* Private function prototypes -----------------------------------------------*/
  79:Src/stm32f7xx_hal_msp.c **** /* USER CODE BEGIN PFP */
  80:Src/stm32f7xx_hal_msp.c **** 
  81:Src/stm32f7xx_hal_msp.c **** /* USER CODE END PFP */
  82:Src/stm32f7xx_hal_msp.c **** 
  83:Src/stm32f7xx_hal_msp.c **** /* External functions --------------------------------------------------------*/
  84:Src/stm32f7xx_hal_msp.c **** /* USER CODE BEGIN ExternalFunctions */
  85:Src/stm32f7xx_hal_msp.c **** 
  86:Src/stm32f7xx_hal_msp.c **** /* USER CODE END ExternalFunctions */
  87:Src/stm32f7xx_hal_msp.c **** 
  88:Src/stm32f7xx_hal_msp.c **** /* USER CODE BEGIN 0 */
ARM GAS  /tmp/cc1ztXC7.s 			page 3


  89:Src/stm32f7xx_hal_msp.c **** 
  90:Src/stm32f7xx_hal_msp.c **** /* USER CODE END 0 */
  91:Src/stm32f7xx_hal_msp.c **** /**
  92:Src/stm32f7xx_hal_msp.c ****   * Initializes the Global MSP.
  93:Src/stm32f7xx_hal_msp.c ****   */
  94:Src/stm32f7xx_hal_msp.c **** void HAL_MspInit(void)
  95:Src/stm32f7xx_hal_msp.c **** {
  28              		.loc 1 95 0
  29              		.cfi_startproc
  30              		@ args = 0, pretend = 0, frame = 8
  31              		@ frame_needed = 0, uses_anonymous_args = 0
  32              		@ link register save eliminated.
  33 0000 82B0     		sub	sp, sp, #8
  34              	.LCFI0:
  35              		.cfi_def_cfa_offset 8
  36              	.LBB2:
  96:Src/stm32f7xx_hal_msp.c ****   /* USER CODE BEGIN MspInit 0 */
  97:Src/stm32f7xx_hal_msp.c **** 
  98:Src/stm32f7xx_hal_msp.c ****   /* USER CODE END MspInit 0 */
  99:Src/stm32f7xx_hal_msp.c **** 
 100:Src/stm32f7xx_hal_msp.c ****   __HAL_RCC_PWR_CLK_ENABLE();
  37              		.loc 1 100 0
  38 0002 0A4B     		ldr	r3, .L3
  39 0004 1A6C     		ldr	r2, [r3, #64]
  40 0006 42F08052 		orr	r2, r2, #268435456
  41 000a 1A64     		str	r2, [r3, #64]
  42 000c 1A6C     		ldr	r2, [r3, #64]
  43 000e 02F08052 		and	r2, r2, #268435456
  44 0012 0092     		str	r2, [sp]
  45 0014 009A     		ldr	r2, [sp]
  46              	.LBE2:
  47              	.LBB3:
 101:Src/stm32f7xx_hal_msp.c ****   __HAL_RCC_SYSCFG_CLK_ENABLE();
  48              		.loc 1 101 0
  49 0016 5A6C     		ldr	r2, [r3, #68]
  50 0018 42F48042 		orr	r2, r2, #16384
  51 001c 5A64     		str	r2, [r3, #68]
  52 001e 5B6C     		ldr	r3, [r3, #68]
  53 0020 03F48043 		and	r3, r3, #16384
  54 0024 0193     		str	r3, [sp, #4]
  55 0026 019B     		ldr	r3, [sp, #4]
  56              	.LBE3:
 102:Src/stm32f7xx_hal_msp.c **** 
 103:Src/stm32f7xx_hal_msp.c ****   /* System interrupt init*/
 104:Src/stm32f7xx_hal_msp.c **** 
 105:Src/stm32f7xx_hal_msp.c ****   /* USER CODE BEGIN MspInit 1 */
 106:Src/stm32f7xx_hal_msp.c **** 
 107:Src/stm32f7xx_hal_msp.c ****   /* USER CODE END MspInit 1 */
 108:Src/stm32f7xx_hal_msp.c **** }
  57              		.loc 1 108 0
  58 0028 02B0     		add	sp, sp, #8
  59              	.LCFI1:
  60              		.cfi_def_cfa_offset 0
  61              		@ sp needed
  62 002a 7047     		bx	lr
  63              	.L4:
  64              		.align	2
ARM GAS  /tmp/cc1ztXC7.s 			page 4


  65              	.L3:
  66 002c 00380240 		.word	1073887232
  67              		.cfi_endproc
  68              	.LFE138:
  70              		.section	.text.HAL_UART_MspInit,"ax",%progbits
  71              		.align	1
  72              		.global	HAL_UART_MspInit
  73              		.syntax unified
  74              		.thumb
  75              		.thumb_func
  76              		.fpu fpv5-sp-d16
  78              	HAL_UART_MspInit:
  79              	.LFB139:
 109:Src/stm32f7xx_hal_msp.c **** 
 110:Src/stm32f7xx_hal_msp.c **** /**
 111:Src/stm32f7xx_hal_msp.c **** * @brief UART MSP Initialization
 112:Src/stm32f7xx_hal_msp.c **** * This function configures the hardware resources used in this example
 113:Src/stm32f7xx_hal_msp.c **** * @param huart: UART handle pointer
 114:Src/stm32f7xx_hal_msp.c **** * @retval None
 115:Src/stm32f7xx_hal_msp.c **** */
 116:Src/stm32f7xx_hal_msp.c **** void HAL_UART_MspInit(UART_HandleTypeDef* huart)
 117:Src/stm32f7xx_hal_msp.c **** {
  80              		.loc 1 117 0
  81              		.cfi_startproc
  82              		@ args = 0, pretend = 0, frame = 32
  83              		@ frame_needed = 0, uses_anonymous_args = 0
  84              	.LVL0:
  85 0000 00B5     		push	{lr}
  86              	.LCFI2:
  87              		.cfi_def_cfa_offset 4
  88              		.cfi_offset 14, -4
  89 0002 89B0     		sub	sp, sp, #36
  90              	.LCFI3:
  91              		.cfi_def_cfa_offset 40
 118:Src/stm32f7xx_hal_msp.c **** 
 119:Src/stm32f7xx_hal_msp.c ****   GPIO_InitTypeDef GPIO_InitStruct = {0};
  92              		.loc 1 119 0
  93 0004 0023     		movs	r3, #0
  94 0006 0393     		str	r3, [sp, #12]
  95 0008 0493     		str	r3, [sp, #16]
  96 000a 0593     		str	r3, [sp, #20]
  97 000c 0693     		str	r3, [sp, #24]
  98 000e 0793     		str	r3, [sp, #28]
 120:Src/stm32f7xx_hal_msp.c ****   if(huart->Instance==USART3)
  99              		.loc 1 120 0
 100 0010 0268     		ldr	r2, [r0]
 101 0012 144B     		ldr	r3, .L9
 102 0014 9A42     		cmp	r2, r3
 103 0016 02D0     		beq	.L8
 104              	.LVL1:
 105              	.L5:
 121:Src/stm32f7xx_hal_msp.c ****   {
 122:Src/stm32f7xx_hal_msp.c ****   /* USER CODE BEGIN USART3_MspInit 0 */
 123:Src/stm32f7xx_hal_msp.c **** 
 124:Src/stm32f7xx_hal_msp.c ****   /* USER CODE END USART3_MspInit 0 */
 125:Src/stm32f7xx_hal_msp.c ****     /* Peripheral clock enable */
 126:Src/stm32f7xx_hal_msp.c ****     __HAL_RCC_USART3_CLK_ENABLE();
ARM GAS  /tmp/cc1ztXC7.s 			page 5


 127:Src/stm32f7xx_hal_msp.c ****   
 128:Src/stm32f7xx_hal_msp.c ****     __HAL_RCC_GPIOD_CLK_ENABLE();
 129:Src/stm32f7xx_hal_msp.c ****     /**USART3 GPIO Configuration    
 130:Src/stm32f7xx_hal_msp.c ****     PD8     ------> USART3_TX
 131:Src/stm32f7xx_hal_msp.c ****     PD9     ------> USART3_RX 
 132:Src/stm32f7xx_hal_msp.c ****     */
 133:Src/stm32f7xx_hal_msp.c ****     GPIO_InitStruct.Pin = STLK_RX_Pin|STLK_TX_Pin;
 134:Src/stm32f7xx_hal_msp.c ****     GPIO_InitStruct.Mode = GPIO_MODE_AF_PP;
 135:Src/stm32f7xx_hal_msp.c ****     GPIO_InitStruct.Pull = GPIO_NOPULL;
 136:Src/stm32f7xx_hal_msp.c ****     GPIO_InitStruct.Speed = GPIO_SPEED_FREQ_VERY_HIGH;
 137:Src/stm32f7xx_hal_msp.c ****     GPIO_InitStruct.Alternate = GPIO_AF7_USART3;
 138:Src/stm32f7xx_hal_msp.c ****     HAL_GPIO_Init(GPIOD, &GPIO_InitStruct);
 139:Src/stm32f7xx_hal_msp.c **** 
 140:Src/stm32f7xx_hal_msp.c ****   /* USER CODE BEGIN USART3_MspInit 1 */
 141:Src/stm32f7xx_hal_msp.c **** 
 142:Src/stm32f7xx_hal_msp.c ****   /* USER CODE END USART3_MspInit 1 */
 143:Src/stm32f7xx_hal_msp.c ****   }
 144:Src/stm32f7xx_hal_msp.c **** 
 145:Src/stm32f7xx_hal_msp.c **** }
 106              		.loc 1 145 0
 107 0018 09B0     		add	sp, sp, #36
 108              	.LCFI4:
 109              		.cfi_remember_state
 110              		.cfi_def_cfa_offset 4
 111              		@ sp needed
 112 001a 5DF804FB 		ldr	pc, [sp], #4
 113              	.LVL2:
 114              	.L8:
 115              	.LCFI5:
 116              		.cfi_restore_state
 117              	.LBB4:
 126:Src/stm32f7xx_hal_msp.c ****   
 118              		.loc 1 126 0
 119 001e 03F5F833 		add	r3, r3, #126976
 120 0022 1A6C     		ldr	r2, [r3, #64]
 121 0024 42F48022 		orr	r2, r2, #262144
 122 0028 1A64     		str	r2, [r3, #64]
 123 002a 1A6C     		ldr	r2, [r3, #64]
 124 002c 02F48022 		and	r2, r2, #262144
 125 0030 0192     		str	r2, [sp, #4]
 126 0032 019A     		ldr	r2, [sp, #4]
 127              	.LBE4:
 128              	.LBB5:
 128:Src/stm32f7xx_hal_msp.c ****     /**USART3 GPIO Configuration    
 129              		.loc 1 128 0
 130 0034 1A6B     		ldr	r2, [r3, #48]
 131 0036 42F00802 		orr	r2, r2, #8
 132 003a 1A63     		str	r2, [r3, #48]
 133 003c 1B6B     		ldr	r3, [r3, #48]
 134 003e 03F00803 		and	r3, r3, #8
 135 0042 0293     		str	r3, [sp, #8]
 136 0044 029B     		ldr	r3, [sp, #8]
 137              	.LBE5:
 133:Src/stm32f7xx_hal_msp.c ****     GPIO_InitStruct.Mode = GPIO_MODE_AF_PP;
 138              		.loc 1 133 0
 139 0046 4FF44073 		mov	r3, #768
 140 004a 0393     		str	r3, [sp, #12]
ARM GAS  /tmp/cc1ztXC7.s 			page 6


 134:Src/stm32f7xx_hal_msp.c ****     GPIO_InitStruct.Pull = GPIO_NOPULL;
 141              		.loc 1 134 0
 142 004c 0223     		movs	r3, #2
 143 004e 0493     		str	r3, [sp, #16]
 136:Src/stm32f7xx_hal_msp.c ****     GPIO_InitStruct.Alternate = GPIO_AF7_USART3;
 144              		.loc 1 136 0
 145 0050 0323     		movs	r3, #3
 146 0052 0693     		str	r3, [sp, #24]
 137:Src/stm32f7xx_hal_msp.c ****     HAL_GPIO_Init(GPIOD, &GPIO_InitStruct);
 147              		.loc 1 137 0
 148 0054 0723     		movs	r3, #7
 149 0056 0793     		str	r3, [sp, #28]
 138:Src/stm32f7xx_hal_msp.c **** 
 150              		.loc 1 138 0
 151 0058 03A9     		add	r1, sp, #12
 152 005a 0348     		ldr	r0, .L9+4
 153              	.LVL3:
 154 005c FFF7FEFF 		bl	HAL_GPIO_Init
 155              	.LVL4:
 156              		.loc 1 145 0
 157 0060 DAE7     		b	.L5
 158              	.L10:
 159 0062 00BF     		.align	2
 160              	.L9:
 161 0064 00480040 		.word	1073760256
 162 0068 000C0240 		.word	1073875968
 163              		.cfi_endproc
 164              	.LFE139:
 166              		.section	.text.HAL_UART_MspDeInit,"ax",%progbits
 167              		.align	1
 168              		.global	HAL_UART_MspDeInit
 169              		.syntax unified
 170              		.thumb
 171              		.thumb_func
 172              		.fpu fpv5-sp-d16
 174              	HAL_UART_MspDeInit:
 175              	.LFB140:
 146:Src/stm32f7xx_hal_msp.c **** 
 147:Src/stm32f7xx_hal_msp.c **** /**
 148:Src/stm32f7xx_hal_msp.c **** * @brief UART MSP De-Initialization
 149:Src/stm32f7xx_hal_msp.c **** * This function freeze the hardware resources used in this example
 150:Src/stm32f7xx_hal_msp.c **** * @param huart: UART handle pointer
 151:Src/stm32f7xx_hal_msp.c **** * @retval None
 152:Src/stm32f7xx_hal_msp.c **** */
 153:Src/stm32f7xx_hal_msp.c **** 
 154:Src/stm32f7xx_hal_msp.c **** void HAL_UART_MspDeInit(UART_HandleTypeDef* huart)
 155:Src/stm32f7xx_hal_msp.c **** {
 176              		.loc 1 155 0
 177              		.cfi_startproc
 178              		@ args = 0, pretend = 0, frame = 0
 179              		@ frame_needed = 0, uses_anonymous_args = 0
 180              	.LVL5:
 181 0000 08B5     		push	{r3, lr}
 182              	.LCFI6:
 183              		.cfi_def_cfa_offset 8
 184              		.cfi_offset 3, -8
 185              		.cfi_offset 14, -4
ARM GAS  /tmp/cc1ztXC7.s 			page 7


 156:Src/stm32f7xx_hal_msp.c **** 
 157:Src/stm32f7xx_hal_msp.c ****   if(huart->Instance==USART3)
 186              		.loc 1 157 0
 187 0002 0268     		ldr	r2, [r0]
 188 0004 074B     		ldr	r3, .L15
 189 0006 9A42     		cmp	r2, r3
 190 0008 00D0     		beq	.L14
 191              	.LVL6:
 192              	.L11:
 158:Src/stm32f7xx_hal_msp.c ****   {
 159:Src/stm32f7xx_hal_msp.c ****   /* USER CODE BEGIN USART3_MspDeInit 0 */
 160:Src/stm32f7xx_hal_msp.c **** 
 161:Src/stm32f7xx_hal_msp.c ****   /* USER CODE END USART3_MspDeInit 0 */
 162:Src/stm32f7xx_hal_msp.c ****     /* Peripheral clock disable */
 163:Src/stm32f7xx_hal_msp.c ****     __HAL_RCC_USART3_CLK_DISABLE();
 164:Src/stm32f7xx_hal_msp.c ****   
 165:Src/stm32f7xx_hal_msp.c ****     /**USART3 GPIO Configuration    
 166:Src/stm32f7xx_hal_msp.c ****     PD8     ------> USART3_TX
 167:Src/stm32f7xx_hal_msp.c ****     PD9     ------> USART3_RX 
 168:Src/stm32f7xx_hal_msp.c ****     */
 169:Src/stm32f7xx_hal_msp.c ****     HAL_GPIO_DeInit(GPIOD, STLK_RX_Pin|STLK_TX_Pin);
 170:Src/stm32f7xx_hal_msp.c **** 
 171:Src/stm32f7xx_hal_msp.c ****   /* USER CODE BEGIN USART3_MspDeInit 1 */
 172:Src/stm32f7xx_hal_msp.c **** 
 173:Src/stm32f7xx_hal_msp.c ****   /* USER CODE END USART3_MspDeInit 1 */
 174:Src/stm32f7xx_hal_msp.c ****   }
 175:Src/stm32f7xx_hal_msp.c **** 
 176:Src/stm32f7xx_hal_msp.c **** }
 193              		.loc 1 176 0
 194 000a 08BD     		pop	{r3, pc}
 195              	.LVL7:
 196              	.L14:
 163:Src/stm32f7xx_hal_msp.c ****   
 197              		.loc 1 163 0
 198 000c 064A     		ldr	r2, .L15+4
 199 000e 136C     		ldr	r3, [r2, #64]
 200 0010 23F48023 		bic	r3, r3, #262144
 201 0014 1364     		str	r3, [r2, #64]
 169:Src/stm32f7xx_hal_msp.c **** 
 202              		.loc 1 169 0
 203 0016 4FF44071 		mov	r1, #768
 204 001a 0448     		ldr	r0, .L15+8
 205              	.LVL8:
 206 001c FFF7FEFF 		bl	HAL_GPIO_DeInit
 207              	.LVL9:
 208              		.loc 1 176 0
 209 0020 F3E7     		b	.L11
 210              	.L16:
 211 0022 00BF     		.align	2
 212              	.L15:
 213 0024 00480040 		.word	1073760256
 214 0028 00380240 		.word	1073887232
 215 002c 000C0240 		.word	1073875968
 216              		.cfi_endproc
 217              	.LFE140:
 219              		.text
 220              	.Letext0:
ARM GAS  /tmp/cc1ztXC7.s 			page 8


 221              		.file 2 "/home/jaxc/opt/gcc-arm-none-eabi-7-2018-q2-update/arm-none-eabi/include/machine/_default_
 222              		.file 3 "/home/jaxc/opt/gcc-arm-none-eabi-7-2018-q2-update/arm-none-eabi/include/sys/_stdint.h"
 223              		.file 4 "Drivers/CMSIS/Include/core_cm7.h"
 224              		.file 5 "Drivers/CMSIS/Device/ST/STM32F7xx/Include/system_stm32f7xx.h"
 225              		.file 6 "Drivers/CMSIS/Device/ST/STM32F7xx/Include/stm32f722xx.h"
 226              		.file 7 "/home/jaxc/opt/gcc-arm-none-eabi-7-2018-q2-update/arm-none-eabi/include/sys/lock.h"
 227              		.file 8 "/home/jaxc/opt/gcc-arm-none-eabi-7-2018-q2-update/arm-none-eabi/include/sys/_types.h"
 228              		.file 9 "/home/jaxc/opt/gcc-arm-none-eabi-7-2018-q2-update/lib/gcc/arm-none-eabi/7.3.1/include/std
 229              		.file 10 "/home/jaxc/opt/gcc-arm-none-eabi-7-2018-q2-update/arm-none-eabi/include/sys/reent.h"
 230              		.file 11 "Drivers/STM32F7xx_HAL_Driver/Inc/stm32f7xx_hal_def.h"
 231              		.file 12 "Drivers/STM32F7xx_HAL_Driver/Inc/stm32f7xx_hal_gpio.h"
 232              		.file 13 "Drivers/STM32F7xx_HAL_Driver/Inc/stm32f7xx_hal_dma.h"
 233              		.file 14 "Drivers/STM32F7xx_HAL_Driver/Inc/stm32f7xx_hal_uart.h"
ARM GAS  /tmp/cc1ztXC7.s 			page 9


DEFINED SYMBOLS
                            *ABS*:0000000000000000 stm32f7xx_hal_msp.c
     /tmp/cc1ztXC7.s:18     .text.HAL_MspInit:0000000000000000 $t
     /tmp/cc1ztXC7.s:25     .text.HAL_MspInit:0000000000000000 HAL_MspInit
     /tmp/cc1ztXC7.s:66     .text.HAL_MspInit:000000000000002c $d
     /tmp/cc1ztXC7.s:71     .text.HAL_UART_MspInit:0000000000000000 $t
     /tmp/cc1ztXC7.s:78     .text.HAL_UART_MspInit:0000000000000000 HAL_UART_MspInit
     /tmp/cc1ztXC7.s:161    .text.HAL_UART_MspInit:0000000000000064 $d
     /tmp/cc1ztXC7.s:167    .text.HAL_UART_MspDeInit:0000000000000000 $t
     /tmp/cc1ztXC7.s:174    .text.HAL_UART_MspDeInit:0000000000000000 HAL_UART_MspDeInit
     /tmp/cc1ztXC7.s:213    .text.HAL_UART_MspDeInit:0000000000000024 $d

UNDEFINED SYMBOLS
HAL_GPIO_Init
HAL_GPIO_DeInit
